[0.651s] Invoking command in '/home/ferre/brick/BRICK-WEBots/webots_ros2_brick': PYTHONPATH=/home/ferre/brick/BRICK-WEBots/webots_ros2_brick/build/webots_ros2_brick/prefix_override:/home/ferre/brick/BRICK-WEBots/webots_ros2_brick/install/webots_ros2_brick/lib/python3.10/site-packages:${PYTHONPATH} /usr/bin/python3 -W ignore:setup.py install is deprecated setup.py egg_info --egg-base build/webots_ros2_brick build --build-base /home/ferre/brick/BRICK-WEBots/webots_ros2_brick/build/webots_ros2_brick/build install --record /home/ferre/brick/BRICK-WEBots/webots_ros2_brick/build/webots_ros2_brick/install.log --single-version-externally-managed install_data
[0.883s] running egg_info
[0.884s] creating build/webots_ros2_brick/webots_ros2_brick.egg-info
[0.884s] writing build/webots_ros2_brick/webots_ros2_brick.egg-info/PKG-INFO
[0.884s] writing dependency_links to build/webots_ros2_brick/webots_ros2_brick.egg-info/dependency_links.txt
[0.885s] writing entry points to build/webots_ros2_brick/webots_ros2_brick.egg-info/entry_points.txt
[0.885s] writing requirements to build/webots_ros2_brick/webots_ros2_brick.egg-info/requires.txt
[0.885s] writing top-level names to build/webots_ros2_brick/webots_ros2_brick.egg-info/top_level.txt
[0.885s] writing manifest file 'build/webots_ros2_brick/webots_ros2_brick.egg-info/SOURCES.txt'
[0.887s] reading manifest file 'build/webots_ros2_brick/webots_ros2_brick.egg-info/SOURCES.txt'
[0.887s] adding license file 'LICENSE'
[0.888s] writing manifest file 'build/webots_ros2_brick/webots_ros2_brick.egg-info/SOURCES.txt'
[0.888s] running build
[0.888s] running build_py
[0.889s] creating /home/ferre/brick/BRICK-WEBots/webots_ros2_brick/build/webots_ros2_brick/build
[0.889s] creating /home/ferre/brick/BRICK-WEBots/webots_ros2_brick/build/webots_ros2_brick/build/lib
[0.889s] creating /home/ferre/brick/BRICK-WEBots/webots_ros2_brick/build/webots_ros2_brick/build/lib/webots_ros2_brick
[0.889s] copying webots_ros2_brick/navigation.py -> /home/ferre/brick/BRICK-WEBots/webots_ros2_brick/build/webots_ros2_brick/build/lib/webots_ros2_brick
[0.889s] copying webots_ros2_brick/mqtt_receiver.py -> /home/ferre/brick/BRICK-WEBots/webots_ros2_brick/build/webots_ros2_brick/build/lib/webots_ros2_brick
[0.889s] copying webots_ros2_brick/robotcontroller.py -> /home/ferre/brick/BRICK-WEBots/webots_ros2_brick/build/webots_ros2_brick/build/lib/webots_ros2_brick
[0.889s] copying webots_ros2_brick/__init__.py -> /home/ferre/brick/BRICK-WEBots/webots_ros2_brick/build/webots_ros2_brick/build/lib/webots_ros2_brick
[0.889s] running install
[0.890s] running install_lib
[0.891s] creating /home/ferre/brick/BRICK-WEBots/webots_ros2_brick/install/webots_ros2_brick/lib/python3.10/site-packages/webots_ros2_brick
[0.891s] copying /home/ferre/brick/BRICK-WEBots/webots_ros2_brick/build/webots_ros2_brick/build/lib/webots_ros2_brick/navigation.py -> /home/ferre/brick/BRICK-WEBots/webots_ros2_brick/install/webots_ros2_brick/lib/python3.10/site-packages/webots_ros2_brick
[0.891s] copying /home/ferre/brick/BRICK-WEBots/webots_ros2_brick/build/webots_ros2_brick/build/lib/webots_ros2_brick/mqtt_receiver.py -> /home/ferre/brick/BRICK-WEBots/webots_ros2_brick/install/webots_ros2_brick/lib/python3.10/site-packages/webots_ros2_brick
[0.891s] copying /home/ferre/brick/BRICK-WEBots/webots_ros2_brick/build/webots_ros2_brick/build/lib/webots_ros2_brick/robotcontroller.py -> /home/ferre/brick/BRICK-WEBots/webots_ros2_brick/install/webots_ros2_brick/lib/python3.10/site-packages/webots_ros2_brick
[0.891s] copying /home/ferre/brick/BRICK-WEBots/webots_ros2_brick/build/webots_ros2_brick/build/lib/webots_ros2_brick/__init__.py -> /home/ferre/brick/BRICK-WEBots/webots_ros2_brick/install/webots_ros2_brick/lib/python3.10/site-packages/webots_ros2_brick
[0.892s] byte-compiling /home/ferre/brick/BRICK-WEBots/webots_ros2_brick/install/webots_ros2_brick/lib/python3.10/site-packages/webots_ros2_brick/navigation.py to navigation.cpython-310.pyc
[0.893s] byte-compiling /home/ferre/brick/BRICK-WEBots/webots_ros2_brick/install/webots_ros2_brick/lib/python3.10/site-packages/webots_ros2_brick/mqtt_receiver.py to mqtt_receiver.cpython-310.pyc
[0.893s] byte-compiling /home/ferre/brick/BRICK-WEBots/webots_ros2_brick/install/webots_ros2_brick/lib/python3.10/site-packages/webots_ros2_brick/robotcontroller.py to robotcontroller.cpython-310.pyc
[0.895s] byte-compiling /home/ferre/brick/BRICK-WEBots/webots_ros2_brick/install/webots_ros2_brick/lib/python3.10/site-packages/webots_ros2_brick/__init__.py to __init__.cpython-310.pyc
[0.895s] running install_data
[0.895s] creating /home/ferre/brick/BRICK-WEBots/webots_ros2_brick/install/webots_ros2_brick/share/ament_index
[0.895s] creating /home/ferre/brick/BRICK-WEBots/webots_ros2_brick/install/webots_ros2_brick/share/ament_index/resource_index
[0.896s] creating /home/ferre/brick/BRICK-WEBots/webots_ros2_brick/install/webots_ros2_brick/share/ament_index/resource_index/packages
[0.896s] copying resource/webots_ros2_brick -> /home/ferre/brick/BRICK-WEBots/webots_ros2_brick/install/webots_ros2_brick/share/ament_index/resource_index/packages
[0.896s] creating /home/ferre/brick/BRICK-WEBots/webots_ros2_brick/install/webots_ros2_brick/share/webots_ros2_brick/launch
[0.896s] copying launch/robot_launch.py -> /home/ferre/brick/BRICK-WEBots/webots_ros2_brick/install/webots_ros2_brick/share/webots_ros2_brick/launch
[0.896s] creating /home/ferre/brick/BRICK-WEBots/webots_ros2_brick/install/webots_ros2_brick/share/webots_ros2_brick/worlds
[0.896s] copying worlds/test_environment.wbt -> /home/ferre/brick/BRICK-WEBots/webots_ros2_brick/install/webots_ros2_brick/share/webots_ros2_brick/worlds
[0.897s] copying worlds/turtlebot3_burger_example.wbt -> /home/ferre/brick/BRICK-WEBots/webots_ros2_brick/install/webots_ros2_brick/share/webots_ros2_brick/worlds
[0.897s] creating /home/ferre/brick/BRICK-WEBots/webots_ros2_brick/install/webots_ros2_brick/share/webots_ros2_brick/resource
[0.897s] copying resource/brick.urdf -> /home/ferre/brick/BRICK-WEBots/webots_ros2_brick/install/webots_ros2_brick/share/webots_ros2_brick/resource
[0.897s] copying package.xml -> /home/ferre/brick/BRICK-WEBots/webots_ros2_brick/install/webots_ros2_brick/share/webots_ros2_brick
[0.897s] creating /home/ferre/brick/BRICK-WEBots/webots_ros2_brick/install/webots_ros2_brick/share/webots_ros2_brick/protos
[0.897s] copying protos/BRICK.proto -> /home/ferre/brick/BRICK-WEBots/webots_ros2_brick/install/webots_ros2_brick/share/webots_ros2_brick/protos
[0.897s] copying protos/Hoap2.proto -> /home/ferre/brick/BRICK-WEBots/webots_ros2_brick/install/webots_ros2_brick/share/webots_ros2_brick/protos
[0.897s] copying metal.jpg -> /home/ferre/brick/BRICK-WEBots/webots_ros2_brick/install/webots_ros2_brick/share/webots_ros2_brick
[0.898s] copying texture.jpg -> /home/ferre/brick/BRICK-WEBots/webots_ros2_brick/install/webots_ros2_brick/share/webots_ros2_brick
[0.898s] running install_egg_info
[0.900s] Copying build/webots_ros2_brick/webots_ros2_brick.egg-info to /home/ferre/brick/BRICK-WEBots/webots_ros2_brick/install/webots_ros2_brick/lib/python3.10/site-packages/webots_ros2_brick-0.0.0-py3.10.egg-info
[0.902s] running install_scripts
[0.922s] Installing mqtt_handler script to /home/ferre/brick/BRICK-WEBots/webots_ros2_brick/install/webots_ros2_brick/lib/webots_ros2_brick
[0.923s] Installing navigator script to /home/ferre/brick/BRICK-WEBots/webots_ros2_brick/install/webots_ros2_brick/lib/webots_ros2_brick
[0.923s] writing list of installed files to '/home/ferre/brick/BRICK-WEBots/webots_ros2_brick/build/webots_ros2_brick/install.log'
[0.955s] Invoked command in '/home/ferre/brick/BRICK-WEBots/webots_ros2_brick' returned '0': PYTHONPATH=/home/ferre/brick/BRICK-WEBots/webots_ros2_brick/build/webots_ros2_brick/prefix_override:/home/ferre/brick/BRICK-WEBots/webots_ros2_brick/install/webots_ros2_brick/lib/python3.10/site-packages:${PYTHONPATH} /usr/bin/python3 -W ignore:setup.py install is deprecated setup.py egg_info --egg-base build/webots_ros2_brick build --build-base /home/ferre/brick/BRICK-WEBots/webots_ros2_brick/build/webots_ros2_brick/build install --record /home/ferre/brick/BRICK-WEBots/webots_ros2_brick/build/webots_ros2_brick/install.log --single-version-externally-managed install_data
