[0.025s] Invoking command in '/home/ferre/brick/BRICK-WEBots/build/vizanti_msgs': CMAKE_PREFIX_PATH=${CMAKE_PREFIX_PATH}:/home/ferre/brick/BRICK-WEBots/install/webots_ros2_brick:/home/ferre/brick/BRICK-WEBots/install/ros2-webots-v2:/opt/ros/iron /usr/bin/cmake --build /home/ferre/brick/BRICK-WEBots/build/vizanti_msgs -- -j12 -l12
[0.088s] [  1%] Built target vizanti_msgs__rosidl_generator_type_description
[0.101s] [  1%] Built target ament_cmake_python_copy_vizanti_msgs
[0.113s] [  1%] Built target vizanti_msgs__cpp
[0.121s] [ 26%] Built target vizanti_msgs__rosidl_generator_c
[0.152s] [ 36%] Built target vizanti_msgs__rosidl_typesupport_introspection_c
[0.155s] [ 46%] Built target vizanti_msgs__rosidl_typesupport_c
[0.156s] [ 56%] Built target vizanti_msgs__rosidl_typesupport_introspection_cpp
[0.158s] [ 70%] Built target vizanti_msgs__rosidl_typesupport_fastrtps_c
[0.158s] [ 75%] Built target vizanti_msgs__rosidl_typesupport_cpp
[0.162s] [ 84%] Built target vizanti_msgs__rosidl_typesupport_fastrtps_cpp
[0.187s] [ 84%] Built target vizanti_msgs
[0.214s] [ 85%] Built target vizanti_msgs__py
[0.244s] [ 94%] Built target vizanti_msgs__rosidl_generator_py
[0.272s] [100%] Built target vizanti_msgs__rosidl_typesupport_introspection_c__pyext
[0.272s] [100%] Built target vizanti_msgs__rosidl_typesupport_c__pyext
[0.272s] [100%] Built target vizanti_msgs__rosidl_typesupport_fastrtps_c__pyext
[0.358s] running egg_info
[0.359s] writing vizanti_msgs.egg-info/PKG-INFO
[0.360s] writing dependency_links to vizanti_msgs.egg-info/dependency_links.txt
[0.360s] writing top-level names to vizanti_msgs.egg-info/top_level.txt
[0.363s] reading manifest file 'vizanti_msgs.egg-info/SOURCES.txt'
[0.364s] writing manifest file 'vizanti_msgs.egg-info/SOURCES.txt'
[0.402s] [100%] Built target ament_cmake_python_build_vizanti_msgs_egg
[0.421s] Invoked command in '/home/ferre/brick/BRICK-WEBots/build/vizanti_msgs' returned '0': CMAKE_PREFIX_PATH=${CMAKE_PREFIX_PATH}:/home/ferre/brick/BRICK-WEBots/install/webots_ros2_brick:/home/ferre/brick/BRICK-WEBots/install/ros2-webots-v2:/opt/ros/iron /usr/bin/cmake --build /home/ferre/brick/BRICK-WEBots/build/vizanti_msgs -- -j12 -l12
[0.729s] Invoking command in '/home/ferre/brick/BRICK-WEBots/build/vizanti_msgs': CMAKE_PREFIX_PATH=${CMAKE_PREFIX_PATH}:/home/ferre/brick/BRICK-WEBots/install/webots_ros2_brick:/home/ferre/brick/BRICK-WEBots/install/ros2-webots-v2:/opt/ros/iron /usr/bin/cmake --install /home/ferre/brick/BRICK-WEBots/build/vizanti_msgs
[0.739s] -- Install configuration: ""
[0.740s] -- Up-to-date: /home/ferre/brick/BRICK-WEBots/install/vizanti_msgs/share/ament_index/resource_index/rosidl_interfaces/vizanti_msgs
[0.740s] -- Up-to-date: /home/ferre/brick/BRICK-WEBots/install/vizanti_msgs/share/vizanti_msgs/srv/GetNodeParameters.json
[0.740s] -- Up-to-date: /home/ferre/brick/BRICK-WEBots/install/vizanti_msgs/share/vizanti_msgs/srv/SetNodeParameter.json
[0.740s] -- Up-to-date: /home/ferre/brick/BRICK-WEBots/install/vizanti_msgs/share/vizanti_msgs/srv/SaveMap.json
[0.740s] -- Up-to-date: /home/ferre/brick/BRICK-WEBots/install/vizanti_msgs/share/vizanti_msgs/srv/LoadMap.json
[0.741s] -- Up-to-date: /home/ferre/brick/BRICK-WEBots/install/vizanti_msgs/share/vizanti_msgs/srv/RecordRosbag.json
[0.741s] -- Up-to-date: /home/ferre/brick/BRICK-WEBots/install/vizanti_msgs/share/vizanti_msgs/srv/ManageNode.json
[0.741s] -- Up-to-date: /home/ferre/brick/BRICK-WEBots/install/vizanti_msgs/share/vizanti_msgs/srv/ListPackages.json
[0.741s] -- Up-to-date: /home/ferre/brick/BRICK-WEBots/install/vizanti_msgs/share/vizanti_msgs/srv/ListExecutables.json
[0.741s] -- Up-to-date: /home/ferre/brick/BRICK-WEBots/install/vizanti_msgs/include/vizanti_msgs/vizanti_msgs
[0.742s] -- Up-to-date: /home/ferre/brick/BRICK-WEBots/install/vizanti_msgs/include/vizanti_msgs/vizanti_msgs/srv
[0.742s] -- Up-to-date: /home/ferre/brick/BRICK-WEBots/install/vizanti_msgs/include/vizanti_msgs/vizanti_msgs/srv/save_map.h
[0.742s] -- Up-to-date: /home/ferre/brick/BRICK-WEBots/install/vizanti_msgs/include/vizanti_msgs/vizanti_msgs/srv/list_executables.h
[0.742s] -- Up-to-date: /home/ferre/brick/BRICK-WEBots/install/vizanti_msgs/include/vizanti_msgs/vizanti_msgs/srv/record_rosbag.h
[0.742s] -- Up-to-date: /home/ferre/brick/BRICK-WEBots/install/vizanti_msgs/include/vizanti_msgs/vizanti_msgs/srv/get_node_parameters.h
[0.742s] -- Up-to-date: /home/ferre/brick/BRICK-WEBots/install/vizanti_msgs/include/vizanti_msgs/vizanti_msgs/srv/list_packages.h
[0.742s] -- Up-to-date: /home/ferre/brick/BRICK-WEBots/install/vizanti_msgs/include/vizanti_msgs/vizanti_msgs/srv/manage_node.h
[0.742s] -- Up-to-date: /home/ferre/brick/BRICK-WEBots/install/vizanti_msgs/include/vizanti_msgs/vizanti_msgs/srv/set_node_parameter.h
[0.742s] -- Up-to-date: /home/ferre/brick/BRICK-WEBots/install/vizanti_msgs/include/vizanti_msgs/vizanti_msgs/srv/load_map.h
[0.742s] -- Up-to-date: /home/ferre/brick/BRICK-WEBots/install/vizanti_msgs/include/vizanti_msgs/vizanti_msgs/srv/detail
[0.742s] -- Up-to-date: /home/ferre/brick/BRICK-WEBots/install/vizanti_msgs/include/vizanti_msgs/vizanti_msgs/srv/detail/get_node_parameters__functions.h
[0.743s] -- Up-to-date: /home/ferre/brick/BRICK-WEBots/install/vizanti_msgs/include/vizanti_msgs/vizanti_msgs/srv/detail/save_map__functions.c
[0.743s] -- Up-to-date: /home/ferre/brick/BRICK-WEBots/install/vizanti_msgs/include/vizanti_msgs/vizanti_msgs/srv/detail/save_map__type_support.h
[0.743s] -- Up-to-date: /home/ferre/brick/BRICK-WEBots/install/vizanti_msgs/include/vizanti_msgs/vizanti_msgs/srv/detail/record_rosbag__description.c
[0.743s] -- Up-to-date: /home/ferre/brick/BRICK-WEBots/install/vizanti_msgs/include/vizanti_msgs/vizanti_msgs/srv/detail/list_executables__description.c
[0.743s] -- Installing: /home/ferre/brick/BRICK-WEBots/install/vizanti_msgs/include/vizanti_msgs/vizanti_msgs/srv/detail/list_packages__type_support.c
[0.743s] -- Up-to-date: /home/ferre/brick/BRICK-WEBots/install/vizanti_msgs/include/vizanti_msgs/vizanti_msgs/srv/detail/set_node_parameter__functions.h
[0.743s] -- Up-to-date: /home/ferre/brick/BRICK-WEBots/install/vizanti_msgs/include/vizanti_msgs/vizanti_msgs/srv/detail/set_node_parameter__type_support.h
[0.743s] -- Up-to-date: /home/ferre/brick/BRICK-WEBots/install/vizanti_msgs/include/vizanti_msgs/vizanti_msgs/srv/detail/list_executables__functions.h
[0.743s] -- Up-to-date: /home/ferre/brick/BRICK-WEBots/install/vizanti_msgs/include/vizanti_msgs/vizanti_msgs/srv/detail/load_map__description.c
[0.743s] -- Up-to-date: /home/ferre/brick/BRICK-WEBots/install/vizanti_msgs/include/vizanti_msgs/vizanti_msgs/srv/detail/record_rosbag__struct.h
[0.743s] -- Up-to-date: /home/ferre/brick/BRICK-WEBots/install/vizanti_msgs/include/vizanti_msgs/vizanti_msgs/srv/detail/get_node_parameters__type_support.h
[0.744s] -- Up-to-date: /home/ferre/brick/BRICK-WEBots/install/vizanti_msgs/include/vizanti_msgs/vizanti_msgs/srv/detail/set_node_parameter__struct.h
[0.744s] -- Up-to-date: /home/ferre/brick/BRICK-WEBots/install/vizanti_msgs/include/vizanti_msgs/vizanti_msgs/srv/detail/list_packages__functions.c
[0.744s] -- Up-to-date: /home/ferre/brick/BRICK-WEBots/install/vizanti_msgs/include/vizanti_msgs/vizanti_msgs/srv/detail/manage_node__functions.h
[0.744s] -- Installing: /home/ferre/brick/BRICK-WEBots/install/vizanti_msgs/include/vizanti_msgs/vizanti_msgs/srv/detail/manage_node__type_support.c
[0.744s] -- Up-to-date: /home/ferre/brick/BRICK-WEBots/install/vizanti_msgs/include/vizanti_msgs/vizanti_msgs/srv/detail/manage_node__description.c
[0.744s] -- Up-to-date: /home/ferre/brick/BRICK-WEBots/install/vizanti_msgs/include/vizanti_msgs/vizanti_msgs/srv/detail/list_packages__functions.h
[0.744s] -- Installing: /home/ferre/brick/BRICK-WEBots/install/vizanti_msgs/include/vizanti_msgs/vizanti_msgs/srv/detail/get_node_parameters__type_support.c
[0.744s] -- Up-to-date: /home/ferre/brick/BRICK-WEBots/install/vizanti_msgs/include/vizanti_msgs/vizanti_msgs/srv/detail/save_map__functions.h
[0.744s] -- Up-to-date: /home/ferre/brick/BRICK-WEBots/install/vizanti_msgs/include/vizanti_msgs/vizanti_msgs/srv/detail/save_map__description.c
[0.744s] -- Up-to-date: /home/ferre/brick/BRICK-WEBots/install/vizanti_msgs/include/vizanti_msgs/vizanti_msgs/srv/detail/load_map__functions.h
[0.744s] -- Up-to-date: /home/ferre/brick/BRICK-WEBots/install/vizanti_msgs/include/vizanti_msgs/vizanti_msgs/srv/detail/list_packages__struct.h
[0.745s] -- Up-to-date: /home/ferre/brick/BRICK-WEBots/install/vizanti_msgs/include/vizanti_msgs/vizanti_msgs/srv/detail/load_map__functions.c
[0.745s] -- Up-to-date: /home/ferre/brick/BRICK-WEBots/install/vizanti_msgs/include/vizanti_msgs/vizanti_msgs/srv/detail/record_rosbag__functions.c
[0.745s] -- Up-to-date: /home/ferre/brick/BRICK-WEBots/install/vizanti_msgs/include/vizanti_msgs/vizanti_msgs/srv/detail/manage_node__type_support.h
[0.745s] -- Up-to-date: /home/ferre/brick/BRICK-WEBots/install/vizanti_msgs/include/vizanti_msgs/vizanti_msgs/srv/detail/manage_node__struct.h
[0.745s] -- Up-to-date: /home/ferre/brick/BRICK-WEBots/install/vizanti_msgs/include/vizanti_msgs/vizanti_msgs/srv/detail/manage_node__functions.c
[0.745s] -- Up-to-date: /home/ferre/brick/BRICK-WEBots/install/vizanti_msgs/include/vizanti_msgs/vizanti_msgs/srv/detail/get_node_parameters__functions.c
[0.745s] -- Installing: /home/ferre/brick/BRICK-WEBots/install/vizanti_msgs/include/vizanti_msgs/vizanti_msgs/srv/detail/set_node_parameter__type_support.c
[0.745s] -- Installing: /home/ferre/brick/BRICK-WEBots/install/vizanti_msgs/include/vizanti_msgs/vizanti_msgs/srv/detail/record_rosbag__type_support.c
[0.745s] -- Up-to-date: /home/ferre/brick/BRICK-WEBots/install/vizanti_msgs/include/vizanti_msgs/vizanti_msgs/srv/detail/list_executables__type_support.h
[0.745s] -- Up-to-date: /home/ferre/brick/BRICK-WEBots/install/vizanti_msgs/include/vizanti_msgs/vizanti_msgs/srv/detail/list_packages__description.c
[0.746s] -- Up-to-date: /home/ferre/brick/BRICK-WEBots/install/vizanti_msgs/include/vizanti_msgs/vizanti_msgs/srv/detail/get_node_parameters__struct.h
[0.746s] -- Up-to-date: /home/ferre/brick/BRICK-WEBots/install/vizanti_msgs/include/vizanti_msgs/vizanti_msgs/srv/detail/get_node_parameters__description.c
[0.746s] -- Installing: /home/ferre/brick/BRICK-WEBots/install/vizanti_msgs/include/vizanti_msgs/vizanti_msgs/srv/detail/save_map__type_support.c
[0.746s] -- Up-to-date: /home/ferre/brick/BRICK-WEBots/install/vizanti_msgs/include/vizanti_msgs/vizanti_msgs/srv/detail/list_packages__type_support.h
[0.746s] -- Up-to-date: /home/ferre/brick/BRICK-WEBots/install/vizanti_msgs/include/vizanti_msgs/vizanti_msgs/srv/detail/save_map__struct.h
[0.746s] -- Up-to-date: /home/ferre/brick/BRICK-WEBots/install/vizanti_msgs/include/vizanti_msgs/vizanti_msgs/srv/detail/record_rosbag__type_support.h
[0.746s] -- Up-to-date: /home/ferre/brick/BRICK-WEBots/install/vizanti_msgs/include/vizanti_msgs/vizanti_msgs/srv/detail/set_node_parameter__description.c
[0.746s] -- Up-to-date: /home/ferre/brick/BRICK-WEBots/install/vizanti_msgs/include/vizanti_msgs/vizanti_msgs/srv/detail/load_map__type_support.h
[0.746s] -- Up-to-date: /home/ferre/brick/BRICK-WEBots/install/vizanti_msgs/include/vizanti_msgs/vizanti_msgs/srv/detail/list_executables__functions.c
[0.746s] -- Up-to-date: /home/ferre/brick/BRICK-WEBots/install/vizanti_msgs/include/vizanti_msgs/vizanti_msgs/srv/detail/load_map__struct.h
[0.746s] -- Up-to-date: /home/ferre/brick/BRICK-WEBots/install/vizanti_msgs/include/vizanti_msgs/vizanti_msgs/srv/detail/set_node_parameter__functions.c
[0.746s] -- Up-to-date: /home/ferre/brick/BRICK-WEBots/install/vizanti_msgs/include/vizanti_msgs/vizanti_msgs/srv/detail/list_executables__struct.h
[0.746s] -- Installing: /home/ferre/brick/BRICK-WEBots/install/vizanti_msgs/include/vizanti_msgs/vizanti_msgs/srv/detail/list_executables__type_support.c
[0.746s] -- Installing: /home/ferre/brick/BRICK-WEBots/install/vizanti_msgs/include/vizanti_msgs/vizanti_msgs/srv/detail/load_map__type_support.c
[0.746s] -- Up-to-date: /home/ferre/brick/BRICK-WEBots/install/vizanti_msgs/include/vizanti_msgs/vizanti_msgs/srv/detail/record_rosbag__functions.h
[0.747s] -- Up-to-date: /home/ferre/brick/BRICK-WEBots/install/vizanti_msgs/include/vizanti_msgs/vizanti_msgs/msg
[0.747s] -- Up-to-date: /home/ferre/brick/BRICK-WEBots/install/vizanti_msgs/include/vizanti_msgs/vizanti_msgs/msg/rosidl_generator_c__visibility_control.h
[0.747s] -- Up-to-date: /home/ferre/brick/BRICK-WEBots/install/vizanti_msgs/share/vizanti_msgs/environment/library_path.sh
[0.747s] -- Up-to-date: /home/ferre/brick/BRICK-WEBots/install/vizanti_msgs/share/vizanti_msgs/environment/library_path.dsv
[0.747s] -- Up-to-date: /home/ferre/brick/BRICK-WEBots/install/vizanti_msgs/lib/libvizanti_msgs__rosidl_generator_c.so
[0.747s] -- Up-to-date: /home/ferre/brick/BRICK-WEBots/install/vizanti_msgs/include/vizanti_msgs/vizanti_msgs
[0.747s] -- Up-to-date: /home/ferre/brick/BRICK-WEBots/install/vizanti_msgs/include/vizanti_msgs/vizanti_msgs/srv
[0.747s] -- Up-to-date: /home/ferre/brick/BRICK-WEBots/install/vizanti_msgs/include/vizanti_msgs/vizanti_msgs/srv/detail
[0.747s] -- Up-to-date: /home/ferre/brick/BRICK-WEBots/install/vizanti_msgs/include/vizanti_msgs/vizanti_msgs/srv/detail/list_executables__rosidl_typesupport_fastrtps_c.h
[0.747s] -- Up-to-date: /home/ferre/brick/BRICK-WEBots/install/vizanti_msgs/include/vizanti_msgs/vizanti_msgs/srv/detail/list_packages__rosidl_typesupport_fastrtps_c.h
[0.747s] -- Up-to-date: /home/ferre/brick/BRICK-WEBots/install/vizanti_msgs/include/vizanti_msgs/vizanti_msgs/srv/detail/load_map__rosidl_typesupport_fastrtps_c.h
[0.747s] -- Up-to-date: /home/ferre/brick/BRICK-WEBots/install/vizanti_msgs/include/vizanti_msgs/vizanti_msgs/srv/detail/save_map__rosidl_typesupport_fastrtps_c.h
[0.747s] -- Up-to-date: /home/ferre/brick/BRICK-WEBots/install/vizanti_msgs/include/vizanti_msgs/vizanti_msgs/srv/detail/manage_node__rosidl_typesupport_fastrtps_c.h
[0.747s] -- Up-to-date: /home/ferre/brick/BRICK-WEBots/install/vizanti_msgs/include/vizanti_msgs/vizanti_msgs/srv/detail/record_rosbag__rosidl_typesupport_fastrtps_c.h
[0.747s] -- Up-to-date: /home/ferre/brick/BRICK-WEBots/install/vizanti_msgs/include/vizanti_msgs/vizanti_msgs/srv/detail/set_node_parameter__rosidl_typesupport_fastrtps_c.h
[0.748s] -- Up-to-date: /home/ferre/brick/BRICK-WEBots/install/vizanti_msgs/include/vizanti_msgs/vizanti_msgs/srv/detail/get_node_parameters__rosidl_typesupport_fastrtps_c.h
[0.748s] -- Up-to-date: /home/ferre/brick/BRICK-WEBots/install/vizanti_msgs/include/vizanti_msgs/vizanti_msgs/msg
[0.748s] -- Up-to-date: /home/ferre/brick/BRICK-WEBots/install/vizanti_msgs/include/vizanti_msgs/vizanti_msgs/msg/rosidl_typesupport_fastrtps_c__visibility_control.h
[0.748s] -- Up-to-date: /home/ferre/brick/BRICK-WEBots/install/vizanti_msgs/lib/libvizanti_msgs__rosidl_typesupport_fastrtps_c.so
[0.748s] -- Up-to-date: /home/ferre/brick/BRICK-WEBots/install/vizanti_msgs/include/vizanti_msgs/vizanti_msgs
[0.748s] -- Up-to-date: /home/ferre/brick/BRICK-WEBots/install/vizanti_msgs/include/vizanti_msgs/vizanti_msgs/srv
[0.748s] -- Up-to-date: /home/ferre/brick/BRICK-WEBots/install/vizanti_msgs/include/vizanti_msgs/vizanti_msgs/srv/detail
[0.748s] -- Up-to-date: /home/ferre/brick/BRICK-WEBots/install/vizanti_msgs/include/vizanti_msgs/vizanti_msgs/srv/detail/list_executables__rosidl_typesupport_introspection_c.h
[0.748s] -- Up-to-date: /home/ferre/brick/BRICK-WEBots/install/vizanti_msgs/include/vizanti_msgs/vizanti_msgs/srv/detail/list_packages__rosidl_typesupport_introspection_c.h
[0.748s] -- Installing: /home/ferre/brick/BRICK-WEBots/install/vizanti_msgs/include/vizanti_msgs/vizanti_msgs/srv/detail/list_packages__type_support.c
[0.748s] -- Installing: /home/ferre/brick/BRICK-WEBots/install/vizanti_msgs/include/vizanti_msgs/vizanti_msgs/srv/detail/manage_node__type_support.c
[0.748s] -- Installing: /home/ferre/brick/BRICK-WEBots/install/vizanti_msgs/include/vizanti_msgs/vizanti_msgs/srv/detail/get_node_parameters__type_support.c
[0.748s] -- Up-to-date: /home/ferre/brick/BRICK-WEBots/install/vizanti_msgs/include/vizanti_msgs/vizanti_msgs/srv/detail/load_map__rosidl_typesupport_introspection_c.h
[0.748s] -- Up-to-date: /home/ferre/brick/BRICK-WEBots/install/vizanti_msgs/include/vizanti_msgs/vizanti_msgs/srv/detail/get_node_parameters__rosidl_typesupport_introspection_c.h
[0.748s] -- Up-to-date: /home/ferre/brick/BRICK-WEBots/install/vizanti_msgs/include/vizanti_msgs/vizanti_msgs/srv/detail/save_map__rosidl_typesupport_introspection_c.h
[0.749s] -- Up-to-date: /home/ferre/brick/BRICK-WEBots/install/vizanti_msgs/include/vizanti_msgs/vizanti_msgs/srv/detail/set_node_parameter__rosidl_typesupport_introspection_c.h
[0.749s] -- Installing: /home/ferre/brick/BRICK-WEBots/install/vizanti_msgs/include/vizanti_msgs/vizanti_msgs/srv/detail/set_node_parameter__type_support.c
[0.749s] -- Installing: /home/ferre/brick/BRICK-WEBots/install/vizanti_msgs/include/vizanti_msgs/vizanti_msgs/srv/detail/record_rosbag__type_support.c
[0.749s] -- Installing: /home/ferre/brick/BRICK-WEBots/install/vizanti_msgs/include/vizanti_msgs/vizanti_msgs/srv/detail/save_map__type_support.c
[0.749s] -- Up-to-date: /home/ferre/brick/BRICK-WEBots/install/vizanti_msgs/include/vizanti_msgs/vizanti_msgs/srv/detail/record_rosbag__rosidl_typesupport_introspection_c.h
[0.749s] -- Up-to-date: /home/ferre/brick/BRICK-WEBots/install/vizanti_msgs/include/vizanti_msgs/vizanti_msgs/srv/detail/manage_node__rosidl_typesupport_introspection_c.h
[0.749s] -- Installing: /home/ferre/brick/BRICK-WEBots/install/vizanti_msgs/include/vizanti_msgs/vizanti_msgs/srv/detail/list_executables__type_support.c
[0.749s] -- Installing: /home/ferre/brick/BRICK-WEBots/install/vizanti_msgs/include/vizanti_msgs/vizanti_msgs/srv/detail/load_map__type_support.c
[0.749s] -- Up-to-date: /home/ferre/brick/BRICK-WEBots/install/vizanti_msgs/include/vizanti_msgs/vizanti_msgs/msg
[0.749s] -- Up-to-date: /home/ferre/brick/BRICK-WEBots/install/vizanti_msgs/include/vizanti_msgs/vizanti_msgs/msg/rosidl_typesupport_introspection_c__visibility_control.h
[0.749s] -- Up-to-date: /home/ferre/brick/BRICK-WEBots/install/vizanti_msgs/lib/libvizanti_msgs__rosidl_typesupport_introspection_c.so
[0.749s] -- Up-to-date: /home/ferre/brick/BRICK-WEBots/install/vizanti_msgs/lib/libvizanti_msgs__rosidl_typesupport_c.so
[0.750s] -- Up-to-date: /home/ferre/brick/BRICK-WEBots/install/vizanti_msgs/include/vizanti_msgs/vizanti_msgs
[0.750s] -- Up-to-date: /home/ferre/brick/BRICK-WEBots/install/vizanti_msgs/include/vizanti_msgs/vizanti_msgs/srv
[0.750s] -- Up-to-date: /home/ferre/brick/BRICK-WEBots/install/vizanti_msgs/include/vizanti_msgs/vizanti_msgs/srv/list_executables.hpp
[0.750s] -- Up-to-date: /home/ferre/brick/BRICK-WEBots/install/vizanti_msgs/include/vizanti_msgs/vizanti_msgs/srv/record_rosbag.hpp
[0.750s] -- Up-to-date: /home/ferre/brick/BRICK-WEBots/install/vizanti_msgs/include/vizanti_msgs/vizanti_msgs/srv/manage_node.hpp
[0.750s] -- Up-to-date: /home/ferre/brick/BRICK-WEBots/install/vizanti_msgs/include/vizanti_msgs/vizanti_msgs/srv/list_packages.hpp
[0.750s] -- Up-to-date: /home/ferre/brick/BRICK-WEBots/install/vizanti_msgs/include/vizanti_msgs/vizanti_msgs/srv/set_node_parameter.hpp
[0.750s] -- Up-to-date: /home/ferre/brick/BRICK-WEBots/install/vizanti_msgs/include/vizanti_msgs/vizanti_msgs/srv/load_map.hpp
[0.750s] -- Up-to-date: /home/ferre/brick/BRICK-WEBots/install/vizanti_msgs/include/vizanti_msgs/vizanti_msgs/srv/get_node_parameters.hpp
[0.750s] -- Up-to-date: /home/ferre/brick/BRICK-WEBots/install/vizanti_msgs/include/vizanti_msgs/vizanti_msgs/srv/save_map.hpp
[0.750s] -- Up-to-date: /home/ferre/brick/BRICK-WEBots/install/vizanti_msgs/include/vizanti_msgs/vizanti_msgs/srv/detail
[0.750s] -- Up-to-date: /home/ferre/brick/BRICK-WEBots/install/vizanti_msgs/include/vizanti_msgs/vizanti_msgs/srv/detail/manage_node__builder.hpp
[0.750s] -- Up-to-date: /home/ferre/brick/BRICK-WEBots/install/vizanti_msgs/include/vizanti_msgs/vizanti_msgs/srv/detail/save_map__struct.hpp
[0.750s] -- Up-to-date: /home/ferre/brick/BRICK-WEBots/install/vizanti_msgs/include/vizanti_msgs/vizanti_msgs/srv/detail/load_map__builder.hpp
[0.751s] -- Up-to-date: /home/ferre/brick/BRICK-WEBots/install/vizanti_msgs/include/vizanti_msgs/vizanti_msgs/srv/detail/set_node_parameter__builder.hpp
[0.751s] -- Up-to-date: /home/ferre/brick/BRICK-WEBots/install/vizanti_msgs/include/vizanti_msgs/vizanti_msgs/srv/detail/set_node_parameter__struct.hpp
[0.751s] -- Up-to-date: /home/ferre/brick/BRICK-WEBots/install/vizanti_msgs/include/vizanti_msgs/vizanti_msgs/srv/detail/list_packages__builder.hpp
[0.751s] -- Up-to-date: /home/ferre/brick/BRICK-WEBots/install/vizanti_msgs/include/vizanti_msgs/vizanti_msgs/srv/detail/record_rosbag__struct.hpp
[0.751s] -- Up-to-date: /home/ferre/brick/BRICK-WEBots/install/vizanti_msgs/include/vizanti_msgs/vizanti_msgs/srv/detail/record_rosbag__traits.hpp
[0.751s] -- Up-to-date: /home/ferre/brick/BRICK-WEBots/install/vizanti_msgs/include/vizanti_msgs/vizanti_msgs/srv/detail/save_map__traits.hpp
[0.751s] -- Up-to-date: /home/ferre/brick/BRICK-WEBots/install/vizanti_msgs/include/vizanti_msgs/vizanti_msgs/srv/detail/get_node_parameters__struct.hpp
[0.751s] -- Up-to-date: /home/ferre/brick/BRICK-WEBots/install/vizanti_msgs/include/vizanti_msgs/vizanti_msgs/srv/detail/get_node_parameters__traits.hpp
[0.751s] -- Up-to-date: /home/ferre/brick/BRICK-WEBots/install/vizanti_msgs/include/vizanti_msgs/vizanti_msgs/srv/detail/list_executables__traits.hpp
[0.751s] -- Up-to-date: /home/ferre/brick/BRICK-WEBots/install/vizanti_msgs/include/vizanti_msgs/vizanti_msgs/srv/detail/list_packages__traits.hpp
[0.751s] -- Up-to-date: /home/ferre/brick/BRICK-WEBots/install/vizanti_msgs/include/vizanti_msgs/vizanti_msgs/srv/detail/list_executables__struct.hpp
[0.751s] -- Up-to-date: /home/ferre/brick/BRICK-WEBots/install/vizanti_msgs/include/vizanti_msgs/vizanti_msgs/srv/detail/record_rosbag__builder.hpp
[0.752s] -- Up-to-date: /home/ferre/brick/BRICK-WEBots/install/vizanti_msgs/include/vizanti_msgs/vizanti_msgs/srv/detail/manage_node__traits.hpp
[0.752s] -- Up-to-date: /home/ferre/brick/BRICK-WEBots/install/vizanti_msgs/include/vizanti_msgs/vizanti_msgs/srv/detail/load_map__traits.hpp
[0.752s] -- Up-to-date: /home/ferre/brick/BRICK-WEBots/install/vizanti_msgs/include/vizanti_msgs/vizanti_msgs/srv/detail/get_node_parameters__builder.hpp
[0.752s] -- Up-to-date: /home/ferre/brick/BRICK-WEBots/install/vizanti_msgs/include/vizanti_msgs/vizanti_msgs/srv/detail/list_packages__struct.hpp
[0.752s] -- Up-to-date: /home/ferre/brick/BRICK-WEBots/install/vizanti_msgs/include/vizanti_msgs/vizanti_msgs/srv/detail/manage_node__struct.hpp
[0.752s] -- Up-to-date: /home/ferre/brick/BRICK-WEBots/install/vizanti_msgs/include/vizanti_msgs/vizanti_msgs/srv/detail/set_node_parameter__traits.hpp
[0.752s] -- Up-to-date: /home/ferre/brick/BRICK-WEBots/install/vizanti_msgs/include/vizanti_msgs/vizanti_msgs/srv/detail/list_executables__builder.hpp
[0.752s] -- Up-to-date: /home/ferre/brick/BRICK-WEBots/install/vizanti_msgs/include/vizanti_msgs/vizanti_msgs/srv/detail/save_map__builder.hpp
[0.752s] -- Up-to-date: /home/ferre/brick/BRICK-WEBots/install/vizanti_msgs/include/vizanti_msgs/vizanti_msgs/srv/detail/load_map__struct.hpp
[0.752s] -- Up-to-date: /home/ferre/brick/BRICK-WEBots/install/vizanti_msgs/include/vizanti_msgs/vizanti_msgs
[0.752s] -- Up-to-date: /home/ferre/brick/BRICK-WEBots/install/vizanti_msgs/include/vizanti_msgs/vizanti_msgs/srv
[0.752s] -- Up-to-date: /home/ferre/brick/BRICK-WEBots/install/vizanti_msgs/include/vizanti_msgs/vizanti_msgs/srv/detail
[0.753s] -- Up-to-date: /home/ferre/brick/BRICK-WEBots/install/vizanti_msgs/include/vizanti_msgs/vizanti_msgs/srv/detail/manage_node__rosidl_typesupport_fastrtps_cpp.hpp
[0.753s] -- Up-to-date: /home/ferre/brick/BRICK-WEBots/install/vizanti_msgs/include/vizanti_msgs/vizanti_msgs/srv/detail/dds_fastrtps
[0.753s] -- Up-to-date: /home/ferre/brick/BRICK-WEBots/install/vizanti_msgs/include/vizanti_msgs/vizanti_msgs/srv/detail/get_node_parameters__rosidl_typesupport_fastrtps_cpp.hpp
[0.753s] -- Up-to-date: /home/ferre/brick/BRICK-WEBots/install/vizanti_msgs/include/vizanti_msgs/vizanti_msgs/srv/detail/list_executables__rosidl_typesupport_fastrtps_cpp.hpp
[0.753s] -- Up-to-date: /home/ferre/brick/BRICK-WEBots/install/vizanti_msgs/include/vizanti_msgs/vizanti_msgs/srv/detail/list_packages__rosidl_typesupport_fastrtps_cpp.hpp
[0.753s] -- Up-to-date: /home/ferre/brick/BRICK-WEBots/install/vizanti_msgs/include/vizanti_msgs/vizanti_msgs/srv/detail/save_map__rosidl_typesupport_fastrtps_cpp.hpp
[0.753s] -- Up-to-date: /home/ferre/brick/BRICK-WEBots/install/vizanti_msgs/include/vizanti_msgs/vizanti_msgs/srv/detail/set_node_parameter__rosidl_typesupport_fastrtps_cpp.hpp
[0.753s] -- Up-to-date: /home/ferre/brick/BRICK-WEBots/install/vizanti_msgs/include/vizanti_msgs/vizanti_msgs/srv/detail/load_map__rosidl_typesupport_fastrtps_cpp.hpp
[0.753s] -- Up-to-date: /home/ferre/brick/BRICK-WEBots/install/vizanti_msgs/include/vizanti_msgs/vizanti_msgs/srv/detail/record_rosbag__rosidl_typesupport_fastrtps_cpp.hpp
[0.753s] -- Up-to-date: /home/ferre/brick/BRICK-WEBots/install/vizanti_msgs/include/vizanti_msgs/vizanti_msgs/msg
[0.753s] -- Up-to-date: /home/ferre/brick/BRICK-WEBots/install/vizanti_msgs/include/vizanti_msgs/vizanti_msgs/msg/rosidl_typesupport_fastrtps_cpp__visibility_control.h
[0.753s] -- Up-to-date: /home/ferre/brick/BRICK-WEBots/install/vizanti_msgs/lib/libvizanti_msgs__rosidl_typesupport_fastrtps_cpp.so
[0.754s] -- Up-to-date: /home/ferre/brick/BRICK-WEBots/install/vizanti_msgs/include/vizanti_msgs/vizanti_msgs
[0.754s] -- Up-to-date: /home/ferre/brick/BRICK-WEBots/install/vizanti_msgs/include/vizanti_msgs/vizanti_msgs/srv
[0.754s] -- Up-to-date: /home/ferre/brick/BRICK-WEBots/install/vizanti_msgs/include/vizanti_msgs/vizanti_msgs/srv/detail
[0.754s] -- Up-to-date: /home/ferre/brick/BRICK-WEBots/install/vizanti_msgs/include/vizanti_msgs/vizanti_msgs/srv/detail/list_executables__rosidl_typesupport_introspection_cpp.hpp
[0.754s] -- Up-to-date: /home/ferre/brick/BRICK-WEBots/install/vizanti_msgs/include/vizanti_msgs/vizanti_msgs/srv/detail/load_map__rosidl_typesupport_introspection_cpp.hpp
[0.754s] -- Up-to-date: /home/ferre/brick/BRICK-WEBots/install/vizanti_msgs/include/vizanti_msgs/vizanti_msgs/srv/detail/manage_node__rosidl_typesupport_introspection_cpp.hpp
[0.754s] -- Up-to-date: /home/ferre/brick/BRICK-WEBots/install/vizanti_msgs/include/vizanti_msgs/vizanti_msgs/srv/detail/list_executables__type_support.cpp
[0.754s] -- Up-to-date: /home/ferre/brick/BRICK-WEBots/install/vizanti_msgs/include/vizanti_msgs/vizanti_msgs/srv/detail/set_node_parameter__type_support.cpp
[0.754s] -- Up-to-date: /home/ferre/brick/BRICK-WEBots/install/vizanti_msgs/include/vizanti_msgs/vizanti_msgs/srv/detail/list_packages__type_support.cpp
[0.754s] -- Up-to-date: /home/ferre/brick/BRICK-WEBots/install/vizanti_msgs/include/vizanti_msgs/vizanti_msgs/srv/detail/list_packages__rosidl_typesupport_introspection_cpp.hpp
[0.754s] -- Up-to-date: /home/ferre/brick/BRICK-WEBots/install/vizanti_msgs/include/vizanti_msgs/vizanti_msgs/srv/detail/save_map__type_support.cpp
[0.754s] -- Up-to-date: /home/ferre/brick/BRICK-WEBots/install/vizanti_msgs/include/vizanti_msgs/vizanti_msgs/srv/detail/record_rosbag__rosidl_typesupport_introspection_cpp.hpp
[0.755s] -- Up-to-date: /home/ferre/brick/BRICK-WEBots/install/vizanti_msgs/include/vizanti_msgs/vizanti_msgs/srv/detail/get_node_parameters__rosidl_typesupport_introspection_cpp.hpp
[0.755s] -- Up-to-date: /home/ferre/brick/BRICK-WEBots/install/vizanti_msgs/include/vizanti_msgs/vizanti_msgs/srv/detail/load_map__type_support.cpp
[0.755s] -- Up-to-date: /home/ferre/brick/BRICK-WEBots/install/vizanti_msgs/include/vizanti_msgs/vizanti_msgs/srv/detail/manage_node__type_support.cpp
[0.755s] -- Up-to-date: /home/ferre/brick/BRICK-WEBots/install/vizanti_msgs/include/vizanti_msgs/vizanti_msgs/srv/detail/save_map__rosidl_typesupport_introspection_cpp.hpp
[0.755s] -- Up-to-date: /home/ferre/brick/BRICK-WEBots/install/vizanti_msgs/include/vizanti_msgs/vizanti_msgs/srv/detail/get_node_parameters__type_support.cpp
[0.755s] -- Up-to-date: /home/ferre/brick/BRICK-WEBots/install/vizanti_msgs/include/vizanti_msgs/vizanti_msgs/srv/detail/record_rosbag__type_support.cpp
[0.755s] -- Up-to-date: /home/ferre/brick/BRICK-WEBots/install/vizanti_msgs/include/vizanti_msgs/vizanti_msgs/srv/detail/set_node_parameter__rosidl_typesupport_introspection_cpp.hpp
[0.755s] -- Up-to-date: /home/ferre/brick/BRICK-WEBots/install/vizanti_msgs/lib/libvizanti_msgs__rosidl_typesupport_introspection_cpp.so
[0.755s] -- Up-to-date: /home/ferre/brick/BRICK-WEBots/install/vizanti_msgs/lib/libvizanti_msgs__rosidl_typesupport_cpp.so
[0.755s] -- Up-to-date: /home/ferre/brick/BRICK-WEBots/install/vizanti_msgs/share/vizanti_msgs/environment/pythonpath.sh
[0.755s] -- Up-to-date: /home/ferre/brick/BRICK-WEBots/install/vizanti_msgs/share/vizanti_msgs/environment/pythonpath.dsv
[0.755s] -- Up-to-date: /home/ferre/brick/BRICK-WEBots/install/vizanti_msgs/lib/python3.10/site-packages/vizanti_msgs-0.1.0-py3.10.egg-info
[0.755s] -- Installing: /home/ferre/brick/BRICK-WEBots/install/vizanti_msgs/lib/python3.10/site-packages/vizanti_msgs-0.1.0-py3.10.egg-info/dependency_links.txt
[0.755s] -- Installing: /home/ferre/brick/BRICK-WEBots/install/vizanti_msgs/lib/python3.10/site-packages/vizanti_msgs-0.1.0-py3.10.egg-info/SOURCES.txt
[0.755s] -- Installing: /home/ferre/brick/BRICK-WEBots/install/vizanti_msgs/lib/python3.10/site-packages/vizanti_msgs-0.1.0-py3.10.egg-info/top_level.txt
[0.756s] -- Installing: /home/ferre/brick/BRICK-WEBots/install/vizanti_msgs/lib/python3.10/site-packages/vizanti_msgs-0.1.0-py3.10.egg-info/PKG-INFO
[0.756s] -- Up-to-date: /home/ferre/brick/BRICK-WEBots/install/vizanti_msgs/lib/python3.10/site-packages/vizanti_msgs
[0.756s] -- Up-to-date: /home/ferre/brick/BRICK-WEBots/install/vizanti_msgs/lib/python3.10/site-packages/vizanti_msgs/srv
[0.756s] -- Up-to-date: /home/ferre/brick/BRICK-WEBots/install/vizanti_msgs/lib/python3.10/site-packages/vizanti_msgs/srv/_set_node_parameter.py
[0.756s] -- Up-to-date: /home/ferre/brick/BRICK-WEBots/install/vizanti_msgs/lib/python3.10/site-packages/vizanti_msgs/srv/_record_rosbag_s.c
[0.756s] -- Up-to-date: /home/ferre/brick/BRICK-WEBots/install/vizanti_msgs/lib/python3.10/site-packages/vizanti_msgs/srv/_record_rosbag.py
[0.756s] -- Up-to-date: /home/ferre/brick/BRICK-WEBots/install/vizanti_msgs/lib/python3.10/site-packages/vizanti_msgs/srv/_load_map.py
[0.756s] -- Up-to-date: /home/ferre/brick/BRICK-WEBots/install/vizanti_msgs/lib/python3.10/site-packages/vizanti_msgs/srv/_save_map.py
[0.756s] -- Up-to-date: /home/ferre/brick/BRICK-WEBots/install/vizanti_msgs/lib/python3.10/site-packages/vizanti_msgs/srv/_get_node_parameters.py
[0.756s] -- Up-to-date: /home/ferre/brick/BRICK-WEBots/install/vizanti_msgs/lib/python3.10/site-packages/vizanti_msgs/srv/_list_executables_s.c
[0.756s] -- Up-to-date: /home/ferre/brick/BRICK-WEBots/install/vizanti_msgs/lib/python3.10/site-packages/vizanti_msgs/srv/_get_node_parameters_s.c
[0.756s] -- Up-to-date: /home/ferre/brick/BRICK-WEBots/install/vizanti_msgs/lib/python3.10/site-packages/vizanti_msgs/srv/_manage_node.py
[0.756s] -- Up-to-date: /home/ferre/brick/BRICK-WEBots/install/vizanti_msgs/lib/python3.10/site-packages/vizanti_msgs/srv/_list_packages.py
[0.756s] -- Up-to-date: /home/ferre/brick/BRICK-WEBots/install/vizanti_msgs/lib/python3.10/site-packages/vizanti_msgs/srv/_list_packages_s.c
[0.757s] -- Up-to-date: /home/ferre/brick/BRICK-WEBots/install/vizanti_msgs/lib/python3.10/site-packages/vizanti_msgs/srv/_set_node_parameter_s.c
[0.757s] -- Up-to-date: /home/ferre/brick/BRICK-WEBots/install/vizanti_msgs/lib/python3.10/site-packages/vizanti_msgs/srv/_list_executables.py
[0.757s] -- Up-to-date: /home/ferre/brick/BRICK-WEBots/install/vizanti_msgs/lib/python3.10/site-packages/vizanti_msgs/srv/_load_map_s.c
[0.757s] -- Up-to-date: /home/ferre/brick/BRICK-WEBots/install/vizanti_msgs/lib/python3.10/site-packages/vizanti_msgs/srv/__init__.py
[0.757s] -- Up-to-date: /home/ferre/brick/BRICK-WEBots/install/vizanti_msgs/lib/python3.10/site-packages/vizanti_msgs/srv/_manage_node_s.c
[0.757s] -- Up-to-date: /home/ferre/brick/BRICK-WEBots/install/vizanti_msgs/lib/python3.10/site-packages/vizanti_msgs/srv/_save_map_s.c
[0.757s] -- Up-to-date: /home/ferre/brick/BRICK-WEBots/install/vizanti_msgs/lib/python3.10/site-packages/vizanti_msgs/libvizanti_msgs__rosidl_generator_py.so
[0.757s] -- Up-to-date: /home/ferre/brick/BRICK-WEBots/install/vizanti_msgs/lib/python3.10/site-packages/vizanti_msgs/vizanti_msgs_s__rosidl_typesupport_c.cpython-310-x86_64-linux-gnu.so
[0.757s] -- Up-to-date: /home/ferre/brick/BRICK-WEBots/install/vizanti_msgs/lib/python3.10/site-packages/vizanti_msgs/_vizanti_msgs_s.ep.rosidl_typesupport_introspection_c.c
[0.757s] -- Up-to-date: /home/ferre/brick/BRICK-WEBots/install/vizanti_msgs/lib/python3.10/site-packages/vizanti_msgs/vizanti_msgs_s__rosidl_typesupport_introspection_c.cpython-310-x86_64-linux-gnu.so
[0.757s] -- Up-to-date: /home/ferre/brick/BRICK-WEBots/install/vizanti_msgs/lib/python3.10/site-packages/vizanti_msgs/vizanti_msgs_s__rosidl_typesupport_fastrtps_c.cpython-310-x86_64-linux-gnu.so
[0.757s] -- Up-to-date: /home/ferre/brick/BRICK-WEBots/install/vizanti_msgs/lib/python3.10/site-packages/vizanti_msgs/_vizanti_msgs_s.ep.rosidl_typesupport_c.c
[0.757s] -- Up-to-date: /home/ferre/brick/BRICK-WEBots/install/vizanti_msgs/lib/python3.10/site-packages/vizanti_msgs/_vizanti_msgs_s.ep.rosidl_typesupport_fastrtps_c.c
[0.757s] -- Up-to-date: /home/ferre/brick/BRICK-WEBots/install/vizanti_msgs/lib/python3.10/site-packages/vizanti_msgs/__init__.py
[0.782s] Listing '/home/ferre/brick/BRICK-WEBots/install/vizanti_msgs/lib/python3.10/site-packages/vizanti_msgs'...
[0.783s] Listing '/home/ferre/brick/BRICK-WEBots/install/vizanti_msgs/lib/python3.10/site-packages/vizanti_msgs/srv'...
[0.787s] -- Up-to-date: /home/ferre/brick/BRICK-WEBots/install/vizanti_msgs/lib/python3.10/site-packages/vizanti_msgs/vizanti_msgs_s__rosidl_typesupport_fastrtps_c.cpython-310-x86_64-linux-gnu.so
[0.787s] -- Up-to-date: /home/ferre/brick/BRICK-WEBots/install/vizanti_msgs/lib/python3.10/site-packages/vizanti_msgs/vizanti_msgs_s__rosidl_typesupport_introspection_c.cpython-310-x86_64-linux-gnu.so
[0.788s] -- Up-to-date: /home/ferre/brick/BRICK-WEBots/install/vizanti_msgs/lib/python3.10/site-packages/vizanti_msgs/vizanti_msgs_s__rosidl_typesupport_c.cpython-310-x86_64-linux-gnu.so
[0.788s] -- Up-to-date: /home/ferre/brick/BRICK-WEBots/install/vizanti_msgs/lib/libvizanti_msgs__rosidl_generator_py.so
[0.788s] -- Up-to-date: /home/ferre/brick/BRICK-WEBots/install/vizanti_msgs/share/vizanti_msgs/srv/GetNodeParameters.idl
[0.789s] -- Up-to-date: /home/ferre/brick/BRICK-WEBots/install/vizanti_msgs/share/vizanti_msgs/srv/SetNodeParameter.idl
[0.789s] -- Up-to-date: /home/ferre/brick/BRICK-WEBots/install/vizanti_msgs/share/vizanti_msgs/srv/SaveMap.idl
[0.789s] -- Up-to-date: /home/ferre/brick/BRICK-WEBots/install/vizanti_msgs/share/vizanti_msgs/srv/LoadMap.idl
[0.789s] -- Up-to-date: /home/ferre/brick/BRICK-WEBots/install/vizanti_msgs/share/vizanti_msgs/srv/RecordRosbag.idl
[0.789s] -- Up-to-date: /home/ferre/brick/BRICK-WEBots/install/vizanti_msgs/share/vizanti_msgs/srv/ManageNode.idl
[0.789s] -- Up-to-date: /home/ferre/brick/BRICK-WEBots/install/vizanti_msgs/share/vizanti_msgs/srv/ListPackages.idl
[0.789s] -- Up-to-date: /home/ferre/brick/BRICK-WEBots/install/vizanti_msgs/share/vizanti_msgs/srv/ListExecutables.idl
[0.789s] -- Up-to-date: /home/ferre/brick/BRICK-WEBots/install/vizanti_msgs/share/vizanti_msgs/srv/GetNodeParameters.srv
[0.789s] -- Up-to-date: /home/ferre/brick/BRICK-WEBots/install/vizanti_msgs/share/vizanti_msgs/srv/GetNodeParameters_Request.msg
[0.789s] -- Up-to-date: /home/ferre/brick/BRICK-WEBots/install/vizanti_msgs/share/vizanti_msgs/srv/GetNodeParameters_Response.msg
[0.789s] -- Up-to-date: /home/ferre/brick/BRICK-WEBots/install/vizanti_msgs/share/vizanti_msgs/srv/SetNodeParameter.srv
[0.790s] -- Up-to-date: /home/ferre/brick/BRICK-WEBots/install/vizanti_msgs/share/vizanti_msgs/srv/SetNodeParameter_Request.msg
[0.790s] -- Up-to-date: /home/ferre/brick/BRICK-WEBots/install/vizanti_msgs/share/vizanti_msgs/srv/SetNodeParameter_Response.msg
[0.790s] -- Up-to-date: /home/ferre/brick/BRICK-WEBots/install/vizanti_msgs/share/vizanti_msgs/srv/SaveMap.srv
[0.790s] -- Up-to-date: /home/ferre/brick/BRICK-WEBots/install/vizanti_msgs/share/vizanti_msgs/srv/SaveMap_Request.msg
[0.790s] -- Up-to-date: /home/ferre/brick/BRICK-WEBots/install/vizanti_msgs/share/vizanti_msgs/srv/SaveMap_Response.msg
[0.790s] -- Up-to-date: /home/ferre/brick/BRICK-WEBots/install/vizanti_msgs/share/vizanti_msgs/srv/LoadMap.srv
[0.790s] -- Up-to-date: /home/ferre/brick/BRICK-WEBots/install/vizanti_msgs/share/vizanti_msgs/srv/LoadMap_Request.msg
[0.790s] -- Up-to-date: /home/ferre/brick/BRICK-WEBots/install/vizanti_msgs/share/vizanti_msgs/srv/LoadMap_Response.msg
[0.790s] -- Up-to-date: /home/ferre/brick/BRICK-WEBots/install/vizanti_msgs/share/vizanti_msgs/srv/RecordRosbag.srv
[0.790s] -- Up-to-date: /home/ferre/brick/BRICK-WEBots/install/vizanti_msgs/share/vizanti_msgs/srv/RecordRosbag_Request.msg
[0.790s] -- Up-to-date: /home/ferre/brick/BRICK-WEBots/install/vizanti_msgs/share/vizanti_msgs/srv/RecordRosbag_Response.msg
[0.791s] -- Up-to-date: /home/ferre/brick/BRICK-WEBots/install/vizanti_msgs/share/vizanti_msgs/srv/ManageNode.srv
[0.791s] -- Up-to-date: /home/ferre/brick/BRICK-WEBots/install/vizanti_msgs/share/vizanti_msgs/srv/ManageNode_Request.msg
[0.791s] -- Up-to-date: /home/ferre/brick/BRICK-WEBots/install/vizanti_msgs/share/vizanti_msgs/srv/ManageNode_Response.msg
[0.791s] -- Up-to-date: /home/ferre/brick/BRICK-WEBots/install/vizanti_msgs/share/vizanti_msgs/srv/ListPackages.srv
[0.791s] -- Up-to-date: /home/ferre/brick/BRICK-WEBots/install/vizanti_msgs/share/vizanti_msgs/srv/ListPackages_Request.msg
[0.791s] -- Up-to-date: /home/ferre/brick/BRICK-WEBots/install/vizanti_msgs/share/vizanti_msgs/srv/ListPackages_Response.msg
[0.791s] -- Up-to-date: /home/ferre/brick/BRICK-WEBots/install/vizanti_msgs/share/vizanti_msgs/srv/ListExecutables.srv
[0.791s] -- Up-to-date: /home/ferre/brick/BRICK-WEBots/install/vizanti_msgs/share/vizanti_msgs/srv/ListExecutables_Request.msg
[0.791s] -- Up-to-date: /home/ferre/brick/BRICK-WEBots/install/vizanti_msgs/share/vizanti_msgs/srv/ListExecutables_Response.msg
[0.791s] -- Up-to-date: /home/ferre/brick/BRICK-WEBots/install/vizanti_msgs/share/ament_index/resource_index/package_run_dependencies/vizanti_msgs
[0.791s] -- Up-to-date: /home/ferre/brick/BRICK-WEBots/install/vizanti_msgs/share/ament_index/resource_index/parent_prefix_path/vizanti_msgs
[0.791s] -- Up-to-date: /home/ferre/brick/BRICK-WEBots/install/vizanti_msgs/share/vizanti_msgs/environment/ament_prefix_path.sh
[0.791s] -- Up-to-date: /home/ferre/brick/BRICK-WEBots/install/vizanti_msgs/share/vizanti_msgs/environment/ament_prefix_path.dsv
[0.791s] -- Up-to-date: /home/ferre/brick/BRICK-WEBots/install/vizanti_msgs/share/vizanti_msgs/environment/path.sh
[0.792s] -- Up-to-date: /home/ferre/brick/BRICK-WEBots/install/vizanti_msgs/share/vizanti_msgs/environment/path.dsv
[0.792s] -- Up-to-date: /home/ferre/brick/BRICK-WEBots/install/vizanti_msgs/share/vizanti_msgs/local_setup.bash
[0.792s] -- Up-to-date: /home/ferre/brick/BRICK-WEBots/install/vizanti_msgs/share/vizanti_msgs/local_setup.sh
[0.792s] -- Up-to-date: /home/ferre/brick/BRICK-WEBots/install/vizanti_msgs/share/vizanti_msgs/local_setup.zsh
[0.792s] -- Up-to-date: /home/ferre/brick/BRICK-WEBots/install/vizanti_msgs/share/vizanti_msgs/local_setup.dsv
[0.792s] -- Installing: /home/ferre/brick/BRICK-WEBots/install/vizanti_msgs/share/vizanti_msgs/package.dsv
[0.792s] -- Up-to-date: /home/ferre/brick/BRICK-WEBots/install/vizanti_msgs/share/ament_index/resource_index/packages/vizanti_msgs
[0.792s] -- Up-to-date: /home/ferre/brick/BRICK-WEBots/install/vizanti_msgs/share/vizanti_msgs/cmake/export_vizanti_msgs__rosidl_generator_cExport.cmake
[0.792s] -- Up-to-date: /home/ferre/brick/BRICK-WEBots/install/vizanti_msgs/share/vizanti_msgs/cmake/export_vizanti_msgs__rosidl_generator_cExport-noconfig.cmake
[0.792s] -- Up-to-date: /home/ferre/brick/BRICK-WEBots/install/vizanti_msgs/share/vizanti_msgs/cmake/export_vizanti_msgs__rosidl_typesupport_fastrtps_cExport.cmake
[0.792s] -- Up-to-date: /home/ferre/brick/BRICK-WEBots/install/vizanti_msgs/share/vizanti_msgs/cmake/export_vizanti_msgs__rosidl_typesupport_fastrtps_cExport-noconfig.cmake
[0.792s] -- Up-to-date: /home/ferre/brick/BRICK-WEBots/install/vizanti_msgs/share/vizanti_msgs/cmake/vizanti_msgs__rosidl_typesupport_introspection_cExport.cmake
[0.792s] -- Up-to-date: /home/ferre/brick/BRICK-WEBots/install/vizanti_msgs/share/vizanti_msgs/cmake/vizanti_msgs__rosidl_typesupport_introspection_cExport-noconfig.cmake
[0.793s] -- Up-to-date: /home/ferre/brick/BRICK-WEBots/install/vizanti_msgs/share/vizanti_msgs/cmake/vizanti_msgs__rosidl_typesupport_cExport.cmake
[0.793s] -- Up-to-date: /home/ferre/brick/BRICK-WEBots/install/vizanti_msgs/share/vizanti_msgs/cmake/vizanti_msgs__rosidl_typesupport_cExport-noconfig.cmake
[0.793s] -- Up-to-date: /home/ferre/brick/BRICK-WEBots/install/vizanti_msgs/share/vizanti_msgs/cmake/export_vizanti_msgs__rosidl_generator_cppExport.cmake
[0.793s] -- Up-to-date: /home/ferre/brick/BRICK-WEBots/install/vizanti_msgs/share/vizanti_msgs/cmake/export_vizanti_msgs__rosidl_typesupport_fastrtps_cppExport.cmake
[0.793s] -- Up-to-date: /home/ferre/brick/BRICK-WEBots/install/vizanti_msgs/share/vizanti_msgs/cmake/export_vizanti_msgs__rosidl_typesupport_fastrtps_cppExport-noconfig.cmake
[0.793s] -- Up-to-date: /home/ferre/brick/BRICK-WEBots/install/vizanti_msgs/share/vizanti_msgs/cmake/vizanti_msgs__rosidl_typesupport_introspection_cppExport.cmake
[0.793s] -- Up-to-date: /home/ferre/brick/BRICK-WEBots/install/vizanti_msgs/share/vizanti_msgs/cmake/vizanti_msgs__rosidl_typesupport_introspection_cppExport-noconfig.cmake
[0.793s] -- Up-to-date: /home/ferre/brick/BRICK-WEBots/install/vizanti_msgs/share/vizanti_msgs/cmake/vizanti_msgs__rosidl_typesupport_cppExport.cmake
[0.793s] -- Up-to-date: /home/ferre/brick/BRICK-WEBots/install/vizanti_msgs/share/vizanti_msgs/cmake/vizanti_msgs__rosidl_typesupport_cppExport-noconfig.cmake
[0.793s] -- Up-to-date: /home/ferre/brick/BRICK-WEBots/install/vizanti_msgs/share/vizanti_msgs/cmake/export_vizanti_msgs__rosidl_generator_pyExport.cmake
[0.793s] -- Up-to-date: /home/ferre/brick/BRICK-WEBots/install/vizanti_msgs/share/vizanti_msgs/cmake/export_vizanti_msgs__rosidl_generator_pyExport-noconfig.cmake
[0.793s] -- Up-to-date: /home/ferre/brick/BRICK-WEBots/install/vizanti_msgs/share/vizanti_msgs/cmake/rosidl_cmake-extras.cmake
[0.793s] -- Up-to-date: /home/ferre/brick/BRICK-WEBots/install/vizanti_msgs/share/vizanti_msgs/cmake/ament_cmake_export_dependencies-extras.cmake
[0.794s] -- Up-to-date: /home/ferre/brick/BRICK-WEBots/install/vizanti_msgs/share/vizanti_msgs/cmake/ament_cmake_export_include_directories-extras.cmake
[0.794s] -- Up-to-date: /home/ferre/brick/BRICK-WEBots/install/vizanti_msgs/share/vizanti_msgs/cmake/ament_cmake_export_libraries-extras.cmake
[0.794s] -- Up-to-date: /home/ferre/brick/BRICK-WEBots/install/vizanti_msgs/share/vizanti_msgs/cmake/ament_cmake_export_targets-extras.cmake
[0.794s] -- Up-to-date: /home/ferre/brick/BRICK-WEBots/install/vizanti_msgs/share/vizanti_msgs/cmake/rosidl_cmake_export_typesupport_targets-extras.cmake
[0.794s] -- Up-to-date: /home/ferre/brick/BRICK-WEBots/install/vizanti_msgs/share/vizanti_msgs/cmake/rosidl_cmake_export_typesupport_libraries-extras.cmake
[0.794s] -- Up-to-date: /home/ferre/brick/BRICK-WEBots/install/vizanti_msgs/share/vizanti_msgs/cmake/vizanti_msgsConfig.cmake
[0.794s] -- Up-to-date: /home/ferre/brick/BRICK-WEBots/install/vizanti_msgs/share/vizanti_msgs/cmake/vizanti_msgsConfig-version.cmake
[0.794s] -- Up-to-date: /home/ferre/brick/BRICK-WEBots/install/vizanti_msgs/share/vizanti_msgs/package.xml
[0.797s] Invoked command in '/home/ferre/brick/BRICK-WEBots/build/vizanti_msgs' returned '0': CMAKE_PREFIX_PATH=${CMAKE_PREFIX_PATH}:/home/ferre/brick/BRICK-WEBots/install/webots_ros2_brick:/home/ferre/brick/BRICK-WEBots/install/ros2-webots-v2:/opt/ros/iron /usr/bin/cmake --install /home/ferre/brick/BRICK-WEBots/build/vizanti_msgs
