[1.064s] Invoking command in '/home/ferre/brick/BRICK-WEBots/webots_ros2_brick': PYTHONPATH=/home/ferre/brick/BRICK-WEBots/build/webots_ros2_brick/prefix_override:/home/ferre/brick/BRICK-WEBots/install/webots_ros2_brick/lib/python3.10/site-packages:${PYTHONPATH} /usr/bin/python3 -W ignore:setup.py install is deprecated setup.py egg_info --egg-base ../build/webots_ros2_brick build --build-base /home/ferre/brick/BRICK-WEBots/build/webots_ros2_brick/build install --record /home/ferre/brick/BRICK-WEBots/build/webots_ros2_brick/install.log --single-version-externally-managed install_data
[1.346s] running egg_info
[1.347s] creating ../build/webots_ros2_brick/webots_ros2_brick.egg-info
[1.347s] writing ../build/webots_ros2_brick/webots_ros2_brick.egg-info/PKG-INFO
[1.347s] writing dependency_links to ../build/webots_ros2_brick/webots_ros2_brick.egg-info/dependency_links.txt
[1.347s] writing entry points to ../build/webots_ros2_brick/webots_ros2_brick.egg-info/entry_points.txt
[1.347s] writing requirements to ../build/webots_ros2_brick/webots_ros2_brick.egg-info/requires.txt
[1.347s] writing top-level names to ../build/webots_ros2_brick/webots_ros2_brick.egg-info/top_level.txt
[1.348s] writing manifest file '../build/webots_ros2_brick/webots_ros2_brick.egg-info/SOURCES.txt'
[1.351s] reading manifest file '../build/webots_ros2_brick/webots_ros2_brick.egg-info/SOURCES.txt'
[1.351s] adding license file 'LICENSE'
[1.351s] writing manifest file '../build/webots_ros2_brick/webots_ros2_brick.egg-info/SOURCES.txt'
[1.352s] running build
[1.352s] running build_py
[1.352s] creating /home/ferre/brick/BRICK-WEBots/build/webots_ros2_brick/build
[1.352s] creating /home/ferre/brick/BRICK-WEBots/build/webots_ros2_brick/build/lib
[1.352s] creating /home/ferre/brick/BRICK-WEBots/build/webots_ros2_brick/build/lib/webots_ros2_brick
[1.352s] copying webots_ros2_brick/navigation.py -> /home/ferre/brick/BRICK-WEBots/build/webots_ros2_brick/build/lib/webots_ros2_brick
[1.352s] copying webots_ros2_brick/mqtt_receiver.py -> /home/ferre/brick/BRICK-WEBots/build/webots_ros2_brick/build/lib/webots_ros2_brick
[1.352s] copying webots_ros2_brick/robotcontroller.py -> /home/ferre/brick/BRICK-WEBots/build/webots_ros2_brick/build/lib/webots_ros2_brick
[1.352s] copying webots_ros2_brick/otherlaunch.py -> /home/ferre/brick/BRICK-WEBots/build/webots_ros2_brick/build/lib/webots_ros2_brick
[1.353s] copying webots_ros2_brick/othercontroller.py -> /home/ferre/brick/BRICK-WEBots/build/webots_ros2_brick/build/lib/webots_ros2_brick
[1.353s] copying webots_ros2_brick/controllertype.py -> /home/ferre/brick/BRICK-WEBots/build/webots_ros2_brick/build/lib/webots_ros2_brick
[1.353s] copying webots_ros2_brick/mqtt_videostream.py -> /home/ferre/brick/BRICK-WEBots/build/webots_ros2_brick/build/lib/webots_ros2_brick
[1.353s] copying webots_ros2_brick/__init__.py -> /home/ferre/brick/BRICK-WEBots/build/webots_ros2_brick/build/lib/webots_ros2_brick
[1.353s] running install
[1.353s] running install_lib
[1.354s] creating /home/ferre/brick/BRICK-WEBots/install/webots_ros2_brick/lib/python3.10/site-packages/webots_ros2_brick
[1.354s] copying /home/ferre/brick/BRICK-WEBots/build/webots_ros2_brick/build/lib/webots_ros2_brick/navigation.py -> /home/ferre/brick/BRICK-WEBots/install/webots_ros2_brick/lib/python3.10/site-packages/webots_ros2_brick
[1.354s] copying /home/ferre/brick/BRICK-WEBots/build/webots_ros2_brick/build/lib/webots_ros2_brick/mqtt_receiver.py -> /home/ferre/brick/BRICK-WEBots/install/webots_ros2_brick/lib/python3.10/site-packages/webots_ros2_brick
[1.355s] copying /home/ferre/brick/BRICK-WEBots/build/webots_ros2_brick/build/lib/webots_ros2_brick/robotcontroller.py -> /home/ferre/brick/BRICK-WEBots/install/webots_ros2_brick/lib/python3.10/site-packages/webots_ros2_brick
[1.355s] copying /home/ferre/brick/BRICK-WEBots/build/webots_ros2_brick/build/lib/webots_ros2_brick/otherlaunch.py -> /home/ferre/brick/BRICK-WEBots/install/webots_ros2_brick/lib/python3.10/site-packages/webots_ros2_brick
[1.355s] copying /home/ferre/brick/BRICK-WEBots/build/webots_ros2_brick/build/lib/webots_ros2_brick/othercontroller.py -> /home/ferre/brick/BRICK-WEBots/install/webots_ros2_brick/lib/python3.10/site-packages/webots_ros2_brick
[1.355s] copying /home/ferre/brick/BRICK-WEBots/build/webots_ros2_brick/build/lib/webots_ros2_brick/controllertype.py -> /home/ferre/brick/BRICK-WEBots/install/webots_ros2_brick/lib/python3.10/site-packages/webots_ros2_brick
[1.355s] copying /home/ferre/brick/BRICK-WEBots/build/webots_ros2_brick/build/lib/webots_ros2_brick/mqtt_videostream.py -> /home/ferre/brick/BRICK-WEBots/install/webots_ros2_brick/lib/python3.10/site-packages/webots_ros2_brick
[1.355s] copying /home/ferre/brick/BRICK-WEBots/build/webots_ros2_brick/build/lib/webots_ros2_brick/__init__.py -> /home/ferre/brick/BRICK-WEBots/install/webots_ros2_brick/lib/python3.10/site-packages/webots_ros2_brick
[1.356s] byte-compiling /home/ferre/brick/BRICK-WEBots/install/webots_ros2_brick/lib/python3.10/site-packages/webots_ros2_brick/navigation.py to navigation.cpython-310.pyc
[1.358s] byte-compiling /home/ferre/brick/BRICK-WEBots/install/webots_ros2_brick/lib/python3.10/site-packages/webots_ros2_brick/mqtt_receiver.py to mqtt_receiver.cpython-310.pyc
[1.358s] byte-compiling /home/ferre/brick/BRICK-WEBots/install/webots_ros2_brick/lib/python3.10/site-packages/webots_ros2_brick/robotcontroller.py to robotcontroller.cpython-310.pyc
[1.359s] byte-compiling /home/ferre/brick/BRICK-WEBots/install/webots_ros2_brick/lib/python3.10/site-packages/webots_ros2_brick/otherlaunch.py to otherlaunch.cpython-310.pyc
[1.360s] byte-compiling /home/ferre/brick/BRICK-WEBots/install/webots_ros2_brick/lib/python3.10/site-packages/webots_ros2_brick/othercontroller.py to othercontroller.cpython-310.pyc
[1.360s] byte-compiling /home/ferre/brick/BRICK-WEBots/install/webots_ros2_brick/lib/python3.10/site-packages/webots_ros2_brick/controllertype.py to controllertype.cpython-310.pyc
[1.362s] byte-compiling /home/ferre/brick/BRICK-WEBots/install/webots_ros2_brick/lib/python3.10/site-packages/webots_ros2_brick/mqtt_videostream.py to mqtt_videostream.cpython-310.pyc
[1.363s] byte-compiling /home/ferre/brick/BRICK-WEBots/install/webots_ros2_brick/lib/python3.10/site-packages/webots_ros2_brick/__init__.py to __init__.cpython-310.pyc
[1.363s] running install_data
[1.363s] creating /home/ferre/brick/BRICK-WEBots/install/webots_ros2_brick/share/ament_index
[1.363s] creating /home/ferre/brick/BRICK-WEBots/install/webots_ros2_brick/share/ament_index/resource_index
[1.363s] creating /home/ferre/brick/BRICK-WEBots/install/webots_ros2_brick/share/ament_index/resource_index/packages
[1.363s] copying resource/webots_ros2_brick -> /home/ferre/brick/BRICK-WEBots/install/webots_ros2_brick/share/ament_index/resource_index/packages
[1.363s] creating /home/ferre/brick/BRICK-WEBots/install/webots_ros2_brick/share/webots_ros2_brick/launch
[1.364s] copying launch/robot_launch.py -> /home/ferre/brick/BRICK-WEBots/install/webots_ros2_brick/share/webots_ros2_brick/launch
[1.364s] creating /home/ferre/brick/BRICK-WEBots/install/webots_ros2_brick/share/webots_ros2_brick/worlds
[1.364s] copying worlds/test_environment.wbt -> /home/ferre/brick/BRICK-WEBots/install/webots_ros2_brick/share/webots_ros2_brick/worlds
[1.364s] copying worlds/turtlebot3_burger_example.wbt -> /home/ferre/brick/BRICK-WEBots/install/webots_ros2_brick/share/webots_ros2_brick/worlds
[1.364s] creating /home/ferre/brick/BRICK-WEBots/install/webots_ros2_brick/share/webots_ros2_brick/resource
[1.364s] copying resource/brick.urdf -> /home/ferre/brick/BRICK-WEBots/install/webots_ros2_brick/share/webots_ros2_brick/resource
[1.365s] copying package.xml -> /home/ferre/brick/BRICK-WEBots/install/webots_ros2_brick/share/webots_ros2_brick
[1.365s] creating /home/ferre/brick/BRICK-WEBots/install/webots_ros2_brick/share/webots_ros2_brick/protos
[1.365s] copying protos/BRICK.proto -> /home/ferre/brick/BRICK-WEBots/install/webots_ros2_brick/share/webots_ros2_brick/protos
[1.365s] copying protos/Hoap2.proto -> /home/ferre/brick/BRICK-WEBots/install/webots_ros2_brick/share/webots_ros2_brick/protos
[1.366s] copying metal.jpg -> /home/ferre/brick/BRICK-WEBots/install/webots_ros2_brick/share/webots_ros2_brick
[1.369s] copying texture.jpg -> /home/ferre/brick/BRICK-WEBots/install/webots_ros2_brick/share/webots_ros2_brick
[1.370s] creating /home/ferre/brick/BRICK-WEBots/install/webots_ros2_brick/share/webots_ros2_brick/rviz
[1.370s] copying rviz/default.rviz -> /home/ferre/brick/BRICK-WEBots/install/webots_ros2_brick/share/webots_ros2_brick/rviz
[1.370s] creating /home/ferre/brick/BRICK-WEBots/install/webots_ros2_brick/share/webots_ros2_brick/config
[1.370s] copying config/slam_config.yaml -> /home/ferre/brick/BRICK-WEBots/install/webots_ros2_brick/share/webots_ros2_brick/config
[1.370s] running install_egg_info
[1.372s] Copying ../build/webots_ros2_brick/webots_ros2_brick.egg-info to /home/ferre/brick/BRICK-WEBots/install/webots_ros2_brick/lib/python3.10/site-packages/webots_ros2_brick-0.0.0-py3.10.egg-info
[1.374s] running install_scripts
[1.394s] Installing mqtt_handler script to /home/ferre/brick/BRICK-WEBots/install/webots_ros2_brick/lib/webots_ros2_brick
[1.394s] Installing mqtt_videostream script to /home/ferre/brick/BRICK-WEBots/install/webots_ros2_brick/lib/webots_ros2_brick
[1.394s] Installing navigator script to /home/ferre/brick/BRICK-WEBots/install/webots_ros2_brick/lib/webots_ros2_brick
[1.394s] writing list of installed files to '/home/ferre/brick/BRICK-WEBots/build/webots_ros2_brick/install.log'
[1.445s] Invoked command in '/home/ferre/brick/BRICK-WEBots/webots_ros2_brick' returned '0': PYTHONPATH=/home/ferre/brick/BRICK-WEBots/build/webots_ros2_brick/prefix_override:/home/ferre/brick/BRICK-WEBots/install/webots_ros2_brick/lib/python3.10/site-packages:${PYTHONPATH} /usr/bin/python3 -W ignore:setup.py install is deprecated setup.py egg_info --egg-base ../build/webots_ros2_brick build --build-base /home/ferre/brick/BRICK-WEBots/build/webots_ros2_brick/build install --record /home/ferre/brick/BRICK-WEBots/build/webots_ros2_brick/install.log --single-version-externally-managed install_data
