[0.614s] Invoking command in '/home/ferre/brick/BRICK-WEBots/ros2-webots-v2': PYTHONPATH=/home/ferre/brick/BRICK-WEBots/ros2-webots-v2/build/ros2-webots-v2/prefix_override:/home/ferre/brick/BRICK-WEBots/ros2-webots-v2/install/ros2-webots-v2/lib/python3.10/site-packages:${PYTHONPATH} /usr/bin/python3 -W ignore:setup.py install is deprecated setup.py egg_info --egg-base build/ros2-webots-v2 build --build-base /home/ferre/brick/BRICK-WEBots/ros2-webots-v2/build/ros2-webots-v2/build install --record /home/ferre/brick/BRICK-WEBots/ros2-webots-v2/build/ros2-webots-v2/install.log --single-version-externally-managed install_data
[0.839s] running egg_info
[0.840s] writing build/ros2-webots-v2/ros2_webots_v2.egg-info/PKG-INFO
[0.840s] writing dependency_links to build/ros2-webots-v2/ros2_webots_v2.egg-info/dependency_links.txt
[0.841s] writing entry points to build/ros2-webots-v2/ros2_webots_v2.egg-info/entry_points.txt
[0.841s] writing requirements to build/ros2-webots-v2/ros2_webots_v2.egg-info/requires.txt
[0.841s] writing top-level names to build/ros2-webots-v2/ros2_webots_v2.egg-info/top_level.txt
[0.842s] reading manifest file 'build/ros2-webots-v2/ros2_webots_v2.egg-info/SOURCES.txt'
[0.842s] adding license file 'LICENSE'
[0.843s] writing manifest file 'build/ros2-webots-v2/ros2_webots_v2.egg-info/SOURCES.txt'
[0.843s] running build
[0.843s] running build_py
[0.844s] running install
[0.844s] running install_lib
[0.845s] running install_data
[0.846s] running install_egg_info
[0.847s] removing '/home/ferre/brick/BRICK-WEBots/ros2-webots-v2/install/ros2-webots-v2/lib/python3.10/site-packages/ros2_webots_v2-0.0.0-py3.10.egg-info' (and everything under it)
[0.848s] Copying build/ros2-webots-v2/ros2_webots_v2.egg-info to /home/ferre/brick/BRICK-WEBots/ros2-webots-v2/install/ros2-webots-v2/lib/python3.10/site-packages/ros2_webots_v2-0.0.0-py3.10.egg-info
[0.849s] running install_scripts
[0.866s] writing list of installed files to '/home/ferre/brick/BRICK-WEBots/ros2-webots-v2/build/ros2-webots-v2/install.log'
[0.894s] Invoked command in '/home/ferre/brick/BRICK-WEBots/ros2-webots-v2' returned '0': PYTHONPATH=/home/ferre/brick/BRICK-WEBots/ros2-webots-v2/build/ros2-webots-v2/prefix_override:/home/ferre/brick/BRICK-WEBots/ros2-webots-v2/install/ros2-webots-v2/lib/python3.10/site-packages:${PYTHONPATH} /usr/bin/python3 -W ignore:setup.py install is deprecated setup.py egg_info --egg-base build/ros2-webots-v2 build --build-base /home/ferre/brick/BRICK-WEBots/ros2-webots-v2/build/ros2-webots-v2/build install --record /home/ferre/brick/BRICK-WEBots/ros2-webots-v2/build/ros2-webots-v2/install.log --single-version-externally-managed install_data
