[0.107s] DEBUG:colcon:Command line arguments: ['/usr/bin/colcon', 'build']
[0.107s] DEBUG:colcon:Parsed command line arguments: Namespace(log_base=None, log_level=None, verb_name='build', build_base='build', install_base='install', merge_install=False, symlink_install=False, test_result_base=None, continue_on_error=False, executor='parallel', parallel_workers=12, event_handlers=None, ignore_user_meta=False, metas=['./colcon.meta'], base_paths=['.'], packages_ignore=None, packages_ignore_regex=None, paths=None, packages_up_to=None, packages_up_to_regex=None, packages_above=None, packages_above_and_dependencies=None, packages_above_depth=None, packages_select_by_dep=None, packages_skip_by_dep=None, packages_skip_up_to=None, packages_select_build_failed=False, packages_skip_build_finished=False, packages_select_test_failures=False, packages_skip_test_passed=False, packages_select=None, packages_skip=None, packages_select_regex=None, packages_skip_regex=None, packages_start=None, packages_end=None, allow_overriding=[], cmake_args=None, cmake_target=None, cmake_target_skip_unavailable=False, cmake_clean_cache=False, cmake_clean_first=False, cmake_force_configure=False, ament_cmake_args=None, catkin_cmake_args=None, catkin_skip_building_tests=False, mixin_files=None, mixin=None, verb_parser=<colcon_mixin.mixin.mixin_argument.MixinArgumentDecorator object at 0x771487e37c40>, verb_extension=<colcon_core.verb.build.BuildVerb object at 0x771487f78370>, main=<bound method BuildVerb.main of <colcon_core.verb.build.BuildVerb object at 0x771487f78370>>, mixin_verb=('build',))
[0.285s] Level 1:colcon.colcon_core.package_discovery:discover_packages(colcon_meta) check parameters
[0.285s] Level 1:colcon.colcon_core.package_discovery:discover_packages(recursive) check parameters
[0.285s] Level 1:colcon.colcon_core.package_discovery:discover_packages(ignore) check parameters
[0.285s] Level 1:colcon.colcon_core.package_discovery:discover_packages(path) check parameters
[0.285s] Level 1:colcon.colcon_core.package_discovery:discover_packages(colcon_meta) discover
[0.285s] Level 1:colcon.colcon_core.package_discovery:discover_packages(recursive) discover
[0.285s] INFO:colcon.colcon_core.package_discovery:Crawling recursively for packages in '/home/ferre/brick/BRICK-WEBots'
[0.285s] Level 1:colcon.colcon_core.package_identification:_identify(.) by extensions ['ignore', 'ignore_ament_install']
[0.286s] Level 1:colcon.colcon_core.package_identification:_identify(.) by extension 'ignore'
[0.286s] Level 1:colcon.colcon_core.package_identification:_identify(.) by extension 'ignore_ament_install'
[0.286s] Level 1:colcon.colcon_core.package_identification:_identify(.) by extensions ['colcon_pkg']
[0.286s] Level 1:colcon.colcon_core.package_identification:_identify(.) by extension 'colcon_pkg'
[0.286s] Level 1:colcon.colcon_core.package_identification:_identify(.) by extensions ['colcon_meta']
[0.286s] Level 1:colcon.colcon_core.package_identification:_identify(.) by extension 'colcon_meta'
[0.286s] Level 1:colcon.colcon_core.package_identification:_identify(.) by extensions ['ros']
[0.286s] Level 1:colcon.colcon_core.package_identification:_identify(.) by extension 'ros'
[0.296s] Level 1:colcon.colcon_core.package_identification:_identify(.) by extensions ['cmake', 'python']
[0.297s] Level 1:colcon.colcon_core.package_identification:_identify(.) by extension 'cmake'
[0.297s] Level 1:colcon.colcon_core.package_identification:_identify(.) by extension 'python'
[0.297s] Level 1:colcon.colcon_core.package_identification:_identify(.) by extensions ['python_setup_py']
[0.297s] Level 1:colcon.colcon_core.package_identification:_identify(.) by extension 'python_setup_py'
[0.297s] Level 1:colcon.colcon_core.package_identification:_identify(build) by extensions ['ignore', 'ignore_ament_install']
[0.297s] Level 1:colcon.colcon_core.package_identification:_identify(build) by extension 'ignore'
[0.297s] Level 1:colcon.colcon_core.package_identification:_identify(build) ignored
[0.297s] Level 1:colcon.colcon_core.package_identification:_identify(designSheet) by extensions ['ignore', 'ignore_ament_install']
[0.297s] Level 1:colcon.colcon_core.package_identification:_identify(designSheet) by extension 'ignore'
[0.297s] Level 1:colcon.colcon_core.package_identification:_identify(designSheet) by extension 'ignore_ament_install'
[0.297s] Level 1:colcon.colcon_core.package_identification:_identify(designSheet) by extensions ['colcon_pkg']
[0.297s] Level 1:colcon.colcon_core.package_identification:_identify(designSheet) by extension 'colcon_pkg'
[0.297s] Level 1:colcon.colcon_core.package_identification:_identify(designSheet) by extensions ['colcon_meta']
[0.297s] Level 1:colcon.colcon_core.package_identification:_identify(designSheet) by extension 'colcon_meta'
[0.298s] Level 1:colcon.colcon_core.package_identification:_identify(designSheet) by extensions ['ros']
[0.298s] Level 1:colcon.colcon_core.package_identification:_identify(designSheet) by extension 'ros'
[0.298s] Level 1:colcon.colcon_core.package_identification:_identify(designSheet) by extensions ['cmake', 'python']
[0.298s] Level 1:colcon.colcon_core.package_identification:_identify(designSheet) by extension 'cmake'
[0.298s] Level 1:colcon.colcon_core.package_identification:_identify(designSheet) by extension 'python'
[0.298s] Level 1:colcon.colcon_core.package_identification:_identify(designSheet) by extensions ['python_setup_py']
[0.298s] Level 1:colcon.colcon_core.package_identification:_identify(designSheet) by extension 'python_setup_py'
[0.298s] Level 1:colcon.colcon_core.package_identification:_identify(install) by extensions ['ignore', 'ignore_ament_install']
[0.298s] Level 1:colcon.colcon_core.package_identification:_identify(install) by extension 'ignore'
[0.298s] Level 1:colcon.colcon_core.package_identification:_identify(install) ignored
[0.298s] Level 1:colcon.colcon_core.package_identification:_identify(log) by extensions ['ignore', 'ignore_ament_install']
[0.298s] Level 1:colcon.colcon_core.package_identification:_identify(log) by extension 'ignore'
[0.298s] Level 1:colcon.colcon_core.package_identification:_identify(log) ignored
[0.298s] Level 1:colcon.colcon_core.package_identification:_identify(photos) by extensions ['ignore', 'ignore_ament_install']
[0.298s] Level 1:colcon.colcon_core.package_identification:_identify(photos) by extension 'ignore'
[0.299s] Level 1:colcon.colcon_core.package_identification:_identify(photos) by extension 'ignore_ament_install'
[0.299s] Level 1:colcon.colcon_core.package_identification:_identify(photos) by extensions ['colcon_pkg']
[0.299s] Level 1:colcon.colcon_core.package_identification:_identify(photos) by extension 'colcon_pkg'
[0.299s] Level 1:colcon.colcon_core.package_identification:_identify(photos) by extensions ['colcon_meta']
[0.299s] Level 1:colcon.colcon_core.package_identification:_identify(photos) by extension 'colcon_meta'
[0.299s] Level 1:colcon.colcon_core.package_identification:_identify(photos) by extensions ['ros']
[0.299s] Level 1:colcon.colcon_core.package_identification:_identify(photos) by extension 'ros'
[0.299s] Level 1:colcon.colcon_core.package_identification:_identify(photos) by extensions ['cmake', 'python']
[0.299s] Level 1:colcon.colcon_core.package_identification:_identify(photos) by extension 'cmake'
[0.299s] Level 1:colcon.colcon_core.package_identification:_identify(photos) by extension 'python'
[0.299s] Level 1:colcon.colcon_core.package_identification:_identify(photos) by extensions ['python_setup_py']
[0.299s] Level 1:colcon.colcon_core.package_identification:_identify(photos) by extension 'python_setup_py'
[0.299s] Level 1:colcon.colcon_core.package_identification:_identify(server) by extensions ['ignore', 'ignore_ament_install']
[0.299s] Level 1:colcon.colcon_core.package_identification:_identify(server) by extension 'ignore'
[0.299s] Level 1:colcon.colcon_core.package_identification:_identify(server) by extension 'ignore_ament_install'
[0.299s] Level 1:colcon.colcon_core.package_identification:_identify(server) by extensions ['colcon_pkg']
[0.299s] Level 1:colcon.colcon_core.package_identification:_identify(server) by extension 'colcon_pkg'
[0.299s] Level 1:colcon.colcon_core.package_identification:_identify(server) by extensions ['colcon_meta']
[0.299s] Level 1:colcon.colcon_core.package_identification:_identify(server) by extension 'colcon_meta'
[0.299s] Level 1:colcon.colcon_core.package_identification:_identify(server) by extensions ['ros']
[0.299s] Level 1:colcon.colcon_core.package_identification:_identify(server) by extension 'ros'
[0.299s] Level 1:colcon.colcon_core.package_identification:_identify(server) by extensions ['cmake', 'python']
[0.299s] Level 1:colcon.colcon_core.package_identification:_identify(server) by extension 'cmake'
[0.299s] Level 1:colcon.colcon_core.package_identification:_identify(server) by extension 'python'
[0.299s] Level 1:colcon.colcon_core.package_identification:_identify(server) by extensions ['python_setup_py']
[0.299s] Level 1:colcon.colcon_core.package_identification:_identify(server) by extension 'python_setup_py'
[0.300s] Level 1:colcon.colcon_core.package_identification:_identify(server/static) by extensions ['ignore', 'ignore_ament_install']
[0.300s] Level 1:colcon.colcon_core.package_identification:_identify(server/static) by extension 'ignore'
[0.300s] Level 1:colcon.colcon_core.package_identification:_identify(server/static) by extension 'ignore_ament_install'
[0.300s] Level 1:colcon.colcon_core.package_identification:_identify(server/static) by extensions ['colcon_pkg']
[0.300s] Level 1:colcon.colcon_core.package_identification:_identify(server/static) by extension 'colcon_pkg'
[0.300s] Level 1:colcon.colcon_core.package_identification:_identify(server/static) by extensions ['colcon_meta']
[0.300s] Level 1:colcon.colcon_core.package_identification:_identify(server/static) by extension 'colcon_meta'
[0.300s] Level 1:colcon.colcon_core.package_identification:_identify(server/static) by extensions ['ros']
[0.300s] Level 1:colcon.colcon_core.package_identification:_identify(server/static) by extension 'ros'
[0.300s] Level 1:colcon.colcon_core.package_identification:_identify(server/static) by extensions ['cmake', 'python']
[0.300s] Level 1:colcon.colcon_core.package_identification:_identify(server/static) by extension 'cmake'
[0.300s] Level 1:colcon.colcon_core.package_identification:_identify(server/static) by extension 'python'
[0.300s] Level 1:colcon.colcon_core.package_identification:_identify(server/static) by extensions ['python_setup_py']
[0.300s] Level 1:colcon.colcon_core.package_identification:_identify(server/static) by extension 'python_setup_py'
[0.300s] Level 1:colcon.colcon_core.package_identification:_identify(server/static/css) by extensions ['ignore', 'ignore_ament_install']
[0.300s] Level 1:colcon.colcon_core.package_identification:_identify(server/static/css) by extension 'ignore'
[0.300s] Level 1:colcon.colcon_core.package_identification:_identify(server/static/css) by extension 'ignore_ament_install'
[0.300s] Level 1:colcon.colcon_core.package_identification:_identify(server/static/css) by extensions ['colcon_pkg']
[0.300s] Level 1:colcon.colcon_core.package_identification:_identify(server/static/css) by extension 'colcon_pkg'
[0.300s] Level 1:colcon.colcon_core.package_identification:_identify(server/static/css) by extensions ['colcon_meta']
[0.301s] Level 1:colcon.colcon_core.package_identification:_identify(server/static/css) by extension 'colcon_meta'
[0.301s] Level 1:colcon.colcon_core.package_identification:_identify(server/static/css) by extensions ['ros']
[0.301s] Level 1:colcon.colcon_core.package_identification:_identify(server/static/css) by extension 'ros'
[0.301s] Level 1:colcon.colcon_core.package_identification:_identify(server/static/css) by extensions ['cmake', 'python']
[0.301s] Level 1:colcon.colcon_core.package_identification:_identify(server/static/css) by extension 'cmake'
[0.301s] Level 1:colcon.colcon_core.package_identification:_identify(server/static/css) by extension 'python'
[0.301s] Level 1:colcon.colcon_core.package_identification:_identify(server/static/css) by extensions ['python_setup_py']
[0.301s] Level 1:colcon.colcon_core.package_identification:_identify(server/static/css) by extension 'python_setup_py'
[0.301s] Level 1:colcon.colcon_core.package_identification:_identify(server/static/js) by extensions ['ignore', 'ignore_ament_install']
[0.301s] Level 1:colcon.colcon_core.package_identification:_identify(server/static/js) by extension 'ignore'
[0.301s] Level 1:colcon.colcon_core.package_identification:_identify(server/static/js) by extension 'ignore_ament_install'
[0.301s] Level 1:colcon.colcon_core.package_identification:_identify(server/static/js) by extensions ['colcon_pkg']
[0.301s] Level 1:colcon.colcon_core.package_identification:_identify(server/static/js) by extension 'colcon_pkg'
[0.301s] Level 1:colcon.colcon_core.package_identification:_identify(server/static/js) by extensions ['colcon_meta']
[0.301s] Level 1:colcon.colcon_core.package_identification:_identify(server/static/js) by extension 'colcon_meta'
[0.301s] Level 1:colcon.colcon_core.package_identification:_identify(server/static/js) by extensions ['ros']
[0.301s] Level 1:colcon.colcon_core.package_identification:_identify(server/static/js) by extension 'ros'
[0.301s] Level 1:colcon.colcon_core.package_identification:_identify(server/static/js) by extensions ['cmake', 'python']
[0.301s] Level 1:colcon.colcon_core.package_identification:_identify(server/static/js) by extension 'cmake'
[0.301s] Level 1:colcon.colcon_core.package_identification:_identify(server/static/js) by extension 'python'
[0.301s] Level 1:colcon.colcon_core.package_identification:_identify(server/static/js) by extensions ['python_setup_py']
[0.301s] Level 1:colcon.colcon_core.package_identification:_identify(server/static/js) by extension 'python_setup_py'
[0.302s] Level 1:colcon.colcon_core.package_identification:_identify(server/templates) by extensions ['ignore', 'ignore_ament_install']
[0.302s] Level 1:colcon.colcon_core.package_identification:_identify(server/templates) by extension 'ignore'
[0.302s] Level 1:colcon.colcon_core.package_identification:_identify(server/templates) by extension 'ignore_ament_install'
[0.302s] Level 1:colcon.colcon_core.package_identification:_identify(server/templates) by extensions ['colcon_pkg']
[0.302s] Level 1:colcon.colcon_core.package_identification:_identify(server/templates) by extension 'colcon_pkg'
[0.302s] Level 1:colcon.colcon_core.package_identification:_identify(server/templates) by extensions ['colcon_meta']
[0.302s] Level 1:colcon.colcon_core.package_identification:_identify(server/templates) by extension 'colcon_meta'
[0.302s] Level 1:colcon.colcon_core.package_identification:_identify(server/templates) by extensions ['ros']
[0.302s] Level 1:colcon.colcon_core.package_identification:_identify(server/templates) by extension 'ros'
[0.302s] Level 1:colcon.colcon_core.package_identification:_identify(server/templates) by extensions ['cmake', 'python']
[0.302s] Level 1:colcon.colcon_core.package_identification:_identify(server/templates) by extension 'cmake'
[0.302s] Level 1:colcon.colcon_core.package_identification:_identify(server/templates) by extension 'python'
[0.302s] Level 1:colcon.colcon_core.package_identification:_identify(server/templates) by extensions ['python_setup_py']
[0.302s] Level 1:colcon.colcon_core.package_identification:_identify(server/templates) by extension 'python_setup_py'
[0.302s] Level 1:colcon.colcon_core.package_identification:_identify(vizanti) by extensions ['ignore', 'ignore_ament_install']
[0.302s] Level 1:colcon.colcon_core.package_identification:_identify(vizanti) by extension 'ignore'
[0.302s] Level 1:colcon.colcon_core.package_identification:_identify(vizanti) by extension 'ignore_ament_install'
[0.302s] Level 1:colcon.colcon_core.package_identification:_identify(vizanti) by extensions ['colcon_pkg']
[0.302s] Level 1:colcon.colcon_core.package_identification:_identify(vizanti) by extension 'colcon_pkg'
[0.302s] Level 1:colcon.colcon_core.package_identification:_identify(vizanti) by extensions ['colcon_meta']
[0.302s] Level 1:colcon.colcon_core.package_identification:_identify(vizanti) by extension 'colcon_meta'
[0.302s] Level 1:colcon.colcon_core.package_identification:_identify(vizanti) by extensions ['ros']
[0.302s] Level 1:colcon.colcon_core.package_identification:_identify(vizanti) by extension 'ros'
[0.303s] Level 1:colcon.colcon_core.package_identification:_identify(vizanti) by extensions ['cmake', 'python']
[0.303s] Level 1:colcon.colcon_core.package_identification:_identify(vizanti) by extension 'cmake'
[0.303s] Level 1:colcon.colcon_core.package_identification:_identify(vizanti) by extension 'python'
[0.303s] Level 1:colcon.colcon_core.package_identification:_identify(vizanti) by extensions ['python_setup_py']
[0.303s] Level 1:colcon.colcon_core.package_identification:_identify(vizanti) by extension 'python_setup_py'
[0.303s] Level 1:colcon.colcon_core.package_identification:_identify(vizanti/src) by extensions ['ignore', 'ignore_ament_install']
[0.303s] Level 1:colcon.colcon_core.package_identification:_identify(vizanti/src) by extension 'ignore'
[0.303s] Level 1:colcon.colcon_core.package_identification:_identify(vizanti/src) by extension 'ignore_ament_install'
[0.303s] Level 1:colcon.colcon_core.package_identification:_identify(vizanti/src) by extensions ['colcon_pkg']
[0.303s] Level 1:colcon.colcon_core.package_identification:_identify(vizanti/src) by extension 'colcon_pkg'
[0.303s] Level 1:colcon.colcon_core.package_identification:_identify(vizanti/src) by extensions ['colcon_meta']
[0.303s] Level 1:colcon.colcon_core.package_identification:_identify(vizanti/src) by extension 'colcon_meta'
[0.303s] Level 1:colcon.colcon_core.package_identification:_identify(vizanti/src) by extensions ['ros']
[0.303s] Level 1:colcon.colcon_core.package_identification:_identify(vizanti/src) by extension 'ros'
[0.303s] Level 1:colcon.colcon_core.package_identification:_identify(vizanti/src) by extensions ['cmake', 'python']
[0.303s] Level 1:colcon.colcon_core.package_identification:_identify(vizanti/src) by extension 'cmake'
[0.303s] Level 1:colcon.colcon_core.package_identification:_identify(vizanti/src) by extension 'python'
[0.303s] Level 1:colcon.colcon_core.package_identification:_identify(vizanti/src) by extensions ['python_setup_py']
[0.303s] Level 1:colcon.colcon_core.package_identification:_identify(vizanti/src) by extension 'python_setup_py'
[0.303s] Level 1:colcon.colcon_core.package_identification:_identify(vizanti/src/vizanti) by extensions ['ignore', 'ignore_ament_install']
[0.304s] Level 1:colcon.colcon_core.package_identification:_identify(vizanti/src/vizanti) by extension 'ignore'
[0.304s] Level 1:colcon.colcon_core.package_identification:_identify(vizanti/src/vizanti) by extension 'ignore_ament_install'
[0.304s] Level 1:colcon.colcon_core.package_identification:_identify(vizanti/src/vizanti) by extensions ['colcon_pkg']
[0.304s] Level 1:colcon.colcon_core.package_identification:_identify(vizanti/src/vizanti) by extension 'colcon_pkg'
[0.304s] Level 1:colcon.colcon_core.package_identification:_identify(vizanti/src/vizanti) by extensions ['colcon_meta']
[0.304s] Level 1:colcon.colcon_core.package_identification:_identify(vizanti/src/vizanti) by extension 'colcon_meta'
[0.304s] Level 1:colcon.colcon_core.package_identification:_identify(vizanti/src/vizanti) by extensions ['ros']
[0.304s] Level 1:colcon.colcon_core.package_identification:_identify(vizanti/src/vizanti) by extension 'ros'
[0.304s] Level 1:colcon.colcon_core.package_identification:_identify(vizanti/src/vizanti) by extensions ['cmake', 'python']
[0.304s] Level 1:colcon.colcon_core.package_identification:_identify(vizanti/src/vizanti) by extension 'cmake'
[0.304s] Level 1:colcon.colcon_core.package_identification:_identify(vizanti/src/vizanti) by extension 'python'
[0.304s] Level 1:colcon.colcon_core.package_identification:_identify(vizanti/src/vizanti) by extensions ['python_setup_py']
[0.304s] Level 1:colcon.colcon_core.package_identification:_identify(vizanti/src/vizanti) by extension 'python_setup_py'
[0.304s] Level 1:colcon.colcon_core.package_identification:_identify(vizanti/src/vizanti/vizanti) by extensions ['ignore', 'ignore_ament_install']
[0.304s] Level 1:colcon.colcon_core.package_identification:_identify(vizanti/src/vizanti/vizanti) by extension 'ignore'
[0.304s] Level 1:colcon.colcon_core.package_identification:_identify(vizanti/src/vizanti/vizanti) by extension 'ignore_ament_install'
[0.304s] Level 1:colcon.colcon_core.package_identification:_identify(vizanti/src/vizanti/vizanti) by extensions ['colcon_pkg']
[0.304s] Level 1:colcon.colcon_core.package_identification:_identify(vizanti/src/vizanti/vizanti) by extension 'colcon_pkg'
[0.304s] Level 1:colcon.colcon_core.package_identification:_identify(vizanti/src/vizanti/vizanti) by extensions ['colcon_meta']
[0.305s] Level 1:colcon.colcon_core.package_identification:_identify(vizanti/src/vizanti/vizanti) by extension 'colcon_meta'
[0.305s] Level 1:colcon.colcon_core.package_identification:_identify(vizanti/src/vizanti/vizanti) by extensions ['ros']
[0.305s] Level 1:colcon.colcon_core.package_identification:_identify(vizanti/src/vizanti/vizanti) by extension 'ros'
[0.318s] DEBUG:colcon.colcon_core.package_identification:Package 'vizanti/src/vizanti/vizanti' with type 'ros.ament_cmake' and name 'vizanti'
[0.318s] Level 1:colcon.colcon_core.package_identification:_identify(vizanti/src/vizanti/vizanti_cpp) by extensions ['ignore', 'ignore_ament_install']
[0.318s] Level 1:colcon.colcon_core.package_identification:_identify(vizanti/src/vizanti/vizanti_cpp) by extension 'ignore'
[0.318s] Level 1:colcon.colcon_core.package_identification:_identify(vizanti/src/vizanti/vizanti_cpp) by extension 'ignore_ament_install'
[0.318s] Level 1:colcon.colcon_core.package_identification:_identify(vizanti/src/vizanti/vizanti_cpp) by extensions ['colcon_pkg']
[0.318s] Level 1:colcon.colcon_core.package_identification:_identify(vizanti/src/vizanti/vizanti_cpp) by extension 'colcon_pkg'
[0.318s] Level 1:colcon.colcon_core.package_identification:_identify(vizanti/src/vizanti/vizanti_cpp) by extensions ['colcon_meta']
[0.318s] Level 1:colcon.colcon_core.package_identification:_identify(vizanti/src/vizanti/vizanti_cpp) by extension 'colcon_meta'
[0.319s] Level 1:colcon.colcon_core.package_identification:_identify(vizanti/src/vizanti/vizanti_cpp) by extensions ['ros']
[0.319s] Level 1:colcon.colcon_core.package_identification:_identify(vizanti/src/vizanti/vizanti_cpp) by extension 'ros'
[0.319s] DEBUG:colcon.colcon_core.package_identification:Package 'vizanti/src/vizanti/vizanti_cpp' with type 'ros.ament_cmake' and name 'vizanti_cpp'
[0.320s] Level 1:colcon.colcon_core.package_identification:_identify(vizanti/src/vizanti/vizanti_demos) by extensions ['ignore', 'ignore_ament_install']
[0.320s] Level 1:colcon.colcon_core.package_identification:_identify(vizanti/src/vizanti/vizanti_demos) by extension 'ignore'
[0.320s] Level 1:colcon.colcon_core.package_identification:_identify(vizanti/src/vizanti/vizanti_demos) by extension 'ignore_ament_install'
[0.320s] Level 1:colcon.colcon_core.package_identification:_identify(vizanti/src/vizanti/vizanti_demos) by extensions ['colcon_pkg']
[0.320s] Level 1:colcon.colcon_core.package_identification:_identify(vizanti/src/vizanti/vizanti_demos) by extension 'colcon_pkg'
[0.320s] Level 1:colcon.colcon_core.package_identification:_identify(vizanti/src/vizanti/vizanti_demos) by extensions ['colcon_meta']
[0.320s] Level 1:colcon.colcon_core.package_identification:_identify(vizanti/src/vizanti/vizanti_demos) by extension 'colcon_meta'
[0.320s] Level 1:colcon.colcon_core.package_identification:_identify(vizanti/src/vizanti/vizanti_demos) by extensions ['ros']
[0.320s] Level 1:colcon.colcon_core.package_identification:_identify(vizanti/src/vizanti/vizanti_demos) by extension 'ros'
[0.321s] DEBUG:colcon.colcon_core.package_identification:Package 'vizanti/src/vizanti/vizanti_demos' with type 'ros.ament_cmake' and name 'vizanti_demos'
[0.321s] Level 1:colcon.colcon_core.package_identification:_identify(vizanti/src/vizanti/vizanti_msgs) by extensions ['ignore', 'ignore_ament_install']
[0.321s] Level 1:colcon.colcon_core.package_identification:_identify(vizanti/src/vizanti/vizanti_msgs) by extension 'ignore'
[0.321s] Level 1:colcon.colcon_core.package_identification:_identify(vizanti/src/vizanti/vizanti_msgs) by extension 'ignore_ament_install'
[0.321s] Level 1:colcon.colcon_core.package_identification:_identify(vizanti/src/vizanti/vizanti_msgs) by extensions ['colcon_pkg']
[0.321s] Level 1:colcon.colcon_core.package_identification:_identify(vizanti/src/vizanti/vizanti_msgs) by extension 'colcon_pkg'
[0.321s] Level 1:colcon.colcon_core.package_identification:_identify(vizanti/src/vizanti/vizanti_msgs) by extensions ['colcon_meta']
[0.321s] Level 1:colcon.colcon_core.package_identification:_identify(vizanti/src/vizanti/vizanti_msgs) by extension 'colcon_meta'
[0.321s] Level 1:colcon.colcon_core.package_identification:_identify(vizanti/src/vizanti/vizanti_msgs) by extensions ['ros']
[0.321s] Level 1:colcon.colcon_core.package_identification:_identify(vizanti/src/vizanti/vizanti_msgs) by extension 'ros'
[0.322s] DEBUG:colcon.colcon_core.package_identification:Package 'vizanti/src/vizanti/vizanti_msgs' with type 'ros.ament_cmake' and name 'vizanti_msgs'
[0.322s] Level 1:colcon.colcon_core.package_identification:_identify(vizanti/src/vizanti/vizanti_server) by extensions ['ignore', 'ignore_ament_install']
[0.322s] Level 1:colcon.colcon_core.package_identification:_identify(vizanti/src/vizanti/vizanti_server) by extension 'ignore'
[0.322s] Level 1:colcon.colcon_core.package_identification:_identify(vizanti/src/vizanti/vizanti_server) by extension 'ignore_ament_install'
[0.322s] Level 1:colcon.colcon_core.package_identification:_identify(vizanti/src/vizanti/vizanti_server) by extensions ['colcon_pkg']
[0.322s] Level 1:colcon.colcon_core.package_identification:_identify(vizanti/src/vizanti/vizanti_server) by extension 'colcon_pkg'
[0.322s] Level 1:colcon.colcon_core.package_identification:_identify(vizanti/src/vizanti/vizanti_server) by extensions ['colcon_meta']
[0.322s] Level 1:colcon.colcon_core.package_identification:_identify(vizanti/src/vizanti/vizanti_server) by extension 'colcon_meta'
[0.322s] Level 1:colcon.colcon_core.package_identification:_identify(vizanti/src/vizanti/vizanti_server) by extensions ['ros']
[0.322s] Level 1:colcon.colcon_core.package_identification:_identify(vizanti/src/vizanti/vizanti_server) by extension 'ros'
[0.323s] DEBUG:colcon.colcon_core.package_identification:Package 'vizanti/src/vizanti/vizanti_server' with type 'ros.ament_cmake' and name 'vizanti_server'
[0.323s] Level 1:colcon.colcon_core.package_identification:_identify(webots_ros2_brick) by extensions ['ignore', 'ignore_ament_install']
[0.324s] Level 1:colcon.colcon_core.package_identification:_identify(webots_ros2_brick) by extension 'ignore'
[0.324s] Level 1:colcon.colcon_core.package_identification:_identify(webots_ros2_brick) by extension 'ignore_ament_install'
[0.324s] Level 1:colcon.colcon_core.package_identification:_identify(webots_ros2_brick) by extensions ['colcon_pkg']
[0.324s] Level 1:colcon.colcon_core.package_identification:_identify(webots_ros2_brick) by extension 'colcon_pkg'
[0.324s] Level 1:colcon.colcon_core.package_identification:_identify(webots_ros2_brick) by extensions ['colcon_meta']
[0.324s] Level 1:colcon.colcon_core.package_identification:_identify(webots_ros2_brick) by extension 'colcon_meta'
[0.324s] Level 1:colcon.colcon_core.package_identification:_identify(webots_ros2_brick) by extensions ['ros']
[0.324s] Level 1:colcon.colcon_core.package_identification:_identify(webots_ros2_brick) by extension 'ros'
[0.324s] DEBUG:colcon.colcon_core.package_identification:Package 'webots_ros2_brick' with type 'ros.ament_python' and name 'webots_ros2_brick'
[0.325s] Level 1:colcon.colcon_core.package_discovery:discover_packages(recursive) using defaults
[0.325s] Level 1:colcon.colcon_core.package_discovery:discover_packages(ignore) discover
[0.325s] Level 1:colcon.colcon_core.package_discovery:discover_packages(ignore) using defaults
[0.325s] Level 1:colcon.colcon_core.package_discovery:discover_packages(path) discover
[0.325s] Level 1:colcon.colcon_core.package_discovery:discover_packages(path) using defaults
[0.344s] Level 1:colcon.colcon_core.package_discovery:discover_packages(prefix_path) check parameters
[0.344s] Level 1:colcon.colcon_core.package_discovery:discover_packages(prefix_path) discover
[0.346s] DEBUG:colcon.colcon_installed_package_information.package_discovery:Found 7 installed packages in /home/ferre/brick/BRICK-WEBots/install
[0.348s] DEBUG:colcon.colcon_installed_package_information.package_discovery:Found 400 installed packages in /opt/ros/iron
[0.350s] Level 1:colcon.colcon_core.package_discovery:discover_packages(prefix_path) using defaults
[0.399s] Level 5:colcon.colcon_core.verb:set package 'vizanti_cpp' build argument 'cmake_args' from command line to 'None'
[0.399s] Level 5:colcon.colcon_core.verb:set package 'vizanti_cpp' build argument 'cmake_target' from command line to 'None'
[0.399s] Level 5:colcon.colcon_core.verb:set package 'vizanti_cpp' build argument 'cmake_target_skip_unavailable' from command line to 'False'
[0.400s] Level 5:colcon.colcon_core.verb:set package 'vizanti_cpp' build argument 'cmake_clean_cache' from command line to 'False'
[0.400s] Level 5:colcon.colcon_core.verb:set package 'vizanti_cpp' build argument 'cmake_clean_first' from command line to 'False'
[0.400s] Level 5:colcon.colcon_core.verb:set package 'vizanti_cpp' build argument 'cmake_force_configure' from command line to 'False'
[0.400s] Level 5:colcon.colcon_core.verb:set package 'vizanti_cpp' build argument 'ament_cmake_args' from command line to 'None'
[0.400s] Level 5:colcon.colcon_core.verb:set package 'vizanti_cpp' build argument 'catkin_cmake_args' from command line to 'None'
[0.400s] Level 5:colcon.colcon_core.verb:set package 'vizanti_cpp' build argument 'catkin_skip_building_tests' from command line to 'False'
[0.400s] DEBUG:colcon.colcon_core.verb:Building package 'vizanti_cpp' with the following arguments: {'ament_cmake_args': None, 'build_base': '/home/ferre/brick/BRICK-WEBots/build/vizanti_cpp', 'catkin_cmake_args': None, 'catkin_skip_building_tests': False, 'cmake_args': None, 'cmake_clean_cache': False, 'cmake_clean_first': False, 'cmake_force_configure': False, 'cmake_target': None, 'cmake_target_skip_unavailable': False, 'install_base': '/home/ferre/brick/BRICK-WEBots/install/vizanti_cpp', 'merge_install': False, 'path': '/home/ferre/brick/BRICK-WEBots/vizanti/src/vizanti/vizanti_cpp', 'symlink_install': False, 'test_result_base': None}
[0.400s] Level 5:colcon.colcon_core.verb:set package 'vizanti_msgs' build argument 'cmake_args' from command line to 'None'
[0.400s] Level 5:colcon.colcon_core.verb:set package 'vizanti_msgs' build argument 'cmake_target' from command line to 'None'
[0.400s] Level 5:colcon.colcon_core.verb:set package 'vizanti_msgs' build argument 'cmake_target_skip_unavailable' from command line to 'False'
[0.400s] Level 5:colcon.colcon_core.verb:set package 'vizanti_msgs' build argument 'cmake_clean_cache' from command line to 'False'
[0.400s] Level 5:colcon.colcon_core.verb:set package 'vizanti_msgs' build argument 'cmake_clean_first' from command line to 'False'
[0.400s] Level 5:colcon.colcon_core.verb:set package 'vizanti_msgs' build argument 'cmake_force_configure' from command line to 'False'
[0.400s] Level 5:colcon.colcon_core.verb:set package 'vizanti_msgs' build argument 'ament_cmake_args' from command line to 'None'
[0.400s] Level 5:colcon.colcon_core.verb:set package 'vizanti_msgs' build argument 'catkin_cmake_args' from command line to 'None'
[0.400s] Level 5:colcon.colcon_core.verb:set package 'vizanti_msgs' build argument 'catkin_skip_building_tests' from command line to 'False'
[0.400s] DEBUG:colcon.colcon_core.verb:Building package 'vizanti_msgs' with the following arguments: {'ament_cmake_args': None, 'build_base': '/home/ferre/brick/BRICK-WEBots/build/vizanti_msgs', 'catkin_cmake_args': None, 'catkin_skip_building_tests': False, 'cmake_args': None, 'cmake_clean_cache': False, 'cmake_clean_first': False, 'cmake_force_configure': False, 'cmake_target': None, 'cmake_target_skip_unavailable': False, 'install_base': '/home/ferre/brick/BRICK-WEBots/install/vizanti_msgs', 'merge_install': False, 'path': '/home/ferre/brick/BRICK-WEBots/vizanti/src/vizanti/vizanti_msgs', 'symlink_install': False, 'test_result_base': None}
[0.401s] Level 5:colcon.colcon_core.verb:set package 'webots_ros2_brick' build argument 'cmake_args' from command line to 'None'
[0.401s] Level 5:colcon.colcon_core.verb:set package 'webots_ros2_brick' build argument 'cmake_target' from command line to 'None'
[0.401s] Level 5:colcon.colcon_core.verb:set package 'webots_ros2_brick' build argument 'cmake_target_skip_unavailable' from command line to 'False'
[0.401s] Level 5:colcon.colcon_core.verb:set package 'webots_ros2_brick' build argument 'cmake_clean_cache' from command line to 'False'
[0.401s] Level 5:colcon.colcon_core.verb:set package 'webots_ros2_brick' build argument 'cmake_clean_first' from command line to 'False'
[0.401s] Level 5:colcon.colcon_core.verb:set package 'webots_ros2_brick' build argument 'cmake_force_configure' from command line to 'False'
[0.401s] Level 5:colcon.colcon_core.verb:set package 'webots_ros2_brick' build argument 'ament_cmake_args' from command line to 'None'
[0.401s] Level 5:colcon.colcon_core.verb:set package 'webots_ros2_brick' build argument 'catkin_cmake_args' from command line to 'None'
[0.401s] Level 5:colcon.colcon_core.verb:set package 'webots_ros2_brick' build argument 'catkin_skip_building_tests' from command line to 'False'
[0.401s] DEBUG:colcon.colcon_core.verb:Building package 'webots_ros2_brick' with the following arguments: {'ament_cmake_args': None, 'build_base': '/home/ferre/brick/BRICK-WEBots/build/webots_ros2_brick', 'catkin_cmake_args': None, 'catkin_skip_building_tests': False, 'cmake_args': None, 'cmake_clean_cache': False, 'cmake_clean_first': False, 'cmake_force_configure': False, 'cmake_target': None, 'cmake_target_skip_unavailable': False, 'install_base': '/home/ferre/brick/BRICK-WEBots/install/webots_ros2_brick', 'merge_install': False, 'path': '/home/ferre/brick/BRICK-WEBots/webots_ros2_brick', 'symlink_install': False, 'test_result_base': None}
[0.401s] Level 5:colcon.colcon_core.verb:set package 'vizanti_demos' build argument 'cmake_args' from command line to 'None'
[0.401s] Level 5:colcon.colcon_core.verb:set package 'vizanti_demos' build argument 'cmake_target' from command line to 'None'
[0.401s] Level 5:colcon.colcon_core.verb:set package 'vizanti_demos' build argument 'cmake_target_skip_unavailable' from command line to 'False'
[0.401s] Level 5:colcon.colcon_core.verb:set package 'vizanti_demos' build argument 'cmake_clean_cache' from command line to 'False'
[0.401s] Level 5:colcon.colcon_core.verb:set package 'vizanti_demos' build argument 'cmake_clean_first' from command line to 'False'
[0.401s] Level 5:colcon.colcon_core.verb:set package 'vizanti_demos' build argument 'cmake_force_configure' from command line to 'False'
[0.401s] Level 5:colcon.colcon_core.verb:set package 'vizanti_demos' build argument 'ament_cmake_args' from command line to 'None'
[0.401s] Level 5:colcon.colcon_core.verb:set package 'vizanti_demos' build argument 'catkin_cmake_args' from command line to 'None'
[0.401s] Level 5:colcon.colcon_core.verb:set package 'vizanti_demos' build argument 'catkin_skip_building_tests' from command line to 'False'
[0.401s] DEBUG:colcon.colcon_core.verb:Building package 'vizanti_demos' with the following arguments: {'ament_cmake_args': None, 'build_base': '/home/ferre/brick/BRICK-WEBots/build/vizanti_demos', 'catkin_cmake_args': None, 'catkin_skip_building_tests': False, 'cmake_args': None, 'cmake_clean_cache': False, 'cmake_clean_first': False, 'cmake_force_configure': False, 'cmake_target': None, 'cmake_target_skip_unavailable': False, 'install_base': '/home/ferre/brick/BRICK-WEBots/install/vizanti_demos', 'merge_install': False, 'path': '/home/ferre/brick/BRICK-WEBots/vizanti/src/vizanti/vizanti_demos', 'symlink_install': False, 'test_result_base': None}
[0.402s] Level 5:colcon.colcon_core.verb:set package 'vizanti_server' build argument 'cmake_args' from command line to 'None'
[0.402s] Level 5:colcon.colcon_core.verb:set package 'vizanti_server' build argument 'cmake_target' from command line to 'None'
[0.402s] Level 5:colcon.colcon_core.verb:set package 'vizanti_server' build argument 'cmake_target_skip_unavailable' from command line to 'False'
[0.402s] Level 5:colcon.colcon_core.verb:set package 'vizanti_server' build argument 'cmake_clean_cache' from command line to 'False'
[0.402s] Level 5:colcon.colcon_core.verb:set package 'vizanti_server' build argument 'cmake_clean_first' from command line to 'False'
[0.402s] Level 5:colcon.colcon_core.verb:set package 'vizanti_server' build argument 'cmake_force_configure' from command line to 'False'
[0.402s] Level 5:colcon.colcon_core.verb:set package 'vizanti_server' build argument 'ament_cmake_args' from command line to 'None'
[0.402s] Level 5:colcon.colcon_core.verb:set package 'vizanti_server' build argument 'catkin_cmake_args' from command line to 'None'
[0.402s] Level 5:colcon.colcon_core.verb:set package 'vizanti_server' build argument 'catkin_skip_building_tests' from command line to 'False'
[0.402s] DEBUG:colcon.colcon_core.verb:Building package 'vizanti_server' with the following arguments: {'ament_cmake_args': None, 'build_base': '/home/ferre/brick/BRICK-WEBots/build/vizanti_server', 'catkin_cmake_args': None, 'catkin_skip_building_tests': False, 'cmake_args': None, 'cmake_clean_cache': False, 'cmake_clean_first': False, 'cmake_force_configure': False, 'cmake_target': None, 'cmake_target_skip_unavailable': False, 'install_base': '/home/ferre/brick/BRICK-WEBots/install/vizanti_server', 'merge_install': False, 'path': '/home/ferre/brick/BRICK-WEBots/vizanti/src/vizanti/vizanti_server', 'symlink_install': False, 'test_result_base': None}
[0.402s] Level 5:colcon.colcon_core.verb:set package 'vizanti' build argument 'cmake_args' from command line to 'None'
[0.402s] Level 5:colcon.colcon_core.verb:set package 'vizanti' build argument 'cmake_target' from command line to 'None'
[0.402s] Level 5:colcon.colcon_core.verb:set package 'vizanti' build argument 'cmake_target_skip_unavailable' from command line to 'False'
[0.402s] Level 5:colcon.colcon_core.verb:set package 'vizanti' build argument 'cmake_clean_cache' from command line to 'False'
[0.402s] Level 5:colcon.colcon_core.verb:set package 'vizanti' build argument 'cmake_clean_first' from command line to 'False'
[0.402s] Level 5:colcon.colcon_core.verb:set package 'vizanti' build argument 'cmake_force_configure' from command line to 'False'
[0.402s] Level 5:colcon.colcon_core.verb:set package 'vizanti' build argument 'ament_cmake_args' from command line to 'None'
[0.402s] Level 5:colcon.colcon_core.verb:set package 'vizanti' build argument 'catkin_cmake_args' from command line to 'None'
[0.402s] Level 5:colcon.colcon_core.verb:set package 'vizanti' build argument 'catkin_skip_building_tests' from command line to 'False'
[0.402s] DEBUG:colcon.colcon_core.verb:Building package 'vizanti' with the following arguments: {'ament_cmake_args': None, 'build_base': '/home/ferre/brick/BRICK-WEBots/build/vizanti', 'catkin_cmake_args': None, 'catkin_skip_building_tests': False, 'cmake_args': None, 'cmake_clean_cache': False, 'cmake_clean_first': False, 'cmake_force_configure': False, 'cmake_target': None, 'cmake_target_skip_unavailable': False, 'install_base': '/home/ferre/brick/BRICK-WEBots/install/vizanti', 'merge_install': False, 'path': '/home/ferre/brick/BRICK-WEBots/vizanti/src/vizanti/vizanti', 'symlink_install': False, 'test_result_base': None}
[0.402s] INFO:colcon.colcon_core.executor:Executing jobs using 'parallel' executor
[0.403s] DEBUG:colcon.colcon_parallel_executor.executor.parallel:run_until_complete
[0.403s] INFO:colcon.colcon_ros.task.ament_cmake.build:Building ROS package in '/home/ferre/brick/BRICK-WEBots/vizanti/src/vizanti/vizanti_msgs' with build type 'ament_cmake'
[0.403s] INFO:colcon.colcon_cmake.task.cmake.build:Building CMake package in '/home/ferre/brick/BRICK-WEBots/vizanti/src/vizanti/vizanti_msgs'
[0.406s] INFO:colcon.colcon_core.plugin_system:Skipping extension 'colcon_core.shell.bat': Not used on non-Windows systems
[0.406s] INFO:colcon.colcon_core.shell:Skip shell extension 'powershell' for command environment: Not usable outside of PowerShell
[0.406s] DEBUG:colcon.colcon_core.shell:Skip shell extension 'dsv' for command environment
[0.411s] INFO:colcon.colcon_ros.task.ament_cmake.build:Building ROS package in '/home/ferre/brick/BRICK-WEBots/vizanti/src/vizanti/vizanti_cpp' with build type 'ament_cmake'
[0.411s] INFO:colcon.colcon_cmake.task.cmake.build:Building CMake package in '/home/ferre/brick/BRICK-WEBots/vizanti/src/vizanti/vizanti_cpp'
[0.411s] INFO:colcon.colcon_core.shell:Skip shell extension 'powershell' for command environment: Not usable outside of PowerShell
[0.411s] DEBUG:colcon.colcon_core.shell:Skip shell extension 'dsv' for command environment
[0.416s] INFO:colcon.colcon_ros.task.ament_python.build:Building ROS package in '/home/ferre/brick/BRICK-WEBots/webots_ros2_brick' with build type 'ament_python'
[0.416s] Level 1:colcon.colcon_core.shell:create_environment_hook('webots_ros2_brick', 'ament_prefix_path')
[0.416s] INFO:colcon.colcon_core.shell:Creating environment hook '/home/ferre/brick/BRICK-WEBots/install/webots_ros2_brick/share/webots_ros2_brick/hook/ament_prefix_path.ps1'
[0.417s] INFO:colcon.colcon_core.shell:Creating environment descriptor '/home/ferre/brick/BRICK-WEBots/install/webots_ros2_brick/share/webots_ros2_brick/hook/ament_prefix_path.dsv'
[0.418s] INFO:colcon.colcon_core.shell:Creating environment hook '/home/ferre/brick/BRICK-WEBots/install/webots_ros2_brick/share/webots_ros2_brick/hook/ament_prefix_path.sh'
[0.419s] INFO:colcon.colcon_core.shell:Skip shell extension 'powershell' for command environment: Not usable outside of PowerShell
[0.419s] DEBUG:colcon.colcon_core.shell:Skip shell extension 'dsv' for command environment
[0.431s] DEBUG:colcon.colcon_core.event_handler.log_command:Invoking command in '/home/ferre/brick/BRICK-WEBots/build/vizanti_msgs': CMAKE_PREFIX_PATH=${CMAKE_PREFIX_PATH}:/home/ferre/brick/BRICK-WEBots/install/webots_ros2_brick:/home/ferre/brick/BRICK-WEBots/install/ros2-webots-v2:/opt/ros/iron /usr/bin/cmake --build /home/ferre/brick/BRICK-WEBots/build/vizanti_msgs -- -j12 -l12
[0.438s] DEBUG:colcon.colcon_core.event_handler.log_command:Invoking command in '/home/ferre/brick/BRICK-WEBots/build/vizanti_cpp': CMAKE_PREFIX_PATH=${CMAKE_PREFIX_PATH}:/home/ferre/brick/BRICK-WEBots/install/webots_ros2_brick:/home/ferre/brick/BRICK-WEBots/install/ros2-webots-v2:/opt/ros/iron /usr/bin/cmake --build /home/ferre/brick/BRICK-WEBots/build/vizanti_cpp -- -j12 -l12
[0.819s] INFO:colcon.colcon_core.task.python.build:Building Python package in '/home/ferre/brick/BRICK-WEBots/webots_ros2_brick'
[0.820s] INFO:colcon.colcon_core.shell:Skip shell extension 'powershell' for command environment: Not usable outside of PowerShell
[0.820s] DEBUG:colcon.colcon_core.shell:Skip shell extension 'dsv' for command environment
[0.827s] DEBUG:colcon.colcon_core.event_handler.log_command:Invoked command in '/home/ferre/brick/BRICK-WEBots/build/vizanti_cpp' returned '0': CMAKE_PREFIX_PATH=${CMAKE_PREFIX_PATH}:/home/ferre/brick/BRICK-WEBots/install/webots_ros2_brick:/home/ferre/brick/BRICK-WEBots/install/ros2-webots-v2:/opt/ros/iron /usr/bin/cmake --build /home/ferre/brick/BRICK-WEBots/build/vizanti_cpp -- -j12 -l12
[0.884s] DEBUG:colcon.colcon_core.event_handler.log_command:Invoking command in '/home/ferre/brick/BRICK-WEBots/build/vizanti_cpp': CMAKE_PREFIX_PATH=${CMAKE_PREFIX_PATH}:/home/ferre/brick/BRICK-WEBots/install/webots_ros2_brick:/home/ferre/brick/BRICK-WEBots/install/ros2-webots-v2:/opt/ros/iron /usr/bin/cmake --install /home/ferre/brick/BRICK-WEBots/build/vizanti_cpp
[0.896s] Level 1:colcon.colcon_core.environment:create_environment_scripts_only(vizanti_cpp)
[0.896s] DEBUG:colcon.colcon_core.event_handler.log_command:Invoked command in '/home/ferre/brick/BRICK-WEBots/build/vizanti_cpp' returned '0': CMAKE_PREFIX_PATH=${CMAKE_PREFIX_PATH}:/home/ferre/brick/BRICK-WEBots/install/webots_ros2_brick:/home/ferre/brick/BRICK-WEBots/install/ros2-webots-v2:/opt/ros/iron /usr/bin/cmake --install /home/ferre/brick/BRICK-WEBots/build/vizanti_cpp
[0.899s] Level 1:colcon.colcon_core.environment:checking '/home/ferre/brick/BRICK-WEBots/install/vizanti_cpp' for CMake module files
[0.900s] Level 1:colcon.colcon_core.environment:checking '/home/ferre/brick/BRICK-WEBots/install/vizanti_cpp' for CMake config files
[0.900s] Level 1:colcon.colcon_core.shell:create_environment_hook('vizanti_cpp', 'cmake_prefix_path')
[0.901s] INFO:colcon.colcon_core.shell:Creating environment hook '/home/ferre/brick/BRICK-WEBots/install/vizanti_cpp/share/vizanti_cpp/hook/cmake_prefix_path.ps1'
[0.902s] INFO:colcon.colcon_core.shell:Creating environment descriptor '/home/ferre/brick/BRICK-WEBots/install/vizanti_cpp/share/vizanti_cpp/hook/cmake_prefix_path.dsv'
[0.902s] INFO:colcon.colcon_core.shell:Creating environment hook '/home/ferre/brick/BRICK-WEBots/install/vizanti_cpp/share/vizanti_cpp/hook/cmake_prefix_path.sh'
[0.903s] Level 1:colcon.colcon_core.environment:checking '/home/ferre/brick/BRICK-WEBots/install/vizanti_cpp/lib'
[0.903s] Level 1:colcon.colcon_core.environment:checking '/home/ferre/brick/BRICK-WEBots/install/vizanti_cpp/bin'
[0.904s] Level 1:colcon.colcon_core.environment:checking '/home/ferre/brick/BRICK-WEBots/install/vizanti_cpp/lib/pkgconfig/vizanti_cpp.pc'
[0.904s] Level 1:colcon.colcon_core.environment:checking '/home/ferre/brick/BRICK-WEBots/install/vizanti_cpp/lib/python3.10/site-packages'
[0.904s] Level 1:colcon.colcon_core.environment:checking '/home/ferre/brick/BRICK-WEBots/install/vizanti_cpp/bin'
[0.904s] INFO:colcon.colcon_core.shell:Creating package script '/home/ferre/brick/BRICK-WEBots/install/vizanti_cpp/share/vizanti_cpp/package.ps1'
[0.906s] INFO:colcon.colcon_core.shell:Creating package descriptor '/home/ferre/brick/BRICK-WEBots/install/vizanti_cpp/share/vizanti_cpp/package.dsv'
[0.906s] INFO:colcon.colcon_core.shell:Creating package script '/home/ferre/brick/BRICK-WEBots/install/vizanti_cpp/share/vizanti_cpp/package.sh'
[0.907s] INFO:colcon.colcon_core.shell:Creating package script '/home/ferre/brick/BRICK-WEBots/install/vizanti_cpp/share/vizanti_cpp/package.bash'
[0.908s] INFO:colcon.colcon_core.shell:Creating package script '/home/ferre/brick/BRICK-WEBots/install/vizanti_cpp/share/vizanti_cpp/package.zsh'
[0.909s] Level 1:colcon.colcon_core.environment:create_file_with_runtime_dependencies(/home/ferre/brick/BRICK-WEBots/install/vizanti_cpp/share/colcon-core/packages/vizanti_cpp)
[0.949s] DEBUG:colcon.colcon_core.event_handler.log_command:Invoked command in '/home/ferre/brick/BRICK-WEBots/build/vizanti_msgs' returned '0': CMAKE_PREFIX_PATH=${CMAKE_PREFIX_PATH}:/home/ferre/brick/BRICK-WEBots/install/webots_ros2_brick:/home/ferre/brick/BRICK-WEBots/install/ros2-webots-v2:/opt/ros/iron /usr/bin/cmake --build /home/ferre/brick/BRICK-WEBots/build/vizanti_msgs -- -j12 -l12
[0.952s] Level 1:colcon.colcon_core.environment:create_environment_scripts_only(vizanti_cpp)
[0.952s] Level 1:colcon.colcon_core.environment:checking '/home/ferre/brick/BRICK-WEBots/install/vizanti_cpp' for CMake module files
[0.953s] Level 1:colcon.colcon_core.environment:checking '/home/ferre/brick/BRICK-WEBots/install/vizanti_cpp' for CMake config files
[0.953s] Level 1:colcon.colcon_core.shell:create_environment_hook('vizanti_cpp', 'cmake_prefix_path')
[0.953s] INFO:colcon.colcon_core.shell:Creating environment hook '/home/ferre/brick/BRICK-WEBots/install/vizanti_cpp/share/vizanti_cpp/hook/cmake_prefix_path.ps1'
[0.954s] INFO:colcon.colcon_core.shell:Creating environment descriptor '/home/ferre/brick/BRICK-WEBots/install/vizanti_cpp/share/vizanti_cpp/hook/cmake_prefix_path.dsv'
[0.954s] INFO:colcon.colcon_core.shell:Creating environment hook '/home/ferre/brick/BRICK-WEBots/install/vizanti_cpp/share/vizanti_cpp/hook/cmake_prefix_path.sh'
[0.955s] Level 1:colcon.colcon_core.environment:checking '/home/ferre/brick/BRICK-WEBots/install/vizanti_cpp/lib'
[0.955s] Level 1:colcon.colcon_core.environment:checking '/home/ferre/brick/BRICK-WEBots/install/vizanti_cpp/bin'
[0.955s] Level 1:colcon.colcon_core.environment:checking '/home/ferre/brick/BRICK-WEBots/install/vizanti_cpp/lib/pkgconfig/vizanti_cpp.pc'
[0.956s] Level 1:colcon.colcon_core.environment:checking '/home/ferre/brick/BRICK-WEBots/install/vizanti_cpp/lib/python3.10/site-packages'
[0.956s] Level 1:colcon.colcon_core.environment:checking '/home/ferre/brick/BRICK-WEBots/install/vizanti_cpp/bin'
[0.956s] INFO:colcon.colcon_core.shell:Creating package script '/home/ferre/brick/BRICK-WEBots/install/vizanti_cpp/share/vizanti_cpp/package.ps1'
[0.957s] INFO:colcon.colcon_core.shell:Creating package descriptor '/home/ferre/brick/BRICK-WEBots/install/vizanti_cpp/share/vizanti_cpp/package.dsv'
[0.958s] INFO:colcon.colcon_core.shell:Creating package script '/home/ferre/brick/BRICK-WEBots/install/vizanti_cpp/share/vizanti_cpp/package.sh'
[0.958s] INFO:colcon.colcon_core.shell:Creating package script '/home/ferre/brick/BRICK-WEBots/install/vizanti_cpp/share/vizanti_cpp/package.bash'
[0.959s] INFO:colcon.colcon_core.shell:Creating package script '/home/ferre/brick/BRICK-WEBots/install/vizanti_cpp/share/vizanti_cpp/package.zsh'
[0.960s] Level 1:colcon.colcon_core.environment:create_file_with_runtime_dependencies(/home/ferre/brick/BRICK-WEBots/install/vizanti_cpp/share/colcon-core/packages/vizanti_cpp)
[1.299s] DEBUG:colcon.colcon_core.event_handler.log_command:Invoking command in '/home/ferre/brick/BRICK-WEBots/build/vizanti_msgs': CMAKE_PREFIX_PATH=${CMAKE_PREFIX_PATH}:/home/ferre/brick/BRICK-WEBots/install/webots_ros2_brick:/home/ferre/brick/BRICK-WEBots/install/ros2-webots-v2:/opt/ros/iron /usr/bin/cmake --install /home/ferre/brick/BRICK-WEBots/build/vizanti_msgs
[1.309s] DEBUG:colcon.colcon_core.event_handler.log_command:Invoking command in '/home/ferre/brick/BRICK-WEBots/webots_ros2_brick': PYTHONPATH=/home/ferre/brick/BRICK-WEBots/build/webots_ros2_brick/prefix_override:/home/ferre/brick/BRICK-WEBots/install/webots_ros2_brick/lib/python3.10/site-packages:${PYTHONPATH} /usr/bin/python3 -W ignore:setup.py install is deprecated setup.py egg_info --egg-base ../build/webots_ros2_brick build --build-base /home/ferre/brick/BRICK-WEBots/build/webots_ros2_brick/build install --record /home/ferre/brick/BRICK-WEBots/build/webots_ros2_brick/install.log --single-version-externally-managed install_data
[1.390s] Level 1:colcon.colcon_core.environment:create_environment_scripts_only(vizanti_msgs)
[1.391s] Level 1:colcon.colcon_core.environment:checking '/home/ferre/brick/BRICK-WEBots/install/vizanti_msgs' for CMake module files
[1.391s] DEBUG:colcon.colcon_core.event_handler.log_command:Invoked command in '/home/ferre/brick/BRICK-WEBots/build/vizanti_msgs' returned '0': CMAKE_PREFIX_PATH=${CMAKE_PREFIX_PATH}:/home/ferre/brick/BRICK-WEBots/install/webots_ros2_brick:/home/ferre/brick/BRICK-WEBots/install/ros2-webots-v2:/opt/ros/iron /usr/bin/cmake --install /home/ferre/brick/BRICK-WEBots/build/vizanti_msgs
[1.392s] Level 1:colcon.colcon_core.environment:checking '/home/ferre/brick/BRICK-WEBots/install/vizanti_msgs' for CMake config files
[1.392s] Level 1:colcon.colcon_core.shell:create_environment_hook('vizanti_msgs', 'cmake_prefix_path')
[1.393s] INFO:colcon.colcon_core.shell:Creating environment hook '/home/ferre/brick/BRICK-WEBots/install/vizanti_msgs/share/vizanti_msgs/hook/cmake_prefix_path.ps1'
[1.393s] INFO:colcon.colcon_core.shell:Creating environment descriptor '/home/ferre/brick/BRICK-WEBots/install/vizanti_msgs/share/vizanti_msgs/hook/cmake_prefix_path.dsv'
[1.393s] INFO:colcon.colcon_core.shell:Creating environment hook '/home/ferre/brick/BRICK-WEBots/install/vizanti_msgs/share/vizanti_msgs/hook/cmake_prefix_path.sh'
[1.394s] Level 1:colcon.colcon_core.environment:checking '/home/ferre/brick/BRICK-WEBots/install/vizanti_msgs/lib'
[1.394s] Level 1:colcon.colcon_core.shell:create_environment_hook('vizanti_msgs', 'ld_library_path_lib')
[1.394s] INFO:colcon.colcon_core.shell:Creating environment hook '/home/ferre/brick/BRICK-WEBots/install/vizanti_msgs/share/vizanti_msgs/hook/ld_library_path_lib.ps1'
[1.395s] INFO:colcon.colcon_core.shell:Creating environment descriptor '/home/ferre/brick/BRICK-WEBots/install/vizanti_msgs/share/vizanti_msgs/hook/ld_library_path_lib.dsv'
[1.395s] INFO:colcon.colcon_core.shell:Creating environment hook '/home/ferre/brick/BRICK-WEBots/install/vizanti_msgs/share/vizanti_msgs/hook/ld_library_path_lib.sh'
[1.396s] Level 1:colcon.colcon_core.environment:checking '/home/ferre/brick/BRICK-WEBots/install/vizanti_msgs/bin'
[1.396s] Level 1:colcon.colcon_core.environment:checking '/home/ferre/brick/BRICK-WEBots/install/vizanti_msgs/lib/pkgconfig/vizanti_msgs.pc'
[1.396s] Level 1:colcon.colcon_core.environment:checking '/home/ferre/brick/BRICK-WEBots/install/vizanti_msgs/lib/python3.10/site-packages'
[1.396s] Level 1:colcon.colcon_core.shell:create_environment_hook('vizanti_msgs', 'pythonpath')
[1.396s] INFO:colcon.colcon_core.shell:Creating environment hook '/home/ferre/brick/BRICK-WEBots/install/vizanti_msgs/share/vizanti_msgs/hook/pythonpath.ps1'
[1.397s] INFO:colcon.colcon_core.shell:Creating environment descriptor '/home/ferre/brick/BRICK-WEBots/install/vizanti_msgs/share/vizanti_msgs/hook/pythonpath.dsv'
[1.397s] INFO:colcon.colcon_core.shell:Creating environment hook '/home/ferre/brick/BRICK-WEBots/install/vizanti_msgs/share/vizanti_msgs/hook/pythonpath.sh'
[1.398s] Level 1:colcon.colcon_core.environment:checking '/home/ferre/brick/BRICK-WEBots/install/vizanti_msgs/bin'
[1.398s] INFO:colcon.colcon_core.shell:Creating package script '/home/ferre/brick/BRICK-WEBots/install/vizanti_msgs/share/vizanti_msgs/package.ps1'
[1.398s] INFO:colcon.colcon_core.shell:Creating package descriptor '/home/ferre/brick/BRICK-WEBots/install/vizanti_msgs/share/vizanti_msgs/package.dsv'
[1.399s] INFO:colcon.colcon_core.shell:Creating package script '/home/ferre/brick/BRICK-WEBots/install/vizanti_msgs/share/vizanti_msgs/package.sh'
[1.399s] INFO:colcon.colcon_core.shell:Creating package script '/home/ferre/brick/BRICK-WEBots/install/vizanti_msgs/share/vizanti_msgs/package.bash'
[1.399s] INFO:colcon.colcon_core.shell:Creating package script '/home/ferre/brick/BRICK-WEBots/install/vizanti_msgs/share/vizanti_msgs/package.zsh'
[1.400s] Level 1:colcon.colcon_core.environment:create_file_with_runtime_dependencies(/home/ferre/brick/BRICK-WEBots/install/vizanti_msgs/share/colcon-core/packages/vizanti_msgs)
[1.692s] Level 1:colcon.colcon_core.environment:checking '/home/ferre/brick/BRICK-WEBots/install/webots_ros2_brick' for CMake module files
[1.693s] DEBUG:colcon.colcon_core.event_handler.log_command:Invoked command in '/home/ferre/brick/BRICK-WEBots/webots_ros2_brick' returned '0': PYTHONPATH=/home/ferre/brick/BRICK-WEBots/build/webots_ros2_brick/prefix_override:/home/ferre/brick/BRICK-WEBots/install/webots_ros2_brick/lib/python3.10/site-packages:${PYTHONPATH} /usr/bin/python3 -W ignore:setup.py install is deprecated setup.py egg_info --egg-base ../build/webots_ros2_brick build --build-base /home/ferre/brick/BRICK-WEBots/build/webots_ros2_brick/build install --record /home/ferre/brick/BRICK-WEBots/build/webots_ros2_brick/install.log --single-version-externally-managed install_data
[1.694s] Level 1:colcon.colcon_core.environment:checking '/home/ferre/brick/BRICK-WEBots/install/webots_ros2_brick' for CMake config files
[1.694s] Level 1:colcon.colcon_core.environment:checking '/home/ferre/brick/BRICK-WEBots/install/webots_ros2_brick/lib'
[1.694s] Level 1:colcon.colcon_core.environment:checking '/home/ferre/brick/BRICK-WEBots/install/webots_ros2_brick/bin'
[1.695s] Level 1:colcon.colcon_core.environment:checking '/home/ferre/brick/BRICK-WEBots/install/webots_ros2_brick/lib/pkgconfig/webots_ros2_brick.pc'
[1.695s] Level 1:colcon.colcon_core.environment:checking '/home/ferre/brick/BRICK-WEBots/install/webots_ros2_brick/lib/python3.10/site-packages'
[1.695s] Level 1:colcon.colcon_core.shell:create_environment_hook('webots_ros2_brick', 'pythonpath')
[1.695s] INFO:colcon.colcon_core.shell:Creating environment hook '/home/ferre/brick/BRICK-WEBots/install/webots_ros2_brick/share/webots_ros2_brick/hook/pythonpath.ps1'
[1.696s] INFO:colcon.colcon_core.shell:Creating environment descriptor '/home/ferre/brick/BRICK-WEBots/install/webots_ros2_brick/share/webots_ros2_brick/hook/pythonpath.dsv'
[1.696s] INFO:colcon.colcon_core.shell:Creating environment hook '/home/ferre/brick/BRICK-WEBots/install/webots_ros2_brick/share/webots_ros2_brick/hook/pythonpath.sh'
[1.697s] Level 1:colcon.colcon_core.environment:checking '/home/ferre/brick/BRICK-WEBots/install/webots_ros2_brick/bin'
[1.697s] Level 1:colcon.colcon_core.environment:create_environment_scripts_only(webots_ros2_brick)
[1.697s] INFO:colcon.colcon_core.shell:Creating package script '/home/ferre/brick/BRICK-WEBots/install/webots_ros2_brick/share/webots_ros2_brick/package.ps1'
[1.698s] INFO:colcon.colcon_core.shell:Creating package descriptor '/home/ferre/brick/BRICK-WEBots/install/webots_ros2_brick/share/webots_ros2_brick/package.dsv'
[1.698s] INFO:colcon.colcon_core.shell:Creating package script '/home/ferre/brick/BRICK-WEBots/install/webots_ros2_brick/share/webots_ros2_brick/package.sh'
[1.698s] INFO:colcon.colcon_core.shell:Creating package script '/home/ferre/brick/BRICK-WEBots/install/webots_ros2_brick/share/webots_ros2_brick/package.bash'
[1.699s] INFO:colcon.colcon_core.shell:Creating package script '/home/ferre/brick/BRICK-WEBots/install/webots_ros2_brick/share/webots_ros2_brick/package.zsh'
[1.699s] Level 1:colcon.colcon_core.environment:create_file_with_runtime_dependencies(/home/ferre/brick/BRICK-WEBots/install/webots_ros2_brick/share/colcon-core/packages/webots_ros2_brick)
[1.758s] Level 1:colcon.colcon_core.environment:create_environment_scripts_only(vizanti_msgs)
[1.758s] Level 1:colcon.colcon_core.environment:checking '/home/ferre/brick/BRICK-WEBots/install/vizanti_msgs' for CMake module files
[1.759s] Level 1:colcon.colcon_core.environment:checking '/home/ferre/brick/BRICK-WEBots/install/vizanti_msgs' for CMake config files
[1.759s] Level 1:colcon.colcon_core.shell:create_environment_hook('vizanti_msgs', 'cmake_prefix_path')
[1.760s] INFO:colcon.colcon_core.shell:Creating environment hook '/home/ferre/brick/BRICK-WEBots/install/vizanti_msgs/share/vizanti_msgs/hook/cmake_prefix_path.ps1'
[1.760s] INFO:colcon.colcon_core.shell:Creating environment descriptor '/home/ferre/brick/BRICK-WEBots/install/vizanti_msgs/share/vizanti_msgs/hook/cmake_prefix_path.dsv'
[1.760s] INFO:colcon.colcon_core.shell:Creating environment hook '/home/ferre/brick/BRICK-WEBots/install/vizanti_msgs/share/vizanti_msgs/hook/cmake_prefix_path.sh'
[1.761s] Level 1:colcon.colcon_core.environment:checking '/home/ferre/brick/BRICK-WEBots/install/vizanti_msgs/lib'
[1.761s] Level 1:colcon.colcon_core.shell:create_environment_hook('vizanti_msgs', 'ld_library_path_lib')
[1.761s] INFO:colcon.colcon_core.shell:Creating environment hook '/home/ferre/brick/BRICK-WEBots/install/vizanti_msgs/share/vizanti_msgs/hook/ld_library_path_lib.ps1'
[1.762s] INFO:colcon.colcon_core.shell:Creating environment descriptor '/home/ferre/brick/BRICK-WEBots/install/vizanti_msgs/share/vizanti_msgs/hook/ld_library_path_lib.dsv'
[1.762s] INFO:colcon.colcon_core.shell:Creating environment hook '/home/ferre/brick/BRICK-WEBots/install/vizanti_msgs/share/vizanti_msgs/hook/ld_library_path_lib.sh'
[1.762s] Level 1:colcon.colcon_core.environment:checking '/home/ferre/brick/BRICK-WEBots/install/vizanti_msgs/bin'
[1.762s] Level 1:colcon.colcon_core.environment:checking '/home/ferre/brick/BRICK-WEBots/install/vizanti_msgs/lib/pkgconfig/vizanti_msgs.pc'
[1.763s] Level 1:colcon.colcon_core.environment:checking '/home/ferre/brick/BRICK-WEBots/install/vizanti_msgs/lib/python3.10/site-packages'
[1.763s] Level 1:colcon.colcon_core.shell:create_environment_hook('vizanti_msgs', 'pythonpath')
[1.763s] INFO:colcon.colcon_core.shell:Creating environment hook '/home/ferre/brick/BRICK-WEBots/install/vizanti_msgs/share/vizanti_msgs/hook/pythonpath.ps1'
[1.763s] INFO:colcon.colcon_core.shell:Creating environment descriptor '/home/ferre/brick/BRICK-WEBots/install/vizanti_msgs/share/vizanti_msgs/hook/pythonpath.dsv'
[1.763s] INFO:colcon.colcon_core.shell:Creating environment hook '/home/ferre/brick/BRICK-WEBots/install/vizanti_msgs/share/vizanti_msgs/hook/pythonpath.sh'
[1.764s] Level 1:colcon.colcon_core.environment:checking '/home/ferre/brick/BRICK-WEBots/install/vizanti_msgs/bin'
[1.765s] INFO:colcon.colcon_core.shell:Creating package script '/home/ferre/brick/BRICK-WEBots/install/vizanti_msgs/share/vizanti_msgs/package.ps1'
[1.765s] INFO:colcon.colcon_core.shell:Creating package descriptor '/home/ferre/brick/BRICK-WEBots/install/vizanti_msgs/share/vizanti_msgs/package.dsv'
[1.765s] INFO:colcon.colcon_core.shell:Creating package script '/home/ferre/brick/BRICK-WEBots/install/vizanti_msgs/share/vizanti_msgs/package.sh'
[1.766s] INFO:colcon.colcon_core.shell:Creating package script '/home/ferre/brick/BRICK-WEBots/install/vizanti_msgs/share/vizanti_msgs/package.bash'
[1.766s] INFO:colcon.colcon_core.shell:Creating package script '/home/ferre/brick/BRICK-WEBots/install/vizanti_msgs/share/vizanti_msgs/package.zsh'
[1.766s] Level 1:colcon.colcon_core.environment:create_file_with_runtime_dependencies(/home/ferre/brick/BRICK-WEBots/install/vizanti_msgs/share/colcon-core/packages/vizanti_msgs)
[1.767s] INFO:colcon.colcon_ros.task.ament_cmake.build:Building ROS package in '/home/ferre/brick/BRICK-WEBots/vizanti/src/vizanti/vizanti_server' with build type 'ament_cmake'
[1.767s] INFO:colcon.colcon_cmake.task.cmake.build:Building CMake package in '/home/ferre/brick/BRICK-WEBots/vizanti/src/vizanti/vizanti_server'
[1.767s] INFO:colcon.colcon_core.shell:Skip shell extension 'powershell' for command environment: Not usable outside of PowerShell
[1.767s] DEBUG:colcon.colcon_core.shell:Skip shell extension 'dsv' for command environment
[1.773s] INFO:colcon.colcon_ros.task.ament_cmake.build:Building ROS package in '/home/ferre/brick/BRICK-WEBots/vizanti/src/vizanti/vizanti_demos' with build type 'ament_cmake'
[1.773s] INFO:colcon.colcon_cmake.task.cmake.build:Building CMake package in '/home/ferre/brick/BRICK-WEBots/vizanti/src/vizanti/vizanti_demos'
[1.774s] INFO:colcon.colcon_core.shell:Skip shell extension 'powershell' for command environment: Not usable outside of PowerShell
[1.774s] DEBUG:colcon.colcon_core.shell:Skip shell extension 'dsv' for command environment
[1.784s] DEBUG:colcon.colcon_core.event_handler.log_command:Invoking command in '/home/ferre/brick/BRICK-WEBots/build/vizanti_server': CMAKE_PREFIX_PATH=/home/ferre/brick/BRICK-WEBots/install/vizanti_msgs:/home/ferre/brick/BRICK-WEBots/install/vizanti:/home/ferre/brick/BRICK-WEBots/install/vizanti_server:/home/ferre/brick/BRICK-WEBots/install/vizanti_demos:/home/ferre/brick/BRICK-WEBots/install/vizanti_cpp:/home/ferre/brick/BRICK-WEBots/install/webots_ros2_brick:/home/ferre/brick/BRICK-WEBots/install/ros2-webots-v2:/opt/ros/iron PYTHONPATH=/home/ferre/brick/BRICK-WEBots/install/vizanti_msgs/lib/python3.10/site-packages:/home/ferre/brick/BRICK-WEBots/install/webots_ros2_brick/lib/python3.10/site-packages:/home/ferre/brick/BRICK-WEBots/install/ros2-webots-v2/lib/python3.10/site-packages:/opt/ros/iron/lib/python3.10/site-packages /usr/bin/cmake --build /home/ferre/brick/BRICK-WEBots/build/vizanti_server -- -j12 -l12
[1.792s] DEBUG:colcon.colcon_core.event_handler.log_command:Invoking command in '/home/ferre/brick/BRICK-WEBots/build/vizanti_demos': CMAKE_PREFIX_PATH=/home/ferre/brick/BRICK-WEBots/install/vizanti_msgs:/home/ferre/brick/BRICK-WEBots/install/vizanti:/home/ferre/brick/BRICK-WEBots/install/vizanti_server:/home/ferre/brick/BRICK-WEBots/install/vizanti_demos:/home/ferre/brick/BRICK-WEBots/install/vizanti_cpp:/home/ferre/brick/BRICK-WEBots/install/webots_ros2_brick:/home/ferre/brick/BRICK-WEBots/install/ros2-webots-v2:/opt/ros/iron PYTHONPATH=/home/ferre/brick/BRICK-WEBots/install/vizanti_msgs/lib/python3.10/site-packages:/home/ferre/brick/BRICK-WEBots/install/webots_ros2_brick/lib/python3.10/site-packages:/home/ferre/brick/BRICK-WEBots/install/ros2-webots-v2/lib/python3.10/site-packages:/opt/ros/iron/lib/python3.10/site-packages /usr/bin/cmake --build /home/ferre/brick/BRICK-WEBots/build/vizanti_demos -- -j12 -l12
[1.845s] DEBUG:colcon.colcon_core.event_handler.log_command:Invoked command in '/home/ferre/brick/BRICK-WEBots/build/vizanti_server' returned '0': CMAKE_PREFIX_PATH=/home/ferre/brick/BRICK-WEBots/install/vizanti_msgs:/home/ferre/brick/BRICK-WEBots/install/vizanti:/home/ferre/brick/BRICK-WEBots/install/vizanti_server:/home/ferre/brick/BRICK-WEBots/install/vizanti_demos:/home/ferre/brick/BRICK-WEBots/install/vizanti_cpp:/home/ferre/brick/BRICK-WEBots/install/webots_ros2_brick:/home/ferre/brick/BRICK-WEBots/install/ros2-webots-v2:/opt/ros/iron PYTHONPATH=/home/ferre/brick/BRICK-WEBots/install/vizanti_msgs/lib/python3.10/site-packages:/home/ferre/brick/BRICK-WEBots/install/webots_ros2_brick/lib/python3.10/site-packages:/home/ferre/brick/BRICK-WEBots/install/ros2-webots-v2/lib/python3.10/site-packages:/opt/ros/iron/lib/python3.10/site-packages /usr/bin/cmake --build /home/ferre/brick/BRICK-WEBots/build/vizanti_server -- -j12 -l12
[1.852s] DEBUG:colcon.colcon_core.event_handler.log_command:Invoked command in '/home/ferre/brick/BRICK-WEBots/build/vizanti_demos' returned '0': CMAKE_PREFIX_PATH=/home/ferre/brick/BRICK-WEBots/install/vizanti_msgs:/home/ferre/brick/BRICK-WEBots/install/vizanti:/home/ferre/brick/BRICK-WEBots/install/vizanti_server:/home/ferre/brick/BRICK-WEBots/install/vizanti_demos:/home/ferre/brick/BRICK-WEBots/install/vizanti_cpp:/home/ferre/brick/BRICK-WEBots/install/webots_ros2_brick:/home/ferre/brick/BRICK-WEBots/install/ros2-webots-v2:/opt/ros/iron PYTHONPATH=/home/ferre/brick/BRICK-WEBots/install/vizanti_msgs/lib/python3.10/site-packages:/home/ferre/brick/BRICK-WEBots/install/webots_ros2_brick/lib/python3.10/site-packages:/home/ferre/brick/BRICK-WEBots/install/ros2-webots-v2/lib/python3.10/site-packages:/opt/ros/iron/lib/python3.10/site-packages /usr/bin/cmake --build /home/ferre/brick/BRICK-WEBots/build/vizanti_demos -- -j12 -l12
[1.881s] DEBUG:colcon.colcon_core.event_handler.log_command:Invoking command in '/home/ferre/brick/BRICK-WEBots/build/vizanti_server': CMAKE_PREFIX_PATH=/home/ferre/brick/BRICK-WEBots/install/vizanti_msgs:/home/ferre/brick/BRICK-WEBots/install/vizanti:/home/ferre/brick/BRICK-WEBots/install/vizanti_server:/home/ferre/brick/BRICK-WEBots/install/vizanti_demos:/home/ferre/brick/BRICK-WEBots/install/vizanti_cpp:/home/ferre/brick/BRICK-WEBots/install/webots_ros2_brick:/home/ferre/brick/BRICK-WEBots/install/ros2-webots-v2:/opt/ros/iron PYTHONPATH=/home/ferre/brick/BRICK-WEBots/install/vizanti_msgs/lib/python3.10/site-packages:/home/ferre/brick/BRICK-WEBots/install/webots_ros2_brick/lib/python3.10/site-packages:/home/ferre/brick/BRICK-WEBots/install/ros2-webots-v2/lib/python3.10/site-packages:/opt/ros/iron/lib/python3.10/site-packages /usr/bin/cmake --install /home/ferre/brick/BRICK-WEBots/build/vizanti_server
[1.885s] DEBUG:colcon.colcon_core.event_handler.log_command:Invoking command in '/home/ferre/brick/BRICK-WEBots/build/vizanti_demos': CMAKE_PREFIX_PATH=/home/ferre/brick/BRICK-WEBots/install/vizanti_msgs:/home/ferre/brick/BRICK-WEBots/install/vizanti:/home/ferre/brick/BRICK-WEBots/install/vizanti_server:/home/ferre/brick/BRICK-WEBots/install/vizanti_demos:/home/ferre/brick/BRICK-WEBots/install/vizanti_cpp:/home/ferre/brick/BRICK-WEBots/install/webots_ros2_brick:/home/ferre/brick/BRICK-WEBots/install/ros2-webots-v2:/opt/ros/iron PYTHONPATH=/home/ferre/brick/BRICK-WEBots/install/vizanti_msgs/lib/python3.10/site-packages:/home/ferre/brick/BRICK-WEBots/install/webots_ros2_brick/lib/python3.10/site-packages:/home/ferre/brick/BRICK-WEBots/install/ros2-webots-v2/lib/python3.10/site-packages:/opt/ros/iron/lib/python3.10/site-packages /usr/bin/cmake --install /home/ferre/brick/BRICK-WEBots/build/vizanti_demos
[1.902s] Level 1:colcon.colcon_core.environment:create_environment_scripts_only(vizanti_demos)
[1.902s] Level 1:colcon.colcon_core.environment:checking '/home/ferre/brick/BRICK-WEBots/install/vizanti_demos' for CMake module files
[1.907s] Level 1:colcon.colcon_core.environment:checking '/home/ferre/brick/BRICK-WEBots/install/vizanti_demos' for CMake config files
[1.908s] Level 1:colcon.colcon_core.shell:create_environment_hook('vizanti_demos', 'cmake_prefix_path')
[1.908s] INFO:colcon.colcon_core.shell:Creating environment hook '/home/ferre/brick/BRICK-WEBots/install/vizanti_demos/share/vizanti_demos/hook/cmake_prefix_path.ps1'
[1.910s] INFO:colcon.colcon_core.shell:Creating environment descriptor '/home/ferre/brick/BRICK-WEBots/install/vizanti_demos/share/vizanti_demos/hook/cmake_prefix_path.dsv'
[1.913s] INFO:colcon.colcon_core.shell:Creating environment hook '/home/ferre/brick/BRICK-WEBots/install/vizanti_demos/share/vizanti_demos/hook/cmake_prefix_path.sh'
[1.916s] Level 1:colcon.colcon_core.environment:checking '/home/ferre/brick/BRICK-WEBots/install/vizanti_demos/lib'
[1.917s] Level 1:colcon.colcon_core.environment:checking '/home/ferre/brick/BRICK-WEBots/install/vizanti_demos/bin'
[1.917s] Level 1:colcon.colcon_core.environment:checking '/home/ferre/brick/BRICK-WEBots/install/vizanti_demos/lib/pkgconfig/vizanti_demos.pc'
[1.917s] Level 1:colcon.colcon_core.environment:checking '/home/ferre/brick/BRICK-WEBots/install/vizanti_demos/lib/python3.10/site-packages'
[1.917s] Level 1:colcon.colcon_core.environment:checking '/home/ferre/brick/BRICK-WEBots/install/vizanti_demos/bin'
[1.918s] INFO:colcon.colcon_core.shell:Creating package script '/home/ferre/brick/BRICK-WEBots/install/vizanti_demos/share/vizanti_demos/package.ps1'
[1.920s] INFO:colcon.colcon_core.shell:Creating package descriptor '/home/ferre/brick/BRICK-WEBots/install/vizanti_demos/share/vizanti_demos/package.dsv'
[1.922s] INFO:colcon.colcon_core.shell:Creating package script '/home/ferre/brick/BRICK-WEBots/install/vizanti_demos/share/vizanti_demos/package.sh'
[1.924s] INFO:colcon.colcon_core.shell:Creating package script '/home/ferre/brick/BRICK-WEBots/install/vizanti_demos/share/vizanti_demos/package.bash'
[1.927s] INFO:colcon.colcon_core.shell:Creating package script '/home/ferre/brick/BRICK-WEBots/install/vizanti_demos/share/vizanti_demos/package.zsh'
[1.929s] Level 1:colcon.colcon_core.environment:create_file_with_runtime_dependencies(/home/ferre/brick/BRICK-WEBots/install/vizanti_demos/share/colcon-core/packages/vizanti_demos)
[1.930s] DEBUG:colcon.colcon_core.event_handler.log_command:Invoked command in '/home/ferre/brick/BRICK-WEBots/build/vizanti_demos' returned '0': CMAKE_PREFIX_PATH=/home/ferre/brick/BRICK-WEBots/install/vizanti_msgs:/home/ferre/brick/BRICK-WEBots/install/vizanti:/home/ferre/brick/BRICK-WEBots/install/vizanti_server:/home/ferre/brick/BRICK-WEBots/install/vizanti_demos:/home/ferre/brick/BRICK-WEBots/install/vizanti_cpp:/home/ferre/brick/BRICK-WEBots/install/webots_ros2_brick:/home/ferre/brick/BRICK-WEBots/install/ros2-webots-v2:/opt/ros/iron PYTHONPATH=/home/ferre/brick/BRICK-WEBots/install/vizanti_msgs/lib/python3.10/site-packages:/home/ferre/brick/BRICK-WEBots/install/webots_ros2_brick/lib/python3.10/site-packages:/home/ferre/brick/BRICK-WEBots/install/ros2-webots-v2/lib/python3.10/site-packages:/opt/ros/iron/lib/python3.10/site-packages /usr/bin/cmake --install /home/ferre/brick/BRICK-WEBots/build/vizanti_demos
[1.939s] Level 1:colcon.colcon_core.environment:create_environment_scripts_only(vizanti_server)
[1.940s] Level 1:colcon.colcon_core.environment:checking '/home/ferre/brick/BRICK-WEBots/install/vizanti_server' for CMake module files
[1.941s] DEBUG:colcon.colcon_core.event_handler.log_command:Invoked command in '/home/ferre/brick/BRICK-WEBots/build/vizanti_server' returned '0': CMAKE_PREFIX_PATH=/home/ferre/brick/BRICK-WEBots/install/vizanti_msgs:/home/ferre/brick/BRICK-WEBots/install/vizanti:/home/ferre/brick/BRICK-WEBots/install/vizanti_server:/home/ferre/brick/BRICK-WEBots/install/vizanti_demos:/home/ferre/brick/BRICK-WEBots/install/vizanti_cpp:/home/ferre/brick/BRICK-WEBots/install/webots_ros2_brick:/home/ferre/brick/BRICK-WEBots/install/ros2-webots-v2:/opt/ros/iron PYTHONPATH=/home/ferre/brick/BRICK-WEBots/install/vizanti_msgs/lib/python3.10/site-packages:/home/ferre/brick/BRICK-WEBots/install/webots_ros2_brick/lib/python3.10/site-packages:/home/ferre/brick/BRICK-WEBots/install/ros2-webots-v2/lib/python3.10/site-packages:/opt/ros/iron/lib/python3.10/site-packages /usr/bin/cmake --install /home/ferre/brick/BRICK-WEBots/build/vizanti_server
[1.942s] Level 1:colcon.colcon_core.environment:checking '/home/ferre/brick/BRICK-WEBots/install/vizanti_server' for CMake config files
[1.942s] Level 1:colcon.colcon_core.shell:create_environment_hook('vizanti_server', 'cmake_prefix_path')
[1.942s] INFO:colcon.colcon_core.shell:Creating environment hook '/home/ferre/brick/BRICK-WEBots/install/vizanti_server/share/vizanti_server/hook/cmake_prefix_path.ps1'
[1.943s] INFO:colcon.colcon_core.shell:Creating environment descriptor '/home/ferre/brick/BRICK-WEBots/install/vizanti_server/share/vizanti_server/hook/cmake_prefix_path.dsv'
[1.944s] INFO:colcon.colcon_core.shell:Creating environment hook '/home/ferre/brick/BRICK-WEBots/install/vizanti_server/share/vizanti_server/hook/cmake_prefix_path.sh'
[1.945s] Level 1:colcon.colcon_core.environment:checking '/home/ferre/brick/BRICK-WEBots/install/vizanti_server/lib'
[1.945s] Level 1:colcon.colcon_core.environment:checking '/home/ferre/brick/BRICK-WEBots/install/vizanti_server/bin'
[1.946s] Level 1:colcon.colcon_core.environment:checking '/home/ferre/brick/BRICK-WEBots/install/vizanti_server/lib/pkgconfig/vizanti_server.pc'
[1.946s] Level 1:colcon.colcon_core.environment:checking '/home/ferre/brick/BRICK-WEBots/install/vizanti_server/lib/python3.10/site-packages'
[1.946s] Level 1:colcon.colcon_core.environment:checking '/home/ferre/brick/BRICK-WEBots/install/vizanti_server/bin'
[1.947s] INFO:colcon.colcon_core.shell:Creating package script '/home/ferre/brick/BRICK-WEBots/install/vizanti_server/share/vizanti_server/package.ps1'
[1.948s] INFO:colcon.colcon_core.shell:Creating package descriptor '/home/ferre/brick/BRICK-WEBots/install/vizanti_server/share/vizanti_server/package.dsv'
[1.948s] INFO:colcon.colcon_core.shell:Creating package script '/home/ferre/brick/BRICK-WEBots/install/vizanti_server/share/vizanti_server/package.sh'
[1.949s] INFO:colcon.colcon_core.shell:Creating package script '/home/ferre/brick/BRICK-WEBots/install/vizanti_server/share/vizanti_server/package.bash'
[1.949s] INFO:colcon.colcon_core.shell:Creating package script '/home/ferre/brick/BRICK-WEBots/install/vizanti_server/share/vizanti_server/package.zsh'
[1.950s] Level 1:colcon.colcon_core.environment:create_file_with_runtime_dependencies(/home/ferre/brick/BRICK-WEBots/install/vizanti_server/share/colcon-core/packages/vizanti_server)
[1.971s] Level 1:colcon.colcon_core.environment:create_environment_scripts_only(vizanti_demos)
[1.972s] Level 1:colcon.colcon_core.environment:checking '/home/ferre/brick/BRICK-WEBots/install/vizanti_demos' for CMake module files
[1.972s] Level 1:colcon.colcon_core.environment:checking '/home/ferre/brick/BRICK-WEBots/install/vizanti_demos' for CMake config files
[1.972s] Level 1:colcon.colcon_core.shell:create_environment_hook('vizanti_demos', 'cmake_prefix_path')
[1.973s] INFO:colcon.colcon_core.shell:Creating environment hook '/home/ferre/brick/BRICK-WEBots/install/vizanti_demos/share/vizanti_demos/hook/cmake_prefix_path.ps1'
[1.973s] INFO:colcon.colcon_core.shell:Creating environment descriptor '/home/ferre/brick/BRICK-WEBots/install/vizanti_demos/share/vizanti_demos/hook/cmake_prefix_path.dsv'
[1.974s] INFO:colcon.colcon_core.shell:Creating environment hook '/home/ferre/brick/BRICK-WEBots/install/vizanti_demos/share/vizanti_demos/hook/cmake_prefix_path.sh'
[1.975s] Level 1:colcon.colcon_core.environment:checking '/home/ferre/brick/BRICK-WEBots/install/vizanti_demos/lib'
[1.975s] Level 1:colcon.colcon_core.environment:checking '/home/ferre/brick/BRICK-WEBots/install/vizanti_demos/bin'
[1.975s] Level 1:colcon.colcon_core.environment:checking '/home/ferre/brick/BRICK-WEBots/install/vizanti_demos/lib/pkgconfig/vizanti_demos.pc'
[1.976s] Level 1:colcon.colcon_core.environment:checking '/home/ferre/brick/BRICK-WEBots/install/vizanti_demos/lib/python3.10/site-packages'
[1.976s] Level 1:colcon.colcon_core.environment:checking '/home/ferre/brick/BRICK-WEBots/install/vizanti_demos/bin'
[1.976s] INFO:colcon.colcon_core.shell:Creating package script '/home/ferre/brick/BRICK-WEBots/install/vizanti_demos/share/vizanti_demos/package.ps1'
[1.977s] INFO:colcon.colcon_core.shell:Creating package descriptor '/home/ferre/brick/BRICK-WEBots/install/vizanti_demos/share/vizanti_demos/package.dsv'
[1.977s] INFO:colcon.colcon_core.shell:Creating package script '/home/ferre/brick/BRICK-WEBots/install/vizanti_demos/share/vizanti_demos/package.sh'
[1.978s] INFO:colcon.colcon_core.shell:Creating package script '/home/ferre/brick/BRICK-WEBots/install/vizanti_demos/share/vizanti_demos/package.bash'
[1.979s] INFO:colcon.colcon_core.shell:Creating package script '/home/ferre/brick/BRICK-WEBots/install/vizanti_demos/share/vizanti_demos/package.zsh'
[1.979s] Level 1:colcon.colcon_core.environment:create_file_with_runtime_dependencies(/home/ferre/brick/BRICK-WEBots/install/vizanti_demos/share/colcon-core/packages/vizanti_demos)
[1.986s] Level 1:colcon.colcon_core.environment:create_environment_scripts_only(vizanti_server)
[1.987s] Level 1:colcon.colcon_core.environment:checking '/home/ferre/brick/BRICK-WEBots/install/vizanti_server' for CMake module files
[1.988s] Level 1:colcon.colcon_core.environment:checking '/home/ferre/brick/BRICK-WEBots/install/vizanti_server' for CMake config files
[1.988s] Level 1:colcon.colcon_core.shell:create_environment_hook('vizanti_server', 'cmake_prefix_path')
[1.988s] INFO:colcon.colcon_core.shell:Creating environment hook '/home/ferre/brick/BRICK-WEBots/install/vizanti_server/share/vizanti_server/hook/cmake_prefix_path.ps1'
[1.989s] INFO:colcon.colcon_core.shell:Creating environment descriptor '/home/ferre/brick/BRICK-WEBots/install/vizanti_server/share/vizanti_server/hook/cmake_prefix_path.dsv'
[1.989s] INFO:colcon.colcon_core.shell:Creating environment hook '/home/ferre/brick/BRICK-WEBots/install/vizanti_server/share/vizanti_server/hook/cmake_prefix_path.sh'
[1.990s] Level 1:colcon.colcon_core.environment:checking '/home/ferre/brick/BRICK-WEBots/install/vizanti_server/lib'
[1.990s] Level 1:colcon.colcon_core.environment:checking '/home/ferre/brick/BRICK-WEBots/install/vizanti_server/bin'
[1.990s] Level 1:colcon.colcon_core.environment:checking '/home/ferre/brick/BRICK-WEBots/install/vizanti_server/lib/pkgconfig/vizanti_server.pc'
[1.990s] Level 1:colcon.colcon_core.environment:checking '/home/ferre/brick/BRICK-WEBots/install/vizanti_server/lib/python3.10/site-packages'
[1.991s] Level 1:colcon.colcon_core.environment:checking '/home/ferre/brick/BRICK-WEBots/install/vizanti_server/bin'
[1.991s] INFO:colcon.colcon_core.shell:Creating package script '/home/ferre/brick/BRICK-WEBots/install/vizanti_server/share/vizanti_server/package.ps1'
[1.992s] INFO:colcon.colcon_core.shell:Creating package descriptor '/home/ferre/brick/BRICK-WEBots/install/vizanti_server/share/vizanti_server/package.dsv'
[1.992s] INFO:colcon.colcon_core.shell:Creating package script '/home/ferre/brick/BRICK-WEBots/install/vizanti_server/share/vizanti_server/package.sh'
[1.993s] INFO:colcon.colcon_core.shell:Creating package script '/home/ferre/brick/BRICK-WEBots/install/vizanti_server/share/vizanti_server/package.bash'
[1.994s] INFO:colcon.colcon_core.shell:Creating package script '/home/ferre/brick/BRICK-WEBots/install/vizanti_server/share/vizanti_server/package.zsh'
[1.994s] Level 1:colcon.colcon_core.environment:create_file_with_runtime_dependencies(/home/ferre/brick/BRICK-WEBots/install/vizanti_server/share/colcon-core/packages/vizanti_server)
[1.995s] INFO:colcon.colcon_ros.task.ament_cmake.build:Building ROS package in '/home/ferre/brick/BRICK-WEBots/vizanti/src/vizanti/vizanti' with build type 'ament_cmake'
[1.995s] INFO:colcon.colcon_cmake.task.cmake.build:Building CMake package in '/home/ferre/brick/BRICK-WEBots/vizanti/src/vizanti/vizanti'
[1.996s] INFO:colcon.colcon_core.shell:Skip shell extension 'powershell' for command environment: Not usable outside of PowerShell
[1.996s] DEBUG:colcon.colcon_core.shell:Skip shell extension 'dsv' for command environment
[2.020s] DEBUG:colcon.colcon_core.event_handler.log_command:Invoking command in '/home/ferre/brick/BRICK-WEBots/build/vizanti': CMAKE_PREFIX_PATH=/home/ferre/brick/BRICK-WEBots/install/vizanti_server:/home/ferre/brick/BRICK-WEBots/install/vizanti_msgs:/home/ferre/brick/BRICK-WEBots/install/vizanti:/home/ferre/brick/BRICK-WEBots/install/vizanti_demos:/home/ferre/brick/BRICK-WEBots/install/vizanti_cpp:/home/ferre/brick/BRICK-WEBots/install/webots_ros2_brick:/home/ferre/brick/BRICK-WEBots/install/ros2-webots-v2:/opt/ros/iron PYTHONPATH=/home/ferre/brick/BRICK-WEBots/install/vizanti_msgs/lib/python3.10/site-packages:/home/ferre/brick/BRICK-WEBots/install/webots_ros2_brick/lib/python3.10/site-packages:/home/ferre/brick/BRICK-WEBots/install/ros2-webots-v2/lib/python3.10/site-packages:/opt/ros/iron/lib/python3.10/site-packages /usr/bin/cmake --build /home/ferre/brick/BRICK-WEBots/build/vizanti -- -j12 -l12
[2.075s] DEBUG:colcon.colcon_core.event_handler.log_command:Invoked command in '/home/ferre/brick/BRICK-WEBots/build/vizanti' returned '0': CMAKE_PREFIX_PATH=/home/ferre/brick/BRICK-WEBots/install/vizanti_server:/home/ferre/brick/BRICK-WEBots/install/vizanti_msgs:/home/ferre/brick/BRICK-WEBots/install/vizanti:/home/ferre/brick/BRICK-WEBots/install/vizanti_demos:/home/ferre/brick/BRICK-WEBots/install/vizanti_cpp:/home/ferre/brick/BRICK-WEBots/install/webots_ros2_brick:/home/ferre/brick/BRICK-WEBots/install/ros2-webots-v2:/opt/ros/iron PYTHONPATH=/home/ferre/brick/BRICK-WEBots/install/vizanti_msgs/lib/python3.10/site-packages:/home/ferre/brick/BRICK-WEBots/install/webots_ros2_brick/lib/python3.10/site-packages:/home/ferre/brick/BRICK-WEBots/install/ros2-webots-v2/lib/python3.10/site-packages:/opt/ros/iron/lib/python3.10/site-packages /usr/bin/cmake --build /home/ferre/brick/BRICK-WEBots/build/vizanti -- -j12 -l12
[2.109s] DEBUG:colcon.colcon_core.event_handler.log_command:Invoking command in '/home/ferre/brick/BRICK-WEBots/build/vizanti': CMAKE_PREFIX_PATH=/home/ferre/brick/BRICK-WEBots/install/vizanti_server:/home/ferre/brick/BRICK-WEBots/install/vizanti_msgs:/home/ferre/brick/BRICK-WEBots/install/vizanti:/home/ferre/brick/BRICK-WEBots/install/vizanti_demos:/home/ferre/brick/BRICK-WEBots/install/vizanti_cpp:/home/ferre/brick/BRICK-WEBots/install/webots_ros2_brick:/home/ferre/brick/BRICK-WEBots/install/ros2-webots-v2:/opt/ros/iron PYTHONPATH=/home/ferre/brick/BRICK-WEBots/install/vizanti_msgs/lib/python3.10/site-packages:/home/ferre/brick/BRICK-WEBots/install/webots_ros2_brick/lib/python3.10/site-packages:/home/ferre/brick/BRICK-WEBots/install/ros2-webots-v2/lib/python3.10/site-packages:/opt/ros/iron/lib/python3.10/site-packages /usr/bin/cmake --install /home/ferre/brick/BRICK-WEBots/build/vizanti
[2.121s] Level 1:colcon.colcon_core.environment:create_environment_scripts_only(vizanti)
[2.122s] Level 1:colcon.colcon_core.environment:checking '/home/ferre/brick/BRICK-WEBots/install/vizanti' for CMake module files
[2.123s] DEBUG:colcon.colcon_core.event_handler.log_command:Invoked command in '/home/ferre/brick/BRICK-WEBots/build/vizanti' returned '0': CMAKE_PREFIX_PATH=/home/ferre/brick/BRICK-WEBots/install/vizanti_server:/home/ferre/brick/BRICK-WEBots/install/vizanti_msgs:/home/ferre/brick/BRICK-WEBots/install/vizanti:/home/ferre/brick/BRICK-WEBots/install/vizanti_demos:/home/ferre/brick/BRICK-WEBots/install/vizanti_cpp:/home/ferre/brick/BRICK-WEBots/install/webots_ros2_brick:/home/ferre/brick/BRICK-WEBots/install/ros2-webots-v2:/opt/ros/iron PYTHONPATH=/home/ferre/brick/BRICK-WEBots/install/vizanti_msgs/lib/python3.10/site-packages:/home/ferre/brick/BRICK-WEBots/install/webots_ros2_brick/lib/python3.10/site-packages:/home/ferre/brick/BRICK-WEBots/install/ros2-webots-v2/lib/python3.10/site-packages:/opt/ros/iron/lib/python3.10/site-packages /usr/bin/cmake --install /home/ferre/brick/BRICK-WEBots/build/vizanti
[2.123s] Level 1:colcon.colcon_core.environment:checking '/home/ferre/brick/BRICK-WEBots/install/vizanti' for CMake config files
[2.124s] Level 1:colcon.colcon_core.shell:create_environment_hook('vizanti', 'cmake_prefix_path')
[2.124s] INFO:colcon.colcon_core.shell:Creating environment hook '/home/ferre/brick/BRICK-WEBots/install/vizanti/share/vizanti/hook/cmake_prefix_path.ps1'
[2.125s] INFO:colcon.colcon_core.shell:Creating environment descriptor '/home/ferre/brick/BRICK-WEBots/install/vizanti/share/vizanti/hook/cmake_prefix_path.dsv'
[2.125s] INFO:colcon.colcon_core.shell:Creating environment hook '/home/ferre/brick/BRICK-WEBots/install/vizanti/share/vizanti/hook/cmake_prefix_path.sh'
[2.126s] Level 1:colcon.colcon_core.environment:checking '/home/ferre/brick/BRICK-WEBots/install/vizanti/bin'
[2.126s] Level 1:colcon.colcon_core.environment:checking '/home/ferre/brick/BRICK-WEBots/install/vizanti/lib/pkgconfig/vizanti.pc'
[2.126s] Level 1:colcon.colcon_core.environment:checking '/home/ferre/brick/BRICK-WEBots/install/vizanti/lib/python3.10/site-packages'
[2.126s] Level 1:colcon.colcon_core.environment:checking '/home/ferre/brick/BRICK-WEBots/install/vizanti/bin'
[2.127s] INFO:colcon.colcon_core.shell:Creating package script '/home/ferre/brick/BRICK-WEBots/install/vizanti/share/vizanti/package.ps1'
[2.127s] INFO:colcon.colcon_core.shell:Creating package descriptor '/home/ferre/brick/BRICK-WEBots/install/vizanti/share/vizanti/package.dsv'
[2.128s] INFO:colcon.colcon_core.shell:Creating package script '/home/ferre/brick/BRICK-WEBots/install/vizanti/share/vizanti/package.sh'
[2.128s] INFO:colcon.colcon_core.shell:Creating package script '/home/ferre/brick/BRICK-WEBots/install/vizanti/share/vizanti/package.bash'
[2.129s] INFO:colcon.colcon_core.shell:Creating package script '/home/ferre/brick/BRICK-WEBots/install/vizanti/share/vizanti/package.zsh'
[2.129s] Level 1:colcon.colcon_core.environment:create_file_with_runtime_dependencies(/home/ferre/brick/BRICK-WEBots/install/vizanti/share/colcon-core/packages/vizanti)
[2.161s] Level 1:colcon.colcon_core.environment:create_environment_scripts_only(vizanti)
[2.161s] Level 1:colcon.colcon_core.environment:checking '/home/ferre/brick/BRICK-WEBots/install/vizanti' for CMake module files
[2.162s] Level 1:colcon.colcon_core.environment:checking '/home/ferre/brick/BRICK-WEBots/install/vizanti' for CMake config files
[2.162s] Level 1:colcon.colcon_core.shell:create_environment_hook('vizanti', 'cmake_prefix_path')
[2.163s] INFO:colcon.colcon_core.shell:Creating environment hook '/home/ferre/brick/BRICK-WEBots/install/vizanti/share/vizanti/hook/cmake_prefix_path.ps1'
[2.163s] INFO:colcon.colcon_core.shell:Creating environment descriptor '/home/ferre/brick/BRICK-WEBots/install/vizanti/share/vizanti/hook/cmake_prefix_path.dsv'
[2.164s] INFO:colcon.colcon_core.shell:Creating environment hook '/home/ferre/brick/BRICK-WEBots/install/vizanti/share/vizanti/hook/cmake_prefix_path.sh'
[2.164s] Level 1:colcon.colcon_core.environment:checking '/home/ferre/brick/BRICK-WEBots/install/vizanti/bin'
[2.164s] Level 1:colcon.colcon_core.environment:checking '/home/ferre/brick/BRICK-WEBots/install/vizanti/lib/pkgconfig/vizanti.pc'
[2.165s] Level 1:colcon.colcon_core.environment:checking '/home/ferre/brick/BRICK-WEBots/install/vizanti/lib/python3.10/site-packages'
[2.165s] Level 1:colcon.colcon_core.environment:checking '/home/ferre/brick/BRICK-WEBots/install/vizanti/bin'
[2.165s] INFO:colcon.colcon_core.shell:Creating package script '/home/ferre/brick/BRICK-WEBots/install/vizanti/share/vizanti/package.ps1'
[2.166s] INFO:colcon.colcon_core.shell:Creating package descriptor '/home/ferre/brick/BRICK-WEBots/install/vizanti/share/vizanti/package.dsv'
[2.167s] INFO:colcon.colcon_core.shell:Creating package script '/home/ferre/brick/BRICK-WEBots/install/vizanti/share/vizanti/package.sh'
[2.167s] INFO:colcon.colcon_core.shell:Creating package script '/home/ferre/brick/BRICK-WEBots/install/vizanti/share/vizanti/package.bash'
[2.168s] INFO:colcon.colcon_core.shell:Creating package script '/home/ferre/brick/BRICK-WEBots/install/vizanti/share/vizanti/package.zsh'
[2.168s] Level 1:colcon.colcon_core.environment:create_file_with_runtime_dependencies(/home/ferre/brick/BRICK-WEBots/install/vizanti/share/colcon-core/packages/vizanti)
[2.168s] DEBUG:colcon.colcon_parallel_executor.executor.parallel:closing loop
[2.169s] DEBUG:colcon.colcon_parallel_executor.executor.parallel:loop closed
[2.169s] DEBUG:colcon.colcon_parallel_executor.executor.parallel:run_until_complete finished with '0'
[2.169s] DEBUG:colcon.colcon_core.event_reactor:joining thread
[2.177s] INFO:colcon.colcon_core.plugin_system:Skipping extension 'colcon_notification.desktop_notification.terminal_notifier': Not used on non-Darwin systems
[2.177s] INFO:colcon.colcon_core.plugin_system:Skipping extension 'colcon_notification.desktop_notification.win32': Not used on non-Windows systems
[2.177s] INFO:colcon.colcon_notification.desktop_notification:Sending desktop notification using 'notify2'
[2.196s] DEBUG:colcon.colcon_core.event_reactor:joined thread
[2.196s] INFO:colcon.colcon_core.shell:Creating prefix script '/home/ferre/brick/BRICK-WEBots/install/local_setup.ps1'
[2.198s] INFO:colcon.colcon_core.shell:Creating prefix util module '/home/ferre/brick/BRICK-WEBots/install/_local_setup_util_ps1.py'
[2.199s] INFO:colcon.colcon_core.shell:Creating prefix chain script '/home/ferre/brick/BRICK-WEBots/install/setup.ps1'
[2.201s] INFO:colcon.colcon_core.shell:Creating prefix script '/home/ferre/brick/BRICK-WEBots/install/local_setup.sh'
[2.202s] INFO:colcon.colcon_core.shell:Creating prefix util module '/home/ferre/brick/BRICK-WEBots/install/_local_setup_util_sh.py'
[2.202s] INFO:colcon.colcon_core.shell:Creating prefix chain script '/home/ferre/brick/BRICK-WEBots/install/setup.sh'
[2.205s] INFO:colcon.colcon_core.shell:Creating prefix script '/home/ferre/brick/BRICK-WEBots/install/local_setup.bash'
[2.206s] INFO:colcon.colcon_core.shell:Creating prefix chain script '/home/ferre/brick/BRICK-WEBots/install/setup.bash'
[2.207s] INFO:colcon.colcon_core.shell:Creating prefix script '/home/ferre/brick/BRICK-WEBots/install/local_setup.zsh'
[2.208s] INFO:colcon.colcon_core.shell:Creating prefix chain script '/home/ferre/brick/BRICK-WEBots/install/setup.zsh'
