[0.029s] Invoking command in '/home/ferre/brick/BRICK-WEBots/build/vizanti_msgs': CMAKE_PREFIX_PATH=/opt/ros/iron /usr/bin/cmake --build /home/ferre/brick/BRICK-WEBots/build/vizanti_msgs -- -j12 -l12
[0.063s] -- Found ament_cmake: 2.0.5 (/opt/ros/iron/share/ament_cmake/cmake)
[0.225s] -- Found rosidl_default_generators: 1.5.0 (/opt/ros/iron/share/rosidl_default_generators/cmake)
[0.227s] -- Using all available rosidl_typesupport_c: rosidl_typesupport_fastrtps_c;rosidl_typesupport_introspection_c
[0.264s] -- Using all available rosidl_typesupport_cpp: rosidl_typesupport_fastrtps_cpp;rosidl_typesupport_introspection_cpp
[0.295s] -- Found rosidl_adapter: 4.0.1 (/opt/ros/iron/share/rosidl_adapter/cmake)
[0.300s] -- Found std_msgs: 5.0.0 (/opt/ros/iron/share/std_msgs/cmake)
[0.368s] -- Found nav_msgs: 5.0.0 (/opt/ros/iron/share/nav_msgs/cmake)
[0.548s] -- Found actionlib_msgs: 5.0.0 (/opt/ros/iron/share/actionlib_msgs/cmake)
[0.548s] [0mCMake Deprecation Warning at /opt/ros/iron/share/actionlib_msgs/cmake/actionlib_msgsConfig.cmake:31 (message):
[0.548s]   Package 'actionlib_msgs' is deprecated (This package will be removed in a
[0.548s]   future ROS distro, once the ROS 1 bridge supports actions.)
[0.548s] Call Stack (most recent call first):
[0.548s]   CMakeLists.txt:11 (find_package)
[0.548s] 
[0.549s] [0m
[1.042s] -- Found ament_cmake_ros: 0.11.2 (/opt/ros/iron/share/ament_cmake_ros/cmake)
[1.323s] -- Using all available rosidl_typesupport_c: rosidl_typesupport_fastrtps_c;rosidl_typesupport_introspection_c
[1.677s] -- Using all available rosidl_typesupport_cpp: rosidl_typesupport_fastrtps_cpp;rosidl_typesupport_introspection_cpp
[1.701s] -- Found python_cmake_module: 0.10.2 (/opt/ros/iron/share/python_cmake_module/cmake)
[1.722s] -- Using PYTHON_EXECUTABLE: /usr/bin/python3
[1.723s] -- Using PYTHON_INCLUDE_DIRS: /usr/include/python3.10
[1.723s] -- Using PYTHON_LIBRARIES: /usr/lib/x86_64-linux-gnu/libpython3.10.so
[1.777s] -- Configuring done
[1.847s] -- Generating done
[1.851s] -- Build files have been written to: /home/ferre/brick/BRICK-WEBots/build/vizanti_msgs
[1.896s] [  1%] Built target vizanti_msgs__rosidl_generator_type_description
[1.915s] [  1%] Built target ament_cmake_python_copy_vizanti_msgs
[1.917s] [35m[1mConsolidate compiler generated dependencies of target vizanti_msgs__rosidl_generator_c[0m
[1.925s] [  1%] Built target vizanti_msgs__cpp
[1.946s] [ 26%] Built target vizanti_msgs__rosidl_generator_c
[1.965s] [35m[1mConsolidate compiler generated dependencies of target vizanti_msgs__rosidl_typesupport_c[0m
[1.965s] [35m[1mConsolidate compiler generated dependencies of target vizanti_msgs__rosidl_typesupport_introspection_c[0m
[1.966s] [35m[1mConsolidate compiler generated dependencies of target vizanti_msgs__rosidl_typesupport_cpp[0m
[1.967s] [35m[1mConsolidate compiler generated dependencies of target vizanti_msgs__rosidl_typesupport_fastrtps_c[0m
[1.971s] [35m[1mConsolidate compiler generated dependencies of target vizanti_msgs__rosidl_typesupport_introspection_cpp[0m
[1.972s] [35m[1mConsolidate compiler generated dependencies of target vizanti_msgs__rosidl_typesupport_fastrtps_cpp[0m
[1.994s] [ 36%] Built target vizanti_msgs__rosidl_typesupport_c
[1.998s] [ 46%] Built target vizanti_msgs__rosidl_typesupport_introspection_c
[2.008s] [ 56%] Built target vizanti_msgs__rosidl_typesupport_cpp
[2.010s] [ 65%] Built target vizanti_msgs__rosidl_typesupport_introspection_cpp
[2.014s] [ 75%] Built target vizanti_msgs__rosidl_typesupport_fastrtps_c
[2.020s] [ 84%] Built target vizanti_msgs__rosidl_typesupport_fastrtps_cpp
[2.053s] [ 84%] Built target vizanti_msgs
[2.090s] [ 85%] Built target vizanti_msgs__py
[2.110s] [35m[1mConsolidate compiler generated dependencies of target vizanti_msgs__rosidl_generator_py[0m
[2.141s] [ 94%] Built target vizanti_msgs__rosidl_generator_py
[2.157s] [35m[1mConsolidate compiler generated dependencies of target vizanti_msgs__rosidl_typesupport_c__pyext[0m
[2.157s] [35m[1mConsolidate compiler generated dependencies of target vizanti_msgs__rosidl_typesupport_fastrtps_c__pyext[0m
[2.157s] [35m[1mConsolidate compiler generated dependencies of target vizanti_msgs__rosidl_typesupport_introspection_c__pyext[0m
[2.179s] [ 96%] Built target vizanti_msgs__rosidl_typesupport_fastrtps_c__pyext
[2.180s] [ 98%] Built target vizanti_msgs__rosidl_typesupport_c__pyext
[2.182s] [100%] Built target vizanti_msgs__rosidl_typesupport_introspection_c__pyext
[2.237s] running egg_info
[2.238s] writing vizanti_msgs.egg-info/PKG-INFO
[2.238s] writing dependency_links to vizanti_msgs.egg-info/dependency_links.txt
[2.238s] writing top-level names to vizanti_msgs.egg-info/top_level.txt
[2.241s] reading manifest file 'vizanti_msgs.egg-info/SOURCES.txt'
[2.242s] writing manifest file 'vizanti_msgs.egg-info/SOURCES.txt'
[2.278s] [100%] Built target ament_cmake_python_build_vizanti_msgs_egg
[2.294s] Invoked command in '/home/ferre/brick/BRICK-WEBots/build/vizanti_msgs' returned '0': CMAKE_PREFIX_PATH=/opt/ros/iron /usr/bin/cmake --build /home/ferre/brick/BRICK-WEBots/build/vizanti_msgs -- -j12 -l12
[2.610s] Invoking command in '/home/ferre/brick/BRICK-WEBots/build/vizanti_msgs': CMAKE_PREFIX_PATH=/opt/ros/iron /usr/bin/cmake --install /home/ferre/brick/BRICK-WEBots/build/vizanti_msgs
[2.619s] -- Install configuration: ""
[2.619s] -- Up-to-date: /home/ferre/brick/BRICK-WEBots/install/vizanti_msgs/share/ament_index/resource_index/rosidl_interfaces/vizanti_msgs
[2.619s] -- Up-to-date: /home/ferre/brick/BRICK-WEBots/install/vizanti_msgs/share/vizanti_msgs/srv/GetNodeParameters.json
[2.619s] -- Up-to-date: /home/ferre/brick/BRICK-WEBots/install/vizanti_msgs/share/vizanti_msgs/srv/SetNodeParameter.json
[2.620s] -- Up-to-date: /home/ferre/brick/BRICK-WEBots/install/vizanti_msgs/share/vizanti_msgs/srv/SaveMap.json
[2.620s] -- Up-to-date: /home/ferre/brick/BRICK-WEBots/install/vizanti_msgs/share/vizanti_msgs/srv/LoadMap.json
[2.620s] -- Up-to-date: /home/ferre/brick/BRICK-WEBots/install/vizanti_msgs/share/vizanti_msgs/srv/RecordRosbag.json
[2.620s] -- Up-to-date: /home/ferre/brick/BRICK-WEBots/install/vizanti_msgs/share/vizanti_msgs/srv/ManageNode.json
[2.620s] -- Up-to-date: /home/ferre/brick/BRICK-WEBots/install/vizanti_msgs/share/vizanti_msgs/srv/ListPackages.json
[2.620s] -- Up-to-date: /home/ferre/brick/BRICK-WEBots/install/vizanti_msgs/share/vizanti_msgs/srv/ListExecutables.json
[2.620s] -- Up-to-date: /home/ferre/brick/BRICK-WEBots/install/vizanti_msgs/include/vizanti_msgs/vizanti_msgs
[2.621s] -- Up-to-date: /home/ferre/brick/BRICK-WEBots/install/vizanti_msgs/include/vizanti_msgs/vizanti_msgs/srv
[2.621s] -- Up-to-date: /home/ferre/brick/BRICK-WEBots/install/vizanti_msgs/include/vizanti_msgs/vizanti_msgs/srv/save_map.h
[2.621s] -- Up-to-date: /home/ferre/brick/BRICK-WEBots/install/vizanti_msgs/include/vizanti_msgs/vizanti_msgs/srv/list_executables.h
[2.621s] -- Up-to-date: /home/ferre/brick/BRICK-WEBots/install/vizanti_msgs/include/vizanti_msgs/vizanti_msgs/srv/record_rosbag.h
[2.621s] -- Up-to-date: /home/ferre/brick/BRICK-WEBots/install/vizanti_msgs/include/vizanti_msgs/vizanti_msgs/srv/get_node_parameters.h
[2.621s] -- Up-to-date: /home/ferre/brick/BRICK-WEBots/install/vizanti_msgs/include/vizanti_msgs/vizanti_msgs/srv/list_packages.h
[2.621s] -- Up-to-date: /home/ferre/brick/BRICK-WEBots/install/vizanti_msgs/include/vizanti_msgs/vizanti_msgs/srv/manage_node.h
[2.621s] -- Up-to-date: /home/ferre/brick/BRICK-WEBots/install/vizanti_msgs/include/vizanti_msgs/vizanti_msgs/srv/set_node_parameter.h
[2.621s] -- Up-to-date: /home/ferre/brick/BRICK-WEBots/install/vizanti_msgs/include/vizanti_msgs/vizanti_msgs/srv/load_map.h
[2.621s] -- Up-to-date: /home/ferre/brick/BRICK-WEBots/install/vizanti_msgs/include/vizanti_msgs/vizanti_msgs/srv/detail
[2.621s] -- Up-to-date: /home/ferre/brick/BRICK-WEBots/install/vizanti_msgs/include/vizanti_msgs/vizanti_msgs/srv/detail/get_node_parameters__functions.h
[2.621s] -- Up-to-date: /home/ferre/brick/BRICK-WEBots/install/vizanti_msgs/include/vizanti_msgs/vizanti_msgs/srv/detail/save_map__functions.c
[2.621s] -- Up-to-date: /home/ferre/brick/BRICK-WEBots/install/vizanti_msgs/include/vizanti_msgs/vizanti_msgs/srv/detail/save_map__type_support.h
[2.621s] -- Up-to-date: /home/ferre/brick/BRICK-WEBots/install/vizanti_msgs/include/vizanti_msgs/vizanti_msgs/srv/detail/record_rosbag__description.c
[2.622s] -- Up-to-date: /home/ferre/brick/BRICK-WEBots/install/vizanti_msgs/include/vizanti_msgs/vizanti_msgs/srv/detail/list_executables__description.c
[2.622s] -- Installing: /home/ferre/brick/BRICK-WEBots/install/vizanti_msgs/include/vizanti_msgs/vizanti_msgs/srv/detail/list_packages__type_support.c
[2.627s] -- Up-to-date: /home/ferre/brick/BRICK-WEBots/install/vizanti_msgs/include/vizanti_msgs/vizanti_msgs/srv/detail/set_node_parameter__functions.h
[2.628s] -- Up-to-date: /home/ferre/brick/BRICK-WEBots/install/vizanti_msgs/include/vizanti_msgs/vizanti_msgs/srv/detail/set_node_parameter__type_support.h
[2.628s] -- Up-to-date: /home/ferre/brick/BRICK-WEBots/install/vizanti_msgs/include/vizanti_msgs/vizanti_msgs/srv/detail/list_executables__functions.h
[2.628s] -- Up-to-date: /home/ferre/brick/BRICK-WEBots/install/vizanti_msgs/include/vizanti_msgs/vizanti_msgs/srv/detail/load_map__description.c
[2.629s] -- Up-to-date: /home/ferre/brick/BRICK-WEBots/install/vizanti_msgs/include/vizanti_msgs/vizanti_msgs/srv/detail/record_rosbag__struct.h
[2.629s] -- Up-to-date: /home/ferre/brick/BRICK-WEBots/install/vizanti_msgs/include/vizanti_msgs/vizanti_msgs/srv/detail/get_node_parameters__type_support.h
[2.629s] -- Up-to-date: /home/ferre/brick/BRICK-WEBots/install/vizanti_msgs/include/vizanti_msgs/vizanti_msgs/srv/detail/set_node_parameter__struct.h
[2.629s] -- Up-to-date: /home/ferre/brick/BRICK-WEBots/install/vizanti_msgs/include/vizanti_msgs/vizanti_msgs/srv/detail/list_packages__functions.c
[2.629s] -- Up-to-date: /home/ferre/brick/BRICK-WEBots/install/vizanti_msgs/include/vizanti_msgs/vizanti_msgs/srv/detail/manage_node__functions.h
[2.629s] -- Installing: /home/ferre/brick/BRICK-WEBots/install/vizanti_msgs/include/vizanti_msgs/vizanti_msgs/srv/detail/manage_node__type_support.c
[2.629s] -- Up-to-date: /home/ferre/brick/BRICK-WEBots/install/vizanti_msgs/include/vizanti_msgs/vizanti_msgs/srv/detail/manage_node__description.c
[2.629s] -- Up-to-date: /home/ferre/brick/BRICK-WEBots/install/vizanti_msgs/include/vizanti_msgs/vizanti_msgs/srv/detail/list_packages__functions.h
[2.630s] -- Installing: /home/ferre/brick/BRICK-WEBots/install/vizanti_msgs/include/vizanti_msgs/vizanti_msgs/srv/detail/get_node_parameters__type_support.c
[2.630s] -- Up-to-date: /home/ferre/brick/BRICK-WEBots/install/vizanti_msgs/include/vizanti_msgs/vizanti_msgs/srv/detail/save_map__functions.h
[2.630s] -- Up-to-date: /home/ferre/brick/BRICK-WEBots/install/vizanti_msgs/include/vizanti_msgs/vizanti_msgs/srv/detail/save_map__description.c
[2.630s] -- Up-to-date: /home/ferre/brick/BRICK-WEBots/install/vizanti_msgs/include/vizanti_msgs/vizanti_msgs/srv/detail/load_map__functions.h
[2.630s] -- Up-to-date: /home/ferre/brick/BRICK-WEBots/install/vizanti_msgs/include/vizanti_msgs/vizanti_msgs/srv/detail/list_packages__struct.h
[2.630s] -- Up-to-date: /home/ferre/brick/BRICK-WEBots/install/vizanti_msgs/include/vizanti_msgs/vizanti_msgs/srv/detail/load_map__functions.c
[2.630s] -- Up-to-date: /home/ferre/brick/BRICK-WEBots/install/vizanti_msgs/include/vizanti_msgs/vizanti_msgs/srv/detail/record_rosbag__functions.c
[2.630s] -- Up-to-date: /home/ferre/brick/BRICK-WEBots/install/vizanti_msgs/include/vizanti_msgs/vizanti_msgs/srv/detail/manage_node__type_support.h
[2.630s] -- Up-to-date: /home/ferre/brick/BRICK-WEBots/install/vizanti_msgs/include/vizanti_msgs/vizanti_msgs/srv/detail/manage_node__struct.h
[2.630s] -- Up-to-date: /home/ferre/brick/BRICK-WEBots/install/vizanti_msgs/include/vizanti_msgs/vizanti_msgs/srv/detail/manage_node__functions.c
[2.630s] -- Up-to-date: /home/ferre/brick/BRICK-WEBots/install/vizanti_msgs/include/vizanti_msgs/vizanti_msgs/srv/detail/get_node_parameters__functions.c
[2.630s] -- Installing: /home/ferre/brick/BRICK-WEBots/install/vizanti_msgs/include/vizanti_msgs/vizanti_msgs/srv/detail/set_node_parameter__type_support.c
[2.631s] -- Installing: /home/ferre/brick/BRICK-WEBots/install/vizanti_msgs/include/vizanti_msgs/vizanti_msgs/srv/detail/record_rosbag__type_support.c
[2.631s] -- Up-to-date: /home/ferre/brick/BRICK-WEBots/install/vizanti_msgs/include/vizanti_msgs/vizanti_msgs/srv/detail/list_executables__type_support.h
[2.631s] -- Up-to-date: /home/ferre/brick/BRICK-WEBots/install/vizanti_msgs/include/vizanti_msgs/vizanti_msgs/srv/detail/list_packages__description.c
[2.631s] -- Up-to-date: /home/ferre/brick/BRICK-WEBots/install/vizanti_msgs/include/vizanti_msgs/vizanti_msgs/srv/detail/get_node_parameters__struct.h
[2.631s] -- Up-to-date: /home/ferre/brick/BRICK-WEBots/install/vizanti_msgs/include/vizanti_msgs/vizanti_msgs/srv/detail/get_node_parameters__description.c
[2.631s] -- Installing: /home/ferre/brick/BRICK-WEBots/install/vizanti_msgs/include/vizanti_msgs/vizanti_msgs/srv/detail/save_map__type_support.c
[2.631s] -- Up-to-date: /home/ferre/brick/BRICK-WEBots/install/vizanti_msgs/include/vizanti_msgs/vizanti_msgs/srv/detail/list_packages__type_support.h
[2.631s] -- Up-to-date: /home/ferre/brick/BRICK-WEBots/install/vizanti_msgs/include/vizanti_msgs/vizanti_msgs/srv/detail/save_map__struct.h
[2.631s] -- Up-to-date: /home/ferre/brick/BRICK-WEBots/install/vizanti_msgs/include/vizanti_msgs/vizanti_msgs/srv/detail/record_rosbag__type_support.h
[2.631s] -- Up-to-date: /home/ferre/brick/BRICK-WEBots/install/vizanti_msgs/include/vizanti_msgs/vizanti_msgs/srv/detail/set_node_parameter__description.c
[2.631s] -- Up-to-date: /home/ferre/brick/BRICK-WEBots/install/vizanti_msgs/include/vizanti_msgs/vizanti_msgs/srv/detail/load_map__type_support.h
[2.631s] -- Up-to-date: /home/ferre/brick/BRICK-WEBots/install/vizanti_msgs/include/vizanti_msgs/vizanti_msgs/srv/detail/list_executables__functions.c
[2.632s] -- Up-to-date: /home/ferre/brick/BRICK-WEBots/install/vizanti_msgs/include/vizanti_msgs/vizanti_msgs/srv/detail/load_map__struct.h
[2.632s] -- Up-to-date: /home/ferre/brick/BRICK-WEBots/install/vizanti_msgs/include/vizanti_msgs/vizanti_msgs/srv/detail/set_node_parameter__functions.c
[2.632s] -- Up-to-date: /home/ferre/brick/BRICK-WEBots/install/vizanti_msgs/include/vizanti_msgs/vizanti_msgs/srv/detail/list_executables__struct.h
[2.632s] -- Installing: /home/ferre/brick/BRICK-WEBots/install/vizanti_msgs/include/vizanti_msgs/vizanti_msgs/srv/detail/list_executables__type_support.c
[2.632s] -- Installing: /home/ferre/brick/BRICK-WEBots/install/vizanti_msgs/include/vizanti_msgs/vizanti_msgs/srv/detail/load_map__type_support.c
[2.632s] -- Up-to-date: /home/ferre/brick/BRICK-WEBots/install/vizanti_msgs/include/vizanti_msgs/vizanti_msgs/srv/detail/record_rosbag__functions.h
[2.632s] -- Up-to-date: /home/ferre/brick/BRICK-WEBots/install/vizanti_msgs/include/vizanti_msgs/vizanti_msgs/msg
[2.632s] -- Up-to-date: /home/ferre/brick/BRICK-WEBots/install/vizanti_msgs/include/vizanti_msgs/vizanti_msgs/msg/rosidl_generator_c__visibility_control.h
[2.632s] -- Up-to-date: /home/ferre/brick/BRICK-WEBots/install/vizanti_msgs/share/vizanti_msgs/environment/library_path.sh
[2.632s] -- Up-to-date: /home/ferre/brick/BRICK-WEBots/install/vizanti_msgs/share/vizanti_msgs/environment/library_path.dsv
[2.633s] -- Up-to-date: /home/ferre/brick/BRICK-WEBots/install/vizanti_msgs/lib/libvizanti_msgs__rosidl_generator_c.so
[2.633s] -- Up-to-date: /home/ferre/brick/BRICK-WEBots/install/vizanti_msgs/include/vizanti_msgs/vizanti_msgs
[2.633s] -- Up-to-date: /home/ferre/brick/BRICK-WEBots/install/vizanti_msgs/include/vizanti_msgs/vizanti_msgs/srv
[2.633s] -- Up-to-date: /home/ferre/brick/BRICK-WEBots/install/vizanti_msgs/include/vizanti_msgs/vizanti_msgs/srv/detail
[2.633s] -- Up-to-date: /home/ferre/brick/BRICK-WEBots/install/vizanti_msgs/include/vizanti_msgs/vizanti_msgs/srv/detail/list_executables__rosidl_typesupport_fastrtps_c.h
[2.634s] -- Up-to-date: /home/ferre/brick/BRICK-WEBots/install/vizanti_msgs/include/vizanti_msgs/vizanti_msgs/srv/detail/list_packages__rosidl_typesupport_fastrtps_c.h
[2.634s] -- Up-to-date: /home/ferre/brick/BRICK-WEBots/install/vizanti_msgs/include/vizanti_msgs/vizanti_msgs/srv/detail/load_map__rosidl_typesupport_fastrtps_c.h
[2.634s] -- Up-to-date: /home/ferre/brick/BRICK-WEBots/install/vizanti_msgs/include/vizanti_msgs/vizanti_msgs/srv/detail/save_map__rosidl_typesupport_fastrtps_c.h
[2.634s] -- Up-to-date: /home/ferre/brick/BRICK-WEBots/install/vizanti_msgs/include/vizanti_msgs/vizanti_msgs/srv/detail/manage_node__rosidl_typesupport_fastrtps_c.h
[2.634s] -- Up-to-date: /home/ferre/brick/BRICK-WEBots/install/vizanti_msgs/include/vizanti_msgs/vizanti_msgs/srv/detail/record_rosbag__rosidl_typesupport_fastrtps_c.h
[2.634s] -- Up-to-date: /home/ferre/brick/BRICK-WEBots/install/vizanti_msgs/include/vizanti_msgs/vizanti_msgs/srv/detail/set_node_parameter__rosidl_typesupport_fastrtps_c.h
[2.634s] -- Up-to-date: /home/ferre/brick/BRICK-WEBots/install/vizanti_msgs/include/vizanti_msgs/vizanti_msgs/srv/detail/get_node_parameters__rosidl_typesupport_fastrtps_c.h
[2.634s] -- Up-to-date: /home/ferre/brick/BRICK-WEBots/install/vizanti_msgs/include/vizanti_msgs/vizanti_msgs/msg
[2.634s] -- Up-to-date: /home/ferre/brick/BRICK-WEBots/install/vizanti_msgs/include/vizanti_msgs/vizanti_msgs/msg/rosidl_typesupport_fastrtps_c__visibility_control.h
[2.634s] -- Up-to-date: /home/ferre/brick/BRICK-WEBots/install/vizanti_msgs/lib/libvizanti_msgs__rosidl_typesupport_fastrtps_c.so
[2.634s] -- Up-to-date: /home/ferre/brick/BRICK-WEBots/install/vizanti_msgs/include/vizanti_msgs/vizanti_msgs
[2.635s] -- Up-to-date: /home/ferre/brick/BRICK-WEBots/install/vizanti_msgs/include/vizanti_msgs/vizanti_msgs/srv
[2.635s] -- Up-to-date: /home/ferre/brick/BRICK-WEBots/install/vizanti_msgs/include/vizanti_msgs/vizanti_msgs/srv/detail
[2.635s] -- Up-to-date: /home/ferre/brick/BRICK-WEBots/install/vizanti_msgs/include/vizanti_msgs/vizanti_msgs/srv/detail/list_executables__rosidl_typesupport_introspection_c.h
[2.635s] -- Up-to-date: /home/ferre/brick/BRICK-WEBots/install/vizanti_msgs/include/vizanti_msgs/vizanti_msgs/srv/detail/list_packages__rosidl_typesupport_introspection_c.h
[2.635s] -- Installing: /home/ferre/brick/BRICK-WEBots/install/vizanti_msgs/include/vizanti_msgs/vizanti_msgs/srv/detail/list_packages__type_support.c
[2.635s] -- Installing: /home/ferre/brick/BRICK-WEBots/install/vizanti_msgs/include/vizanti_msgs/vizanti_msgs/srv/detail/manage_node__type_support.c
[2.636s] -- Installing: /home/ferre/brick/BRICK-WEBots/install/vizanti_msgs/include/vizanti_msgs/vizanti_msgs/srv/detail/get_node_parameters__type_support.c
[2.637s] -- Up-to-date: /home/ferre/brick/BRICK-WEBots/install/vizanti_msgs/include/vizanti_msgs/vizanti_msgs/srv/detail/load_map__rosidl_typesupport_introspection_c.h
[2.637s] -- Up-to-date: /home/ferre/brick/BRICK-WEBots/install/vizanti_msgs/include/vizanti_msgs/vizanti_msgs/srv/detail/get_node_parameters__rosidl_typesupport_introspection_c.h
[2.637s] -- Up-to-date: /home/ferre/brick/BRICK-WEBots/install/vizanti_msgs/include/vizanti_msgs/vizanti_msgs/srv/detail/save_map__rosidl_typesupport_introspection_c.h
[2.637s] -- Up-to-date: /home/ferre/brick/BRICK-WEBots/install/vizanti_msgs/include/vizanti_msgs/vizanti_msgs/srv/detail/set_node_parameter__rosidl_typesupport_introspection_c.h
[2.637s] -- Installing: /home/ferre/brick/BRICK-WEBots/install/vizanti_msgs/include/vizanti_msgs/vizanti_msgs/srv/detail/set_node_parameter__type_support.c
[2.638s] -- Installing: /home/ferre/brick/BRICK-WEBots/install/vizanti_msgs/include/vizanti_msgs/vizanti_msgs/srv/detail/record_rosbag__type_support.c
[2.638s] -- Installing: /home/ferre/brick/BRICK-WEBots/install/vizanti_msgs/include/vizanti_msgs/vizanti_msgs/srv/detail/save_map__type_support.c
[2.639s] -- Up-to-date: /home/ferre/brick/BRICK-WEBots/install/vizanti_msgs/include/vizanti_msgs/vizanti_msgs/srv/detail/record_rosbag__rosidl_typesupport_introspection_c.h
[2.639s] -- Up-to-date: /home/ferre/brick/BRICK-WEBots/install/vizanti_msgs/include/vizanti_msgs/vizanti_msgs/srv/detail/manage_node__rosidl_typesupport_introspection_c.h
[2.639s] -- Installing: /home/ferre/brick/BRICK-WEBots/install/vizanti_msgs/include/vizanti_msgs/vizanti_msgs/srv/detail/list_executables__type_support.c
[2.640s] -- Installing: /home/ferre/brick/BRICK-WEBots/install/vizanti_msgs/include/vizanti_msgs/vizanti_msgs/srv/detail/load_map__type_support.c
[2.640s] -- Up-to-date: /home/ferre/brick/BRICK-WEBots/install/vizanti_msgs/include/vizanti_msgs/vizanti_msgs/msg
[2.641s] -- Up-to-date: /home/ferre/brick/BRICK-WEBots/install/vizanti_msgs/include/vizanti_msgs/vizanti_msgs/msg/rosidl_typesupport_introspection_c__visibility_control.h
[2.641s] -- Up-to-date: /home/ferre/brick/BRICK-WEBots/install/vizanti_msgs/lib/libvizanti_msgs__rosidl_typesupport_introspection_c.so
[2.642s] -- Up-to-date: /home/ferre/brick/BRICK-WEBots/install/vizanti_msgs/lib/libvizanti_msgs__rosidl_typesupport_c.so
[2.642s] -- Up-to-date: /home/ferre/brick/BRICK-WEBots/install/vizanti_msgs/include/vizanti_msgs/vizanti_msgs
[2.642s] -- Up-to-date: /home/ferre/brick/BRICK-WEBots/install/vizanti_msgs/include/vizanti_msgs/vizanti_msgs/srv
[2.642s] -- Up-to-date: /home/ferre/brick/BRICK-WEBots/install/vizanti_msgs/include/vizanti_msgs/vizanti_msgs/srv/list_executables.hpp
[2.643s] -- Up-to-date: /home/ferre/brick/BRICK-WEBots/install/vizanti_msgs/include/vizanti_msgs/vizanti_msgs/srv/record_rosbag.hpp
[2.643s] -- Up-to-date: /home/ferre/brick/BRICK-WEBots/install/vizanti_msgs/include/vizanti_msgs/vizanti_msgs/srv/manage_node.hpp
[2.643s] -- Up-to-date: /home/ferre/brick/BRICK-WEBots/install/vizanti_msgs/include/vizanti_msgs/vizanti_msgs/srv/list_packages.hpp
[2.643s] -- Up-to-date: /home/ferre/brick/BRICK-WEBots/install/vizanti_msgs/include/vizanti_msgs/vizanti_msgs/srv/set_node_parameter.hpp
[2.643s] -- Up-to-date: /home/ferre/brick/BRICK-WEBots/install/vizanti_msgs/include/vizanti_msgs/vizanti_msgs/srv/load_map.hpp
[2.643s] -- Up-to-date: /home/ferre/brick/BRICK-WEBots/install/vizanti_msgs/include/vizanti_msgs/vizanti_msgs/srv/get_node_parameters.hpp
[2.643s] -- Up-to-date: /home/ferre/brick/BRICK-WEBots/install/vizanti_msgs/include/vizanti_msgs/vizanti_msgs/srv/save_map.hpp
[2.643s] -- Up-to-date: /home/ferre/brick/BRICK-WEBots/install/vizanti_msgs/include/vizanti_msgs/vizanti_msgs/srv/detail
[2.643s] -- Up-to-date: /home/ferre/brick/BRICK-WEBots/install/vizanti_msgs/include/vizanti_msgs/vizanti_msgs/srv/detail/manage_node__builder.hpp
[2.643s] -- Up-to-date: /home/ferre/brick/BRICK-WEBots/install/vizanti_msgs/include/vizanti_msgs/vizanti_msgs/srv/detail/save_map__struct.hpp
[2.643s] -- Up-to-date: /home/ferre/brick/BRICK-WEBots/install/vizanti_msgs/include/vizanti_msgs/vizanti_msgs/srv/detail/load_map__builder.hpp
[2.644s] -- Up-to-date: /home/ferre/brick/BRICK-WEBots/install/vizanti_msgs/include/vizanti_msgs/vizanti_msgs/srv/detail/set_node_parameter__builder.hpp
[2.644s] -- Up-to-date: /home/ferre/brick/BRICK-WEBots/install/vizanti_msgs/include/vizanti_msgs/vizanti_msgs/srv/detail/set_node_parameter__struct.hpp
[2.644s] -- Up-to-date: /home/ferre/brick/BRICK-WEBots/install/vizanti_msgs/include/vizanti_msgs/vizanti_msgs/srv/detail/list_packages__builder.hpp
[2.644s] -- Up-to-date: /home/ferre/brick/BRICK-WEBots/install/vizanti_msgs/include/vizanti_msgs/vizanti_msgs/srv/detail/record_rosbag__struct.hpp
[2.644s] -- Up-to-date: /home/ferre/brick/BRICK-WEBots/install/vizanti_msgs/include/vizanti_msgs/vizanti_msgs/srv/detail/record_rosbag__traits.hpp
[2.644s] -- Up-to-date: /home/ferre/brick/BRICK-WEBots/install/vizanti_msgs/include/vizanti_msgs/vizanti_msgs/srv/detail/save_map__traits.hpp
[2.644s] -- Up-to-date: /home/ferre/brick/BRICK-WEBots/install/vizanti_msgs/include/vizanti_msgs/vizanti_msgs/srv/detail/get_node_parameters__struct.hpp
[2.644s] -- Up-to-date: /home/ferre/brick/BRICK-WEBots/install/vizanti_msgs/include/vizanti_msgs/vizanti_msgs/srv/detail/get_node_parameters__traits.hpp
[2.644s] -- Up-to-date: /home/ferre/brick/BRICK-WEBots/install/vizanti_msgs/include/vizanti_msgs/vizanti_msgs/srv/detail/list_executables__traits.hpp
[2.645s] -- Up-to-date: /home/ferre/brick/BRICK-WEBots/install/vizanti_msgs/include/vizanti_msgs/vizanti_msgs/srv/detail/list_packages__traits.hpp
[2.645s] -- Up-to-date: /home/ferre/brick/BRICK-WEBots/install/vizanti_msgs/include/vizanti_msgs/vizanti_msgs/srv/detail/list_executables__struct.hpp
[2.645s] -- Up-to-date: /home/ferre/brick/BRICK-WEBots/install/vizanti_msgs/include/vizanti_msgs/vizanti_msgs/srv/detail/record_rosbag__builder.hpp
[2.645s] -- Up-to-date: /home/ferre/brick/BRICK-WEBots/install/vizanti_msgs/include/vizanti_msgs/vizanti_msgs/srv/detail/manage_node__traits.hpp
[2.645s] -- Up-to-date: /home/ferre/brick/BRICK-WEBots/install/vizanti_msgs/include/vizanti_msgs/vizanti_msgs/srv/detail/load_map__traits.hpp
[2.645s] -- Up-to-date: /home/ferre/brick/BRICK-WEBots/install/vizanti_msgs/include/vizanti_msgs/vizanti_msgs/srv/detail/get_node_parameters__builder.hpp
[2.645s] -- Up-to-date: /home/ferre/brick/BRICK-WEBots/install/vizanti_msgs/include/vizanti_msgs/vizanti_msgs/srv/detail/list_packages__struct.hpp
[2.645s] -- Up-to-date: /home/ferre/brick/BRICK-WEBots/install/vizanti_msgs/include/vizanti_msgs/vizanti_msgs/srv/detail/manage_node__struct.hpp
[2.645s] -- Up-to-date: /home/ferre/brick/BRICK-WEBots/install/vizanti_msgs/include/vizanti_msgs/vizanti_msgs/srv/detail/set_node_parameter__traits.hpp
[2.645s] -- Up-to-date: /home/ferre/brick/BRICK-WEBots/install/vizanti_msgs/include/vizanti_msgs/vizanti_msgs/srv/detail/list_executables__builder.hpp
[2.645s] -- Up-to-date: /home/ferre/brick/BRICK-WEBots/install/vizanti_msgs/include/vizanti_msgs/vizanti_msgs/srv/detail/save_map__builder.hpp
[2.646s] -- Up-to-date: /home/ferre/brick/BRICK-WEBots/install/vizanti_msgs/include/vizanti_msgs/vizanti_msgs/srv/detail/load_map__struct.hpp
[2.646s] -- Up-to-date: /home/ferre/brick/BRICK-WEBots/install/vizanti_msgs/include/vizanti_msgs/vizanti_msgs
[2.646s] -- Up-to-date: /home/ferre/brick/BRICK-WEBots/install/vizanti_msgs/include/vizanti_msgs/vizanti_msgs/srv
[2.646s] -- Up-to-date: /home/ferre/brick/BRICK-WEBots/install/vizanti_msgs/include/vizanti_msgs/vizanti_msgs/srv/detail
[2.646s] -- Up-to-date: /home/ferre/brick/BRICK-WEBots/install/vizanti_msgs/include/vizanti_msgs/vizanti_msgs/srv/detail/manage_node__rosidl_typesupport_fastrtps_cpp.hpp
[2.646s] -- Up-to-date: /home/ferre/brick/BRICK-WEBots/install/vizanti_msgs/include/vizanti_msgs/vizanti_msgs/srv/detail/dds_fastrtps
[2.646s] -- Up-to-date: /home/ferre/brick/BRICK-WEBots/install/vizanti_msgs/include/vizanti_msgs/vizanti_msgs/srv/detail/get_node_parameters__rosidl_typesupport_fastrtps_cpp.hpp
[2.646s] -- Up-to-date: /home/ferre/brick/BRICK-WEBots/install/vizanti_msgs/include/vizanti_msgs/vizanti_msgs/srv/detail/list_executables__rosidl_typesupport_fastrtps_cpp.hpp
[2.646s] -- Up-to-date: /home/ferre/brick/BRICK-WEBots/install/vizanti_msgs/include/vizanti_msgs/vizanti_msgs/srv/detail/list_packages__rosidl_typesupport_fastrtps_cpp.hpp
[2.646s] -- Up-to-date: /home/ferre/brick/BRICK-WEBots/install/vizanti_msgs/include/vizanti_msgs/vizanti_msgs/srv/detail/save_map__rosidl_typesupport_fastrtps_cpp.hpp
[2.646s] -- Up-to-date: /home/ferre/brick/BRICK-WEBots/install/vizanti_msgs/include/vizanti_msgs/vizanti_msgs/srv/detail/set_node_parameter__rosidl_typesupport_fastrtps_cpp.hpp
[2.646s] -- Up-to-date: /home/ferre/brick/BRICK-WEBots/install/vizanti_msgs/include/vizanti_msgs/vizanti_msgs/srv/detail/load_map__rosidl_typesupport_fastrtps_cpp.hpp
[2.646s] -- Up-to-date: /home/ferre/brick/BRICK-WEBots/install/vizanti_msgs/include/vizanti_msgs/vizanti_msgs/srv/detail/record_rosbag__rosidl_typesupport_fastrtps_cpp.hpp
[2.647s] -- Up-to-date: /home/ferre/brick/BRICK-WEBots/install/vizanti_msgs/include/vizanti_msgs/vizanti_msgs/msg
[2.647s] -- Up-to-date: /home/ferre/brick/BRICK-WEBots/install/vizanti_msgs/include/vizanti_msgs/vizanti_msgs/msg/rosidl_typesupport_fastrtps_cpp__visibility_control.h
[2.647s] -- Up-to-date: /home/ferre/brick/BRICK-WEBots/install/vizanti_msgs/lib/libvizanti_msgs__rosidl_typesupport_fastrtps_cpp.so
[2.647s] -- Up-to-date: /home/ferre/brick/BRICK-WEBots/install/vizanti_msgs/include/vizanti_msgs/vizanti_msgs
[2.647s] -- Up-to-date: /home/ferre/brick/BRICK-WEBots/install/vizanti_msgs/include/vizanti_msgs/vizanti_msgs/srv
[2.647s] -- Up-to-date: /home/ferre/brick/BRICK-WEBots/install/vizanti_msgs/include/vizanti_msgs/vizanti_msgs/srv/detail
[2.647s] -- Up-to-date: /home/ferre/brick/BRICK-WEBots/install/vizanti_msgs/include/vizanti_msgs/vizanti_msgs/srv/detail/list_executables__rosidl_typesupport_introspection_cpp.hpp
[2.647s] -- Up-to-date: /home/ferre/brick/BRICK-WEBots/install/vizanti_msgs/include/vizanti_msgs/vizanti_msgs/srv/detail/load_map__rosidl_typesupport_introspection_cpp.hpp
[2.647s] -- Up-to-date: /home/ferre/brick/BRICK-WEBots/install/vizanti_msgs/include/vizanti_msgs/vizanti_msgs/srv/detail/manage_node__rosidl_typesupport_introspection_cpp.hpp
[2.647s] -- Up-to-date: /home/ferre/brick/BRICK-WEBots/install/vizanti_msgs/include/vizanti_msgs/vizanti_msgs/srv/detail/list_executables__type_support.cpp
[2.647s] -- Up-to-date: /home/ferre/brick/BRICK-WEBots/install/vizanti_msgs/include/vizanti_msgs/vizanti_msgs/srv/detail/set_node_parameter__type_support.cpp
[2.647s] -- Up-to-date: /home/ferre/brick/BRICK-WEBots/install/vizanti_msgs/include/vizanti_msgs/vizanti_msgs/srv/detail/list_packages__type_support.cpp
[2.647s] -- Up-to-date: /home/ferre/brick/BRICK-WEBots/install/vizanti_msgs/include/vizanti_msgs/vizanti_msgs/srv/detail/list_packages__rosidl_typesupport_introspection_cpp.hpp
[2.648s] -- Up-to-date: /home/ferre/brick/BRICK-WEBots/install/vizanti_msgs/include/vizanti_msgs/vizanti_msgs/srv/detail/save_map__type_support.cpp
[2.648s] -- Up-to-date: /home/ferre/brick/BRICK-WEBots/install/vizanti_msgs/include/vizanti_msgs/vizanti_msgs/srv/detail/record_rosbag__rosidl_typesupport_introspection_cpp.hpp
[2.648s] -- Up-to-date: /home/ferre/brick/BRICK-WEBots/install/vizanti_msgs/include/vizanti_msgs/vizanti_msgs/srv/detail/get_node_parameters__rosidl_typesupport_introspection_cpp.hpp
[2.648s] -- Up-to-date: /home/ferre/brick/BRICK-WEBots/install/vizanti_msgs/include/vizanti_msgs/vizanti_msgs/srv/detail/load_map__type_support.cpp
[2.648s] -- Up-to-date: /home/ferre/brick/BRICK-WEBots/install/vizanti_msgs/include/vizanti_msgs/vizanti_msgs/srv/detail/manage_node__type_support.cpp
[2.648s] -- Up-to-date: /home/ferre/brick/BRICK-WEBots/install/vizanti_msgs/include/vizanti_msgs/vizanti_msgs/srv/detail/save_map__rosidl_typesupport_introspection_cpp.hpp
[2.648s] -- Up-to-date: /home/ferre/brick/BRICK-WEBots/install/vizanti_msgs/include/vizanti_msgs/vizanti_msgs/srv/detail/get_node_parameters__type_support.cpp
[2.648s] -- Up-to-date: /home/ferre/brick/BRICK-WEBots/install/vizanti_msgs/include/vizanti_msgs/vizanti_msgs/srv/detail/record_rosbag__type_support.cpp
[2.648s] -- Up-to-date: /home/ferre/brick/BRICK-WEBots/install/vizanti_msgs/include/vizanti_msgs/vizanti_msgs/srv/detail/set_node_parameter__rosidl_typesupport_introspection_cpp.hpp
[2.648s] -- Up-to-date: /home/ferre/brick/BRICK-WEBots/install/vizanti_msgs/lib/libvizanti_msgs__rosidl_typesupport_introspection_cpp.so
[2.649s] -- Up-to-date: /home/ferre/brick/BRICK-WEBots/install/vizanti_msgs/lib/libvizanti_msgs__rosidl_typesupport_cpp.so
[2.649s] -- Up-to-date: /home/ferre/brick/BRICK-WEBots/install/vizanti_msgs/share/vizanti_msgs/environment/pythonpath.sh
[2.649s] -- Up-to-date: /home/ferre/brick/BRICK-WEBots/install/vizanti_msgs/share/vizanti_msgs/environment/pythonpath.dsv
[2.649s] -- Up-to-date: /home/ferre/brick/BRICK-WEBots/install/vizanti_msgs/lib/python3.10/site-packages/vizanti_msgs-0.1.0-py3.10.egg-info
[2.649s] -- Installing: /home/ferre/brick/BRICK-WEBots/install/vizanti_msgs/lib/python3.10/site-packages/vizanti_msgs-0.1.0-py3.10.egg-info/dependency_links.txt
[2.649s] -- Installing: /home/ferre/brick/BRICK-WEBots/install/vizanti_msgs/lib/python3.10/site-packages/vizanti_msgs-0.1.0-py3.10.egg-info/SOURCES.txt
[2.650s] -- Installing: /home/ferre/brick/BRICK-WEBots/install/vizanti_msgs/lib/python3.10/site-packages/vizanti_msgs-0.1.0-py3.10.egg-info/top_level.txt
[2.650s] -- Installing: /home/ferre/brick/BRICK-WEBots/install/vizanti_msgs/lib/python3.10/site-packages/vizanti_msgs-0.1.0-py3.10.egg-info/PKG-INFO
[2.650s] -- Up-to-date: /home/ferre/brick/BRICK-WEBots/install/vizanti_msgs/lib/python3.10/site-packages/vizanti_msgs
[2.650s] -- Up-to-date: /home/ferre/brick/BRICK-WEBots/install/vizanti_msgs/lib/python3.10/site-packages/vizanti_msgs/srv
[2.650s] -- Up-to-date: /home/ferre/brick/BRICK-WEBots/install/vizanti_msgs/lib/python3.10/site-packages/vizanti_msgs/srv/_set_node_parameter.py
[2.650s] -- Up-to-date: /home/ferre/brick/BRICK-WEBots/install/vizanti_msgs/lib/python3.10/site-packages/vizanti_msgs/srv/_record_rosbag_s.c
[2.650s] -- Up-to-date: /home/ferre/brick/BRICK-WEBots/install/vizanti_msgs/lib/python3.10/site-packages/vizanti_msgs/srv/_record_rosbag.py
[2.651s] -- Up-to-date: /home/ferre/brick/BRICK-WEBots/install/vizanti_msgs/lib/python3.10/site-packages/vizanti_msgs/srv/_load_map.py
[2.651s] -- Up-to-date: /home/ferre/brick/BRICK-WEBots/install/vizanti_msgs/lib/python3.10/site-packages/vizanti_msgs/srv/_save_map.py
[2.651s] -- Up-to-date: /home/ferre/brick/BRICK-WEBots/install/vizanti_msgs/lib/python3.10/site-packages/vizanti_msgs/srv/_get_node_parameters.py
[2.651s] -- Up-to-date: /home/ferre/brick/BRICK-WEBots/install/vizanti_msgs/lib/python3.10/site-packages/vizanti_msgs/srv/_list_executables_s.c
[2.651s] -- Up-to-date: /home/ferre/brick/BRICK-WEBots/install/vizanti_msgs/lib/python3.10/site-packages/vizanti_msgs/srv/_get_node_parameters_s.c
[2.651s] -- Up-to-date: /home/ferre/brick/BRICK-WEBots/install/vizanti_msgs/lib/python3.10/site-packages/vizanti_msgs/srv/_manage_node.py
[2.651s] -- Up-to-date: /home/ferre/brick/BRICK-WEBots/install/vizanti_msgs/lib/python3.10/site-packages/vizanti_msgs/srv/_list_packages.py
[2.651s] -- Up-to-date: /home/ferre/brick/BRICK-WEBots/install/vizanti_msgs/lib/python3.10/site-packages/vizanti_msgs/srv/_list_packages_s.c
[2.651s] -- Up-to-date: /home/ferre/brick/BRICK-WEBots/install/vizanti_msgs/lib/python3.10/site-packages/vizanti_msgs/srv/_set_node_parameter_s.c
[2.651s] -- Up-to-date: /home/ferre/brick/BRICK-WEBots/install/vizanti_msgs/lib/python3.10/site-packages/vizanti_msgs/srv/_list_executables.py
[2.651s] -- Up-to-date: /home/ferre/brick/BRICK-WEBots/install/vizanti_msgs/lib/python3.10/site-packages/vizanti_msgs/srv/_load_map_s.c
[2.651s] -- Up-to-date: /home/ferre/brick/BRICK-WEBots/install/vizanti_msgs/lib/python3.10/site-packages/vizanti_msgs/srv/__init__.py
[2.651s] -- Up-to-date: /home/ferre/brick/BRICK-WEBots/install/vizanti_msgs/lib/python3.10/site-packages/vizanti_msgs/srv/_manage_node_s.c
[2.651s] -- Up-to-date: /home/ferre/brick/BRICK-WEBots/install/vizanti_msgs/lib/python3.10/site-packages/vizanti_msgs/srv/_save_map_s.c
[2.652s] -- Up-to-date: /home/ferre/brick/BRICK-WEBots/install/vizanti_msgs/lib/python3.10/site-packages/vizanti_msgs/libvizanti_msgs__rosidl_generator_py.so
[2.652s] -- Up-to-date: /home/ferre/brick/BRICK-WEBots/install/vizanti_msgs/lib/python3.10/site-packages/vizanti_msgs/vizanti_msgs_s__rosidl_typesupport_c.cpython-310-x86_64-linux-gnu.so
[2.652s] -- Up-to-date: /home/ferre/brick/BRICK-WEBots/install/vizanti_msgs/lib/python3.10/site-packages/vizanti_msgs/_vizanti_msgs_s.ep.rosidl_typesupport_introspection_c.c
[2.652s] -- Up-to-date: /home/ferre/brick/BRICK-WEBots/install/vizanti_msgs/lib/python3.10/site-packages/vizanti_msgs/vizanti_msgs_s__rosidl_typesupport_introspection_c.cpython-310-x86_64-linux-gnu.so
[2.652s] -- Up-to-date: /home/ferre/brick/BRICK-WEBots/install/vizanti_msgs/lib/python3.10/site-packages/vizanti_msgs/vizanti_msgs_s__rosidl_typesupport_fastrtps_c.cpython-310-x86_64-linux-gnu.so
[2.652s] -- Up-to-date: /home/ferre/brick/BRICK-WEBots/install/vizanti_msgs/lib/python3.10/site-packages/vizanti_msgs/_vizanti_msgs_s.ep.rosidl_typesupport_c.c
[2.652s] -- Up-to-date: /home/ferre/brick/BRICK-WEBots/install/vizanti_msgs/lib/python3.10/site-packages/vizanti_msgs/_vizanti_msgs_s.ep.rosidl_typesupport_fastrtps_c.c
[2.652s] -- Installing: /home/ferre/brick/BRICK-WEBots/install/vizanti_msgs/lib/python3.10/site-packages/vizanti_msgs/__init__.py
[2.684s] Listing '/home/ferre/brick/BRICK-WEBots/install/vizanti_msgs/lib/python3.10/site-packages/vizanti_msgs'...
[2.685s] Compiling '/home/ferre/brick/BRICK-WEBots/install/vizanti_msgs/lib/python3.10/site-packages/vizanti_msgs/__init__.py'...
[2.685s] Listing '/home/ferre/brick/BRICK-WEBots/install/vizanti_msgs/lib/python3.10/site-packages/vizanti_msgs/srv'...
[2.691s] -- Up-to-date: /home/ferre/brick/BRICK-WEBots/install/vizanti_msgs/lib/python3.10/site-packages/vizanti_msgs/vizanti_msgs_s__rosidl_typesupport_fastrtps_c.cpython-310-x86_64-linux-gnu.so
[2.692s] -- Up-to-date: /home/ferre/brick/BRICK-WEBots/install/vizanti_msgs/lib/python3.10/site-packages/vizanti_msgs/vizanti_msgs_s__rosidl_typesupport_introspection_c.cpython-310-x86_64-linux-gnu.so
[2.692s] -- Up-to-date: /home/ferre/brick/BRICK-WEBots/install/vizanti_msgs/lib/python3.10/site-packages/vizanti_msgs/vizanti_msgs_s__rosidl_typesupport_c.cpython-310-x86_64-linux-gnu.so
[2.694s] -- Up-to-date: /home/ferre/brick/BRICK-WEBots/install/vizanti_msgs/lib/libvizanti_msgs__rosidl_generator_py.so
[2.694s] -- Up-to-date: /home/ferre/brick/BRICK-WEBots/install/vizanti_msgs/share/vizanti_msgs/srv/GetNodeParameters.idl
[2.694s] -- Up-to-date: /home/ferre/brick/BRICK-WEBots/install/vizanti_msgs/share/vizanti_msgs/srv/SetNodeParameter.idl
[2.694s] -- Up-to-date: /home/ferre/brick/BRICK-WEBots/install/vizanti_msgs/share/vizanti_msgs/srv/SaveMap.idl
[2.694s] -- Up-to-date: /home/ferre/brick/BRICK-WEBots/install/vizanti_msgs/share/vizanti_msgs/srv/LoadMap.idl
[2.694s] -- Up-to-date: /home/ferre/brick/BRICK-WEBots/install/vizanti_msgs/share/vizanti_msgs/srv/RecordRosbag.idl
[2.694s] -- Up-to-date: /home/ferre/brick/BRICK-WEBots/install/vizanti_msgs/share/vizanti_msgs/srv/ManageNode.idl
[2.694s] -- Up-to-date: /home/ferre/brick/BRICK-WEBots/install/vizanti_msgs/share/vizanti_msgs/srv/ListPackages.idl
[2.694s] -- Up-to-date: /home/ferre/brick/BRICK-WEBots/install/vizanti_msgs/share/vizanti_msgs/srv/ListExecutables.idl
[2.695s] -- Up-to-date: /home/ferre/brick/BRICK-WEBots/install/vizanti_msgs/share/vizanti_msgs/srv/GetNodeParameters.srv
[2.695s] -- Up-to-date: /home/ferre/brick/BRICK-WEBots/install/vizanti_msgs/share/vizanti_msgs/srv/GetNodeParameters_Request.msg
[2.695s] -- Up-to-date: /home/ferre/brick/BRICK-WEBots/install/vizanti_msgs/share/vizanti_msgs/srv/GetNodeParameters_Response.msg
[2.695s] -- Up-to-date: /home/ferre/brick/BRICK-WEBots/install/vizanti_msgs/share/vizanti_msgs/srv/SetNodeParameter.srv
[2.695s] -- Up-to-date: /home/ferre/brick/BRICK-WEBots/install/vizanti_msgs/share/vizanti_msgs/srv/SetNodeParameter_Request.msg
[2.695s] -- Up-to-date: /home/ferre/brick/BRICK-WEBots/install/vizanti_msgs/share/vizanti_msgs/srv/SetNodeParameter_Response.msg
[2.695s] -- Up-to-date: /home/ferre/brick/BRICK-WEBots/install/vizanti_msgs/share/vizanti_msgs/srv/SaveMap.srv
[2.695s] -- Up-to-date: /home/ferre/brick/BRICK-WEBots/install/vizanti_msgs/share/vizanti_msgs/srv/SaveMap_Request.msg
[2.695s] -- Up-to-date: /home/ferre/brick/BRICK-WEBots/install/vizanti_msgs/share/vizanti_msgs/srv/SaveMap_Response.msg
[2.695s] -- Up-to-date: /home/ferre/brick/BRICK-WEBots/install/vizanti_msgs/share/vizanti_msgs/srv/LoadMap.srv
[2.695s] -- Up-to-date: /home/ferre/brick/BRICK-WEBots/install/vizanti_msgs/share/vizanti_msgs/srv/LoadMap_Request.msg
[2.695s] -- Up-to-date: /home/ferre/brick/BRICK-WEBots/install/vizanti_msgs/share/vizanti_msgs/srv/LoadMap_Response.msg
[2.696s] -- Up-to-date: /home/ferre/brick/BRICK-WEBots/install/vizanti_msgs/share/vizanti_msgs/srv/RecordRosbag.srv
[2.696s] -- Up-to-date: /home/ferre/brick/BRICK-WEBots/install/vizanti_msgs/share/vizanti_msgs/srv/RecordRosbag_Request.msg
[2.696s] -- Up-to-date: /home/ferre/brick/BRICK-WEBots/install/vizanti_msgs/share/vizanti_msgs/srv/RecordRosbag_Response.msg
[2.696s] -- Up-to-date: /home/ferre/brick/BRICK-WEBots/install/vizanti_msgs/share/vizanti_msgs/srv/ManageNode.srv
[2.696s] -- Up-to-date: /home/ferre/brick/BRICK-WEBots/install/vizanti_msgs/share/vizanti_msgs/srv/ManageNode_Request.msg
[2.696s] -- Up-to-date: /home/ferre/brick/BRICK-WEBots/install/vizanti_msgs/share/vizanti_msgs/srv/ManageNode_Response.msg
[2.696s] -- Up-to-date: /home/ferre/brick/BRICK-WEBots/install/vizanti_msgs/share/vizanti_msgs/srv/ListPackages.srv
[2.696s] -- Up-to-date: /home/ferre/brick/BRICK-WEBots/install/vizanti_msgs/share/vizanti_msgs/srv/ListPackages_Request.msg
[2.696s] -- Up-to-date: /home/ferre/brick/BRICK-WEBots/install/vizanti_msgs/share/vizanti_msgs/srv/ListPackages_Response.msg
[2.696s] -- Up-to-date: /home/ferre/brick/BRICK-WEBots/install/vizanti_msgs/share/vizanti_msgs/srv/ListExecutables.srv
[2.696s] -- Up-to-date: /home/ferre/brick/BRICK-WEBots/install/vizanti_msgs/share/vizanti_msgs/srv/ListExecutables_Request.msg
[2.696s] -- Up-to-date: /home/ferre/brick/BRICK-WEBots/install/vizanti_msgs/share/vizanti_msgs/srv/ListExecutables_Response.msg
[2.697s] -- Up-to-date: /home/ferre/brick/BRICK-WEBots/install/vizanti_msgs/share/ament_index/resource_index/package_run_dependencies/vizanti_msgs
[2.697s] -- Installing: /home/ferre/brick/BRICK-WEBots/install/vizanti_msgs/share/ament_index/resource_index/parent_prefix_path/vizanti_msgs
[2.697s] -- Up-to-date: /home/ferre/brick/BRICK-WEBots/install/vizanti_msgs/share/vizanti_msgs/environment/ament_prefix_path.sh
[2.697s] -- Up-to-date: /home/ferre/brick/BRICK-WEBots/install/vizanti_msgs/share/vizanti_msgs/environment/ament_prefix_path.dsv
[2.697s] -- Up-to-date: /home/ferre/brick/BRICK-WEBots/install/vizanti_msgs/share/vizanti_msgs/environment/path.sh
[2.697s] -- Up-to-date: /home/ferre/brick/BRICK-WEBots/install/vizanti_msgs/share/vizanti_msgs/environment/path.dsv
[2.697s] -- Up-to-date: /home/ferre/brick/BRICK-WEBots/install/vizanti_msgs/share/vizanti_msgs/local_setup.bash
[2.697s] -- Up-to-date: /home/ferre/brick/BRICK-WEBots/install/vizanti_msgs/share/vizanti_msgs/local_setup.sh
[2.697s] -- Up-to-date: /home/ferre/brick/BRICK-WEBots/install/vizanti_msgs/share/vizanti_msgs/local_setup.zsh
[2.697s] -- Up-to-date: /home/ferre/brick/BRICK-WEBots/install/vizanti_msgs/share/vizanti_msgs/local_setup.dsv
[2.697s] -- Installing: /home/ferre/brick/BRICK-WEBots/install/vizanti_msgs/share/vizanti_msgs/package.dsv
[2.698s] -- Up-to-date: /home/ferre/brick/BRICK-WEBots/install/vizanti_msgs/share/ament_index/resource_index/packages/vizanti_msgs
[2.698s] -- Up-to-date: /home/ferre/brick/BRICK-WEBots/install/vizanti_msgs/share/vizanti_msgs/cmake/export_vizanti_msgs__rosidl_generator_cExport.cmake
[2.698s] -- Up-to-date: /home/ferre/brick/BRICK-WEBots/install/vizanti_msgs/share/vizanti_msgs/cmake/export_vizanti_msgs__rosidl_generator_cExport-noconfig.cmake
[2.698s] -- Up-to-date: /home/ferre/brick/BRICK-WEBots/install/vizanti_msgs/share/vizanti_msgs/cmake/export_vizanti_msgs__rosidl_typesupport_fastrtps_cExport.cmake
[2.698s] -- Up-to-date: /home/ferre/brick/BRICK-WEBots/install/vizanti_msgs/share/vizanti_msgs/cmake/export_vizanti_msgs__rosidl_typesupport_fastrtps_cExport-noconfig.cmake
[2.698s] -- Up-to-date: /home/ferre/brick/BRICK-WEBots/install/vizanti_msgs/share/vizanti_msgs/cmake/vizanti_msgs__rosidl_typesupport_introspection_cExport.cmake
[2.698s] -- Up-to-date: /home/ferre/brick/BRICK-WEBots/install/vizanti_msgs/share/vizanti_msgs/cmake/vizanti_msgs__rosidl_typesupport_introspection_cExport-noconfig.cmake
[2.699s] -- Up-to-date: /home/ferre/brick/BRICK-WEBots/install/vizanti_msgs/share/vizanti_msgs/cmake/vizanti_msgs__rosidl_typesupport_cExport.cmake
[2.699s] -- Up-to-date: /home/ferre/brick/BRICK-WEBots/install/vizanti_msgs/share/vizanti_msgs/cmake/vizanti_msgs__rosidl_typesupport_cExport-noconfig.cmake
[2.699s] -- Up-to-date: /home/ferre/brick/BRICK-WEBots/install/vizanti_msgs/share/vizanti_msgs/cmake/export_vizanti_msgs__rosidl_generator_cppExport.cmake
[2.699s] -- Up-to-date: /home/ferre/brick/BRICK-WEBots/install/vizanti_msgs/share/vizanti_msgs/cmake/export_vizanti_msgs__rosidl_typesupport_fastrtps_cppExport.cmake
[2.699s] -- Up-to-date: /home/ferre/brick/BRICK-WEBots/install/vizanti_msgs/share/vizanti_msgs/cmake/export_vizanti_msgs__rosidl_typesupport_fastrtps_cppExport-noconfig.cmake
[2.700s] -- Up-to-date: /home/ferre/brick/BRICK-WEBots/install/vizanti_msgs/share/vizanti_msgs/cmake/vizanti_msgs__rosidl_typesupport_introspection_cppExport.cmake
[2.700s] -- Up-to-date: /home/ferre/brick/BRICK-WEBots/install/vizanti_msgs/share/vizanti_msgs/cmake/vizanti_msgs__rosidl_typesupport_introspection_cppExport-noconfig.cmake
[2.700s] -- Up-to-date: /home/ferre/brick/BRICK-WEBots/install/vizanti_msgs/share/vizanti_msgs/cmake/vizanti_msgs__rosidl_typesupport_cppExport.cmake
[2.700s] -- Up-to-date: /home/ferre/brick/BRICK-WEBots/install/vizanti_msgs/share/vizanti_msgs/cmake/vizanti_msgs__rosidl_typesupport_cppExport-noconfig.cmake
[2.700s] -- Up-to-date: /home/ferre/brick/BRICK-WEBots/install/vizanti_msgs/share/vizanti_msgs/cmake/export_vizanti_msgs__rosidl_generator_pyExport.cmake
[2.700s] -- Up-to-date: /home/ferre/brick/BRICK-WEBots/install/vizanti_msgs/share/vizanti_msgs/cmake/export_vizanti_msgs__rosidl_generator_pyExport-noconfig.cmake
[2.700s] -- Up-to-date: /home/ferre/brick/BRICK-WEBots/install/vizanti_msgs/share/vizanti_msgs/cmake/rosidl_cmake-extras.cmake
[2.701s] -- Up-to-date: /home/ferre/brick/BRICK-WEBots/install/vizanti_msgs/share/vizanti_msgs/cmake/ament_cmake_export_dependencies-extras.cmake
[2.701s] -- Up-to-date: /home/ferre/brick/BRICK-WEBots/install/vizanti_msgs/share/vizanti_msgs/cmake/ament_cmake_export_include_directories-extras.cmake
[2.701s] -- Up-to-date: /home/ferre/brick/BRICK-WEBots/install/vizanti_msgs/share/vizanti_msgs/cmake/ament_cmake_export_libraries-extras.cmake
[2.701s] -- Up-to-date: /home/ferre/brick/BRICK-WEBots/install/vizanti_msgs/share/vizanti_msgs/cmake/ament_cmake_export_targets-extras.cmake
[2.701s] -- Up-to-date: /home/ferre/brick/BRICK-WEBots/install/vizanti_msgs/share/vizanti_msgs/cmake/rosidl_cmake_export_typesupport_targets-extras.cmake
[2.701s] -- Up-to-date: /home/ferre/brick/BRICK-WEBots/install/vizanti_msgs/share/vizanti_msgs/cmake/rosidl_cmake_export_typesupport_libraries-extras.cmake
[2.701s] -- Up-to-date: /home/ferre/brick/BRICK-WEBots/install/vizanti_msgs/share/vizanti_msgs/cmake/vizanti_msgsConfig.cmake
[2.701s] -- Up-to-date: /home/ferre/brick/BRICK-WEBots/install/vizanti_msgs/share/vizanti_msgs/cmake/vizanti_msgsConfig-version.cmake
[2.702s] -- Up-to-date: /home/ferre/brick/BRICK-WEBots/install/vizanti_msgs/share/vizanti_msgs/package.xml
[2.705s] Invoked command in '/home/ferre/brick/BRICK-WEBots/build/vizanti_msgs' returned '0': CMAKE_PREFIX_PATH=/opt/ros/iron /usr/bin/cmake --install /home/ferre/brick/BRICK-WEBots/build/vizanti_msgs
