[0.466s] Invoking command in '/home/seppe/Documents/Bachelor3/BRICK-WEBots/ros2-webots-v2': PYTHONPATH=/home/seppe/Documents/Bachelor3/BRICK-WEBots/ros2-webots-v2/build/ros2-webots-v2/prefix_override:/home/seppe/Documents/Bachelor3/BRICK-WEBots/ros2-webots-v2/install/ros2-webots-v2/lib/python3.10/site-packages:${PYTHONPATH} /usr/bin/python3 -W ignore:setup.py install is deprecated setup.py egg_info --egg-base build/ros2-webots-v2 build --build-base /home/seppe/Documents/Bachelor3/BRICK-WEBots/ros2-webots-v2/build/ros2-webots-v2/build install --record /home/seppe/Documents/Bachelor3/BRICK-WEBots/ros2-webots-v2/build/ros2-webots-v2/install.log --single-version-externally-managed install_data
[0.611s] running egg_info
[0.611s] creating build/ros2-webots-v2/ros2_webots_v2.egg-info
[0.611s] writing build/ros2-webots-v2/ros2_webots_v2.egg-info/PKG-INFO
[0.612s] writing dependency_links to build/ros2-webots-v2/ros2_webots_v2.egg-info/dependency_links.txt
[0.612s] writing entry points to build/ros2-webots-v2/ros2_webots_v2.egg-info/entry_points.txt
[0.612s] writing requirements to build/ros2-webots-v2/ros2_webots_v2.egg-info/requires.txt
[0.612s] writing top-level names to build/ros2-webots-v2/ros2_webots_v2.egg-info/top_level.txt
[0.612s] writing manifest file 'build/ros2-webots-v2/ros2_webots_v2.egg-info/SOURCES.txt'
[0.613s] reading manifest file 'build/ros2-webots-v2/ros2_webots_v2.egg-info/SOURCES.txt'
[0.613s] adding license file 'LICENSE'
[0.613s] writing manifest file 'build/ros2-webots-v2/ros2_webots_v2.egg-info/SOURCES.txt'
[0.614s] running build
[0.614s] running build_py
[0.614s] creating /home/seppe/Documents/Bachelor3/BRICK-WEBots/ros2-webots-v2/build/ros2-webots-v2/build
[0.614s] creating /home/seppe/Documents/Bachelor3/BRICK-WEBots/ros2-webots-v2/build/ros2-webots-v2/build/lib
[0.614s] creating /home/seppe/Documents/Bachelor3/BRICK-WEBots/ros2-webots-v2/build/ros2-webots-v2/build/lib/ros2-webots-v2
[0.614s] copying ros2-webots-v2/brick_driver.py -> /home/seppe/Documents/Bachelor3/BRICK-WEBots/ros2-webots-v2/build/ros2-webots-v2/build/lib/ros2-webots-v2
[0.614s] copying ros2-webots-v2/__init__.py -> /home/seppe/Documents/Bachelor3/BRICK-WEBots/ros2-webots-v2/build/ros2-webots-v2/build/lib/ros2-webots-v2
[0.614s] running install
[0.614s] running install_lib
[0.615s] creating /home/seppe/Documents/Bachelor3/BRICK-WEBots/ros2-webots-v2/install/ros2-webots-v2/lib/python3.10/site-packages/ros2-webots-v2
[0.615s] copying /home/seppe/Documents/Bachelor3/BRICK-WEBots/ros2-webots-v2/build/ros2-webots-v2/build/lib/ros2-webots-v2/brick_driver.py -> /home/seppe/Documents/Bachelor3/BRICK-WEBots/ros2-webots-v2/install/ros2-webots-v2/lib/python3.10/site-packages/ros2-webots-v2
[0.615s] copying /home/seppe/Documents/Bachelor3/BRICK-WEBots/ros2-webots-v2/build/ros2-webots-v2/build/lib/ros2-webots-v2/__init__.py -> /home/seppe/Documents/Bachelor3/BRICK-WEBots/ros2-webots-v2/install/ros2-webots-v2/lib/python3.10/site-packages/ros2-webots-v2
[0.615s] byte-compiling /home/seppe/Documents/Bachelor3/BRICK-WEBots/ros2-webots-v2/install/ros2-webots-v2/lib/python3.10/site-packages/ros2-webots-v2/brick_driver.py to brick_driver.cpython-310.pyc
[0.615s] byte-compiling /home/seppe/Documents/Bachelor3/BRICK-WEBots/ros2-webots-v2/install/ros2-webots-v2/lib/python3.10/site-packages/ros2-webots-v2/__init__.py to __init__.cpython-310.pyc
[0.615s] running install_data
[0.615s] creating /home/seppe/Documents/Bachelor3/BRICK-WEBots/ros2-webots-v2/install/ros2-webots-v2/share/ament_index
[0.615s] creating /home/seppe/Documents/Bachelor3/BRICK-WEBots/ros2-webots-v2/install/ros2-webots-v2/share/ament_index/resource_index
[0.615s] creating /home/seppe/Documents/Bachelor3/BRICK-WEBots/ros2-webots-v2/install/ros2-webots-v2/share/ament_index/resource_index/packages
[0.615s] error: can't copy 'resource/ros2-webots-v2': doesn't exist or not a regular file
[0.629s] Invoked command in '/home/seppe/Documents/Bachelor3/BRICK-WEBots/ros2-webots-v2' returned '1': PYTHONPATH=/home/seppe/Documents/Bachelor3/BRICK-WEBots/ros2-webots-v2/build/ros2-webots-v2/prefix_override:/home/seppe/Documents/Bachelor3/BRICK-WEBots/ros2-webots-v2/install/ros2-webots-v2/lib/python3.10/site-packages:${PYTHONPATH} /usr/bin/python3 -W ignore:setup.py install is deprecated setup.py egg_info --egg-base build/ros2-webots-v2 build --build-base /home/seppe/Documents/Bachelor3/BRICK-WEBots/ros2-webots-v2/build/ros2-webots-v2/build install --record /home/seppe/Documents/Bachelor3/BRICK-WEBots/ros2-webots-v2/build/ros2-webots-v2/install.log --single-version-externally-managed install_data
