running egg_info
writing build/ros2-webots-v2/ros2_webots_v2.egg-info/PKG-INFO
writing dependency_links to build/ros2-webots-v2/ros2_webots_v2.egg-info/dependency_links.txt
writing entry points to build/ros2-webots-v2/ros2_webots_v2.egg-info/entry_points.txt
writing requirements to build/ros2-webots-v2/ros2_webots_v2.egg-info/requires.txt
writing top-level names to build/ros2-webots-v2/ros2_webots_v2.egg-info/top_level.txt
reading manifest file 'build/ros2-webots-v2/ros2_webots_v2.egg-info/SOURCES.txt'
adding license file 'LICENSE'
writing manifest file 'build/ros2-webots-v2/ros2_webots_v2.egg-info/SOURCES.txt'
running build
running build_py
running install
running install_lib
running install_data
copying resource/ros2-webots-v2 -> /home/seppe/Documents/Bachelor3/BRICK-WEBots/ros2-webots-v2/install/ros2-webots-v2/share/ament_index/resource_index/packages
creating /home/seppe/Documents/Bachelor3/BRICK-WEBots/ros2-webots-v2/install/ros2-webots-v2/share/ros2-webots-v2/launch
copying launch/robot_launch.py -> /home/seppe/Documents/Bachelor3/BRICK-WEBots/ros2-webots-v2/install/ros2-webots-v2/share/ros2-webots-v2/launch
copying launch/robot_bringup_launch.py -> /home/seppe/Documents/Bachelor3/BRICK-WEBots/ros2-webots-v2/install/ros2-webots-v2/share/ros2-webots-v2/launch
creating /home/seppe/Documents/Bachelor3/BRICK-WEBots/ros2-webots-v2/install/ros2-webots-v2/share/ros2-webots-v2/resource
copying resource/brick_webots.urdf -> /home/seppe/Documents/Bachelor3/BRICK-WEBots/ros2-webots-v2/install/ros2-webots-v2/share/ros2-webots-v2/resource
copying resource/brick_bringup_webots.urdf -> /home/seppe/Documents/Bachelor3/BRICK-WEBots/ros2-webots-v2/install/ros2-webots-v2/share/ros2-webots-v2/resource
copying resource/ros2_control.yml -> /home/seppe/Documents/Bachelor3/BRICK-WEBots/ros2-webots-v2/install/ros2-webots-v2/share/ros2-webots-v2/resource
copying resource/ros2_control_bringup.yml -> /home/seppe/Documents/Bachelor3/BRICK-WEBots/ros2-webots-v2/install/ros2-webots-v2/share/ros2-webots-v2/resource
copying resource/nav2_params.yaml -> /home/seppe/Documents/Bachelor3/BRICK-WEBots/ros2-webots-v2/install/ros2-webots-v2/share/ros2-webots-v2/resource
copying resource/nav2_params_iron.yaml -> /home/seppe/Documents/Bachelor3/BRICK-WEBots/ros2-webots-v2/install/ros2-webots-v2/share/ros2-webots-v2/resource
copying resource/default.rviz -> /home/seppe/Documents/Bachelor3/BRICK-WEBots/ros2-webots-v2/install/ros2-webots-v2/share/ros2-webots-v2/resource
copying resource/default_bringup.rviz -> /home/seppe/Documents/Bachelor3/BRICK-WEBots/ros2-webots-v2/install/ros2-webots-v2/share/ros2-webots-v2/resource
