[0.029s] Invoking command in '/home/ferre/brick/BRICK-WEBots/build/vizanti_cpp': /usr/bin/cmake --build /home/ferre/brick/BRICK-WEBots/build/vizanti_cpp -- -j12 -l12
[0.150s] [100%] Built target tf_consolidator
[0.472s] Invoked command in '/home/ferre/brick/BRICK-WEBots/build/vizanti_cpp' returned '0': /usr/bin/cmake --build /home/ferre/brick/BRICK-WEBots/build/vizanti_cpp -- -j12 -l12
[0.536s] Invoking command in '/home/ferre/brick/BRICK-WEBots/build/vizanti_cpp': /usr/bin/cmake --install /home/ferre/brick/BRICK-WEBots/build/vizanti_cpp
[0.549s] -- Install configuration: ""
[0.549s] -- Up-to-date: /home/ferre/brick/BRICK-WEBots/install/vizanti_cpp/lib/vizanti_cpp/tf_consolidator
[0.549s] -- Up-to-date: /home/ferre/brick/BRICK-WEBots/install/vizanti_cpp/share/ament_index/resource_index/package_run_dependencies/vizanti_cpp
[0.550s] -- Up-to-date: /home/ferre/brick/BRICK-WEBots/install/vizanti_cpp/share/ament_index/resource_index/parent_prefix_path/vizanti_cpp
[0.550s] -- Up-to-date: /home/ferre/brick/BRICK-WEBots/install/vizanti_cpp/share/vizanti_cpp/environment/ament_prefix_path.sh
[0.550s] -- Up-to-date: /home/ferre/brick/BRICK-WEBots/install/vizanti_cpp/share/vizanti_cpp/environment/ament_prefix_path.dsv
[0.550s] -- Up-to-date: /home/ferre/brick/BRICK-WEBots/install/vizanti_cpp/share/vizanti_cpp/environment/path.sh
[0.551s] -- Up-to-date: /home/ferre/brick/BRICK-WEBots/install/vizanti_cpp/share/vizanti_cpp/environment/path.dsv
[0.551s] -- Up-to-date: /home/ferre/brick/BRICK-WEBots/install/vizanti_cpp/share/vizanti_cpp/local_setup.bash
[0.551s] -- Up-to-date: /home/ferre/brick/BRICK-WEBots/install/vizanti_cpp/share/vizanti_cpp/local_setup.sh
[0.552s] -- Up-to-date: /home/ferre/brick/BRICK-WEBots/install/vizanti_cpp/share/vizanti_cpp/local_setup.zsh
[0.552s] -- Up-to-date: /home/ferre/brick/BRICK-WEBots/install/vizanti_cpp/share/vizanti_cpp/local_setup.dsv
[0.552s] -- Installing: /home/ferre/brick/BRICK-WEBots/install/vizanti_cpp/share/vizanti_cpp/package.dsv
[0.552s] -- Up-to-date: /home/ferre/brick/BRICK-WEBots/install/vizanti_cpp/share/ament_index/resource_index/packages/vizanti_cpp
[0.552s] -- Up-to-date: /home/ferre/brick/BRICK-WEBots/install/vizanti_cpp/share/vizanti_cpp/cmake/vizanti_cppConfig.cmake
[0.552s] -- Up-to-date: /home/ferre/brick/BRICK-WEBots/install/vizanti_cpp/share/vizanti_cpp/cmake/vizanti_cppConfig-version.cmake
[0.552s] -- Up-to-date: /home/ferre/brick/BRICK-WEBots/install/vizanti_cpp/share/vizanti_cpp/package.xml
[0.556s] Invoked command in '/home/ferre/brick/BRICK-WEBots/build/vizanti_cpp' returned '0': /usr/bin/cmake --install /home/ferre/brick/BRICK-WEBots/build/vizanti_cpp
