[0.935s] Invoking command in '/home/ferre/brick/BRICK-WEBots/webots_ros2_brick': PYTHONPATH=/home/ferre/brick/BRICK-WEBots/webots_ros2_brick/build/webots_ros2_brick/prefix_override:/home/ferre/brick/BRICK-WEBots/webots_ros2_brick/install/webots_ros2_brick/lib/python3.10/site-packages:${PYTHONPATH} /usr/bin/python3 -W ignore:setup.py install is deprecated setup.py egg_info --egg-base build/webots_ros2_brick build --build-base /home/ferre/brick/BRICK-WEBots/webots_ros2_brick/build/webots_ros2_brick/build install --record /home/ferre/brick/BRICK-WEBots/webots_ros2_brick/build/webots_ros2_brick/install.log --single-version-externally-managed install_data
[1.256s] running egg_info
[1.257s] writing build/webots_ros2_brick/webots_ros2_brick.egg-info/PKG-INFO
[1.257s] writing dependency_links to build/webots_ros2_brick/webots_ros2_brick.egg-info/dependency_links.txt
[1.257s] writing entry points to build/webots_ros2_brick/webots_ros2_brick.egg-info/entry_points.txt
[1.257s] writing requirements to build/webots_ros2_brick/webots_ros2_brick.egg-info/requires.txt
[1.257s] writing top-level names to build/webots_ros2_brick/webots_ros2_brick.egg-info/top_level.txt
[1.260s] reading manifest file 'build/webots_ros2_brick/webots_ros2_brick.egg-info/SOURCES.txt'
[1.260s] adding license file 'LICENSE'
[1.261s] writing manifest file 'build/webots_ros2_brick/webots_ros2_brick.egg-info/SOURCES.txt'
[1.262s] running build
[1.262s] running build_py
[1.262s] copying webots_ros2_brick/navigation.py -> /home/ferre/brick/BRICK-WEBots/webots_ros2_brick/build/webots_ros2_brick/build/lib/webots_ros2_brick
[1.262s] running install
[1.262s] running install_lib
[1.263s] copying /home/ferre/brick/BRICK-WEBots/webots_ros2_brick/build/webots_ros2_brick/build/lib/webots_ros2_brick/navigation.py -> /home/ferre/brick/BRICK-WEBots/webots_ros2_brick/install/webots_ros2_brick/lib/python3.10/site-packages/webots_ros2_brick
[1.264s] byte-compiling /home/ferre/brick/BRICK-WEBots/webots_ros2_brick/install/webots_ros2_brick/lib/python3.10/site-packages/webots_ros2_brick/navigation.py to navigation.cpython-310.pyc
[1.265s] running install_data
[1.266s] running install_egg_info
[1.268s] removing '/home/ferre/brick/BRICK-WEBots/webots_ros2_brick/install/webots_ros2_brick/lib/python3.10/site-packages/webots_ros2_brick-0.0.0-py3.10.egg-info' (and everything under it)
[1.268s] Copying build/webots_ros2_brick/webots_ros2_brick.egg-info to /home/ferre/brick/BRICK-WEBots/webots_ros2_brick/install/webots_ros2_brick/lib/python3.10/site-packages/webots_ros2_brick-0.0.0-py3.10.egg-info
[1.270s] running install_scripts
[1.294s] Installing mqtt_handler script to /home/ferre/brick/BRICK-WEBots/webots_ros2_brick/install/webots_ros2_brick/lib/webots_ros2_brick
[1.294s] Installing navigator script to /home/ferre/brick/BRICK-WEBots/webots_ros2_brick/install/webots_ros2_brick/lib/webots_ros2_brick
[1.294s] writing list of installed files to '/home/ferre/brick/BRICK-WEBots/webots_ros2_brick/build/webots_ros2_brick/install.log'
[1.328s] Invoked command in '/home/ferre/brick/BRICK-WEBots/webots_ros2_brick' returned '0': PYTHONPATH=/home/ferre/brick/BRICK-WEBots/webots_ros2_brick/build/webots_ros2_brick/prefix_override:/home/ferre/brick/BRICK-WEBots/webots_ros2_brick/install/webots_ros2_brick/lib/python3.10/site-packages:${PYTHONPATH} /usr/bin/python3 -W ignore:setup.py install is deprecated setup.py egg_info --egg-base build/webots_ros2_brick build --build-base /home/ferre/brick/BRICK-WEBots/webots_ros2_brick/build/webots_ros2_brick/build install --record /home/ferre/brick/BRICK-WEBots/webots_ros2_brick/build/webots_ros2_brick/install.log --single-version-externally-managed install_data
