running egg_info
writing build/ros2-webots-v2/ros2_webots_v2.egg-info/PKG-INFO
writing dependency_links to build/ros2-webots-v2/ros2_webots_v2.egg-info/dependency_links.txt
writing entry points to build/ros2-webots-v2/ros2_webots_v2.egg-info/entry_points.txt
writing requirements to build/ros2-webots-v2/ros2_webots_v2.egg-info/requires.txt
writing top-level names to build/ros2-webots-v2/ros2_webots_v2.egg-info/top_level.txt
reading manifest file 'build/ros2-webots-v2/ros2_webots_v2.egg-info/SOURCES.txt'
adding license file 'LICENSE'
writing manifest file 'build/ros2-webots-v2/ros2_webots_v2.egg-info/SOURCES.txt'
running build
running build_py
running install
running install_lib
running install_data
copying resource/ros2_control.yml -> /home/seppe/Documents/Bachelor3/BRICK-WEBots/ros2-webots-v2/install/ros2-webots-v2/share/ros2-webots-v2/resource
running install_egg_info
removing '/home/seppe/Documents/Bachelor3/BRICK-WEBots/ros2-webots-v2/install/ros2-webots-v2/lib/python3.10/site-packages/ros2_webots_v2-0.0.0-py3.10.egg-info' (and everything under it)
Copying build/ros2-webots-v2/ros2_webots_v2.egg-info to /home/seppe/Documents/Bachelor3/BRICK-WEBots/ros2-webots-v2/install/ros2-webots-v2/lib/python3.10/site-packages/ros2_webots_v2-0.0.0-py3.10.egg-info
running install_scripts
writing list of installed files to '/home/seppe/Documents/Bachelor3/BRICK-WEBots/ros2-webots-v2/build/ros2-webots-v2/install.log'
