[0.611s] Invoking command in '/home/ferre/webots_ros2_brick': PYTHONPATH=/home/ferre/webots_ros2_brick/build/webots_ros2_brick/prefix_override:/home/ferre/webots_ros2_brick/install/webots_ros2_brick/lib/python3.10/site-packages:${PYTHONPATH} /usr/bin/python3 -W ignore:setup.py install is deprecated setup.py egg_info --egg-base build/webots_ros2_brick build --build-base /home/ferre/webots_ros2_brick/build/webots_ros2_brick/build install --record /home/ferre/webots_ros2_brick/build/webots_ros2_brick/install.log --single-version-externally-managed install_data
[0.838s] running egg_info
[0.839s] writing build/webots_ros2_brick/webots_ros2_brick.egg-info/PKG-INFO
[0.839s] writing dependency_links to build/webots_ros2_brick/webots_ros2_brick.egg-info/dependency_links.txt
[0.839s] writing entry points to build/webots_ros2_brick/webots_ros2_brick.egg-info/entry_points.txt
[0.839s] writing requirements to build/webots_ros2_brick/webots_ros2_brick.egg-info/requires.txt
[0.840s] writing top-level names to build/webots_ros2_brick/webots_ros2_brick.egg-info/top_level.txt
[0.842s] reading manifest file 'build/webots_ros2_brick/webots_ros2_brick.egg-info/SOURCES.txt'
[0.842s] adding license file 'LICENSE'
[0.843s] writing manifest file 'build/webots_ros2_brick/webots_ros2_brick.egg-info/SOURCES.txt'
[0.843s] running build
[0.843s] running build_py
[0.844s] running install
[0.844s] running install_lib
[0.846s] running install_data
[0.846s] copying launch/robot_launch.py -> /home/ferre/webots_ros2_brick/install/webots_ros2_brick/share/webots_ros2_brick/launch
[0.847s] running install_egg_info
[0.849s] removing '/home/ferre/webots_ros2_brick/install/webots_ros2_brick/lib/python3.10/site-packages/webots_ros2_brick-0.0.0-py3.10.egg-info' (and everything under it)
[0.850s] Copying build/webots_ros2_brick/webots_ros2_brick.egg-info to /home/ferre/webots_ros2_brick/install/webots_ros2_brick/lib/python3.10/site-packages/webots_ros2_brick-0.0.0-py3.10.egg-info
[0.850s] running install_scripts
[0.868s] Installing my_robot_driver script to /home/ferre/webots_ros2_brick/install/webots_ros2_brick/lib/webots_ros2_brick
[0.868s] writing list of installed files to '/home/ferre/webots_ros2_brick/build/webots_ros2_brick/install.log'
[0.901s] Invoked command in '/home/ferre/webots_ros2_brick' returned '0': PYTHONPATH=/home/ferre/webots_ros2_brick/build/webots_ros2_brick/prefix_override:/home/ferre/webots_ros2_brick/install/webots_ros2_brick/lib/python3.10/site-packages:${PYTHONPATH} /usr/bin/python3 -W ignore:setup.py install is deprecated setup.py egg_info --egg-base build/webots_ros2_brick build --build-base /home/ferre/webots_ros2_brick/build/webots_ros2_brick/build install --record /home/ferre/webots_ros2_brick/build/webots_ros2_brick/install.log --single-version-externally-managed install_data
