/home/ferre/webots_ros2_brick/install/webots_ros2_brick/lib/python3.10/site-packages/webots_ros2_brick/obstacle_avoider.py
/home/ferre/webots_ros2_brick/install/webots_ros2_brick/lib/python3.10/site-packages/webots_ros2_brick/Brick_driver.py
/home/ferre/webots_ros2_brick/install/webots_ros2_brick/lib/python3.10/site-packages/webots_ros2_brick/__init__.py
/home/ferre/webots_ros2_brick/install/webots_ros2_brick/lib/python3.10/site-packages/webots_ros2_brick/__pycache__/obstacle_avoider.cpython-310.pyc
/home/ferre/webots_ros2_brick/install/webots_ros2_brick/lib/python3.10/site-packages/webots_ros2_brick/__pycache__/Brick_driver.cpython-310.pyc
/home/ferre/webots_ros2_brick/install/webots_ros2_brick/lib/python3.10/site-packages/webots_ros2_brick/__pycache__/__init__.cpython-310.pyc
/home/ferre/webots_ros2_brick/install/webots_ros2_brick/share/ament_index/resource_index/packages/webots_ros2_brick
/home/ferre/webots_ros2_brick/install/webots_ros2_brick/share/webots_ros2_brick/launch/robot_launch.py
/home/ferre/webots_ros2_brick/install/webots_ros2_brick/share/webots_ros2_brick/worlds/test_environment.wbt
/home/ferre/webots_ros2_brick/install/webots_ros2_brick/share/webots_ros2_brick/resource/brick.urdf
/home/ferre/webots_ros2_brick/install/webots_ros2_brick/share/webots_ros2_brick/package.xml
/home/ferre/webots_ros2_brick/install/webots_ros2_brick/share/webots_ros2_brick/protos/BRICK.proto
/home/ferre/webots_ros2_brick/install/webots_ros2_brick/share/webots_ros2_brick/protos/Hoap2.proto
/home/ferre/webots_ros2_brick/install/webots_ros2_brick/share/webots_ros2_brick/metal.jpg
/home/ferre/webots_ros2_brick/install/webots_ros2_brick/share/webots_ros2_brick/texture.jpg
/home/ferre/webots_ros2_brick/install/webots_ros2_brick/lib/python3.10/site-packages/webots_ros2_brick-0.0.0-py3.10.egg-info/dependency_links.txt
/home/ferre/webots_ros2_brick/install/webots_ros2_brick/lib/python3.10/site-packages/webots_ros2_brick-0.0.0-py3.10.egg-info/SOURCES.txt
/home/ferre/webots_ros2_brick/install/webots_ros2_brick/lib/python3.10/site-packages/webots_ros2_brick-0.0.0-py3.10.egg-info/top_level.txt
/home/ferre/webots_ros2_brick/install/webots_ros2_brick/lib/python3.10/site-packages/webots_ros2_brick-0.0.0-py3.10.egg-info/PKG-INFO
/home/ferre/webots_ros2_brick/install/webots_ros2_brick/lib/python3.10/site-packages/webots_ros2_brick-0.0.0-py3.10.egg-info/zip-safe
/home/ferre/webots_ros2_brick/install/webots_ros2_brick/lib/python3.10/site-packages/webots_ros2_brick-0.0.0-py3.10.egg-info/requires.txt
/home/ferre/webots_ros2_brick/install/webots_ros2_brick/lib/python3.10/site-packages/webots_ros2_brick-0.0.0-py3.10.egg-info/entry_points.txt
/home/ferre/webots_ros2_brick/install/webots_ros2_brick/lib/webots_ros2_brick/my_robot_driver
