[0.021s] Invoking command in '/home/ferre/brick/BRICK-WEBots/build/vizanti_cpp': CMAKE_PREFIX_PATH=${CMAKE_PREFIX_PATH}:/home/ferre/brick/BRICK-WEBots/install/webots_ros2_brick:/home/ferre/brick/BRICK-WEBots/install/ros2-webots-v2:/opt/ros/iron /usr/bin/cmake --build /home/ferre/brick/BRICK-WEBots/build/vizanti_cpp -- -j12 -l12
[0.087s] [100%] Built target tf_consolidator
[0.296s] Invoked command in '/home/ferre/brick/BRICK-WEBots/build/vizanti_cpp' returned '0': CMAKE_PREFIX_PATH=${CMAKE_PREFIX_PATH}:/home/ferre/brick/BRICK-WEBots/install/webots_ros2_brick:/home/ferre/brick/BRICK-WEBots/install/ros2-webots-v2:/opt/ros/iron /usr/bin/cmake --build /home/ferre/brick/BRICK-WEBots/build/vizanti_cpp -- -j12 -l12
[0.354s] Invoking command in '/home/ferre/brick/BRICK-WEBots/build/vizanti_cpp': CMAKE_PREFIX_PATH=${CMAKE_PREFIX_PATH}:/home/ferre/brick/BRICK-WEBots/install/webots_ros2_brick:/home/ferre/brick/BRICK-WEBots/install/ros2-webots-v2:/opt/ros/iron /usr/bin/cmake --install /home/ferre/brick/BRICK-WEBots/build/vizanti_cpp
[0.365s] -- Install configuration: ""
[0.365s] -- Up-to-date: /home/ferre/brick/BRICK-WEBots/install/vizanti_cpp/lib/vizanti_cpp/tf_consolidator
[0.365s] -- Up-to-date: /home/ferre/brick/BRICK-WEBots/install/vizanti_cpp/share/ament_index/resource_index/package_run_dependencies/vizanti_cpp
[0.366s] -- Up-to-date: /home/ferre/brick/BRICK-WEBots/install/vizanti_cpp/share/ament_index/resource_index/parent_prefix_path/vizanti_cpp
[0.366s] -- Up-to-date: /home/ferre/brick/BRICK-WEBots/install/vizanti_cpp/share/vizanti_cpp/environment/ament_prefix_path.sh
[0.366s] -- Up-to-date: /home/ferre/brick/BRICK-WEBots/install/vizanti_cpp/share/vizanti_cpp/environment/ament_prefix_path.dsv
[0.366s] -- Up-to-date: /home/ferre/brick/BRICK-WEBots/install/vizanti_cpp/share/vizanti_cpp/environment/path.sh
[0.366s] -- Up-to-date: /home/ferre/brick/BRICK-WEBots/install/vizanti_cpp/share/vizanti_cpp/environment/path.dsv
[0.366s] -- Up-to-date: /home/ferre/brick/BRICK-WEBots/install/vizanti_cpp/share/vizanti_cpp/local_setup.bash
[0.366s] -- Up-to-date: /home/ferre/brick/BRICK-WEBots/install/vizanti_cpp/share/vizanti_cpp/local_setup.sh
[0.367s] -- Up-to-date: /home/ferre/brick/BRICK-WEBots/install/vizanti_cpp/share/vizanti_cpp/local_setup.zsh
[0.367s] -- Up-to-date: /home/ferre/brick/BRICK-WEBots/install/vizanti_cpp/share/vizanti_cpp/local_setup.dsv
[0.367s] -- Installing: /home/ferre/brick/BRICK-WEBots/install/vizanti_cpp/share/vizanti_cpp/package.dsv
[0.367s] -- Up-to-date: /home/ferre/brick/BRICK-WEBots/install/vizanti_cpp/share/ament_index/resource_index/packages/vizanti_cpp
[0.367s] -- Up-to-date: /home/ferre/brick/BRICK-WEBots/install/vizanti_cpp/share/vizanti_cpp/cmake/vizanti_cppConfig.cmake
[0.367s] -- Up-to-date: /home/ferre/brick/BRICK-WEBots/install/vizanti_cpp/share/vizanti_cpp/cmake/vizanti_cppConfig-version.cmake
[0.367s] -- Up-to-date: /home/ferre/brick/BRICK-WEBots/install/vizanti_cpp/share/vizanti_cpp/package.xml
[0.370s] Invoked command in '/home/ferre/brick/BRICK-WEBots/build/vizanti_cpp' returned '0': CMAKE_PREFIX_PATH=${CMAKE_PREFIX_PATH}:/home/ferre/brick/BRICK-WEBots/install/webots_ros2_brick:/home/ferre/brick/BRICK-WEBots/install/ros2-webots-v2:/opt/ros/iron /usr/bin/cmake --install /home/ferre/brick/BRICK-WEBots/build/vizanti_cpp
