[0.108s] DEBUG:colcon:Command line arguments: ['/usr/bin/colcon', 'build']
[0.108s] DEBUG:colcon:Parsed command line arguments: Namespace(log_base=None, log_level=None, verb_name='build', build_base='build', install_base='install', merge_install=False, symlink_install=False, test_result_base=None, continue_on_error=False, executor='parallel', parallel_workers=12, event_handlers=None, ignore_user_meta=False, metas=['./colcon.meta'], base_paths=['.'], packages_ignore=None, packages_ignore_regex=None, paths=None, packages_up_to=None, packages_up_to_regex=None, packages_above=None, packages_above_and_dependencies=None, packages_above_depth=None, packages_select_by_dep=None, packages_skip_by_dep=None, packages_skip_up_to=None, packages_select_build_failed=False, packages_skip_build_finished=False, packages_select_test_failures=False, packages_skip_test_passed=False, packages_select=None, packages_skip=None, packages_select_regex=None, packages_skip_regex=None, packages_start=None, packages_end=None, allow_overriding=[], cmake_args=None, cmake_target=None, cmake_target_skip_unavailable=False, cmake_clean_cache=False, cmake_clean_first=False, cmake_force_configure=False, ament_cmake_args=None, catkin_cmake_args=None, catkin_skip_building_tests=False, mixin_files=None, mixin=None, verb_parser=<colcon_mixin.mixin.mixin_argument.MixinArgumentDecorator object at 0x770baa63bc40>, verb_extension=<colcon_core.verb.build.BuildVerb object at 0x770baa77c370>, main=<bound method BuildVerb.main of <colcon_core.verb.build.BuildVerb object at 0x770baa77c370>>, mixin_verb=('build',))
[0.288s] Level 1:colcon.colcon_core.package_discovery:discover_packages(colcon_meta) check parameters
[0.288s] Level 1:colcon.colcon_core.package_discovery:discover_packages(recursive) check parameters
[0.288s] Level 1:colcon.colcon_core.package_discovery:discover_packages(ignore) check parameters
[0.288s] Level 1:colcon.colcon_core.package_discovery:discover_packages(path) check parameters
[0.288s] Level 1:colcon.colcon_core.package_discovery:discover_packages(colcon_meta) discover
[0.288s] Level 1:colcon.colcon_core.package_discovery:discover_packages(recursive) discover
[0.288s] INFO:colcon.colcon_core.package_discovery:Crawling recursively for packages in '/home/ferre/brick/BRICK-WEBots'
[0.288s] Level 1:colcon.colcon_core.package_identification:_identify(.) by extensions ['ignore', 'ignore_ament_install']
[0.288s] Level 1:colcon.colcon_core.package_identification:_identify(.) by extension 'ignore'
[0.288s] Level 1:colcon.colcon_core.package_identification:_identify(.) by extension 'ignore_ament_install'
[0.288s] Level 1:colcon.colcon_core.package_identification:_identify(.) by extensions ['colcon_pkg']
[0.288s] Level 1:colcon.colcon_core.package_identification:_identify(.) by extension 'colcon_pkg'
[0.288s] Level 1:colcon.colcon_core.package_identification:_identify(.) by extensions ['colcon_meta']
[0.288s] Level 1:colcon.colcon_core.package_identification:_identify(.) by extension 'colcon_meta'
[0.288s] Level 1:colcon.colcon_core.package_identification:_identify(.) by extensions ['ros']
[0.288s] Level 1:colcon.colcon_core.package_identification:_identify(.) by extension 'ros'
[0.299s] Level 1:colcon.colcon_core.package_identification:_identify(.) by extensions ['cmake', 'python']
[0.299s] Level 1:colcon.colcon_core.package_identification:_identify(.) by extension 'cmake'
[0.299s] Level 1:colcon.colcon_core.package_identification:_identify(.) by extension 'python'
[0.299s] Level 1:colcon.colcon_core.package_identification:_identify(.) by extensions ['python_setup_py']
[0.299s] Level 1:colcon.colcon_core.package_identification:_identify(.) by extension 'python_setup_py'
[0.300s] Level 1:colcon.colcon_core.package_identification:_identify(build) by extensions ['ignore', 'ignore_ament_install']
[0.300s] Level 1:colcon.colcon_core.package_identification:_identify(build) by extension 'ignore'
[0.300s] Level 1:colcon.colcon_core.package_identification:_identify(build) ignored
[0.300s] Level 1:colcon.colcon_core.package_identification:_identify(designSheet) by extensions ['ignore', 'ignore_ament_install']
[0.300s] Level 1:colcon.colcon_core.package_identification:_identify(designSheet) by extension 'ignore'
[0.300s] Level 1:colcon.colcon_core.package_identification:_identify(designSheet) by extension 'ignore_ament_install'
[0.300s] Level 1:colcon.colcon_core.package_identification:_identify(designSheet) by extensions ['colcon_pkg']
[0.300s] Level 1:colcon.colcon_core.package_identification:_identify(designSheet) by extension 'colcon_pkg'
[0.300s] Level 1:colcon.colcon_core.package_identification:_identify(designSheet) by extensions ['colcon_meta']
[0.300s] Level 1:colcon.colcon_core.package_identification:_identify(designSheet) by extension 'colcon_meta'
[0.300s] Level 1:colcon.colcon_core.package_identification:_identify(designSheet) by extensions ['ros']
[0.300s] Level 1:colcon.colcon_core.package_identification:_identify(designSheet) by extension 'ros'
[0.300s] Level 1:colcon.colcon_core.package_identification:_identify(designSheet) by extensions ['cmake', 'python']
[0.300s] Level 1:colcon.colcon_core.package_identification:_identify(designSheet) by extension 'cmake'
[0.300s] Level 1:colcon.colcon_core.package_identification:_identify(designSheet) by extension 'python'
[0.300s] Level 1:colcon.colcon_core.package_identification:_identify(designSheet) by extensions ['python_setup_py']
[0.300s] Level 1:colcon.colcon_core.package_identification:_identify(designSheet) by extension 'python_setup_py'
[0.301s] Level 1:colcon.colcon_core.package_identification:_identify(install) by extensions ['ignore', 'ignore_ament_install']
[0.301s] Level 1:colcon.colcon_core.package_identification:_identify(install) by extension 'ignore'
[0.301s] Level 1:colcon.colcon_core.package_identification:_identify(install) ignored
[0.301s] Level 1:colcon.colcon_core.package_identification:_identify(log) by extensions ['ignore', 'ignore_ament_install']
[0.301s] Level 1:colcon.colcon_core.package_identification:_identify(log) by extension 'ignore'
[0.301s] Level 1:colcon.colcon_core.package_identification:_identify(log) ignored
[0.301s] Level 1:colcon.colcon_core.package_identification:_identify(photos) by extensions ['ignore', 'ignore_ament_install']
[0.301s] Level 1:colcon.colcon_core.package_identification:_identify(photos) by extension 'ignore'
[0.301s] Level 1:colcon.colcon_core.package_identification:_identify(photos) by extension 'ignore_ament_install'
[0.301s] Level 1:colcon.colcon_core.package_identification:_identify(photos) by extensions ['colcon_pkg']
[0.301s] Level 1:colcon.colcon_core.package_identification:_identify(photos) by extension 'colcon_pkg'
[0.301s] Level 1:colcon.colcon_core.package_identification:_identify(photos) by extensions ['colcon_meta']
[0.301s] Level 1:colcon.colcon_core.package_identification:_identify(photos) by extension 'colcon_meta'
[0.301s] Level 1:colcon.colcon_core.package_identification:_identify(photos) by extensions ['ros']
[0.301s] Level 1:colcon.colcon_core.package_identification:_identify(photos) by extension 'ros'
[0.301s] Level 1:colcon.colcon_core.package_identification:_identify(photos) by extensions ['cmake', 'python']
[0.302s] Level 1:colcon.colcon_core.package_identification:_identify(photos) by extension 'cmake'
[0.302s] Level 1:colcon.colcon_core.package_identification:_identify(photos) by extension 'python'
[0.302s] Level 1:colcon.colcon_core.package_identification:_identify(photos) by extensions ['python_setup_py']
[0.302s] Level 1:colcon.colcon_core.package_identification:_identify(photos) by extension 'python_setup_py'
[0.302s] Level 1:colcon.colcon_core.package_identification:_identify(server) by extensions ['ignore', 'ignore_ament_install']
[0.302s] Level 1:colcon.colcon_core.package_identification:_identify(server) by extension 'ignore'
[0.302s] Level 1:colcon.colcon_core.package_identification:_identify(server) by extension 'ignore_ament_install'
[0.302s] Level 1:colcon.colcon_core.package_identification:_identify(server) by extensions ['colcon_pkg']
[0.302s] Level 1:colcon.colcon_core.package_identification:_identify(server) by extension 'colcon_pkg'
[0.302s] Level 1:colcon.colcon_core.package_identification:_identify(server) by extensions ['colcon_meta']
[0.302s] Level 1:colcon.colcon_core.package_identification:_identify(server) by extension 'colcon_meta'
[0.302s] Level 1:colcon.colcon_core.package_identification:_identify(server) by extensions ['ros']
[0.302s] Level 1:colcon.colcon_core.package_identification:_identify(server) by extension 'ros'
[0.302s] Level 1:colcon.colcon_core.package_identification:_identify(server) by extensions ['cmake', 'python']
[0.302s] Level 1:colcon.colcon_core.package_identification:_identify(server) by extension 'cmake'
[0.302s] Level 1:colcon.colcon_core.package_identification:_identify(server) by extension 'python'
[0.302s] Level 1:colcon.colcon_core.package_identification:_identify(server) by extensions ['python_setup_py']
[0.302s] Level 1:colcon.colcon_core.package_identification:_identify(server) by extension 'python_setup_py'
[0.302s] Level 1:colcon.colcon_core.package_identification:_identify(server/static) by extensions ['ignore', 'ignore_ament_install']
[0.302s] Level 1:colcon.colcon_core.package_identification:_identify(server/static) by extension 'ignore'
[0.302s] Level 1:colcon.colcon_core.package_identification:_identify(server/static) by extension 'ignore_ament_install'
[0.303s] Level 1:colcon.colcon_core.package_identification:_identify(server/static) by extensions ['colcon_pkg']
[0.303s] Level 1:colcon.colcon_core.package_identification:_identify(server/static) by extension 'colcon_pkg'
[0.303s] Level 1:colcon.colcon_core.package_identification:_identify(server/static) by extensions ['colcon_meta']
[0.303s] Level 1:colcon.colcon_core.package_identification:_identify(server/static) by extension 'colcon_meta'
[0.303s] Level 1:colcon.colcon_core.package_identification:_identify(server/static) by extensions ['ros']
[0.303s] Level 1:colcon.colcon_core.package_identification:_identify(server/static) by extension 'ros'
[0.303s] Level 1:colcon.colcon_core.package_identification:_identify(server/static) by extensions ['cmake', 'python']
[0.303s] Level 1:colcon.colcon_core.package_identification:_identify(server/static) by extension 'cmake'
[0.303s] Level 1:colcon.colcon_core.package_identification:_identify(server/static) by extension 'python'
[0.303s] Level 1:colcon.colcon_core.package_identification:_identify(server/static) by extensions ['python_setup_py']
[0.303s] Level 1:colcon.colcon_core.package_identification:_identify(server/static) by extension 'python_setup_py'
[0.303s] Level 1:colcon.colcon_core.package_identification:_identify(server/static/css) by extensions ['ignore', 'ignore_ament_install']
[0.303s] Level 1:colcon.colcon_core.package_identification:_identify(server/static/css) by extension 'ignore'
[0.303s] Level 1:colcon.colcon_core.package_identification:_identify(server/static/css) by extension 'ignore_ament_install'
[0.303s] Level 1:colcon.colcon_core.package_identification:_identify(server/static/css) by extensions ['colcon_pkg']
[0.303s] Level 1:colcon.colcon_core.package_identification:_identify(server/static/css) by extension 'colcon_pkg'
[0.303s] Level 1:colcon.colcon_core.package_identification:_identify(server/static/css) by extensions ['colcon_meta']
[0.303s] Level 1:colcon.colcon_core.package_identification:_identify(server/static/css) by extension 'colcon_meta'
[0.303s] Level 1:colcon.colcon_core.package_identification:_identify(server/static/css) by extensions ['ros']
[0.303s] Level 1:colcon.colcon_core.package_identification:_identify(server/static/css) by extension 'ros'
[0.303s] Level 1:colcon.colcon_core.package_identification:_identify(server/static/css) by extensions ['cmake', 'python']
[0.303s] Level 1:colcon.colcon_core.package_identification:_identify(server/static/css) by extension 'cmake'
[0.303s] Level 1:colcon.colcon_core.package_identification:_identify(server/static/css) by extension 'python'
[0.303s] Level 1:colcon.colcon_core.package_identification:_identify(server/static/css) by extensions ['python_setup_py']
[0.304s] Level 1:colcon.colcon_core.package_identification:_identify(server/static/css) by extension 'python_setup_py'
[0.304s] Level 1:colcon.colcon_core.package_identification:_identify(server/static/js) by extensions ['ignore', 'ignore_ament_install']
[0.304s] Level 1:colcon.colcon_core.package_identification:_identify(server/static/js) by extension 'ignore'
[0.304s] Level 1:colcon.colcon_core.package_identification:_identify(server/static/js) by extension 'ignore_ament_install'
[0.304s] Level 1:colcon.colcon_core.package_identification:_identify(server/static/js) by extensions ['colcon_pkg']
[0.304s] Level 1:colcon.colcon_core.package_identification:_identify(server/static/js) by extension 'colcon_pkg'
[0.304s] Level 1:colcon.colcon_core.package_identification:_identify(server/static/js) by extensions ['colcon_meta']
[0.304s] Level 1:colcon.colcon_core.package_identification:_identify(server/static/js) by extension 'colcon_meta'
[0.304s] Level 1:colcon.colcon_core.package_identification:_identify(server/static/js) by extensions ['ros']
[0.304s] Level 1:colcon.colcon_core.package_identification:_identify(server/static/js) by extension 'ros'
[0.304s] Level 1:colcon.colcon_core.package_identification:_identify(server/static/js) by extensions ['cmake', 'python']
[0.304s] Level 1:colcon.colcon_core.package_identification:_identify(server/static/js) by extension 'cmake'
[0.304s] Level 1:colcon.colcon_core.package_identification:_identify(server/static/js) by extension 'python'
[0.304s] Level 1:colcon.colcon_core.package_identification:_identify(server/static/js) by extensions ['python_setup_py']
[0.304s] Level 1:colcon.colcon_core.package_identification:_identify(server/static/js) by extension 'python_setup_py'
[0.304s] Level 1:colcon.colcon_core.package_identification:_identify(server/templates) by extensions ['ignore', 'ignore_ament_install']
[0.305s] Level 1:colcon.colcon_core.package_identification:_identify(server/templates) by extension 'ignore'
[0.305s] Level 1:colcon.colcon_core.package_identification:_identify(server/templates) by extension 'ignore_ament_install'
[0.305s] Level 1:colcon.colcon_core.package_identification:_identify(server/templates) by extensions ['colcon_pkg']
[0.305s] Level 1:colcon.colcon_core.package_identification:_identify(server/templates) by extension 'colcon_pkg'
[0.305s] Level 1:colcon.colcon_core.package_identification:_identify(server/templates) by extensions ['colcon_meta']
[0.305s] Level 1:colcon.colcon_core.package_identification:_identify(server/templates) by extension 'colcon_meta'
[0.305s] Level 1:colcon.colcon_core.package_identification:_identify(server/templates) by extensions ['ros']
[0.305s] Level 1:colcon.colcon_core.package_identification:_identify(server/templates) by extension 'ros'
[0.305s] Level 1:colcon.colcon_core.package_identification:_identify(server/templates) by extensions ['cmake', 'python']
[0.305s] Level 1:colcon.colcon_core.package_identification:_identify(server/templates) by extension 'cmake'
[0.305s] Level 1:colcon.colcon_core.package_identification:_identify(server/templates) by extension 'python'
[0.305s] Level 1:colcon.colcon_core.package_identification:_identify(server/templates) by extensions ['python_setup_py']
[0.305s] Level 1:colcon.colcon_core.package_identification:_identify(server/templates) by extension 'python_setup_py'
[0.305s] Level 1:colcon.colcon_core.package_identification:_identify(vizanti) by extensions ['ignore', 'ignore_ament_install']
[0.305s] Level 1:colcon.colcon_core.package_identification:_identify(vizanti) by extension 'ignore'
[0.305s] Level 1:colcon.colcon_core.package_identification:_identify(vizanti) by extension 'ignore_ament_install'
[0.305s] Level 1:colcon.colcon_core.package_identification:_identify(vizanti) by extensions ['colcon_pkg']
[0.306s] Level 1:colcon.colcon_core.package_identification:_identify(vizanti) by extension 'colcon_pkg'
[0.306s] Level 1:colcon.colcon_core.package_identification:_identify(vizanti) by extensions ['colcon_meta']
[0.306s] Level 1:colcon.colcon_core.package_identification:_identify(vizanti) by extension 'colcon_meta'
[0.306s] Level 1:colcon.colcon_core.package_identification:_identify(vizanti) by extensions ['ros']
[0.306s] Level 1:colcon.colcon_core.package_identification:_identify(vizanti) by extension 'ros'
[0.306s] Level 1:colcon.colcon_core.package_identification:_identify(vizanti) by extensions ['cmake', 'python']
[0.306s] Level 1:colcon.colcon_core.package_identification:_identify(vizanti) by extension 'cmake'
[0.306s] Level 1:colcon.colcon_core.package_identification:_identify(vizanti) by extension 'python'
[0.306s] Level 1:colcon.colcon_core.package_identification:_identify(vizanti) by extensions ['python_setup_py']
[0.306s] Level 1:colcon.colcon_core.package_identification:_identify(vizanti) by extension 'python_setup_py'
[0.306s] Level 1:colcon.colcon_core.package_identification:_identify(vizanti/src) by extensions ['ignore', 'ignore_ament_install']
[0.306s] Level 1:colcon.colcon_core.package_identification:_identify(vizanti/src) by extension 'ignore'
[0.306s] Level 1:colcon.colcon_core.package_identification:_identify(vizanti/src) by extension 'ignore_ament_install'
[0.306s] Level 1:colcon.colcon_core.package_identification:_identify(vizanti/src) by extensions ['colcon_pkg']
[0.306s] Level 1:colcon.colcon_core.package_identification:_identify(vizanti/src) by extension 'colcon_pkg'
[0.306s] Level 1:colcon.colcon_core.package_identification:_identify(vizanti/src) by extensions ['colcon_meta']
[0.306s] Level 1:colcon.colcon_core.package_identification:_identify(vizanti/src) by extension 'colcon_meta'
[0.306s] Level 1:colcon.colcon_core.package_identification:_identify(vizanti/src) by extensions ['ros']
[0.306s] Level 1:colcon.colcon_core.package_identification:_identify(vizanti/src) by extension 'ros'
[0.306s] Level 1:colcon.colcon_core.package_identification:_identify(vizanti/src) by extensions ['cmake', 'python']
[0.306s] Level 1:colcon.colcon_core.package_identification:_identify(vizanti/src) by extension 'cmake'
[0.306s] Level 1:colcon.colcon_core.package_identification:_identify(vizanti/src) by extension 'python'
[0.306s] Level 1:colcon.colcon_core.package_identification:_identify(vizanti/src) by extensions ['python_setup_py']
[0.306s] Level 1:colcon.colcon_core.package_identification:_identify(vizanti/src) by extension 'python_setup_py'
[0.307s] Level 1:colcon.colcon_core.package_identification:_identify(vizanti/src/vizanti) by extensions ['ignore', 'ignore_ament_install']
[0.307s] Level 1:colcon.colcon_core.package_identification:_identify(vizanti/src/vizanti) by extension 'ignore'
[0.307s] Level 1:colcon.colcon_core.package_identification:_identify(vizanti/src/vizanti) by extension 'ignore_ament_install'
[0.307s] Level 1:colcon.colcon_core.package_identification:_identify(vizanti/src/vizanti) by extensions ['colcon_pkg']
[0.307s] Level 1:colcon.colcon_core.package_identification:_identify(vizanti/src/vizanti) by extension 'colcon_pkg'
[0.307s] Level 1:colcon.colcon_core.package_identification:_identify(vizanti/src/vizanti) by extensions ['colcon_meta']
[0.307s] Level 1:colcon.colcon_core.package_identification:_identify(vizanti/src/vizanti) by extension 'colcon_meta'
[0.307s] Level 1:colcon.colcon_core.package_identification:_identify(vizanti/src/vizanti) by extensions ['ros']
[0.307s] Level 1:colcon.colcon_core.package_identification:_identify(vizanti/src/vizanti) by extension 'ros'
[0.307s] Level 1:colcon.colcon_core.package_identification:_identify(vizanti/src/vizanti) by extensions ['cmake', 'python']
[0.307s] Level 1:colcon.colcon_core.package_identification:_identify(vizanti/src/vizanti) by extension 'cmake'
[0.307s] Level 1:colcon.colcon_core.package_identification:_identify(vizanti/src/vizanti) by extension 'python'
[0.307s] Level 1:colcon.colcon_core.package_identification:_identify(vizanti/src/vizanti) by extensions ['python_setup_py']
[0.307s] Level 1:colcon.colcon_core.package_identification:_identify(vizanti/src/vizanti) by extension 'python_setup_py'
[0.307s] Level 1:colcon.colcon_core.package_identification:_identify(vizanti/src/vizanti/vizanti) by extensions ['ignore', 'ignore_ament_install']
[0.307s] Level 1:colcon.colcon_core.package_identification:_identify(vizanti/src/vizanti/vizanti) by extension 'ignore'
[0.307s] Level 1:colcon.colcon_core.package_identification:_identify(vizanti/src/vizanti/vizanti) by extension 'ignore_ament_install'
[0.307s] Level 1:colcon.colcon_core.package_identification:_identify(vizanti/src/vizanti/vizanti) by extensions ['colcon_pkg']
[0.307s] Level 1:colcon.colcon_core.package_identification:_identify(vizanti/src/vizanti/vizanti) by extension 'colcon_pkg'
[0.307s] Level 1:colcon.colcon_core.package_identification:_identify(vizanti/src/vizanti/vizanti) by extensions ['colcon_meta']
[0.307s] Level 1:colcon.colcon_core.package_identification:_identify(vizanti/src/vizanti/vizanti) by extension 'colcon_meta'
[0.307s] Level 1:colcon.colcon_core.package_identification:_identify(vizanti/src/vizanti/vizanti) by extensions ['ros']
[0.307s] Level 1:colcon.colcon_core.package_identification:_identify(vizanti/src/vizanti/vizanti) by extension 'ros'
[0.321s] DEBUG:colcon.colcon_core.package_identification:Package 'vizanti/src/vizanti/vizanti' with type 'ros.ament_cmake' and name 'vizanti'
[0.321s] Level 1:colcon.colcon_core.package_identification:_identify(vizanti/src/vizanti/vizanti_cpp) by extensions ['ignore', 'ignore_ament_install']
[0.321s] Level 1:colcon.colcon_core.package_identification:_identify(vizanti/src/vizanti/vizanti_cpp) by extension 'ignore'
[0.321s] Level 1:colcon.colcon_core.package_identification:_identify(vizanti/src/vizanti/vizanti_cpp) by extension 'ignore_ament_install'
[0.321s] Level 1:colcon.colcon_core.package_identification:_identify(vizanti/src/vizanti/vizanti_cpp) by extensions ['colcon_pkg']
[0.321s] Level 1:colcon.colcon_core.package_identification:_identify(vizanti/src/vizanti/vizanti_cpp) by extension 'colcon_pkg'
[0.321s] Level 1:colcon.colcon_core.package_identification:_identify(vizanti/src/vizanti/vizanti_cpp) by extensions ['colcon_meta']
[0.321s] Level 1:colcon.colcon_core.package_identification:_identify(vizanti/src/vizanti/vizanti_cpp) by extension 'colcon_meta'
[0.321s] Level 1:colcon.colcon_core.package_identification:_identify(vizanti/src/vizanti/vizanti_cpp) by extensions ['ros']
[0.321s] Level 1:colcon.colcon_core.package_identification:_identify(vizanti/src/vizanti/vizanti_cpp) by extension 'ros'
[0.322s] DEBUG:colcon.colcon_core.package_identification:Package 'vizanti/src/vizanti/vizanti_cpp' with type 'ros.ament_cmake' and name 'vizanti_cpp'
[0.322s] Level 1:colcon.colcon_core.package_identification:_identify(vizanti/src/vizanti/vizanti_demos) by extensions ['ignore', 'ignore_ament_install']
[0.322s] Level 1:colcon.colcon_core.package_identification:_identify(vizanti/src/vizanti/vizanti_demos) by extension 'ignore'
[0.322s] Level 1:colcon.colcon_core.package_identification:_identify(vizanti/src/vizanti/vizanti_demos) by extension 'ignore_ament_install'
[0.322s] Level 1:colcon.colcon_core.package_identification:_identify(vizanti/src/vizanti/vizanti_demos) by extensions ['colcon_pkg']
[0.322s] Level 1:colcon.colcon_core.package_identification:_identify(vizanti/src/vizanti/vizanti_demos) by extension 'colcon_pkg'
[0.322s] Level 1:colcon.colcon_core.package_identification:_identify(vizanti/src/vizanti/vizanti_demos) by extensions ['colcon_meta']
[0.322s] Level 1:colcon.colcon_core.package_identification:_identify(vizanti/src/vizanti/vizanti_demos) by extension 'colcon_meta'
[0.323s] Level 1:colcon.colcon_core.package_identification:_identify(vizanti/src/vizanti/vizanti_demos) by extensions ['ros']
[0.323s] Level 1:colcon.colcon_core.package_identification:_identify(vizanti/src/vizanti/vizanti_demos) by extension 'ros'
[0.323s] DEBUG:colcon.colcon_core.package_identification:Package 'vizanti/src/vizanti/vizanti_demos' with type 'ros.ament_cmake' and name 'vizanti_demos'
[0.324s] Level 1:colcon.colcon_core.package_identification:_identify(vizanti/src/vizanti/vizanti_msgs) by extensions ['ignore', 'ignore_ament_install']
[0.324s] Level 1:colcon.colcon_core.package_identification:_identify(vizanti/src/vizanti/vizanti_msgs) by extension 'ignore'
[0.324s] Level 1:colcon.colcon_core.package_identification:_identify(vizanti/src/vizanti/vizanti_msgs) by extension 'ignore_ament_install'
[0.324s] Level 1:colcon.colcon_core.package_identification:_identify(vizanti/src/vizanti/vizanti_msgs) by extensions ['colcon_pkg']
[0.324s] Level 1:colcon.colcon_core.package_identification:_identify(vizanti/src/vizanti/vizanti_msgs) by extension 'colcon_pkg'
[0.324s] Level 1:colcon.colcon_core.package_identification:_identify(vizanti/src/vizanti/vizanti_msgs) by extensions ['colcon_meta']
[0.324s] Level 1:colcon.colcon_core.package_identification:_identify(vizanti/src/vizanti/vizanti_msgs) by extension 'colcon_meta'
[0.324s] Level 1:colcon.colcon_core.package_identification:_identify(vizanti/src/vizanti/vizanti_msgs) by extensions ['ros']
[0.324s] Level 1:colcon.colcon_core.package_identification:_identify(vizanti/src/vizanti/vizanti_msgs) by extension 'ros'
[0.325s] DEBUG:colcon.colcon_core.package_identification:Package 'vizanti/src/vizanti/vizanti_msgs' with type 'ros.ament_cmake' and name 'vizanti_msgs'
[0.325s] Level 1:colcon.colcon_core.package_identification:_identify(vizanti/src/vizanti/vizanti_server) by extensions ['ignore', 'ignore_ament_install']
[0.325s] Level 1:colcon.colcon_core.package_identification:_identify(vizanti/src/vizanti/vizanti_server) by extension 'ignore'
[0.325s] Level 1:colcon.colcon_core.package_identification:_identify(vizanti/src/vizanti/vizanti_server) by extension 'ignore_ament_install'
[0.325s] Level 1:colcon.colcon_core.package_identification:_identify(vizanti/src/vizanti/vizanti_server) by extensions ['colcon_pkg']
[0.325s] Level 1:colcon.colcon_core.package_identification:_identify(vizanti/src/vizanti/vizanti_server) by extension 'colcon_pkg'
[0.325s] Level 1:colcon.colcon_core.package_identification:_identify(vizanti/src/vizanti/vizanti_server) by extensions ['colcon_meta']
[0.325s] Level 1:colcon.colcon_core.package_identification:_identify(vizanti/src/vizanti/vizanti_server) by extension 'colcon_meta'
[0.325s] Level 1:colcon.colcon_core.package_identification:_identify(vizanti/src/vizanti/vizanti_server) by extensions ['ros']
[0.325s] Level 1:colcon.colcon_core.package_identification:_identify(vizanti/src/vizanti/vizanti_server) by extension 'ros'
[0.326s] DEBUG:colcon.colcon_core.package_identification:Package 'vizanti/src/vizanti/vizanti_server' with type 'ros.ament_cmake' and name 'vizanti_server'
[0.327s] Level 1:colcon.colcon_core.package_identification:_identify(webots_ros2_brick) by extensions ['ignore', 'ignore_ament_install']
[0.327s] Level 1:colcon.colcon_core.package_identification:_identify(webots_ros2_brick) by extension 'ignore'
[0.327s] Level 1:colcon.colcon_core.package_identification:_identify(webots_ros2_brick) by extension 'ignore_ament_install'
[0.327s] Level 1:colcon.colcon_core.package_identification:_identify(webots_ros2_brick) by extensions ['colcon_pkg']
[0.327s] Level 1:colcon.colcon_core.package_identification:_identify(webots_ros2_brick) by extension 'colcon_pkg'
[0.327s] Level 1:colcon.colcon_core.package_identification:_identify(webots_ros2_brick) by extensions ['colcon_meta']
[0.327s] Level 1:colcon.colcon_core.package_identification:_identify(webots_ros2_brick) by extension 'colcon_meta'
[0.327s] Level 1:colcon.colcon_core.package_identification:_identify(webots_ros2_brick) by extensions ['ros']
[0.327s] Level 1:colcon.colcon_core.package_identification:_identify(webots_ros2_brick) by extension 'ros'
[0.327s] DEBUG:colcon.colcon_core.package_identification:Package 'webots_ros2_brick' with type 'ros.ament_python' and name 'webots_ros2_brick'
[0.327s] Level 1:colcon.colcon_core.package_discovery:discover_packages(recursive) using defaults
[0.328s] Level 1:colcon.colcon_core.package_discovery:discover_packages(ignore) discover
[0.328s] Level 1:colcon.colcon_core.package_discovery:discover_packages(ignore) using defaults
[0.328s] Level 1:colcon.colcon_core.package_discovery:discover_packages(path) discover
[0.328s] Level 1:colcon.colcon_core.package_discovery:discover_packages(path) using defaults
[0.347s] Level 1:colcon.colcon_core.package_discovery:discover_packages(prefix_path) check parameters
[0.347s] Level 1:colcon.colcon_core.package_discovery:discover_packages(prefix_path) discover
[0.349s] DEBUG:colcon.colcon_installed_package_information.package_discovery:Found 7 installed packages in /home/ferre/brick/BRICK-WEBots/install
[0.351s] DEBUG:colcon.colcon_installed_package_information.package_discovery:Found 400 installed packages in /opt/ros/iron
[0.353s] Level 1:colcon.colcon_core.package_discovery:discover_packages(prefix_path) using defaults
[0.402s] Level 5:colcon.colcon_core.verb:set package 'vizanti_cpp' build argument 'cmake_args' from command line to 'None'
[0.402s] Level 5:colcon.colcon_core.verb:set package 'vizanti_cpp' build argument 'cmake_target' from command line to 'None'
[0.402s] Level 5:colcon.colcon_core.verb:set package 'vizanti_cpp' build argument 'cmake_target_skip_unavailable' from command line to 'False'
[0.403s] Level 5:colcon.colcon_core.verb:set package 'vizanti_cpp' build argument 'cmake_clean_cache' from command line to 'False'
[0.403s] Level 5:colcon.colcon_core.verb:set package 'vizanti_cpp' build argument 'cmake_clean_first' from command line to 'False'
[0.403s] Level 5:colcon.colcon_core.verb:set package 'vizanti_cpp' build argument 'cmake_force_configure' from command line to 'False'
[0.403s] Level 5:colcon.colcon_core.verb:set package 'vizanti_cpp' build argument 'ament_cmake_args' from command line to 'None'
[0.403s] Level 5:colcon.colcon_core.verb:set package 'vizanti_cpp' build argument 'catkin_cmake_args' from command line to 'None'
[0.403s] Level 5:colcon.colcon_core.verb:set package 'vizanti_cpp' build argument 'catkin_skip_building_tests' from command line to 'False'
[0.403s] DEBUG:colcon.colcon_core.verb:Building package 'vizanti_cpp' with the following arguments: {'ament_cmake_args': None, 'build_base': '/home/ferre/brick/BRICK-WEBots/build/vizanti_cpp', 'catkin_cmake_args': None, 'catkin_skip_building_tests': False, 'cmake_args': None, 'cmake_clean_cache': False, 'cmake_clean_first': False, 'cmake_force_configure': False, 'cmake_target': None, 'cmake_target_skip_unavailable': False, 'install_base': '/home/ferre/brick/BRICK-WEBots/install/vizanti_cpp', 'merge_install': False, 'path': '/home/ferre/brick/BRICK-WEBots/vizanti/src/vizanti/vizanti_cpp', 'symlink_install': False, 'test_result_base': None}
[0.403s] Level 5:colcon.colcon_core.verb:set package 'vizanti_msgs' build argument 'cmake_args' from command line to 'None'
[0.403s] Level 5:colcon.colcon_core.verb:set package 'vizanti_msgs' build argument 'cmake_target' from command line to 'None'
[0.403s] Level 5:colcon.colcon_core.verb:set package 'vizanti_msgs' build argument 'cmake_target_skip_unavailable' from command line to 'False'
[0.403s] Level 5:colcon.colcon_core.verb:set package 'vizanti_msgs' build argument 'cmake_clean_cache' from command line to 'False'
[0.403s] Level 5:colcon.colcon_core.verb:set package 'vizanti_msgs' build argument 'cmake_clean_first' from command line to 'False'
[0.403s] Level 5:colcon.colcon_core.verb:set package 'vizanti_msgs' build argument 'cmake_force_configure' from command line to 'False'
[0.403s] Level 5:colcon.colcon_core.verb:set package 'vizanti_msgs' build argument 'ament_cmake_args' from command line to 'None'
[0.403s] Level 5:colcon.colcon_core.verb:set package 'vizanti_msgs' build argument 'catkin_cmake_args' from command line to 'None'
[0.403s] Level 5:colcon.colcon_core.verb:set package 'vizanti_msgs' build argument 'catkin_skip_building_tests' from command line to 'False'
[0.403s] DEBUG:colcon.colcon_core.verb:Building package 'vizanti_msgs' with the following arguments: {'ament_cmake_args': None, 'build_base': '/home/ferre/brick/BRICK-WEBots/build/vizanti_msgs', 'catkin_cmake_args': None, 'catkin_skip_building_tests': False, 'cmake_args': None, 'cmake_clean_cache': False, 'cmake_clean_first': False, 'cmake_force_configure': False, 'cmake_target': None, 'cmake_target_skip_unavailable': False, 'install_base': '/home/ferre/brick/BRICK-WEBots/install/vizanti_msgs', 'merge_install': False, 'path': '/home/ferre/brick/BRICK-WEBots/vizanti/src/vizanti/vizanti_msgs', 'symlink_install': False, 'test_result_base': None}
[0.404s] Level 5:colcon.colcon_core.verb:set package 'webots_ros2_brick' build argument 'cmake_args' from command line to 'None'
[0.404s] Level 5:colcon.colcon_core.verb:set package 'webots_ros2_brick' build argument 'cmake_target' from command line to 'None'
[0.404s] Level 5:colcon.colcon_core.verb:set package 'webots_ros2_brick' build argument 'cmake_target_skip_unavailable' from command line to 'False'
[0.404s] Level 5:colcon.colcon_core.verb:set package 'webots_ros2_brick' build argument 'cmake_clean_cache' from command line to 'False'
[0.404s] Level 5:colcon.colcon_core.verb:set package 'webots_ros2_brick' build argument 'cmake_clean_first' from command line to 'False'
[0.404s] Level 5:colcon.colcon_core.verb:set package 'webots_ros2_brick' build argument 'cmake_force_configure' from command line to 'False'
[0.404s] Level 5:colcon.colcon_core.verb:set package 'webots_ros2_brick' build argument 'ament_cmake_args' from command line to 'None'
[0.404s] Level 5:colcon.colcon_core.verb:set package 'webots_ros2_brick' build argument 'catkin_cmake_args' from command line to 'None'
[0.404s] Level 5:colcon.colcon_core.verb:set package 'webots_ros2_brick' build argument 'catkin_skip_building_tests' from command line to 'False'
[0.404s] DEBUG:colcon.colcon_core.verb:Building package 'webots_ros2_brick' with the following arguments: {'ament_cmake_args': None, 'build_base': '/home/ferre/brick/BRICK-WEBots/build/webots_ros2_brick', 'catkin_cmake_args': None, 'catkin_skip_building_tests': False, 'cmake_args': None, 'cmake_clean_cache': False, 'cmake_clean_first': False, 'cmake_force_configure': False, 'cmake_target': None, 'cmake_target_skip_unavailable': False, 'install_base': '/home/ferre/brick/BRICK-WEBots/install/webots_ros2_brick', 'merge_install': False, 'path': '/home/ferre/brick/BRICK-WEBots/webots_ros2_brick', 'symlink_install': False, 'test_result_base': None}
[0.404s] Level 5:colcon.colcon_core.verb:set package 'vizanti_demos' build argument 'cmake_args' from command line to 'None'
[0.404s] Level 5:colcon.colcon_core.verb:set package 'vizanti_demos' build argument 'cmake_target' from command line to 'None'
[0.404s] Level 5:colcon.colcon_core.verb:set package 'vizanti_demos' build argument 'cmake_target_skip_unavailable' from command line to 'False'
[0.404s] Level 5:colcon.colcon_core.verb:set package 'vizanti_demos' build argument 'cmake_clean_cache' from command line to 'False'
[0.404s] Level 5:colcon.colcon_core.verb:set package 'vizanti_demos' build argument 'cmake_clean_first' from command line to 'False'
[0.404s] Level 5:colcon.colcon_core.verb:set package 'vizanti_demos' build argument 'cmake_force_configure' from command line to 'False'
[0.404s] Level 5:colcon.colcon_core.verb:set package 'vizanti_demos' build argument 'ament_cmake_args' from command line to 'None'
[0.404s] Level 5:colcon.colcon_core.verb:set package 'vizanti_demos' build argument 'catkin_cmake_args' from command line to 'None'
[0.404s] Level 5:colcon.colcon_core.verb:set package 'vizanti_demos' build argument 'catkin_skip_building_tests' from command line to 'False'
[0.404s] DEBUG:colcon.colcon_core.verb:Building package 'vizanti_demos' with the following arguments: {'ament_cmake_args': None, 'build_base': '/home/ferre/brick/BRICK-WEBots/build/vizanti_demos', 'catkin_cmake_args': None, 'catkin_skip_building_tests': False, 'cmake_args': None, 'cmake_clean_cache': False, 'cmake_clean_first': False, 'cmake_force_configure': False, 'cmake_target': None, 'cmake_target_skip_unavailable': False, 'install_base': '/home/ferre/brick/BRICK-WEBots/install/vizanti_demos', 'merge_install': False, 'path': '/home/ferre/brick/BRICK-WEBots/vizanti/src/vizanti/vizanti_demos', 'symlink_install': False, 'test_result_base': None}
[0.405s] Level 5:colcon.colcon_core.verb:set package 'vizanti_server' build argument 'cmake_args' from command line to 'None'
[0.405s] Level 5:colcon.colcon_core.verb:set package 'vizanti_server' build argument 'cmake_target' from command line to 'None'
[0.405s] Level 5:colcon.colcon_core.verb:set package 'vizanti_server' build argument 'cmake_target_skip_unavailable' from command line to 'False'
[0.405s] Level 5:colcon.colcon_core.verb:set package 'vizanti_server' build argument 'cmake_clean_cache' from command line to 'False'
[0.405s] Level 5:colcon.colcon_core.verb:set package 'vizanti_server' build argument 'cmake_clean_first' from command line to 'False'
[0.405s] Level 5:colcon.colcon_core.verb:set package 'vizanti_server' build argument 'cmake_force_configure' from command line to 'False'
[0.405s] Level 5:colcon.colcon_core.verb:set package 'vizanti_server' build argument 'ament_cmake_args' from command line to 'None'
[0.405s] Level 5:colcon.colcon_core.verb:set package 'vizanti_server' build argument 'catkin_cmake_args' from command line to 'None'
[0.405s] Level 5:colcon.colcon_core.verb:set package 'vizanti_server' build argument 'catkin_skip_building_tests' from command line to 'False'
[0.405s] DEBUG:colcon.colcon_core.verb:Building package 'vizanti_server' with the following arguments: {'ament_cmake_args': None, 'build_base': '/home/ferre/brick/BRICK-WEBots/build/vizanti_server', 'catkin_cmake_args': None, 'catkin_skip_building_tests': False, 'cmake_args': None, 'cmake_clean_cache': False, 'cmake_clean_first': False, 'cmake_force_configure': False, 'cmake_target': None, 'cmake_target_skip_unavailable': False, 'install_base': '/home/ferre/brick/BRICK-WEBots/install/vizanti_server', 'merge_install': False, 'path': '/home/ferre/brick/BRICK-WEBots/vizanti/src/vizanti/vizanti_server', 'symlink_install': False, 'test_result_base': None}
[0.406s] Level 5:colcon.colcon_core.verb:set package 'vizanti' build argument 'cmake_args' from command line to 'None'
[0.406s] Level 5:colcon.colcon_core.verb:set package 'vizanti' build argument 'cmake_target' from command line to 'None'
[0.406s] Level 5:colcon.colcon_core.verb:set package 'vizanti' build argument 'cmake_target_skip_unavailable' from command line to 'False'
[0.406s] Level 5:colcon.colcon_core.verb:set package 'vizanti' build argument 'cmake_clean_cache' from command line to 'False'
[0.406s] Level 5:colcon.colcon_core.verb:set package 'vizanti' build argument 'cmake_clean_first' from command line to 'False'
[0.406s] Level 5:colcon.colcon_core.verb:set package 'vizanti' build argument 'cmake_force_configure' from command line to 'False'
[0.406s] Level 5:colcon.colcon_core.verb:set package 'vizanti' build argument 'ament_cmake_args' from command line to 'None'
[0.406s] Level 5:colcon.colcon_core.verb:set package 'vizanti' build argument 'catkin_cmake_args' from command line to 'None'
[0.406s] Level 5:colcon.colcon_core.verb:set package 'vizanti' build argument 'catkin_skip_building_tests' from command line to 'False'
[0.406s] DEBUG:colcon.colcon_core.verb:Building package 'vizanti' with the following arguments: {'ament_cmake_args': None, 'build_base': '/home/ferre/brick/BRICK-WEBots/build/vizanti', 'catkin_cmake_args': None, 'catkin_skip_building_tests': False, 'cmake_args': None, 'cmake_clean_cache': False, 'cmake_clean_first': False, 'cmake_force_configure': False, 'cmake_target': None, 'cmake_target_skip_unavailable': False, 'install_base': '/home/ferre/brick/BRICK-WEBots/install/vizanti', 'merge_install': False, 'path': '/home/ferre/brick/BRICK-WEBots/vizanti/src/vizanti/vizanti', 'symlink_install': False, 'test_result_base': None}
[0.406s] INFO:colcon.colcon_core.executor:Executing jobs using 'parallel' executor
[0.407s] DEBUG:colcon.colcon_parallel_executor.executor.parallel:run_until_complete
[0.407s] INFO:colcon.colcon_ros.task.ament_cmake.build:Building ROS package in '/home/ferre/brick/BRICK-WEBots/vizanti/src/vizanti/vizanti_msgs' with build type 'ament_cmake'
[0.407s] INFO:colcon.colcon_cmake.task.cmake.build:Building CMake package in '/home/ferre/brick/BRICK-WEBots/vizanti/src/vizanti/vizanti_msgs'
[0.409s] INFO:colcon.colcon_core.plugin_system:Skipping extension 'colcon_core.shell.bat': Not used on non-Windows systems
[0.409s] INFO:colcon.colcon_core.shell:Skip shell extension 'powershell' for command environment: Not usable outside of PowerShell
[0.409s] DEBUG:colcon.colcon_core.shell:Skip shell extension 'dsv' for command environment
[0.414s] INFO:colcon.colcon_ros.task.ament_cmake.build:Building ROS package in '/home/ferre/brick/BRICK-WEBots/vizanti/src/vizanti/vizanti_cpp' with build type 'ament_cmake'
[0.415s] INFO:colcon.colcon_cmake.task.cmake.build:Building CMake package in '/home/ferre/brick/BRICK-WEBots/vizanti/src/vizanti/vizanti_cpp'
[0.415s] INFO:colcon.colcon_core.shell:Skip shell extension 'powershell' for command environment: Not usable outside of PowerShell
[0.415s] DEBUG:colcon.colcon_core.shell:Skip shell extension 'dsv' for command environment
[0.420s] INFO:colcon.colcon_ros.task.ament_python.build:Building ROS package in '/home/ferre/brick/BRICK-WEBots/webots_ros2_brick' with build type 'ament_python'
[0.420s] Level 1:colcon.colcon_core.shell:create_environment_hook('webots_ros2_brick', 'ament_prefix_path')
[0.420s] INFO:colcon.colcon_core.shell:Creating environment hook '/home/ferre/brick/BRICK-WEBots/install/webots_ros2_brick/share/webots_ros2_brick/hook/ament_prefix_path.ps1'
[0.421s] INFO:colcon.colcon_core.shell:Creating environment descriptor '/home/ferre/brick/BRICK-WEBots/install/webots_ros2_brick/share/webots_ros2_brick/hook/ament_prefix_path.dsv'
[0.421s] INFO:colcon.colcon_core.shell:Creating environment hook '/home/ferre/brick/BRICK-WEBots/install/webots_ros2_brick/share/webots_ros2_brick/hook/ament_prefix_path.sh'
[0.422s] INFO:colcon.colcon_core.shell:Skip shell extension 'powershell' for command environment: Not usable outside of PowerShell
[0.422s] DEBUG:colcon.colcon_core.shell:Skip shell extension 'dsv' for command environment
[0.436s] DEBUG:colcon.colcon_core.event_handler.log_command:Invoking command in '/home/ferre/brick/BRICK-WEBots/build/vizanti_msgs': CMAKE_PREFIX_PATH=${CMAKE_PREFIX_PATH}:/home/ferre/brick/BRICK-WEBots/install/webots_ros2_brick:/home/ferre/brick/BRICK-WEBots/install/ros2-webots-v2:/opt/ros/iron /usr/bin/cmake --build /home/ferre/brick/BRICK-WEBots/build/vizanti_msgs -- -j12 -l12
[0.444s] DEBUG:colcon.colcon_core.event_handler.log_command:Invoking command in '/home/ferre/brick/BRICK-WEBots/build/vizanti_cpp': CMAKE_PREFIX_PATH=${CMAKE_PREFIX_PATH}:/home/ferre/brick/BRICK-WEBots/install/webots_ros2_brick:/home/ferre/brick/BRICK-WEBots/install/ros2-webots-v2:/opt/ros/iron /usr/bin/cmake --build /home/ferre/brick/BRICK-WEBots/build/vizanti_cpp -- -j12 -l12
[0.753s] INFO:colcon.colcon_core.task.python.build:Building Python package in '/home/ferre/brick/BRICK-WEBots/webots_ros2_brick'
[0.753s] INFO:colcon.colcon_core.shell:Skip shell extension 'powershell' for command environment: Not usable outside of PowerShell
[0.753s] DEBUG:colcon.colcon_core.shell:Skip shell extension 'dsv' for command environment
[0.759s] DEBUG:colcon.colcon_core.event_handler.log_command:Invoked command in '/home/ferre/brick/BRICK-WEBots/build/vizanti_cpp' returned '0': CMAKE_PREFIX_PATH=${CMAKE_PREFIX_PATH}:/home/ferre/brick/BRICK-WEBots/install/webots_ros2_brick:/home/ferre/brick/BRICK-WEBots/install/ros2-webots-v2:/opt/ros/iron /usr/bin/cmake --build /home/ferre/brick/BRICK-WEBots/build/vizanti_cpp -- -j12 -l12
[0.810s] DEBUG:colcon.colcon_core.event_handler.log_command:Invoking command in '/home/ferre/brick/BRICK-WEBots/build/vizanti_cpp': CMAKE_PREFIX_PATH=${CMAKE_PREFIX_PATH}:/home/ferre/brick/BRICK-WEBots/install/webots_ros2_brick:/home/ferre/brick/BRICK-WEBots/install/ros2-webots-v2:/opt/ros/iron /usr/bin/cmake --install /home/ferre/brick/BRICK-WEBots/build/vizanti_cpp
[0.822s] Level 1:colcon.colcon_core.environment:create_environment_scripts_only(vizanti_cpp)
[0.822s] DEBUG:colcon.colcon_core.event_handler.log_command:Invoked command in '/home/ferre/brick/BRICK-WEBots/build/vizanti_cpp' returned '0': CMAKE_PREFIX_PATH=${CMAKE_PREFIX_PATH}:/home/ferre/brick/BRICK-WEBots/install/webots_ros2_brick:/home/ferre/brick/BRICK-WEBots/install/ros2-webots-v2:/opt/ros/iron /usr/bin/cmake --install /home/ferre/brick/BRICK-WEBots/build/vizanti_cpp
[0.824s] Level 1:colcon.colcon_core.environment:checking '/home/ferre/brick/BRICK-WEBots/install/vizanti_cpp' for CMake module files
[0.825s] Level 1:colcon.colcon_core.environment:checking '/home/ferre/brick/BRICK-WEBots/install/vizanti_cpp' for CMake config files
[0.825s] Level 1:colcon.colcon_core.shell:create_environment_hook('vizanti_cpp', 'cmake_prefix_path')
[0.825s] INFO:colcon.colcon_core.shell:Creating environment hook '/home/ferre/brick/BRICK-WEBots/install/vizanti_cpp/share/vizanti_cpp/hook/cmake_prefix_path.ps1'
[0.826s] INFO:colcon.colcon_core.shell:Creating environment descriptor '/home/ferre/brick/BRICK-WEBots/install/vizanti_cpp/share/vizanti_cpp/hook/cmake_prefix_path.dsv'
[0.827s] INFO:colcon.colcon_core.shell:Creating environment hook '/home/ferre/brick/BRICK-WEBots/install/vizanti_cpp/share/vizanti_cpp/hook/cmake_prefix_path.sh'
[0.828s] Level 1:colcon.colcon_core.environment:checking '/home/ferre/brick/BRICK-WEBots/install/vizanti_cpp/lib'
[0.828s] Level 1:colcon.colcon_core.environment:checking '/home/ferre/brick/BRICK-WEBots/install/vizanti_cpp/bin'
[0.828s] Level 1:colcon.colcon_core.environment:checking '/home/ferre/brick/BRICK-WEBots/install/vizanti_cpp/lib/pkgconfig/vizanti_cpp.pc'
[0.829s] Level 1:colcon.colcon_core.environment:checking '/home/ferre/brick/BRICK-WEBots/install/vizanti_cpp/lib/python3.10/site-packages'
[0.829s] Level 1:colcon.colcon_core.environment:checking '/home/ferre/brick/BRICK-WEBots/install/vizanti_cpp/bin'
[0.829s] INFO:colcon.colcon_core.shell:Creating package script '/home/ferre/brick/BRICK-WEBots/install/vizanti_cpp/share/vizanti_cpp/package.ps1'
[0.830s] INFO:colcon.colcon_core.shell:Creating package descriptor '/home/ferre/brick/BRICK-WEBots/install/vizanti_cpp/share/vizanti_cpp/package.dsv'
[0.831s] INFO:colcon.colcon_core.shell:Creating package script '/home/ferre/brick/BRICK-WEBots/install/vizanti_cpp/share/vizanti_cpp/package.sh'
[0.832s] INFO:colcon.colcon_core.shell:Creating package script '/home/ferre/brick/BRICK-WEBots/install/vizanti_cpp/share/vizanti_cpp/package.bash'
[0.833s] INFO:colcon.colcon_core.shell:Creating package script '/home/ferre/brick/BRICK-WEBots/install/vizanti_cpp/share/vizanti_cpp/package.zsh'
[0.834s] Level 1:colcon.colcon_core.environment:create_file_with_runtime_dependencies(/home/ferre/brick/BRICK-WEBots/install/vizanti_cpp/share/colcon-core/packages/vizanti_cpp)
[0.869s] Level 1:colcon.colcon_core.environment:create_environment_scripts_only(vizanti_cpp)
[0.870s] Level 1:colcon.colcon_core.environment:checking '/home/ferre/brick/BRICK-WEBots/install/vizanti_cpp' for CMake module files
[0.870s] Level 1:colcon.colcon_core.environment:checking '/home/ferre/brick/BRICK-WEBots/install/vizanti_cpp' for CMake config files
[0.870s] Level 1:colcon.colcon_core.shell:create_environment_hook('vizanti_cpp', 'cmake_prefix_path')
[0.870s] INFO:colcon.colcon_core.shell:Creating environment hook '/home/ferre/brick/BRICK-WEBots/install/vizanti_cpp/share/vizanti_cpp/hook/cmake_prefix_path.ps1'
[0.871s] INFO:colcon.colcon_core.shell:Creating environment descriptor '/home/ferre/brick/BRICK-WEBots/install/vizanti_cpp/share/vizanti_cpp/hook/cmake_prefix_path.dsv'
[0.871s] INFO:colcon.colcon_core.shell:Creating environment hook '/home/ferre/brick/BRICK-WEBots/install/vizanti_cpp/share/vizanti_cpp/hook/cmake_prefix_path.sh'
[0.872s] Level 1:colcon.colcon_core.environment:checking '/home/ferre/brick/BRICK-WEBots/install/vizanti_cpp/lib'
[0.872s] Level 1:colcon.colcon_core.environment:checking '/home/ferre/brick/BRICK-WEBots/install/vizanti_cpp/bin'
[0.872s] Level 1:colcon.colcon_core.environment:checking '/home/ferre/brick/BRICK-WEBots/install/vizanti_cpp/lib/pkgconfig/vizanti_cpp.pc'
[0.872s] Level 1:colcon.colcon_core.environment:checking '/home/ferre/brick/BRICK-WEBots/install/vizanti_cpp/lib/python3.10/site-packages'
[0.872s] Level 1:colcon.colcon_core.environment:checking '/home/ferre/brick/BRICK-WEBots/install/vizanti_cpp/bin'
[0.873s] INFO:colcon.colcon_core.shell:Creating package script '/home/ferre/brick/BRICK-WEBots/install/vizanti_cpp/share/vizanti_cpp/package.ps1'
[0.873s] INFO:colcon.colcon_core.shell:Creating package descriptor '/home/ferre/brick/BRICK-WEBots/install/vizanti_cpp/share/vizanti_cpp/package.dsv'
[0.874s] INFO:colcon.colcon_core.shell:Creating package script '/home/ferre/brick/BRICK-WEBots/install/vizanti_cpp/share/vizanti_cpp/package.sh'
[0.874s] INFO:colcon.colcon_core.shell:Creating package script '/home/ferre/brick/BRICK-WEBots/install/vizanti_cpp/share/vizanti_cpp/package.bash'
[0.875s] INFO:colcon.colcon_core.shell:Creating package script '/home/ferre/brick/BRICK-WEBots/install/vizanti_cpp/share/vizanti_cpp/package.zsh'
[0.875s] Level 1:colcon.colcon_core.environment:create_file_with_runtime_dependencies(/home/ferre/brick/BRICK-WEBots/install/vizanti_cpp/share/colcon-core/packages/vizanti_cpp)
[0.890s] DEBUG:colcon.colcon_core.event_handler.log_command:Invoked command in '/home/ferre/brick/BRICK-WEBots/build/vizanti_msgs' returned '0': CMAKE_PREFIX_PATH=${CMAKE_PREFIX_PATH}:/home/ferre/brick/BRICK-WEBots/install/webots_ros2_brick:/home/ferre/brick/BRICK-WEBots/install/ros2-webots-v2:/opt/ros/iron /usr/bin/cmake --build /home/ferre/brick/BRICK-WEBots/build/vizanti_msgs -- -j12 -l12
[1.189s] DEBUG:colcon.colcon_core.event_handler.log_command:Invoking command in '/home/ferre/brick/BRICK-WEBots/webots_ros2_brick': PYTHONPATH=/home/ferre/brick/BRICK-WEBots/build/webots_ros2_brick/prefix_override:/home/ferre/brick/BRICK-WEBots/install/webots_ros2_brick/lib/python3.10/site-packages:${PYTHONPATH} /usr/bin/python3 -W ignore:setup.py install is deprecated setup.py egg_info --egg-base ../build/webots_ros2_brick build --build-base /home/ferre/brick/BRICK-WEBots/build/webots_ros2_brick/build install --record /home/ferre/brick/BRICK-WEBots/build/webots_ros2_brick/install.log --single-version-externally-managed install_data
[1.227s] DEBUG:colcon.colcon_core.event_handler.log_command:Invoking command in '/home/ferre/brick/BRICK-WEBots/build/vizanti_msgs': CMAKE_PREFIX_PATH=${CMAKE_PREFIX_PATH}:/home/ferre/brick/BRICK-WEBots/install/webots_ros2_brick:/home/ferre/brick/BRICK-WEBots/install/ros2-webots-v2:/opt/ros/iron /usr/bin/cmake --install /home/ferre/brick/BRICK-WEBots/build/vizanti_msgs
[1.304s] Level 1:colcon.colcon_core.environment:create_environment_scripts_only(vizanti_msgs)
[1.305s] Level 1:colcon.colcon_core.environment:checking '/home/ferre/brick/BRICK-WEBots/install/vizanti_msgs' for CMake module files
[1.305s] DEBUG:colcon.colcon_core.event_handler.log_command:Invoked command in '/home/ferre/brick/BRICK-WEBots/build/vizanti_msgs' returned '0': CMAKE_PREFIX_PATH=${CMAKE_PREFIX_PATH}:/home/ferre/brick/BRICK-WEBots/install/webots_ros2_brick:/home/ferre/brick/BRICK-WEBots/install/ros2-webots-v2:/opt/ros/iron /usr/bin/cmake --install /home/ferre/brick/BRICK-WEBots/build/vizanti_msgs
[1.306s] Level 1:colcon.colcon_core.environment:checking '/home/ferre/brick/BRICK-WEBots/install/vizanti_msgs' for CMake config files
[1.306s] Level 1:colcon.colcon_core.shell:create_environment_hook('vizanti_msgs', 'cmake_prefix_path')
[1.307s] INFO:colcon.colcon_core.shell:Creating environment hook '/home/ferre/brick/BRICK-WEBots/install/vizanti_msgs/share/vizanti_msgs/hook/cmake_prefix_path.ps1'
[1.307s] INFO:colcon.colcon_core.shell:Creating environment descriptor '/home/ferre/brick/BRICK-WEBots/install/vizanti_msgs/share/vizanti_msgs/hook/cmake_prefix_path.dsv'
[1.307s] INFO:colcon.colcon_core.shell:Creating environment hook '/home/ferre/brick/BRICK-WEBots/install/vizanti_msgs/share/vizanti_msgs/hook/cmake_prefix_path.sh'
[1.308s] Level 1:colcon.colcon_core.environment:checking '/home/ferre/brick/BRICK-WEBots/install/vizanti_msgs/lib'
[1.308s] Level 1:colcon.colcon_core.shell:create_environment_hook('vizanti_msgs', 'ld_library_path_lib')
[1.308s] INFO:colcon.colcon_core.shell:Creating environment hook '/home/ferre/brick/BRICK-WEBots/install/vizanti_msgs/share/vizanti_msgs/hook/ld_library_path_lib.ps1'
[1.309s] INFO:colcon.colcon_core.shell:Creating environment descriptor '/home/ferre/brick/BRICK-WEBots/install/vizanti_msgs/share/vizanti_msgs/hook/ld_library_path_lib.dsv'
[1.310s] INFO:colcon.colcon_core.shell:Creating environment hook '/home/ferre/brick/BRICK-WEBots/install/vizanti_msgs/share/vizanti_msgs/hook/ld_library_path_lib.sh'
[1.310s] Level 1:colcon.colcon_core.environment:checking '/home/ferre/brick/BRICK-WEBots/install/vizanti_msgs/bin'
[1.310s] Level 1:colcon.colcon_core.environment:checking '/home/ferre/brick/BRICK-WEBots/install/vizanti_msgs/lib/pkgconfig/vizanti_msgs.pc'
[1.310s] Level 1:colcon.colcon_core.environment:checking '/home/ferre/brick/BRICK-WEBots/install/vizanti_msgs/lib/python3.10/site-packages'
[1.311s] Level 1:colcon.colcon_core.shell:create_environment_hook('vizanti_msgs', 'pythonpath')
[1.311s] INFO:colcon.colcon_core.shell:Creating environment hook '/home/ferre/brick/BRICK-WEBots/install/vizanti_msgs/share/vizanti_msgs/hook/pythonpath.ps1'
[1.311s] INFO:colcon.colcon_core.shell:Creating environment descriptor '/home/ferre/brick/BRICK-WEBots/install/vizanti_msgs/share/vizanti_msgs/hook/pythonpath.dsv'
[1.311s] INFO:colcon.colcon_core.shell:Creating environment hook '/home/ferre/brick/BRICK-WEBots/install/vizanti_msgs/share/vizanti_msgs/hook/pythonpath.sh'
[1.312s] Level 1:colcon.colcon_core.environment:checking '/home/ferre/brick/BRICK-WEBots/install/vizanti_msgs/bin'
[1.312s] INFO:colcon.colcon_core.shell:Creating package script '/home/ferre/brick/BRICK-WEBots/install/vizanti_msgs/share/vizanti_msgs/package.ps1'
[1.313s] INFO:colcon.colcon_core.shell:Creating package descriptor '/home/ferre/brick/BRICK-WEBots/install/vizanti_msgs/share/vizanti_msgs/package.dsv'
[1.313s] INFO:colcon.colcon_core.shell:Creating package script '/home/ferre/brick/BRICK-WEBots/install/vizanti_msgs/share/vizanti_msgs/package.sh'
[1.313s] INFO:colcon.colcon_core.shell:Creating package script '/home/ferre/brick/BRICK-WEBots/install/vizanti_msgs/share/vizanti_msgs/package.bash'
[1.314s] INFO:colcon.colcon_core.shell:Creating package script '/home/ferre/brick/BRICK-WEBots/install/vizanti_msgs/share/vizanti_msgs/package.zsh'
[1.314s] Level 1:colcon.colcon_core.environment:create_file_with_runtime_dependencies(/home/ferre/brick/BRICK-WEBots/install/vizanti_msgs/share/colcon-core/packages/vizanti_msgs)
[1.520s] Level 1:colcon.colcon_core.environment:checking '/home/ferre/brick/BRICK-WEBots/install/webots_ros2_brick' for CMake module files
[1.521s] DEBUG:colcon.colcon_core.event_handler.log_command:Invoked command in '/home/ferre/brick/BRICK-WEBots/webots_ros2_brick' returned '0': PYTHONPATH=/home/ferre/brick/BRICK-WEBots/build/webots_ros2_brick/prefix_override:/home/ferre/brick/BRICK-WEBots/install/webots_ros2_brick/lib/python3.10/site-packages:${PYTHONPATH} /usr/bin/python3 -W ignore:setup.py install is deprecated setup.py egg_info --egg-base ../build/webots_ros2_brick build --build-base /home/ferre/brick/BRICK-WEBots/build/webots_ros2_brick/build install --record /home/ferre/brick/BRICK-WEBots/build/webots_ros2_brick/install.log --single-version-externally-managed install_data
[1.522s] Level 1:colcon.colcon_core.environment:checking '/home/ferre/brick/BRICK-WEBots/install/webots_ros2_brick' for CMake config files
[1.522s] Level 1:colcon.colcon_core.environment:checking '/home/ferre/brick/BRICK-WEBots/install/webots_ros2_brick/lib'
[1.522s] Level 1:colcon.colcon_core.environment:checking '/home/ferre/brick/BRICK-WEBots/install/webots_ros2_brick/bin'
[1.523s] Level 1:colcon.colcon_core.environment:checking '/home/ferre/brick/BRICK-WEBots/install/webots_ros2_brick/lib/pkgconfig/webots_ros2_brick.pc'
[1.523s] Level 1:colcon.colcon_core.environment:checking '/home/ferre/brick/BRICK-WEBots/install/webots_ros2_brick/lib/python3.10/site-packages'
[1.523s] Level 1:colcon.colcon_core.shell:create_environment_hook('webots_ros2_brick', 'pythonpath')
[1.523s] INFO:colcon.colcon_core.shell:Creating environment hook '/home/ferre/brick/BRICK-WEBots/install/webots_ros2_brick/share/webots_ros2_brick/hook/pythonpath.ps1'
[1.523s] INFO:colcon.colcon_core.shell:Creating environment descriptor '/home/ferre/brick/BRICK-WEBots/install/webots_ros2_brick/share/webots_ros2_brick/hook/pythonpath.dsv'
[1.524s] INFO:colcon.colcon_core.shell:Creating environment hook '/home/ferre/brick/BRICK-WEBots/install/webots_ros2_brick/share/webots_ros2_brick/hook/pythonpath.sh'
[1.524s] Level 1:colcon.colcon_core.environment:checking '/home/ferre/brick/BRICK-WEBots/install/webots_ros2_brick/bin'
[1.524s] Level 1:colcon.colcon_core.environment:create_environment_scripts_only(webots_ros2_brick)
[1.524s] INFO:colcon.colcon_core.shell:Creating package script '/home/ferre/brick/BRICK-WEBots/install/webots_ros2_brick/share/webots_ros2_brick/package.ps1'
[1.525s] INFO:colcon.colcon_core.shell:Creating package descriptor '/home/ferre/brick/BRICK-WEBots/install/webots_ros2_brick/share/webots_ros2_brick/package.dsv'
[1.525s] INFO:colcon.colcon_core.shell:Creating package script '/home/ferre/brick/BRICK-WEBots/install/webots_ros2_brick/share/webots_ros2_brick/package.sh'
[1.526s] INFO:colcon.colcon_core.shell:Creating package script '/home/ferre/brick/BRICK-WEBots/install/webots_ros2_brick/share/webots_ros2_brick/package.bash'
[1.526s] INFO:colcon.colcon_core.shell:Creating package script '/home/ferre/brick/BRICK-WEBots/install/webots_ros2_brick/share/webots_ros2_brick/package.zsh'
[1.527s] Level 1:colcon.colcon_core.environment:create_file_with_runtime_dependencies(/home/ferre/brick/BRICK-WEBots/install/webots_ros2_brick/share/colcon-core/packages/webots_ros2_brick)
[1.639s] Level 1:colcon.colcon_core.environment:create_environment_scripts_only(vizanti_msgs)
[1.639s] Level 1:colcon.colcon_core.environment:checking '/home/ferre/brick/BRICK-WEBots/install/vizanti_msgs' for CMake module files
[1.640s] Level 1:colcon.colcon_core.environment:checking '/home/ferre/brick/BRICK-WEBots/install/vizanti_msgs' for CMake config files
[1.640s] Level 1:colcon.colcon_core.shell:create_environment_hook('vizanti_msgs', 'cmake_prefix_path')
[1.640s] INFO:colcon.colcon_core.shell:Creating environment hook '/home/ferre/brick/BRICK-WEBots/install/vizanti_msgs/share/vizanti_msgs/hook/cmake_prefix_path.ps1'
[1.641s] INFO:colcon.colcon_core.shell:Creating environment descriptor '/home/ferre/brick/BRICK-WEBots/install/vizanti_msgs/share/vizanti_msgs/hook/cmake_prefix_path.dsv'
[1.641s] INFO:colcon.colcon_core.shell:Creating environment hook '/home/ferre/brick/BRICK-WEBots/install/vizanti_msgs/share/vizanti_msgs/hook/cmake_prefix_path.sh'
[1.642s] Level 1:colcon.colcon_core.environment:checking '/home/ferre/brick/BRICK-WEBots/install/vizanti_msgs/lib'
[1.642s] Level 1:colcon.colcon_core.shell:create_environment_hook('vizanti_msgs', 'ld_library_path_lib')
[1.642s] INFO:colcon.colcon_core.shell:Creating environment hook '/home/ferre/brick/BRICK-WEBots/install/vizanti_msgs/share/vizanti_msgs/hook/ld_library_path_lib.ps1'
[1.643s] INFO:colcon.colcon_core.shell:Creating environment descriptor '/home/ferre/brick/BRICK-WEBots/install/vizanti_msgs/share/vizanti_msgs/hook/ld_library_path_lib.dsv'
[1.643s] INFO:colcon.colcon_core.shell:Creating environment hook '/home/ferre/brick/BRICK-WEBots/install/vizanti_msgs/share/vizanti_msgs/hook/ld_library_path_lib.sh'
[1.644s] Level 1:colcon.colcon_core.environment:checking '/home/ferre/brick/BRICK-WEBots/install/vizanti_msgs/bin'
[1.645s] Level 1:colcon.colcon_core.environment:checking '/home/ferre/brick/BRICK-WEBots/install/vizanti_msgs/lib/pkgconfig/vizanti_msgs.pc'
[1.645s] Level 1:colcon.colcon_core.environment:checking '/home/ferre/brick/BRICK-WEBots/install/vizanti_msgs/lib/python3.10/site-packages'
[1.645s] Level 1:colcon.colcon_core.shell:create_environment_hook('vizanti_msgs', 'pythonpath')
[1.645s] INFO:colcon.colcon_core.shell:Creating environment hook '/home/ferre/brick/BRICK-WEBots/install/vizanti_msgs/share/vizanti_msgs/hook/pythonpath.ps1'
[1.646s] INFO:colcon.colcon_core.shell:Creating environment descriptor '/home/ferre/brick/BRICK-WEBots/install/vizanti_msgs/share/vizanti_msgs/hook/pythonpath.dsv'
[1.647s] INFO:colcon.colcon_core.shell:Creating environment hook '/home/ferre/brick/BRICK-WEBots/install/vizanti_msgs/share/vizanti_msgs/hook/pythonpath.sh'
[1.647s] Level 1:colcon.colcon_core.environment:checking '/home/ferre/brick/BRICK-WEBots/install/vizanti_msgs/bin'
[1.648s] INFO:colcon.colcon_core.shell:Creating package script '/home/ferre/brick/BRICK-WEBots/install/vizanti_msgs/share/vizanti_msgs/package.ps1'
[1.648s] INFO:colcon.colcon_core.shell:Creating package descriptor '/home/ferre/brick/BRICK-WEBots/install/vizanti_msgs/share/vizanti_msgs/package.dsv'
[1.648s] INFO:colcon.colcon_core.shell:Creating package script '/home/ferre/brick/BRICK-WEBots/install/vizanti_msgs/share/vizanti_msgs/package.sh'
[1.649s] INFO:colcon.colcon_core.shell:Creating package script '/home/ferre/brick/BRICK-WEBots/install/vizanti_msgs/share/vizanti_msgs/package.bash'
[1.649s] INFO:colcon.colcon_core.shell:Creating package script '/home/ferre/brick/BRICK-WEBots/install/vizanti_msgs/share/vizanti_msgs/package.zsh'
[1.649s] Level 1:colcon.colcon_core.environment:create_file_with_runtime_dependencies(/home/ferre/brick/BRICK-WEBots/install/vizanti_msgs/share/colcon-core/packages/vizanti_msgs)
[1.650s] INFO:colcon.colcon_ros.task.ament_cmake.build:Building ROS package in '/home/ferre/brick/BRICK-WEBots/vizanti/src/vizanti/vizanti_server' with build type 'ament_cmake'
[1.650s] INFO:colcon.colcon_cmake.task.cmake.build:Building CMake package in '/home/ferre/brick/BRICK-WEBots/vizanti/src/vizanti/vizanti_server'
[1.650s] INFO:colcon.colcon_core.shell:Skip shell extension 'powershell' for command environment: Not usable outside of PowerShell
[1.650s] DEBUG:colcon.colcon_core.shell:Skip shell extension 'dsv' for command environment
[1.655s] INFO:colcon.colcon_ros.task.ament_cmake.build:Building ROS package in '/home/ferre/brick/BRICK-WEBots/vizanti/src/vizanti/vizanti_demos' with build type 'ament_cmake'
[1.656s] INFO:colcon.colcon_cmake.task.cmake.build:Building CMake package in '/home/ferre/brick/BRICK-WEBots/vizanti/src/vizanti/vizanti_demos'
[1.656s] INFO:colcon.colcon_core.shell:Skip shell extension 'powershell' for command environment: Not usable outside of PowerShell
[1.656s] DEBUG:colcon.colcon_core.shell:Skip shell extension 'dsv' for command environment
[1.668s] DEBUG:colcon.colcon_core.event_handler.log_command:Invoking command in '/home/ferre/brick/BRICK-WEBots/build/vizanti_server': CMAKE_PREFIX_PATH=/home/ferre/brick/BRICK-WEBots/install/vizanti_msgs:/home/ferre/brick/BRICK-WEBots/install/vizanti:/home/ferre/brick/BRICK-WEBots/install/vizanti_server:/home/ferre/brick/BRICK-WEBots/install/vizanti_demos:/home/ferre/brick/BRICK-WEBots/install/vizanti_cpp:/home/ferre/brick/BRICK-WEBots/install/webots_ros2_brick:/home/ferre/brick/BRICK-WEBots/install/ros2-webots-v2:/opt/ros/iron PYTHONPATH=/home/ferre/brick/BRICK-WEBots/install/vizanti_msgs/lib/python3.10/site-packages:/home/ferre/brick/BRICK-WEBots/install/webots_ros2_brick/lib/python3.10/site-packages:/home/ferre/brick/BRICK-WEBots/install/ros2-webots-v2/lib/python3.10/site-packages:/opt/ros/iron/lib/python3.10/site-packages /usr/bin/cmake --build /home/ferre/brick/BRICK-WEBots/build/vizanti_server -- -j12 -l12
[1.672s] DEBUG:colcon.colcon_core.event_handler.log_command:Invoking command in '/home/ferre/brick/BRICK-WEBots/build/vizanti_demos': CMAKE_PREFIX_PATH=/home/ferre/brick/BRICK-WEBots/install/vizanti_msgs:/home/ferre/brick/BRICK-WEBots/install/vizanti:/home/ferre/brick/BRICK-WEBots/install/vizanti_server:/home/ferre/brick/BRICK-WEBots/install/vizanti_demos:/home/ferre/brick/BRICK-WEBots/install/vizanti_cpp:/home/ferre/brick/BRICK-WEBots/install/webots_ros2_brick:/home/ferre/brick/BRICK-WEBots/install/ros2-webots-v2:/opt/ros/iron PYTHONPATH=/home/ferre/brick/BRICK-WEBots/install/vizanti_msgs/lib/python3.10/site-packages:/home/ferre/brick/BRICK-WEBots/install/webots_ros2_brick/lib/python3.10/site-packages:/home/ferre/brick/BRICK-WEBots/install/ros2-webots-v2/lib/python3.10/site-packages:/opt/ros/iron/lib/python3.10/site-packages /usr/bin/cmake --build /home/ferre/brick/BRICK-WEBots/build/vizanti_demos -- -j12 -l12
[1.735s] DEBUG:colcon.colcon_core.event_handler.log_command:Invoked command in '/home/ferre/brick/BRICK-WEBots/build/vizanti_server' returned '0': CMAKE_PREFIX_PATH=/home/ferre/brick/BRICK-WEBots/install/vizanti_msgs:/home/ferre/brick/BRICK-WEBots/install/vizanti:/home/ferre/brick/BRICK-WEBots/install/vizanti_server:/home/ferre/brick/BRICK-WEBots/install/vizanti_demos:/home/ferre/brick/BRICK-WEBots/install/vizanti_cpp:/home/ferre/brick/BRICK-WEBots/install/webots_ros2_brick:/home/ferre/brick/BRICK-WEBots/install/ros2-webots-v2:/opt/ros/iron PYTHONPATH=/home/ferre/brick/BRICK-WEBots/install/vizanti_msgs/lib/python3.10/site-packages:/home/ferre/brick/BRICK-WEBots/install/webots_ros2_brick/lib/python3.10/site-packages:/home/ferre/brick/BRICK-WEBots/install/ros2-webots-v2/lib/python3.10/site-packages:/opt/ros/iron/lib/python3.10/site-packages /usr/bin/cmake --build /home/ferre/brick/BRICK-WEBots/build/vizanti_server -- -j12 -l12
[1.744s] DEBUG:colcon.colcon_core.event_handler.log_command:Invoked command in '/home/ferre/brick/BRICK-WEBots/build/vizanti_demos' returned '0': CMAKE_PREFIX_PATH=/home/ferre/brick/BRICK-WEBots/install/vizanti_msgs:/home/ferre/brick/BRICK-WEBots/install/vizanti:/home/ferre/brick/BRICK-WEBots/install/vizanti_server:/home/ferre/brick/BRICK-WEBots/install/vizanti_demos:/home/ferre/brick/BRICK-WEBots/install/vizanti_cpp:/home/ferre/brick/BRICK-WEBots/install/webots_ros2_brick:/home/ferre/brick/BRICK-WEBots/install/ros2-webots-v2:/opt/ros/iron PYTHONPATH=/home/ferre/brick/BRICK-WEBots/install/vizanti_msgs/lib/python3.10/site-packages:/home/ferre/brick/BRICK-WEBots/install/webots_ros2_brick/lib/python3.10/site-packages:/home/ferre/brick/BRICK-WEBots/install/ros2-webots-v2/lib/python3.10/site-packages:/opt/ros/iron/lib/python3.10/site-packages /usr/bin/cmake --build /home/ferre/brick/BRICK-WEBots/build/vizanti_demos -- -j12 -l12
[1.775s] DEBUG:colcon.colcon_core.event_handler.log_command:Invoking command in '/home/ferre/brick/BRICK-WEBots/build/vizanti_server': CMAKE_PREFIX_PATH=/home/ferre/brick/BRICK-WEBots/install/vizanti_msgs:/home/ferre/brick/BRICK-WEBots/install/vizanti:/home/ferre/brick/BRICK-WEBots/install/vizanti_server:/home/ferre/brick/BRICK-WEBots/install/vizanti_demos:/home/ferre/brick/BRICK-WEBots/install/vizanti_cpp:/home/ferre/brick/BRICK-WEBots/install/webots_ros2_brick:/home/ferre/brick/BRICK-WEBots/install/ros2-webots-v2:/opt/ros/iron PYTHONPATH=/home/ferre/brick/BRICK-WEBots/install/vizanti_msgs/lib/python3.10/site-packages:/home/ferre/brick/BRICK-WEBots/install/webots_ros2_brick/lib/python3.10/site-packages:/home/ferre/brick/BRICK-WEBots/install/ros2-webots-v2/lib/python3.10/site-packages:/opt/ros/iron/lib/python3.10/site-packages /usr/bin/cmake --install /home/ferre/brick/BRICK-WEBots/build/vizanti_server
[1.780s] DEBUG:colcon.colcon_core.event_handler.log_command:Invoking command in '/home/ferre/brick/BRICK-WEBots/build/vizanti_demos': CMAKE_PREFIX_PATH=/home/ferre/brick/BRICK-WEBots/install/vizanti_msgs:/home/ferre/brick/BRICK-WEBots/install/vizanti:/home/ferre/brick/BRICK-WEBots/install/vizanti_server:/home/ferre/brick/BRICK-WEBots/install/vizanti_demos:/home/ferre/brick/BRICK-WEBots/install/vizanti_cpp:/home/ferre/brick/BRICK-WEBots/install/webots_ros2_brick:/home/ferre/brick/BRICK-WEBots/install/ros2-webots-v2:/opt/ros/iron PYTHONPATH=/home/ferre/brick/BRICK-WEBots/install/vizanti_msgs/lib/python3.10/site-packages:/home/ferre/brick/BRICK-WEBots/install/webots_ros2_brick/lib/python3.10/site-packages:/home/ferre/brick/BRICK-WEBots/install/ros2-webots-v2/lib/python3.10/site-packages:/opt/ros/iron/lib/python3.10/site-packages /usr/bin/cmake --install /home/ferre/brick/BRICK-WEBots/build/vizanti_demos
[1.794s] Level 1:colcon.colcon_core.environment:create_environment_scripts_only(vizanti_demos)
[1.796s] Level 1:colcon.colcon_core.environment:checking '/home/ferre/brick/BRICK-WEBots/install/vizanti_demos' for CMake module files
[1.801s] Level 1:colcon.colcon_core.environment:checking '/home/ferre/brick/BRICK-WEBots/install/vizanti_demos' for CMake config files
[1.803s] Level 1:colcon.colcon_core.shell:create_environment_hook('vizanti_demos', 'cmake_prefix_path')
[1.804s] INFO:colcon.colcon_core.shell:Creating environment hook '/home/ferre/brick/BRICK-WEBots/install/vizanti_demos/share/vizanti_demos/hook/cmake_prefix_path.ps1'
[1.806s] INFO:colcon.colcon_core.shell:Creating environment descriptor '/home/ferre/brick/BRICK-WEBots/install/vizanti_demos/share/vizanti_demos/hook/cmake_prefix_path.dsv'
[1.807s] INFO:colcon.colcon_core.shell:Creating environment hook '/home/ferre/brick/BRICK-WEBots/install/vizanti_demos/share/vizanti_demos/hook/cmake_prefix_path.sh'
[1.808s] DEBUG:colcon.colcon_core.event_handler.log_command:Invoked command in '/home/ferre/brick/BRICK-WEBots/build/vizanti_demos' returned '0': CMAKE_PREFIX_PATH=/home/ferre/brick/BRICK-WEBots/install/vizanti_msgs:/home/ferre/brick/BRICK-WEBots/install/vizanti:/home/ferre/brick/BRICK-WEBots/install/vizanti_server:/home/ferre/brick/BRICK-WEBots/install/vizanti_demos:/home/ferre/brick/BRICK-WEBots/install/vizanti_cpp:/home/ferre/brick/BRICK-WEBots/install/webots_ros2_brick:/home/ferre/brick/BRICK-WEBots/install/ros2-webots-v2:/opt/ros/iron PYTHONPATH=/home/ferre/brick/BRICK-WEBots/install/vizanti_msgs/lib/python3.10/site-packages:/home/ferre/brick/BRICK-WEBots/install/webots_ros2_brick/lib/python3.10/site-packages:/home/ferre/brick/BRICK-WEBots/install/ros2-webots-v2/lib/python3.10/site-packages:/opt/ros/iron/lib/python3.10/site-packages /usr/bin/cmake --install /home/ferre/brick/BRICK-WEBots/build/vizanti_demos
[1.810s] Level 1:colcon.colcon_core.environment:checking '/home/ferre/brick/BRICK-WEBots/install/vizanti_demos/lib'
[1.810s] Level 1:colcon.colcon_core.environment:checking '/home/ferre/brick/BRICK-WEBots/install/vizanti_demos/bin'
[1.810s] Level 1:colcon.colcon_core.environment:checking '/home/ferre/brick/BRICK-WEBots/install/vizanti_demos/lib/pkgconfig/vizanti_demos.pc'
[1.811s] Level 1:colcon.colcon_core.environment:checking '/home/ferre/brick/BRICK-WEBots/install/vizanti_demos/lib/python3.10/site-packages'
[1.811s] Level 1:colcon.colcon_core.environment:checking '/home/ferre/brick/BRICK-WEBots/install/vizanti_demos/bin'
[1.811s] INFO:colcon.colcon_core.shell:Creating package script '/home/ferre/brick/BRICK-WEBots/install/vizanti_demos/share/vizanti_demos/package.ps1'
[1.813s] INFO:colcon.colcon_core.shell:Creating package descriptor '/home/ferre/brick/BRICK-WEBots/install/vizanti_demos/share/vizanti_demos/package.dsv'
[1.814s] INFO:colcon.colcon_core.shell:Creating package script '/home/ferre/brick/BRICK-WEBots/install/vizanti_demos/share/vizanti_demos/package.sh'
[1.815s] INFO:colcon.colcon_core.shell:Creating package script '/home/ferre/brick/BRICK-WEBots/install/vizanti_demos/share/vizanti_demos/package.bash'
[1.816s] INFO:colcon.colcon_core.shell:Creating package script '/home/ferre/brick/BRICK-WEBots/install/vizanti_demos/share/vizanti_demos/package.zsh'
[1.816s] Level 1:colcon.colcon_core.environment:create_file_with_runtime_dependencies(/home/ferre/brick/BRICK-WEBots/install/vizanti_demos/share/colcon-core/packages/vizanti_demos)
[1.818s] Level 1:colcon.colcon_core.environment:create_environment_scripts_only(vizanti_server)
[1.818s] Level 1:colcon.colcon_core.environment:checking '/home/ferre/brick/BRICK-WEBots/install/vizanti_server' for CMake module files
[1.818s] DEBUG:colcon.colcon_core.event_handler.log_command:Invoked command in '/home/ferre/brick/BRICK-WEBots/build/vizanti_server' returned '0': CMAKE_PREFIX_PATH=/home/ferre/brick/BRICK-WEBots/install/vizanti_msgs:/home/ferre/brick/BRICK-WEBots/install/vizanti:/home/ferre/brick/BRICK-WEBots/install/vizanti_server:/home/ferre/brick/BRICK-WEBots/install/vizanti_demos:/home/ferre/brick/BRICK-WEBots/install/vizanti_cpp:/home/ferre/brick/BRICK-WEBots/install/webots_ros2_brick:/home/ferre/brick/BRICK-WEBots/install/ros2-webots-v2:/opt/ros/iron PYTHONPATH=/home/ferre/brick/BRICK-WEBots/install/vizanti_msgs/lib/python3.10/site-packages:/home/ferre/brick/BRICK-WEBots/install/webots_ros2_brick/lib/python3.10/site-packages:/home/ferre/brick/BRICK-WEBots/install/ros2-webots-v2/lib/python3.10/site-packages:/opt/ros/iron/lib/python3.10/site-packages /usr/bin/cmake --install /home/ferre/brick/BRICK-WEBots/build/vizanti_server
[1.819s] Level 1:colcon.colcon_core.environment:checking '/home/ferre/brick/BRICK-WEBots/install/vizanti_server' for CMake config files
[1.819s] Level 1:colcon.colcon_core.shell:create_environment_hook('vizanti_server', 'cmake_prefix_path')
[1.819s] INFO:colcon.colcon_core.shell:Creating environment hook '/home/ferre/brick/BRICK-WEBots/install/vizanti_server/share/vizanti_server/hook/cmake_prefix_path.ps1'
[1.819s] INFO:colcon.colcon_core.shell:Creating environment descriptor '/home/ferre/brick/BRICK-WEBots/install/vizanti_server/share/vizanti_server/hook/cmake_prefix_path.dsv'
[1.820s] INFO:colcon.colcon_core.shell:Creating environment hook '/home/ferre/brick/BRICK-WEBots/install/vizanti_server/share/vizanti_server/hook/cmake_prefix_path.sh'
[1.820s] Level 1:colcon.colcon_core.environment:checking '/home/ferre/brick/BRICK-WEBots/install/vizanti_server/lib'
[1.820s] Level 1:colcon.colcon_core.environment:checking '/home/ferre/brick/BRICK-WEBots/install/vizanti_server/bin'
[1.820s] Level 1:colcon.colcon_core.environment:checking '/home/ferre/brick/BRICK-WEBots/install/vizanti_server/lib/pkgconfig/vizanti_server.pc'
[1.821s] Level 1:colcon.colcon_core.environment:checking '/home/ferre/brick/BRICK-WEBots/install/vizanti_server/lib/python3.10/site-packages'
[1.821s] Level 1:colcon.colcon_core.environment:checking '/home/ferre/brick/BRICK-WEBots/install/vizanti_server/bin'
[1.821s] INFO:colcon.colcon_core.shell:Creating package script '/home/ferre/brick/BRICK-WEBots/install/vizanti_server/share/vizanti_server/package.ps1'
[1.821s] INFO:colcon.colcon_core.shell:Creating package descriptor '/home/ferre/brick/BRICK-WEBots/install/vizanti_server/share/vizanti_server/package.dsv'
[1.822s] INFO:colcon.colcon_core.shell:Creating package script '/home/ferre/brick/BRICK-WEBots/install/vizanti_server/share/vizanti_server/package.sh'
[1.822s] INFO:colcon.colcon_core.shell:Creating package script '/home/ferre/brick/BRICK-WEBots/install/vizanti_server/share/vizanti_server/package.bash'
[1.823s] INFO:colcon.colcon_core.shell:Creating package script '/home/ferre/brick/BRICK-WEBots/install/vizanti_server/share/vizanti_server/package.zsh'
[1.823s] Level 1:colcon.colcon_core.environment:create_file_with_runtime_dependencies(/home/ferre/brick/BRICK-WEBots/install/vizanti_server/share/colcon-core/packages/vizanti_server)
[1.847s] Level 1:colcon.colcon_core.environment:create_environment_scripts_only(vizanti_demos)
[1.848s] Level 1:colcon.colcon_core.environment:checking '/home/ferre/brick/BRICK-WEBots/install/vizanti_demos' for CMake module files
[1.848s] Level 1:colcon.colcon_core.environment:checking '/home/ferre/brick/BRICK-WEBots/install/vizanti_demos' for CMake config files
[1.848s] Level 1:colcon.colcon_core.shell:create_environment_hook('vizanti_demos', 'cmake_prefix_path')
[1.848s] INFO:colcon.colcon_core.shell:Creating environment hook '/home/ferre/brick/BRICK-WEBots/install/vizanti_demos/share/vizanti_demos/hook/cmake_prefix_path.ps1'
[1.849s] INFO:colcon.colcon_core.shell:Creating environment descriptor '/home/ferre/brick/BRICK-WEBots/install/vizanti_demos/share/vizanti_demos/hook/cmake_prefix_path.dsv'
[1.849s] INFO:colcon.colcon_core.shell:Creating environment hook '/home/ferre/brick/BRICK-WEBots/install/vizanti_demos/share/vizanti_demos/hook/cmake_prefix_path.sh'
[1.850s] Level 1:colcon.colcon_core.environment:checking '/home/ferre/brick/BRICK-WEBots/install/vizanti_demos/lib'
[1.850s] Level 1:colcon.colcon_core.environment:checking '/home/ferre/brick/BRICK-WEBots/install/vizanti_demos/bin'
[1.850s] Level 1:colcon.colcon_core.environment:checking '/home/ferre/brick/BRICK-WEBots/install/vizanti_demos/lib/pkgconfig/vizanti_demos.pc'
[1.850s] Level 1:colcon.colcon_core.environment:checking '/home/ferre/brick/BRICK-WEBots/install/vizanti_demos/lib/python3.10/site-packages'
[1.850s] Level 1:colcon.colcon_core.environment:checking '/home/ferre/brick/BRICK-WEBots/install/vizanti_demos/bin'
[1.851s] INFO:colcon.colcon_core.shell:Creating package script '/home/ferre/brick/BRICK-WEBots/install/vizanti_demos/share/vizanti_demos/package.ps1'
[1.851s] INFO:colcon.colcon_core.shell:Creating package descriptor '/home/ferre/brick/BRICK-WEBots/install/vizanti_demos/share/vizanti_demos/package.dsv'
[1.851s] INFO:colcon.colcon_core.shell:Creating package script '/home/ferre/brick/BRICK-WEBots/install/vizanti_demos/share/vizanti_demos/package.sh'
[1.852s] INFO:colcon.colcon_core.shell:Creating package script '/home/ferre/brick/BRICK-WEBots/install/vizanti_demos/share/vizanti_demos/package.bash'
[1.852s] INFO:colcon.colcon_core.shell:Creating package script '/home/ferre/brick/BRICK-WEBots/install/vizanti_demos/share/vizanti_demos/package.zsh'
[1.853s] Level 1:colcon.colcon_core.environment:create_file_with_runtime_dependencies(/home/ferre/brick/BRICK-WEBots/install/vizanti_demos/share/colcon-core/packages/vizanti_demos)
[1.855s] Level 1:colcon.colcon_core.environment:create_environment_scripts_only(vizanti_server)
[1.855s] Level 1:colcon.colcon_core.environment:checking '/home/ferre/brick/BRICK-WEBots/install/vizanti_server' for CMake module files
[1.855s] Level 1:colcon.colcon_core.environment:checking '/home/ferre/brick/BRICK-WEBots/install/vizanti_server' for CMake config files
[1.856s] Level 1:colcon.colcon_core.shell:create_environment_hook('vizanti_server', 'cmake_prefix_path')
[1.856s] INFO:colcon.colcon_core.shell:Creating environment hook '/home/ferre/brick/BRICK-WEBots/install/vizanti_server/share/vizanti_server/hook/cmake_prefix_path.ps1'
[1.856s] INFO:colcon.colcon_core.shell:Creating environment descriptor '/home/ferre/brick/BRICK-WEBots/install/vizanti_server/share/vizanti_server/hook/cmake_prefix_path.dsv'
[1.856s] INFO:colcon.colcon_core.shell:Creating environment hook '/home/ferre/brick/BRICK-WEBots/install/vizanti_server/share/vizanti_server/hook/cmake_prefix_path.sh'
[1.857s] Level 1:colcon.colcon_core.environment:checking '/home/ferre/brick/BRICK-WEBots/install/vizanti_server/lib'
[1.857s] Level 1:colcon.colcon_core.environment:checking '/home/ferre/brick/BRICK-WEBots/install/vizanti_server/bin'
[1.857s] Level 1:colcon.colcon_core.environment:checking '/home/ferre/brick/BRICK-WEBots/install/vizanti_server/lib/pkgconfig/vizanti_server.pc'
[1.857s] Level 1:colcon.colcon_core.environment:checking '/home/ferre/brick/BRICK-WEBots/install/vizanti_server/lib/python3.10/site-packages'
[1.857s] Level 1:colcon.colcon_core.environment:checking '/home/ferre/brick/BRICK-WEBots/install/vizanti_server/bin'
[1.858s] INFO:colcon.colcon_core.shell:Creating package script '/home/ferre/brick/BRICK-WEBots/install/vizanti_server/share/vizanti_server/package.ps1'
[1.858s] INFO:colcon.colcon_core.shell:Creating package descriptor '/home/ferre/brick/BRICK-WEBots/install/vizanti_server/share/vizanti_server/package.dsv'
[1.858s] INFO:colcon.colcon_core.shell:Creating package script '/home/ferre/brick/BRICK-WEBots/install/vizanti_server/share/vizanti_server/package.sh'
[1.859s] INFO:colcon.colcon_core.shell:Creating package script '/home/ferre/brick/BRICK-WEBots/install/vizanti_server/share/vizanti_server/package.bash'
[1.859s] INFO:colcon.colcon_core.shell:Creating package script '/home/ferre/brick/BRICK-WEBots/install/vizanti_server/share/vizanti_server/package.zsh'
[1.859s] Level 1:colcon.colcon_core.environment:create_file_with_runtime_dependencies(/home/ferre/brick/BRICK-WEBots/install/vizanti_server/share/colcon-core/packages/vizanti_server)
[1.860s] INFO:colcon.colcon_ros.task.ament_cmake.build:Building ROS package in '/home/ferre/brick/BRICK-WEBots/vizanti/src/vizanti/vizanti' with build type 'ament_cmake'
[1.860s] INFO:colcon.colcon_cmake.task.cmake.build:Building CMake package in '/home/ferre/brick/BRICK-WEBots/vizanti/src/vizanti/vizanti'
[1.860s] INFO:colcon.colcon_core.shell:Skip shell extension 'powershell' for command environment: Not usable outside of PowerShell
[1.860s] DEBUG:colcon.colcon_core.shell:Skip shell extension 'dsv' for command environment
[1.878s] DEBUG:colcon.colcon_core.event_handler.log_command:Invoking command in '/home/ferre/brick/BRICK-WEBots/build/vizanti': CMAKE_PREFIX_PATH=/home/ferre/brick/BRICK-WEBots/install/vizanti_server:/home/ferre/brick/BRICK-WEBots/install/vizanti_msgs:/home/ferre/brick/BRICK-WEBots/install/vizanti:/home/ferre/brick/BRICK-WEBots/install/vizanti_demos:/home/ferre/brick/BRICK-WEBots/install/vizanti_cpp:/home/ferre/brick/BRICK-WEBots/install/webots_ros2_brick:/home/ferre/brick/BRICK-WEBots/install/ros2-webots-v2:/opt/ros/iron PYTHONPATH=/home/ferre/brick/BRICK-WEBots/install/vizanti_msgs/lib/python3.10/site-packages:/home/ferre/brick/BRICK-WEBots/install/webots_ros2_brick/lib/python3.10/site-packages:/home/ferre/brick/BRICK-WEBots/install/ros2-webots-v2/lib/python3.10/site-packages:/opt/ros/iron/lib/python3.10/site-packages /usr/bin/cmake --build /home/ferre/brick/BRICK-WEBots/build/vizanti -- -j12 -l12
[1.927s] DEBUG:colcon.colcon_core.event_handler.log_command:Invoked command in '/home/ferre/brick/BRICK-WEBots/build/vizanti' returned '0': CMAKE_PREFIX_PATH=/home/ferre/brick/BRICK-WEBots/install/vizanti_server:/home/ferre/brick/BRICK-WEBots/install/vizanti_msgs:/home/ferre/brick/BRICK-WEBots/install/vizanti:/home/ferre/brick/BRICK-WEBots/install/vizanti_demos:/home/ferre/brick/BRICK-WEBots/install/vizanti_cpp:/home/ferre/brick/BRICK-WEBots/install/webots_ros2_brick:/home/ferre/brick/BRICK-WEBots/install/ros2-webots-v2:/opt/ros/iron PYTHONPATH=/home/ferre/brick/BRICK-WEBots/install/vizanti_msgs/lib/python3.10/site-packages:/home/ferre/brick/BRICK-WEBots/install/webots_ros2_brick/lib/python3.10/site-packages:/home/ferre/brick/BRICK-WEBots/install/ros2-webots-v2/lib/python3.10/site-packages:/opt/ros/iron/lib/python3.10/site-packages /usr/bin/cmake --build /home/ferre/brick/BRICK-WEBots/build/vizanti -- -j12 -l12
[1.957s] DEBUG:colcon.colcon_core.event_handler.log_command:Invoking command in '/home/ferre/brick/BRICK-WEBots/build/vizanti': CMAKE_PREFIX_PATH=/home/ferre/brick/BRICK-WEBots/install/vizanti_server:/home/ferre/brick/BRICK-WEBots/install/vizanti_msgs:/home/ferre/brick/BRICK-WEBots/install/vizanti:/home/ferre/brick/BRICK-WEBots/install/vizanti_demos:/home/ferre/brick/BRICK-WEBots/install/vizanti_cpp:/home/ferre/brick/BRICK-WEBots/install/webots_ros2_brick:/home/ferre/brick/BRICK-WEBots/install/ros2-webots-v2:/opt/ros/iron PYTHONPATH=/home/ferre/brick/BRICK-WEBots/install/vizanti_msgs/lib/python3.10/site-packages:/home/ferre/brick/BRICK-WEBots/install/webots_ros2_brick/lib/python3.10/site-packages:/home/ferre/brick/BRICK-WEBots/install/ros2-webots-v2/lib/python3.10/site-packages:/opt/ros/iron/lib/python3.10/site-packages /usr/bin/cmake --install /home/ferre/brick/BRICK-WEBots/build/vizanti
[1.970s] Level 1:colcon.colcon_core.environment:create_environment_scripts_only(vizanti)
[1.971s] Level 1:colcon.colcon_core.environment:checking '/home/ferre/brick/BRICK-WEBots/install/vizanti' for CMake module files
[1.971s] DEBUG:colcon.colcon_core.event_handler.log_command:Invoked command in '/home/ferre/brick/BRICK-WEBots/build/vizanti' returned '0': CMAKE_PREFIX_PATH=/home/ferre/brick/BRICK-WEBots/install/vizanti_server:/home/ferre/brick/BRICK-WEBots/install/vizanti_msgs:/home/ferre/brick/BRICK-WEBots/install/vizanti:/home/ferre/brick/BRICK-WEBots/install/vizanti_demos:/home/ferre/brick/BRICK-WEBots/install/vizanti_cpp:/home/ferre/brick/BRICK-WEBots/install/webots_ros2_brick:/home/ferre/brick/BRICK-WEBots/install/ros2-webots-v2:/opt/ros/iron PYTHONPATH=/home/ferre/brick/BRICK-WEBots/install/vizanti_msgs/lib/python3.10/site-packages:/home/ferre/brick/BRICK-WEBots/install/webots_ros2_brick/lib/python3.10/site-packages:/home/ferre/brick/BRICK-WEBots/install/ros2-webots-v2/lib/python3.10/site-packages:/opt/ros/iron/lib/python3.10/site-packages /usr/bin/cmake --install /home/ferre/brick/BRICK-WEBots/build/vizanti
[1.971s] Level 1:colcon.colcon_core.environment:checking '/home/ferre/brick/BRICK-WEBots/install/vizanti' for CMake config files
[1.972s] Level 1:colcon.colcon_core.shell:create_environment_hook('vizanti', 'cmake_prefix_path')
[1.972s] INFO:colcon.colcon_core.shell:Creating environment hook '/home/ferre/brick/BRICK-WEBots/install/vizanti/share/vizanti/hook/cmake_prefix_path.ps1'
[1.972s] INFO:colcon.colcon_core.shell:Creating environment descriptor '/home/ferre/brick/BRICK-WEBots/install/vizanti/share/vizanti/hook/cmake_prefix_path.dsv'
[1.973s] INFO:colcon.colcon_core.shell:Creating environment hook '/home/ferre/brick/BRICK-WEBots/install/vizanti/share/vizanti/hook/cmake_prefix_path.sh'
[1.974s] Level 1:colcon.colcon_core.environment:checking '/home/ferre/brick/BRICK-WEBots/install/vizanti/bin'
[1.974s] Level 1:colcon.colcon_core.environment:checking '/home/ferre/brick/BRICK-WEBots/install/vizanti/lib/pkgconfig/vizanti.pc'
[1.974s] Level 1:colcon.colcon_core.environment:checking '/home/ferre/brick/BRICK-WEBots/install/vizanti/lib/python3.10/site-packages'
[1.975s] Level 1:colcon.colcon_core.environment:checking '/home/ferre/brick/BRICK-WEBots/install/vizanti/bin'
[1.975s] INFO:colcon.colcon_core.shell:Creating package script '/home/ferre/brick/BRICK-WEBots/install/vizanti/share/vizanti/package.ps1'
[1.976s] INFO:colcon.colcon_core.shell:Creating package descriptor '/home/ferre/brick/BRICK-WEBots/install/vizanti/share/vizanti/package.dsv'
[1.976s] INFO:colcon.colcon_core.shell:Creating package script '/home/ferre/brick/BRICK-WEBots/install/vizanti/share/vizanti/package.sh'
[1.977s] INFO:colcon.colcon_core.shell:Creating package script '/home/ferre/brick/BRICK-WEBots/install/vizanti/share/vizanti/package.bash'
[1.978s] INFO:colcon.colcon_core.shell:Creating package script '/home/ferre/brick/BRICK-WEBots/install/vizanti/share/vizanti/package.zsh'
[1.978s] Level 1:colcon.colcon_core.environment:create_file_with_runtime_dependencies(/home/ferre/brick/BRICK-WEBots/install/vizanti/share/colcon-core/packages/vizanti)
[2.008s] Level 1:colcon.colcon_core.environment:create_environment_scripts_only(vizanti)
[2.009s] Level 1:colcon.colcon_core.environment:checking '/home/ferre/brick/BRICK-WEBots/install/vizanti' for CMake module files
[2.009s] Level 1:colcon.colcon_core.environment:checking '/home/ferre/brick/BRICK-WEBots/install/vizanti' for CMake config files
[2.009s] Level 1:colcon.colcon_core.shell:create_environment_hook('vizanti', 'cmake_prefix_path')
[2.009s] INFO:colcon.colcon_core.shell:Creating environment hook '/home/ferre/brick/BRICK-WEBots/install/vizanti/share/vizanti/hook/cmake_prefix_path.ps1'
[2.010s] INFO:colcon.colcon_core.shell:Creating environment descriptor '/home/ferre/brick/BRICK-WEBots/install/vizanti/share/vizanti/hook/cmake_prefix_path.dsv'
[2.011s] INFO:colcon.colcon_core.shell:Creating environment hook '/home/ferre/brick/BRICK-WEBots/install/vizanti/share/vizanti/hook/cmake_prefix_path.sh'
[2.011s] Level 1:colcon.colcon_core.environment:checking '/home/ferre/brick/BRICK-WEBots/install/vizanti/bin'
[2.011s] Level 1:colcon.colcon_core.environment:checking '/home/ferre/brick/BRICK-WEBots/install/vizanti/lib/pkgconfig/vizanti.pc'
[2.011s] Level 1:colcon.colcon_core.environment:checking '/home/ferre/brick/BRICK-WEBots/install/vizanti/lib/python3.10/site-packages'
[2.012s] Level 1:colcon.colcon_core.environment:checking '/home/ferre/brick/BRICK-WEBots/install/vizanti/bin'
[2.012s] INFO:colcon.colcon_core.shell:Creating package script '/home/ferre/brick/BRICK-WEBots/install/vizanti/share/vizanti/package.ps1'
[2.013s] INFO:colcon.colcon_core.shell:Creating package descriptor '/home/ferre/brick/BRICK-WEBots/install/vizanti/share/vizanti/package.dsv'
[2.013s] INFO:colcon.colcon_core.shell:Creating package script '/home/ferre/brick/BRICK-WEBots/install/vizanti/share/vizanti/package.sh'
[2.014s] INFO:colcon.colcon_core.shell:Creating package script '/home/ferre/brick/BRICK-WEBots/install/vizanti/share/vizanti/package.bash'
[2.015s] INFO:colcon.colcon_core.shell:Creating package script '/home/ferre/brick/BRICK-WEBots/install/vizanti/share/vizanti/package.zsh'
[2.015s] Level 1:colcon.colcon_core.environment:create_file_with_runtime_dependencies(/home/ferre/brick/BRICK-WEBots/install/vizanti/share/colcon-core/packages/vizanti)
[2.015s] DEBUG:colcon.colcon_parallel_executor.executor.parallel:closing loop
[2.016s] DEBUG:colcon.colcon_parallel_executor.executor.parallel:loop closed
[2.016s] DEBUG:colcon.colcon_parallel_executor.executor.parallel:run_until_complete finished with '0'
[2.016s] DEBUG:colcon.colcon_core.event_reactor:joining thread
[2.023s] INFO:colcon.colcon_core.plugin_system:Skipping extension 'colcon_notification.desktop_notification.terminal_notifier': Not used on non-Darwin systems
[2.023s] INFO:colcon.colcon_core.plugin_system:Skipping extension 'colcon_notification.desktop_notification.win32': Not used on non-Windows systems
[2.023s] INFO:colcon.colcon_notification.desktop_notification:Sending desktop notification using 'notify2'
[2.039s] DEBUG:colcon.colcon_core.event_reactor:joined thread
[2.039s] INFO:colcon.colcon_core.shell:Creating prefix script '/home/ferre/brick/BRICK-WEBots/install/local_setup.ps1'
[2.041s] INFO:colcon.colcon_core.shell:Creating prefix util module '/home/ferre/brick/BRICK-WEBots/install/_local_setup_util_ps1.py'
[2.042s] INFO:colcon.colcon_core.shell:Creating prefix chain script '/home/ferre/brick/BRICK-WEBots/install/setup.ps1'
[2.044s] INFO:colcon.colcon_core.shell:Creating prefix script '/home/ferre/brick/BRICK-WEBots/install/local_setup.sh'
[2.046s] INFO:colcon.colcon_core.shell:Creating prefix util module '/home/ferre/brick/BRICK-WEBots/install/_local_setup_util_sh.py'
[2.046s] INFO:colcon.colcon_core.shell:Creating prefix chain script '/home/ferre/brick/BRICK-WEBots/install/setup.sh'
[2.049s] INFO:colcon.colcon_core.shell:Creating prefix script '/home/ferre/brick/BRICK-WEBots/install/local_setup.bash'
[2.050s] INFO:colcon.colcon_core.shell:Creating prefix chain script '/home/ferre/brick/BRICK-WEBots/install/setup.bash'
[2.051s] INFO:colcon.colcon_core.shell:Creating prefix script '/home/ferre/brick/BRICK-WEBots/install/local_setup.zsh'
[2.052s] INFO:colcon.colcon_core.shell:Creating prefix chain script '/home/ferre/brick/BRICK-WEBots/install/setup.zsh'
