[0.816s] Invoking command in '/home/ferre/brick/BRICK-WEBots/webots_ros2_brick': PYTHONPATH=/home/ferre/brick/BRICK-WEBots/webots_ros2_brick/build/webots_ros2_brick/prefix_override:/home/ferre/brick/BRICK-WEBots/webots_ros2_brick/install/webots_ros2_brick/lib/python3.10/site-packages: /usr/bin/python3 -W ignore:setup.py install is deprecated setup.py egg_info --egg-base build/webots_ros2_brick build --build-base /home/ferre/brick/BRICK-WEBots/webots_ros2_brick/build/webots_ros2_brick/build install --record /home/ferre/brick/BRICK-WEBots/webots_ros2_brick/build/webots_ros2_brick/install.log --single-version-externally-managed install_data
[1.070s] running egg_info
[1.070s] writing build/webots_ros2_brick/webots_ros2_brick.egg-info/PKG-INFO
[1.071s] writing dependency_links to build/webots_ros2_brick/webots_ros2_brick.egg-info/dependency_links.txt
[1.071s] writing entry points to build/webots_ros2_brick/webots_ros2_brick.egg-info/entry_points.txt
[1.071s] writing requirements to build/webots_ros2_brick/webots_ros2_brick.egg-info/requires.txt
[1.071s] writing top-level names to build/webots_ros2_brick/webots_ros2_brick.egg-info/top_level.txt
[1.073s] reading manifest file 'build/webots_ros2_brick/webots_ros2_brick.egg-info/SOURCES.txt'
[1.078s] adding license file 'LICENSE'
[1.079s] writing manifest file 'build/webots_ros2_brick/webots_ros2_brick.egg-info/SOURCES.txt'
[1.080s] running build
[1.080s] running build_py
[1.080s] copying webots_ros2_brick/robotcontroller.py -> /home/ferre/brick/BRICK-WEBots/webots_ros2_brick/build/webots_ros2_brick/build/lib/webots_ros2_brick
[1.080s] running install
[1.081s] running install_lib
[1.082s] copying /home/ferre/brick/BRICK-WEBots/webots_ros2_brick/build/webots_ros2_brick/build/lib/webots_ros2_brick/robotcontroller.py -> /home/ferre/brick/BRICK-WEBots/webots_ros2_brick/install/webots_ros2_brick/lib/python3.10/site-packages/webots_ros2_brick
[1.083s] byte-compiling /home/ferre/brick/BRICK-WEBots/webots_ros2_brick/install/webots_ros2_brick/lib/python3.10/site-packages/webots_ros2_brick/robotcontroller.py to robotcontroller.cpython-310.pyc
[1.085s] running install_data
[1.085s] running install_egg_info
[1.087s] removing '/home/ferre/brick/BRICK-WEBots/webots_ros2_brick/install/webots_ros2_brick/lib/python3.10/site-packages/webots_ros2_brick-0.0.0-py3.10.egg-info' (and everything under it)
[1.088s] Copying build/webots_ros2_brick/webots_ros2_brick.egg-info to /home/ferre/brick/BRICK-WEBots/webots_ros2_brick/install/webots_ros2_brick/lib/python3.10/site-packages/webots_ros2_brick-0.0.0-py3.10.egg-info
[1.091s] running install_scripts
[1.118s] Installing mqtt_handler script to /home/ferre/brick/BRICK-WEBots/webots_ros2_brick/install/webots_ros2_brick/lib/webots_ros2_brick
[1.118s] Installing navigator script to /home/ferre/brick/BRICK-WEBots/webots_ros2_brick/install/webots_ros2_brick/lib/webots_ros2_brick
[1.119s] writing list of installed files to '/home/ferre/brick/BRICK-WEBots/webots_ros2_brick/build/webots_ros2_brick/install.log'
[1.165s] Invoked command in '/home/ferre/brick/BRICK-WEBots/webots_ros2_brick' returned '0': PYTHONPATH=/home/ferre/brick/BRICK-WEBots/webots_ros2_brick/build/webots_ros2_brick/prefix_override:/home/ferre/brick/BRICK-WEBots/webots_ros2_brick/install/webots_ros2_brick/lib/python3.10/site-packages: /usr/bin/python3 -W ignore:setup.py install is deprecated setup.py egg_info --egg-base build/webots_ros2_brick build --build-base /home/ferre/brick/BRICK-WEBots/webots_ros2_brick/build/webots_ros2_brick/build install --record /home/ferre/brick/BRICK-WEBots/webots_ros2_brick/build/webots_ros2_brick/install.log --single-version-externally-managed install_data
