[0.017s] Invoking command in '/home/ferre/brick/BRICK-WEBots/build/vizanti': AMENT_PREFIX_PATH=/home/ferre/brick/BRICK-WEBots/install/vizanti_server:/home/ferre/brick/BRICK-WEBots/install/vizanti_msgs:${AMENT_PREFIX_PATH} CMAKE_PREFIX_PATH=/home/ferre/brick/BRICK-WEBots/install/vizanti_server:/home/ferre/brick/BRICK-WEBots/install/vizanti_msgs:/home/ferre/brick/BRICK-WEBots/webots_ros2_brick/install/webots_ros2_brick:/opt/ros/iron LD_LIBRARY_PATH=/home/ferre/brick/BRICK-WEBots/install/vizanti_msgs/lib:${LD_LIBRARY_PATH} PYTHONPATH=/home/ferre/brick/BRICK-WEBots/install/vizanti_msgs/lib/python3.10/site-packages:${PYTHONPATH} /usr/bin/cmake --build /home/ferre/brick/BRICK-WEBots/build/vizanti -- -j12 -l12
[0.065s] Invoked command in '/home/ferre/brick/BRICK-WEBots/build/vizanti' returned '0': AMENT_PREFIX_PATH=/home/ferre/brick/BRICK-WEBots/install/vizanti_server:/home/ferre/brick/BRICK-WEBots/install/vizanti_msgs:${AMENT_PREFIX_PATH} CMAKE_PREFIX_PATH=/home/ferre/brick/BRICK-WEBots/install/vizanti_server:/home/ferre/brick/BRICK-WEBots/install/vizanti_msgs:/home/ferre/brick/BRICK-WEBots/webots_ros2_brick/install/webots_ros2_brick:/opt/ros/iron LD_LIBRARY_PATH=/home/ferre/brick/BRICK-WEBots/install/vizanti_msgs/lib:${LD_LIBRARY_PATH} PYTHONPATH=/home/ferre/brick/BRICK-WEBots/install/vizanti_msgs/lib/python3.10/site-packages:${PYTHONPATH} /usr/bin/cmake --build /home/ferre/brick/BRICK-WEBots/build/vizanti -- -j12 -l12
[0.093s] Invoking command in '/home/ferre/brick/BRICK-WEBots/build/vizanti': AMENT_PREFIX_PATH=/home/ferre/brick/BRICK-WEBots/install/vizanti_server:/home/ferre/brick/BRICK-WEBots/install/vizanti_msgs:${AMENT_PREFIX_PATH} CMAKE_PREFIX_PATH=/home/ferre/brick/BRICK-WEBots/install/vizanti_server:/home/ferre/brick/BRICK-WEBots/install/vizanti_msgs:/home/ferre/brick/BRICK-WEBots/webots_ros2_brick/install/webots_ros2_brick:/opt/ros/iron LD_LIBRARY_PATH=/home/ferre/brick/BRICK-WEBots/install/vizanti_msgs/lib:${LD_LIBRARY_PATH} PYTHONPATH=/home/ferre/brick/BRICK-WEBots/install/vizanti_msgs/lib/python3.10/site-packages:${PYTHONPATH} /usr/bin/cmake --install /home/ferre/brick/BRICK-WEBots/build/vizanti
[0.103s] -- Install configuration: ""
[0.103s] -- Up-to-date: /home/ferre/brick/BRICK-WEBots/install/vizanti/share/ament_index/resource_index/package_run_dependencies/vizanti
[0.103s] -- Up-to-date: /home/ferre/brick/BRICK-WEBots/install/vizanti/share/ament_index/resource_index/parent_prefix_path/vizanti
[0.104s] -- Up-to-date: /home/ferre/brick/BRICK-WEBots/install/vizanti/share/vizanti/environment/ament_prefix_path.sh
[0.104s] -- Up-to-date: /home/ferre/brick/BRICK-WEBots/install/vizanti/share/vizanti/environment/ament_prefix_path.dsv
[0.104s] -- Up-to-date: /home/ferre/brick/BRICK-WEBots/install/vizanti/share/vizanti/environment/path.sh
[0.104s] -- Up-to-date: /home/ferre/brick/BRICK-WEBots/install/vizanti/share/vizanti/environment/path.dsv
[0.104s] -- Up-to-date: /home/ferre/brick/BRICK-WEBots/install/vizanti/share/vizanti/local_setup.bash
[0.104s] -- Up-to-date: /home/ferre/brick/BRICK-WEBots/install/vizanti/share/vizanti/local_setup.sh
[0.104s] -- Up-to-date: /home/ferre/brick/BRICK-WEBots/install/vizanti/share/vizanti/local_setup.zsh
[0.104s] -- Up-to-date: /home/ferre/brick/BRICK-WEBots/install/vizanti/share/vizanti/local_setup.dsv
[0.104s] -- Up-to-date: /home/ferre/brick/BRICK-WEBots/install/vizanti/share/vizanti/package.dsv
[0.104s] -- Up-to-date: /home/ferre/brick/BRICK-WEBots/install/vizanti/share/ament_index/resource_index/packages/vizanti
[0.104s] -- Up-to-date: /home/ferre/brick/BRICK-WEBots/install/vizanti/share/vizanti/cmake/vizantiConfig.cmake
[0.104s] -- Up-to-date: /home/ferre/brick/BRICK-WEBots/install/vizanti/share/vizanti/cmake/vizantiConfig-version.cmake
[0.104s] -- Up-to-date: /home/ferre/brick/BRICK-WEBots/install/vizanti/share/vizanti/package.xml
[0.107s] Invoked command in '/home/ferre/brick/BRICK-WEBots/build/vizanti' returned '0': AMENT_PREFIX_PATH=/home/ferre/brick/BRICK-WEBots/install/vizanti_server:/home/ferre/brick/BRICK-WEBots/install/vizanti_msgs:${AMENT_PREFIX_PATH} CMAKE_PREFIX_PATH=/home/ferre/brick/BRICK-WEBots/install/vizanti_server:/home/ferre/brick/BRICK-WEBots/install/vizanti_msgs:/home/ferre/brick/BRICK-WEBots/webots_ros2_brick/install/webots_ros2_brick:/opt/ros/iron LD_LIBRARY_PATH=/home/ferre/brick/BRICK-WEBots/install/vizanti_msgs/lib:${LD_LIBRARY_PATH} PYTHONPATH=/home/ferre/brick/BRICK-WEBots/install/vizanti_msgs/lib/python3.10/site-packages:${PYTHONPATH} /usr/bin/cmake --install /home/ferre/brick/BRICK-WEBots/build/vizanti
