[0.963s] Invoking command in '/home/ferre/brick/BRICK-WEBots/webots_ros2_brick': PYTHONPATH=/home/ferre/brick/BRICK-WEBots/build/webots_ros2_brick/prefix_override:/home/ferre/brick/BRICK-WEBots/install/webots_ros2_brick/lib/python3.10/site-packages:${PYTHONPATH} /usr/bin/python3 -W ignore:setup.py install is deprecated setup.py egg_info --egg-base ../build/webots_ros2_brick build --build-base /home/ferre/brick/BRICK-WEBots/build/webots_ros2_brick/build install --record /home/ferre/brick/BRICK-WEBots/build/webots_ros2_brick/install.log --single-version-externally-managed install_data
[1.264s] running egg_info
[1.265s] writing ../build/webots_ros2_brick/webots_ros2_brick.egg-info/PKG-INFO
[1.265s] writing dependency_links to ../build/webots_ros2_brick/webots_ros2_brick.egg-info/dependency_links.txt
[1.265s] writing entry points to ../build/webots_ros2_brick/webots_ros2_brick.egg-info/entry_points.txt
[1.265s] writing requirements to ../build/webots_ros2_brick/webots_ros2_brick.egg-info/requires.txt
[1.266s] writing top-level names to ../build/webots_ros2_brick/webots_ros2_brick.egg-info/top_level.txt
[1.268s] reading manifest file '../build/webots_ros2_brick/webots_ros2_brick.egg-info/SOURCES.txt'
[1.269s] adding license file 'LICENSE'
[1.270s] writing manifest file '../build/webots_ros2_brick/webots_ros2_brick.egg-info/SOURCES.txt'
[1.270s] running build
[1.270s] running build_py
[1.271s] running install
[1.271s] running install_lib
[1.273s] running install_data
[1.274s] running install_egg_info
[1.276s] removing '/home/ferre/brick/BRICK-WEBots/install/webots_ros2_brick/lib/python3.10/site-packages/webots_ros2_brick-0.0.0-py3.10.egg-info' (and everything under it)
[1.276s] Copying ../build/webots_ros2_brick/webots_ros2_brick.egg-info to /home/ferre/brick/BRICK-WEBots/install/webots_ros2_brick/lib/python3.10/site-packages/webots_ros2_brick-0.0.0-py3.10.egg-info
[1.277s] running install_scripts
[1.301s] Installing mqtt_handler script to /home/ferre/brick/BRICK-WEBots/install/webots_ros2_brick/lib/webots_ros2_brick
[1.302s] Installing mqtt_videostream script to /home/ferre/brick/BRICK-WEBots/install/webots_ros2_brick/lib/webots_ros2_brick
[1.302s] Installing navigator script to /home/ferre/brick/BRICK-WEBots/install/webots_ros2_brick/lib/webots_ros2_brick
[1.302s] writing list of installed files to '/home/ferre/brick/BRICK-WEBots/build/webots_ros2_brick/install.log'
[1.343s] Invoked command in '/home/ferre/brick/BRICK-WEBots/webots_ros2_brick' returned '0': PYTHONPATH=/home/ferre/brick/BRICK-WEBots/build/webots_ros2_brick/prefix_override:/home/ferre/brick/BRICK-WEBots/install/webots_ros2_brick/lib/python3.10/site-packages:${PYTHONPATH} /usr/bin/python3 -W ignore:setup.py install is deprecated setup.py egg_info --egg-base ../build/webots_ros2_brick build --build-base /home/ferre/brick/BRICK-WEBots/build/webots_ros2_brick/build install --record /home/ferre/brick/BRICK-WEBots/build/webots_ros2_brick/install.log --single-version-externally-managed install_data
