[0.017s] Invoking command in '/home/ferre/brick/BRICK-WEBots/build/vizanti_demos': AMENT_PREFIX_PATH=/home/ferre/brick/BRICK-WEBots/install/vizanti_msgs:${AMENT_PREFIX_PATH} CMAKE_PREFIX_PATH=/home/ferre/brick/BRICK-WEBots/install/vizanti_msgs:/opt/ros/iron LD_LIBRARY_PATH=/home/ferre/brick/BRICK-WEBots/install/vizanti_msgs/lib:${LD_LIBRARY_PATH} PYTHONPATH=/home/ferre/brick/BRICK-WEBots/install/vizanti_msgs/lib/python3.10/site-packages:${PYTHONPATH} /usr/bin/cmake --build /home/ferre/brick/BRICK-WEBots/build/vizanti_demos -- -j12 -l12
[0.074s] Invoked command in '/home/ferre/brick/BRICK-WEBots/build/vizanti_demos' returned '0': AMENT_PREFIX_PATH=/home/ferre/brick/BRICK-WEBots/install/vizanti_msgs:${AMENT_PREFIX_PATH} CMAKE_PREFIX_PATH=/home/ferre/brick/BRICK-WEBots/install/vizanti_msgs:/opt/ros/iron LD_LIBRARY_PATH=/home/ferre/brick/BRICK-WEBots/install/vizanti_msgs/lib:${LD_LIBRARY_PATH} PYTHONPATH=/home/ferre/brick/BRICK-WEBots/install/vizanti_msgs/lib/python3.10/site-packages:${PYTHONPATH} /usr/bin/cmake --build /home/ferre/brick/BRICK-WEBots/build/vizanti_demos -- -j12 -l12
[0.110s] Invoking command in '/home/ferre/brick/BRICK-WEBots/build/vizanti_demos': AMENT_PREFIX_PATH=/home/ferre/brick/BRICK-WEBots/install/vizanti_msgs:${AMENT_PREFIX_PATH} CMAKE_PREFIX_PATH=/home/ferre/brick/BRICK-WEBots/install/vizanti_msgs:/opt/ros/iron LD_LIBRARY_PATH=/home/ferre/brick/BRICK-WEBots/install/vizanti_msgs/lib:${LD_LIBRARY_PATH} PYTHONPATH=/home/ferre/brick/BRICK-WEBots/install/vizanti_msgs/lib/python3.10/site-packages:${PYTHONPATH} /usr/bin/cmake --install /home/ferre/brick/BRICK-WEBots/build/vizanti_demos
[0.120s] -- Install configuration: ""
[0.120s] -- Up-to-date: /home/ferre/brick/BRICK-WEBots/install/vizanti_demos/share/vizanti_demos//launch
[0.120s] -- Up-to-date: /home/ferre/brick/BRICK-WEBots/install/vizanti_demos/share/vizanti_demos//launch/test.launch.py
[0.120s] -- Up-to-date: /home/ferre/brick/BRICK-WEBots/install/vizanti_demos/lib/vizanti_demos/particle_cloud_to_pose_array.py
[0.120s] -- Up-to-date: /home/ferre/brick/BRICK-WEBots/install/vizanti_demos/lib/vizanti_demos/path_to_nav2poses.py
[0.121s] -- Up-to-date: /home/ferre/brick/BRICK-WEBots/install/vizanti_demos/lib/vizanti_demos/test_grid_cells.py
[0.121s] -- Up-to-date: /home/ferre/brick/BRICK-WEBots/install/vizanti_demos/lib/vizanti_demos/test_marker_array.py
[0.121s] -- Up-to-date: /home/ferre/brick/BRICK-WEBots/install/vizanti_demos/share/ament_index/resource_index/package_run_dependencies/vizanti_demos
[0.121s] -- Up-to-date: /home/ferre/brick/BRICK-WEBots/install/vizanti_demos/share/ament_index/resource_index/parent_prefix_path/vizanti_demos
[0.121s] -- Up-to-date: /home/ferre/brick/BRICK-WEBots/install/vizanti_demos/share/vizanti_demos/environment/ament_prefix_path.sh
[0.121s] -- Up-to-date: /home/ferre/brick/BRICK-WEBots/install/vizanti_demos/share/vizanti_demos/environment/ament_prefix_path.dsv
[0.121s] -- Up-to-date: /home/ferre/brick/BRICK-WEBots/install/vizanti_demos/share/vizanti_demos/environment/path.sh
[0.121s] -- Up-to-date: /home/ferre/brick/BRICK-WEBots/install/vizanti_demos/share/vizanti_demos/environment/path.dsv
[0.121s] -- Up-to-date: /home/ferre/brick/BRICK-WEBots/install/vizanti_demos/share/vizanti_demos/local_setup.bash
[0.121s] -- Up-to-date: /home/ferre/brick/BRICK-WEBots/install/vizanti_demos/share/vizanti_demos/local_setup.sh
[0.122s] -- Up-to-date: /home/ferre/brick/BRICK-WEBots/install/vizanti_demos/share/vizanti_demos/local_setup.zsh
[0.122s] -- Up-to-date: /home/ferre/brick/BRICK-WEBots/install/vizanti_demos/share/vizanti_demos/local_setup.dsv
[0.122s] -- Installing: /home/ferre/brick/BRICK-WEBots/install/vizanti_demos/share/vizanti_demos/package.dsv
[0.122s] -- Up-to-date: /home/ferre/brick/BRICK-WEBots/install/vizanti_demos/share/ament_index/resource_index/packages/vizanti_demos
[0.122s] -- Up-to-date: /home/ferre/brick/BRICK-WEBots/install/vizanti_demos/share/vizanti_demos/cmake/vizanti_demosConfig.cmake
[0.122s] -- Up-to-date: /home/ferre/brick/BRICK-WEBots/install/vizanti_demos/share/vizanti_demos/cmake/vizanti_demosConfig-version.cmake
[0.122s] -- Up-to-date: /home/ferre/brick/BRICK-WEBots/install/vizanti_demos/share/vizanti_demos/package.xml
[0.133s] Invoked command in '/home/ferre/brick/BRICK-WEBots/build/vizanti_demos' returned '0': AMENT_PREFIX_PATH=/home/ferre/brick/BRICK-WEBots/install/vizanti_msgs:${AMENT_PREFIX_PATH} CMAKE_PREFIX_PATH=/home/ferre/brick/BRICK-WEBots/install/vizanti_msgs:/opt/ros/iron LD_LIBRARY_PATH=/home/ferre/brick/BRICK-WEBots/install/vizanti_msgs/lib:${LD_LIBRARY_PATH} PYTHONPATH=/home/ferre/brick/BRICK-WEBots/install/vizanti_msgs/lib/python3.10/site-packages:${PYTHONPATH} /usr/bin/cmake --install /home/ferre/brick/BRICK-WEBots/build/vizanti_demos
