[0.466s] Invoking command in '/home/seppe/Documents/Bachelor3/BRICK-WEBots/ros2-webots-v2': PYTHONPATH=/home/seppe/Documents/Bachelor3/BRICK-WEBots/ros2-webots-v2/build/ros2-webots-v2/prefix_override:/home/seppe/Documents/Bachelor3/BRICK-WEBots/ros2-webots-v2/install/ros2-webots-v2/lib/python3.10/site-packages:${PYTHONPATH} /usr/bin/python3 -W ignore:setup.py install is deprecated setup.py egg_info --egg-base build/ros2-webots-v2 build --build-base /home/seppe/Documents/Bachelor3/BRICK-WEBots/ros2-webots-v2/build/ros2-webots-v2/build install --record /home/seppe/Documents/Bachelor3/BRICK-WEBots/ros2-webots-v2/build/ros2-webots-v2/install.log --single-version-externally-managed install_data
[0.617s] running egg_info
[0.618s] writing build/ros2-webots-v2/ros2_webots_v2.egg-info/PKG-INFO
[0.618s] writing dependency_links to build/ros2-webots-v2/ros2_webots_v2.egg-info/dependency_links.txt
[0.618s] writing entry points to build/ros2-webots-v2/ros2_webots_v2.egg-info/entry_points.txt
[0.618s] writing requirements to build/ros2-webots-v2/ros2_webots_v2.egg-info/requires.txt
[0.618s] writing top-level names to build/ros2-webots-v2/ros2_webots_v2.egg-info/top_level.txt
[0.620s] reading manifest file 'build/ros2-webots-v2/ros2_webots_v2.egg-info/SOURCES.txt'
[0.620s] adding license file 'LICENSE'
[0.621s] writing manifest file 'build/ros2-webots-v2/ros2_webots_v2.egg-info/SOURCES.txt'
[0.621s] running build
[0.621s] running build_py
[0.621s] running install
[0.621s] running install_lib
[0.622s] running install_data
[0.622s] copying launch/robot_launch.py -> /home/seppe/Documents/Bachelor3/BRICK-WEBots/ros2-webots-v2/install/ros2-webots-v2/share/ros2-webots-v2/launch
[0.622s] copying launch/robot_bringup_launch.py -> /home/seppe/Documents/Bachelor3/BRICK-WEBots/ros2-webots-v2/install/ros2-webots-v2/share/ros2-webots-v2/launch
[0.622s] copying resource/cartographer.lua -> /home/seppe/Documents/Bachelor3/BRICK-WEBots/ros2-webots-v2/install/ros2-webots-v2/share/ros2-webots-v2/resource
[0.622s] copying resource/slam_toolbox_params.yaml -> /home/seppe/Documents/Bachelor3/BRICK-WEBots/ros2-webots-v2/install/ros2-webots-v2/share/ros2-webots-v2/resource
[0.622s] copying package.xml -> /home/seppe/Documents/Bachelor3/BRICK-WEBots/ros2-webots-v2/install/ros2-webots-v2/share/ros2-webots-v2
[0.623s] creating /home/seppe/Documents/Bachelor3/BRICK-WEBots/ros2-webots-v2/install/ros2-webots-v2/share/ros2-webots-v2/worlds
[0.623s] copying worlds/default.wbt -> /home/seppe/Documents/Bachelor3/BRICK-WEBots/ros2-webots-v2/install/ros2-webots-v2/share/ros2-webots-v2/worlds
[0.623s] copying worlds/.default.wbproj -> /home/seppe/Documents/Bachelor3/BRICK-WEBots/ros2-webots-v2/install/ros2-webots-v2/share/ros2-webots-v2/worlds
[0.623s] copying worlds/default_bringup.wbt -> /home/seppe/Documents/Bachelor3/BRICK-WEBots/ros2-webots-v2/install/ros2-webots-v2/share/ros2-webots-v2/worlds
[0.623s] copying worlds/.default_bringup.wbproj -> /home/seppe/Documents/Bachelor3/BRICK-WEBots/ros2-webots-v2/install/ros2-webots-v2/share/ros2-webots-v2/worlds
[0.623s] running install_egg_info
[0.624s] Copying build/ros2-webots-v2/ros2_webots_v2.egg-info to /home/seppe/Documents/Bachelor3/BRICK-WEBots/ros2-webots-v2/install/ros2-webots-v2/lib/python3.10/site-packages/ros2_webots_v2-0.0.0-py3.10.egg-info
[0.625s] running install_scripts
[0.643s] writing list of installed files to '/home/seppe/Documents/Bachelor3/BRICK-WEBots/ros2-webots-v2/build/ros2-webots-v2/install.log'
[0.663s] Invoked command in '/home/seppe/Documents/Bachelor3/BRICK-WEBots/ros2-webots-v2' returned '0': PYTHONPATH=/home/seppe/Documents/Bachelor3/BRICK-WEBots/ros2-webots-v2/build/ros2-webots-v2/prefix_override:/home/seppe/Documents/Bachelor3/BRICK-WEBots/ros2-webots-v2/install/ros2-webots-v2/lib/python3.10/site-packages:${PYTHONPATH} /usr/bin/python3 -W ignore:setup.py install is deprecated setup.py egg_info --egg-base build/ros2-webots-v2 build --build-base /home/seppe/Documents/Bachelor3/BRICK-WEBots/ros2-webots-v2/build/ros2-webots-v2/build install --record /home/seppe/Documents/Bachelor3/BRICK-WEBots/ros2-webots-v2/build/ros2-webots-v2/install.log --single-version-externally-managed install_data
