[0.347s] Invoking command in '/home/ferre/brick/BRICK-WEBots/build/vizanti_cpp': CMAKE_PREFIX_PATH=/home/ferre/brick/BRICK-WEBots/webots_ros2_brick/install/webots_ros2_brick:/opt/ros/iron /usr/bin/cmake --build /home/ferre/brick/BRICK-WEBots/build/vizanti_cpp -- -j12 -l12
[0.397s] [35m[1mConsolidate compiler generated dependencies of target tf_consolidator[0m
[0.426s] [100%] Built target tf_consolidator
[0.652s] Invoked command in '/home/ferre/brick/BRICK-WEBots/build/vizanti_cpp' returned '0': CMAKE_PREFIX_PATH=/home/ferre/brick/BRICK-WEBots/webots_ros2_brick/install/webots_ros2_brick:/opt/ros/iron /usr/bin/cmake --build /home/ferre/brick/BRICK-WEBots/build/vizanti_cpp -- -j12 -l12
[0.697s] Invoking command in '/home/ferre/brick/BRICK-WEBots/build/vizanti_cpp': CMAKE_PREFIX_PATH=/home/ferre/brick/BRICK-WEBots/webots_ros2_brick/install/webots_ros2_brick:/opt/ros/iron /usr/bin/cmake --install /home/ferre/brick/BRICK-WEBots/build/vizanti_cpp
[0.708s] -- Install configuration: ""
[0.709s] -- Up-to-date: /home/ferre/brick/BRICK-WEBots/install/vizanti_cpp/lib/vizanti_cpp/tf_consolidator
[0.709s] -- Up-to-date: /home/ferre/brick/BRICK-WEBots/install/vizanti_cpp/share/ament_index/resource_index/package_run_dependencies/vizanti_cpp
[0.709s] -- Up-to-date: /home/ferre/brick/BRICK-WEBots/install/vizanti_cpp/share/ament_index/resource_index/parent_prefix_path/vizanti_cpp
[0.710s] -- Up-to-date: /home/ferre/brick/BRICK-WEBots/install/vizanti_cpp/share/vizanti_cpp/environment/ament_prefix_path.sh
[0.710s] -- Up-to-date: /home/ferre/brick/BRICK-WEBots/install/vizanti_cpp/share/vizanti_cpp/environment/ament_prefix_path.dsv
[0.710s] -- Up-to-date: /home/ferre/brick/BRICK-WEBots/install/vizanti_cpp/share/vizanti_cpp/environment/path.sh
[0.710s] -- Up-to-date: /home/ferre/brick/BRICK-WEBots/install/vizanti_cpp/share/vizanti_cpp/environment/path.dsv
[0.710s] -- Up-to-date: /home/ferre/brick/BRICK-WEBots/install/vizanti_cpp/share/vizanti_cpp/local_setup.bash
[0.710s] -- Up-to-date: /home/ferre/brick/BRICK-WEBots/install/vizanti_cpp/share/vizanti_cpp/local_setup.sh
[0.710s] -- Up-to-date: /home/ferre/brick/BRICK-WEBots/install/vizanti_cpp/share/vizanti_cpp/local_setup.zsh
[0.710s] -- Up-to-date: /home/ferre/brick/BRICK-WEBots/install/vizanti_cpp/share/vizanti_cpp/local_setup.dsv
[0.710s] -- Installing: /home/ferre/brick/BRICK-WEBots/install/vizanti_cpp/share/vizanti_cpp/package.dsv
[0.710s] -- Up-to-date: /home/ferre/brick/BRICK-WEBots/install/vizanti_cpp/share/ament_index/resource_index/packages/vizanti_cpp
[0.710s] -- Up-to-date: /home/ferre/brick/BRICK-WEBots/install/vizanti_cpp/share/vizanti_cpp/cmake/vizanti_cppConfig.cmake
[0.711s] -- Up-to-date: /home/ferre/brick/BRICK-WEBots/install/vizanti_cpp/share/vizanti_cpp/cmake/vizanti_cppConfig-version.cmake
[0.711s] -- Up-to-date: /home/ferre/brick/BRICK-WEBots/install/vizanti_cpp/share/vizanti_cpp/package.xml
[0.714s] Invoked command in '/home/ferre/brick/BRICK-WEBots/build/vizanti_cpp' returned '0': CMAKE_PREFIX_PATH=/home/ferre/brick/BRICK-WEBots/webots_ros2_brick/install/webots_ros2_brick:/opt/ros/iron /usr/bin/cmake --install /home/ferre/brick/BRICK-WEBots/build/vizanti_cpp
