[0.110s] DEBUG:colcon:Command line arguments: ['/usr/bin/colcon', 'build']
[0.110s] DEBUG:colcon:Parsed command line arguments: Namespace(log_base=None, log_level=None, verb_name='build', build_base='build', install_base='install', merge_install=False, symlink_install=False, test_result_base=None, continue_on_error=False, executor='parallel', parallel_workers=12, event_handlers=None, ignore_user_meta=False, metas=['./colcon.meta'], base_paths=['.'], packages_ignore=None, packages_ignore_regex=None, paths=None, packages_up_to=None, packages_up_to_regex=None, packages_above=None, packages_above_and_dependencies=None, packages_above_depth=None, packages_select_by_dep=None, packages_skip_by_dep=None, packages_skip_up_to=None, packages_select_build_failed=False, packages_skip_build_finished=False, packages_select_test_failures=False, packages_skip_test_passed=False, packages_select=None, packages_skip=None, packages_select_regex=None, packages_skip_regex=None, packages_start=None, packages_end=None, allow_overriding=[], cmake_args=None, cmake_target=None, cmake_target_skip_unavailable=False, cmake_clean_cache=False, cmake_clean_first=False, cmake_force_configure=False, ament_cmake_args=None, catkin_cmake_args=None, catkin_skip_building_tests=False, mixin_files=None, mixin=None, verb_parser=<colcon_mixin.mixin.mixin_argument.MixinArgumentDecorator object at 0x735fbab2bc40>, verb_extension=<colcon_core.verb.build.BuildVerb object at 0x735fbac68370>, main=<bound method BuildVerb.main of <colcon_core.verb.build.BuildVerb object at 0x735fbac68370>>, mixin_verb=('build',))
[0.292s] Level 1:colcon.colcon_core.package_discovery:discover_packages(colcon_meta) check parameters
[0.292s] Level 1:colcon.colcon_core.package_discovery:discover_packages(recursive) check parameters
[0.292s] Level 1:colcon.colcon_core.package_discovery:discover_packages(ignore) check parameters
[0.292s] Level 1:colcon.colcon_core.package_discovery:discover_packages(path) check parameters
[0.292s] Level 1:colcon.colcon_core.package_discovery:discover_packages(colcon_meta) discover
[0.293s] Level 1:colcon.colcon_core.package_discovery:discover_packages(recursive) discover
[0.293s] INFO:colcon.colcon_core.package_discovery:Crawling recursively for packages in '/home/ferre/brick/BRICK-WEBots'
[0.293s] Level 1:colcon.colcon_core.package_identification:_identify(.) by extensions ['ignore', 'ignore_ament_install']
[0.293s] Level 1:colcon.colcon_core.package_identification:_identify(.) by extension 'ignore'
[0.293s] Level 1:colcon.colcon_core.package_identification:_identify(.) by extension 'ignore_ament_install'
[0.293s] Level 1:colcon.colcon_core.package_identification:_identify(.) by extensions ['colcon_pkg']
[0.293s] Level 1:colcon.colcon_core.package_identification:_identify(.) by extension 'colcon_pkg'
[0.293s] Level 1:colcon.colcon_core.package_identification:_identify(.) by extensions ['colcon_meta']
[0.293s] Level 1:colcon.colcon_core.package_identification:_identify(.) by extension 'colcon_meta'
[0.293s] Level 1:colcon.colcon_core.package_identification:_identify(.) by extensions ['ros']
[0.293s] Level 1:colcon.colcon_core.package_identification:_identify(.) by extension 'ros'
[0.304s] Level 1:colcon.colcon_core.package_identification:_identify(.) by extensions ['cmake', 'python']
[0.304s] Level 1:colcon.colcon_core.package_identification:_identify(.) by extension 'cmake'
[0.304s] Level 1:colcon.colcon_core.package_identification:_identify(.) by extension 'python'
[0.304s] Level 1:colcon.colcon_core.package_identification:_identify(.) by extensions ['python_setup_py']
[0.304s] Level 1:colcon.colcon_core.package_identification:_identify(.) by extension 'python_setup_py'
[0.304s] Level 1:colcon.colcon_core.package_identification:_identify(build) by extensions ['ignore', 'ignore_ament_install']
[0.304s] Level 1:colcon.colcon_core.package_identification:_identify(build) by extension 'ignore'
[0.304s] Level 1:colcon.colcon_core.package_identification:_identify(build) ignored
[0.304s] Level 1:colcon.colcon_core.package_identification:_identify(designSheet) by extensions ['ignore', 'ignore_ament_install']
[0.304s] Level 1:colcon.colcon_core.package_identification:_identify(designSheet) by extension 'ignore'
[0.304s] Level 1:colcon.colcon_core.package_identification:_identify(designSheet) by extension 'ignore_ament_install'
[0.304s] Level 1:colcon.colcon_core.package_identification:_identify(designSheet) by extensions ['colcon_pkg']
[0.304s] Level 1:colcon.colcon_core.package_identification:_identify(designSheet) by extension 'colcon_pkg'
[0.305s] Level 1:colcon.colcon_core.package_identification:_identify(designSheet) by extensions ['colcon_meta']
[0.305s] Level 1:colcon.colcon_core.package_identification:_identify(designSheet) by extension 'colcon_meta'
[0.305s] Level 1:colcon.colcon_core.package_identification:_identify(designSheet) by extensions ['ros']
[0.305s] Level 1:colcon.colcon_core.package_identification:_identify(designSheet) by extension 'ros'
[0.305s] Level 1:colcon.colcon_core.package_identification:_identify(designSheet) by extensions ['cmake', 'python']
[0.305s] Level 1:colcon.colcon_core.package_identification:_identify(designSheet) by extension 'cmake'
[0.305s] Level 1:colcon.colcon_core.package_identification:_identify(designSheet) by extension 'python'
[0.305s] Level 1:colcon.colcon_core.package_identification:_identify(designSheet) by extensions ['python_setup_py']
[0.305s] Level 1:colcon.colcon_core.package_identification:_identify(designSheet) by extension 'python_setup_py'
[0.305s] Level 1:colcon.colcon_core.package_identification:_identify(install) by extensions ['ignore', 'ignore_ament_install']
[0.305s] Level 1:colcon.colcon_core.package_identification:_identify(install) by extension 'ignore'
[0.305s] Level 1:colcon.colcon_core.package_identification:_identify(install) ignored
[0.305s] Level 1:colcon.colcon_core.package_identification:_identify(log) by extensions ['ignore', 'ignore_ament_install']
[0.305s] Level 1:colcon.colcon_core.package_identification:_identify(log) by extension 'ignore'
[0.305s] Level 1:colcon.colcon_core.package_identification:_identify(log) ignored
[0.305s] Level 1:colcon.colcon_core.package_identification:_identify(photos) by extensions ['ignore', 'ignore_ament_install']
[0.305s] Level 1:colcon.colcon_core.package_identification:_identify(photos) by extension 'ignore'
[0.305s] Level 1:colcon.colcon_core.package_identification:_identify(photos) by extension 'ignore_ament_install'
[0.305s] Level 1:colcon.colcon_core.package_identification:_identify(photos) by extensions ['colcon_pkg']
[0.305s] Level 1:colcon.colcon_core.package_identification:_identify(photos) by extension 'colcon_pkg'
[0.305s] Level 1:colcon.colcon_core.package_identification:_identify(photos) by extensions ['colcon_meta']
[0.306s] Level 1:colcon.colcon_core.package_identification:_identify(photos) by extension 'colcon_meta'
[0.306s] Level 1:colcon.colcon_core.package_identification:_identify(photos) by extensions ['ros']
[0.306s] Level 1:colcon.colcon_core.package_identification:_identify(photos) by extension 'ros'
[0.306s] Level 1:colcon.colcon_core.package_identification:_identify(photos) by extensions ['cmake', 'python']
[0.306s] Level 1:colcon.colcon_core.package_identification:_identify(photos) by extension 'cmake'
[0.306s] Level 1:colcon.colcon_core.package_identification:_identify(photos) by extension 'python'
[0.306s] Level 1:colcon.colcon_core.package_identification:_identify(photos) by extensions ['python_setup_py']
[0.306s] Level 1:colcon.colcon_core.package_identification:_identify(photos) by extension 'python_setup_py'
[0.306s] Level 1:colcon.colcon_core.package_identification:_identify(server) by extensions ['ignore', 'ignore_ament_install']
[0.306s] Level 1:colcon.colcon_core.package_identification:_identify(server) by extension 'ignore'
[0.306s] Level 1:colcon.colcon_core.package_identification:_identify(server) by extension 'ignore_ament_install'
[0.306s] Level 1:colcon.colcon_core.package_identification:_identify(server) by extensions ['colcon_pkg']
[0.306s] Level 1:colcon.colcon_core.package_identification:_identify(server) by extension 'colcon_pkg'
[0.306s] Level 1:colcon.colcon_core.package_identification:_identify(server) by extensions ['colcon_meta']
[0.306s] Level 1:colcon.colcon_core.package_identification:_identify(server) by extension 'colcon_meta'
[0.306s] Level 1:colcon.colcon_core.package_identification:_identify(server) by extensions ['ros']
[0.306s] Level 1:colcon.colcon_core.package_identification:_identify(server) by extension 'ros'
[0.306s] Level 1:colcon.colcon_core.package_identification:_identify(server) by extensions ['cmake', 'python']
[0.306s] Level 1:colcon.colcon_core.package_identification:_identify(server) by extension 'cmake'
[0.306s] Level 1:colcon.colcon_core.package_identification:_identify(server) by extension 'python'
[0.306s] Level 1:colcon.colcon_core.package_identification:_identify(server) by extensions ['python_setup_py']
[0.306s] Level 1:colcon.colcon_core.package_identification:_identify(server) by extension 'python_setup_py'
[0.306s] Level 1:colcon.colcon_core.package_identification:_identify(server/static) by extensions ['ignore', 'ignore_ament_install']
[0.306s] Level 1:colcon.colcon_core.package_identification:_identify(server/static) by extension 'ignore'
[0.307s] Level 1:colcon.colcon_core.package_identification:_identify(server/static) by extension 'ignore_ament_install'
[0.307s] Level 1:colcon.colcon_core.package_identification:_identify(server/static) by extensions ['colcon_pkg']
[0.307s] Level 1:colcon.colcon_core.package_identification:_identify(server/static) by extension 'colcon_pkg'
[0.307s] Level 1:colcon.colcon_core.package_identification:_identify(server/static) by extensions ['colcon_meta']
[0.307s] Level 1:colcon.colcon_core.package_identification:_identify(server/static) by extension 'colcon_meta'
[0.307s] Level 1:colcon.colcon_core.package_identification:_identify(server/static) by extensions ['ros']
[0.307s] Level 1:colcon.colcon_core.package_identification:_identify(server/static) by extension 'ros'
[0.307s] Level 1:colcon.colcon_core.package_identification:_identify(server/static) by extensions ['cmake', 'python']
[0.307s] Level 1:colcon.colcon_core.package_identification:_identify(server/static) by extension 'cmake'
[0.307s] Level 1:colcon.colcon_core.package_identification:_identify(server/static) by extension 'python'
[0.307s] Level 1:colcon.colcon_core.package_identification:_identify(server/static) by extensions ['python_setup_py']
[0.307s] Level 1:colcon.colcon_core.package_identification:_identify(server/static) by extension 'python_setup_py'
[0.307s] Level 1:colcon.colcon_core.package_identification:_identify(server/static/css) by extensions ['ignore', 'ignore_ament_install']
[0.307s] Level 1:colcon.colcon_core.package_identification:_identify(server/static/css) by extension 'ignore'
[0.307s] Level 1:colcon.colcon_core.package_identification:_identify(server/static/css) by extension 'ignore_ament_install'
[0.307s] Level 1:colcon.colcon_core.package_identification:_identify(server/static/css) by extensions ['colcon_pkg']
[0.307s] Level 1:colcon.colcon_core.package_identification:_identify(server/static/css) by extension 'colcon_pkg'
[0.307s] Level 1:colcon.colcon_core.package_identification:_identify(server/static/css) by extensions ['colcon_meta']
[0.307s] Level 1:colcon.colcon_core.package_identification:_identify(server/static/css) by extension 'colcon_meta'
[0.307s] Level 1:colcon.colcon_core.package_identification:_identify(server/static/css) by extensions ['ros']
[0.307s] Level 1:colcon.colcon_core.package_identification:_identify(server/static/css) by extension 'ros'
[0.307s] Level 1:colcon.colcon_core.package_identification:_identify(server/static/css) by extensions ['cmake', 'python']
[0.307s] Level 1:colcon.colcon_core.package_identification:_identify(server/static/css) by extension 'cmake'
[0.307s] Level 1:colcon.colcon_core.package_identification:_identify(server/static/css) by extension 'python'
[0.307s] Level 1:colcon.colcon_core.package_identification:_identify(server/static/css) by extensions ['python_setup_py']
[0.307s] Level 1:colcon.colcon_core.package_identification:_identify(server/static/css) by extension 'python_setup_py'
[0.308s] Level 1:colcon.colcon_core.package_identification:_identify(server/static/js) by extensions ['ignore', 'ignore_ament_install']
[0.308s] Level 1:colcon.colcon_core.package_identification:_identify(server/static/js) by extension 'ignore'
[0.308s] Level 1:colcon.colcon_core.package_identification:_identify(server/static/js) by extension 'ignore_ament_install'
[0.308s] Level 1:colcon.colcon_core.package_identification:_identify(server/static/js) by extensions ['colcon_pkg']
[0.308s] Level 1:colcon.colcon_core.package_identification:_identify(server/static/js) by extension 'colcon_pkg'
[0.308s] Level 1:colcon.colcon_core.package_identification:_identify(server/static/js) by extensions ['colcon_meta']
[0.308s] Level 1:colcon.colcon_core.package_identification:_identify(server/static/js) by extension 'colcon_meta'
[0.308s] Level 1:colcon.colcon_core.package_identification:_identify(server/static/js) by extensions ['ros']
[0.308s] Level 1:colcon.colcon_core.package_identification:_identify(server/static/js) by extension 'ros'
[0.308s] Level 1:colcon.colcon_core.package_identification:_identify(server/static/js) by extensions ['cmake', 'python']
[0.308s] Level 1:colcon.colcon_core.package_identification:_identify(server/static/js) by extension 'cmake'
[0.308s] Level 1:colcon.colcon_core.package_identification:_identify(server/static/js) by extension 'python'
[0.308s] Level 1:colcon.colcon_core.package_identification:_identify(server/static/js) by extensions ['python_setup_py']
[0.308s] Level 1:colcon.colcon_core.package_identification:_identify(server/static/js) by extension 'python_setup_py'
[0.308s] Level 1:colcon.colcon_core.package_identification:_identify(server/templates) by extensions ['ignore', 'ignore_ament_install']
[0.308s] Level 1:colcon.colcon_core.package_identification:_identify(server/templates) by extension 'ignore'
[0.308s] Level 1:colcon.colcon_core.package_identification:_identify(server/templates) by extension 'ignore_ament_install'
[0.308s] Level 1:colcon.colcon_core.package_identification:_identify(server/templates) by extensions ['colcon_pkg']
[0.308s] Level 1:colcon.colcon_core.package_identification:_identify(server/templates) by extension 'colcon_pkg'
[0.308s] Level 1:colcon.colcon_core.package_identification:_identify(server/templates) by extensions ['colcon_meta']
[0.309s] Level 1:colcon.colcon_core.package_identification:_identify(server/templates) by extension 'colcon_meta'
[0.309s] Level 1:colcon.colcon_core.package_identification:_identify(server/templates) by extensions ['ros']
[0.309s] Level 1:colcon.colcon_core.package_identification:_identify(server/templates) by extension 'ros'
[0.309s] Level 1:colcon.colcon_core.package_identification:_identify(server/templates) by extensions ['cmake', 'python']
[0.309s] Level 1:colcon.colcon_core.package_identification:_identify(server/templates) by extension 'cmake'
[0.309s] Level 1:colcon.colcon_core.package_identification:_identify(server/templates) by extension 'python'
[0.309s] Level 1:colcon.colcon_core.package_identification:_identify(server/templates) by extensions ['python_setup_py']
[0.309s] Level 1:colcon.colcon_core.package_identification:_identify(server/templates) by extension 'python_setup_py'
[0.309s] Level 1:colcon.colcon_core.package_identification:_identify(vizanti) by extensions ['ignore', 'ignore_ament_install']
[0.309s] Level 1:colcon.colcon_core.package_identification:_identify(vizanti) by extension 'ignore'
[0.309s] Level 1:colcon.colcon_core.package_identification:_identify(vizanti) by extension 'ignore_ament_install'
[0.309s] Level 1:colcon.colcon_core.package_identification:_identify(vizanti) by extensions ['colcon_pkg']
[0.309s] Level 1:colcon.colcon_core.package_identification:_identify(vizanti) by extension 'colcon_pkg'
[0.309s] Level 1:colcon.colcon_core.package_identification:_identify(vizanti) by extensions ['colcon_meta']
[0.309s] Level 1:colcon.colcon_core.package_identification:_identify(vizanti) by extension 'colcon_meta'
[0.309s] Level 1:colcon.colcon_core.package_identification:_identify(vizanti) by extensions ['ros']
[0.309s] Level 1:colcon.colcon_core.package_identification:_identify(vizanti) by extension 'ros'
[0.309s] Level 1:colcon.colcon_core.package_identification:_identify(vizanti) by extensions ['cmake', 'python']
[0.309s] Level 1:colcon.colcon_core.package_identification:_identify(vizanti) by extension 'cmake'
[0.309s] Level 1:colcon.colcon_core.package_identification:_identify(vizanti) by extension 'python'
[0.309s] Level 1:colcon.colcon_core.package_identification:_identify(vizanti) by extensions ['python_setup_py']
[0.309s] Level 1:colcon.colcon_core.package_identification:_identify(vizanti) by extension 'python_setup_py'
[0.309s] Level 1:colcon.colcon_core.package_identification:_identify(vizanti/src) by extensions ['ignore', 'ignore_ament_install']
[0.310s] Level 1:colcon.colcon_core.package_identification:_identify(vizanti/src) by extension 'ignore'
[0.310s] Level 1:colcon.colcon_core.package_identification:_identify(vizanti/src) by extension 'ignore_ament_install'
[0.310s] Level 1:colcon.colcon_core.package_identification:_identify(vizanti/src) by extensions ['colcon_pkg']
[0.310s] Level 1:colcon.colcon_core.package_identification:_identify(vizanti/src) by extension 'colcon_pkg'
[0.310s] Level 1:colcon.colcon_core.package_identification:_identify(vizanti/src) by extensions ['colcon_meta']
[0.310s] Level 1:colcon.colcon_core.package_identification:_identify(vizanti/src) by extension 'colcon_meta'
[0.310s] Level 1:colcon.colcon_core.package_identification:_identify(vizanti/src) by extensions ['ros']
[0.310s] Level 1:colcon.colcon_core.package_identification:_identify(vizanti/src) by extension 'ros'
[0.310s] Level 1:colcon.colcon_core.package_identification:_identify(vizanti/src) by extensions ['cmake', 'python']
[0.310s] Level 1:colcon.colcon_core.package_identification:_identify(vizanti/src) by extension 'cmake'
[0.310s] Level 1:colcon.colcon_core.package_identification:_identify(vizanti/src) by extension 'python'
[0.310s] Level 1:colcon.colcon_core.package_identification:_identify(vizanti/src) by extensions ['python_setup_py']
[0.310s] Level 1:colcon.colcon_core.package_identification:_identify(vizanti/src) by extension 'python_setup_py'
[0.310s] Level 1:colcon.colcon_core.package_identification:_identify(vizanti/src/vizanti) by extensions ['ignore', 'ignore_ament_install']
[0.310s] Level 1:colcon.colcon_core.package_identification:_identify(vizanti/src/vizanti) by extension 'ignore'
[0.310s] Level 1:colcon.colcon_core.package_identification:_identify(vizanti/src/vizanti) by extension 'ignore_ament_install'
[0.310s] Level 1:colcon.colcon_core.package_identification:_identify(vizanti/src/vizanti) by extensions ['colcon_pkg']
[0.310s] Level 1:colcon.colcon_core.package_identification:_identify(vizanti/src/vizanti) by extension 'colcon_pkg'
[0.310s] Level 1:colcon.colcon_core.package_identification:_identify(vizanti/src/vizanti) by extensions ['colcon_meta']
[0.310s] Level 1:colcon.colcon_core.package_identification:_identify(vizanti/src/vizanti) by extension 'colcon_meta'
[0.310s] Level 1:colcon.colcon_core.package_identification:_identify(vizanti/src/vizanti) by extensions ['ros']
[0.310s] Level 1:colcon.colcon_core.package_identification:_identify(vizanti/src/vizanti) by extension 'ros'
[0.310s] Level 1:colcon.colcon_core.package_identification:_identify(vizanti/src/vizanti) by extensions ['cmake', 'python']
[0.310s] Level 1:colcon.colcon_core.package_identification:_identify(vizanti/src/vizanti) by extension 'cmake'
[0.310s] Level 1:colcon.colcon_core.package_identification:_identify(vizanti/src/vizanti) by extension 'python'
[0.311s] Level 1:colcon.colcon_core.package_identification:_identify(vizanti/src/vizanti) by extensions ['python_setup_py']
[0.311s] Level 1:colcon.colcon_core.package_identification:_identify(vizanti/src/vizanti) by extension 'python_setup_py'
[0.311s] Level 1:colcon.colcon_core.package_identification:_identify(vizanti/src/vizanti/vizanti) by extensions ['ignore', 'ignore_ament_install']
[0.311s] Level 1:colcon.colcon_core.package_identification:_identify(vizanti/src/vizanti/vizanti) by extension 'ignore'
[0.311s] Level 1:colcon.colcon_core.package_identification:_identify(vizanti/src/vizanti/vizanti) by extension 'ignore_ament_install'
[0.311s] Level 1:colcon.colcon_core.package_identification:_identify(vizanti/src/vizanti/vizanti) by extensions ['colcon_pkg']
[0.311s] Level 1:colcon.colcon_core.package_identification:_identify(vizanti/src/vizanti/vizanti) by extension 'colcon_pkg'
[0.311s] Level 1:colcon.colcon_core.package_identification:_identify(vizanti/src/vizanti/vizanti) by extensions ['colcon_meta']
[0.311s] Level 1:colcon.colcon_core.package_identification:_identify(vizanti/src/vizanti/vizanti) by extension 'colcon_meta'
[0.311s] Level 1:colcon.colcon_core.package_identification:_identify(vizanti/src/vizanti/vizanti) by extensions ['ros']
[0.311s] Level 1:colcon.colcon_core.package_identification:_identify(vizanti/src/vizanti/vizanti) by extension 'ros'
[0.327s] DEBUG:colcon.colcon_core.package_identification:Package 'vizanti/src/vizanti/vizanti' with type 'ros.ament_cmake' and name 'vizanti'
[0.327s] Level 1:colcon.colcon_core.package_identification:_identify(vizanti/src/vizanti/vizanti_cpp) by extensions ['ignore', 'ignore_ament_install']
[0.328s] Level 1:colcon.colcon_core.package_identification:_identify(vizanti/src/vizanti/vizanti_cpp) by extension 'ignore'
[0.328s] Level 1:colcon.colcon_core.package_identification:_identify(vizanti/src/vizanti/vizanti_cpp) by extension 'ignore_ament_install'
[0.328s] Level 1:colcon.colcon_core.package_identification:_identify(vizanti/src/vizanti/vizanti_cpp) by extensions ['colcon_pkg']
[0.328s] Level 1:colcon.colcon_core.package_identification:_identify(vizanti/src/vizanti/vizanti_cpp) by extension 'colcon_pkg'
[0.328s] Level 1:colcon.colcon_core.package_identification:_identify(vizanti/src/vizanti/vizanti_cpp) by extensions ['colcon_meta']
[0.328s] Level 1:colcon.colcon_core.package_identification:_identify(vizanti/src/vizanti/vizanti_cpp) by extension 'colcon_meta'
[0.328s] Level 1:colcon.colcon_core.package_identification:_identify(vizanti/src/vizanti/vizanti_cpp) by extensions ['ros']
[0.328s] Level 1:colcon.colcon_core.package_identification:_identify(vizanti/src/vizanti/vizanti_cpp) by extension 'ros'
[0.329s] DEBUG:colcon.colcon_core.package_identification:Package 'vizanti/src/vizanti/vizanti_cpp' with type 'ros.ament_cmake' and name 'vizanti_cpp'
[0.329s] Level 1:colcon.colcon_core.package_identification:_identify(vizanti/src/vizanti/vizanti_demos) by extensions ['ignore', 'ignore_ament_install']
[0.329s] Level 1:colcon.colcon_core.package_identification:_identify(vizanti/src/vizanti/vizanti_demos) by extension 'ignore'
[0.329s] Level 1:colcon.colcon_core.package_identification:_identify(vizanti/src/vizanti/vizanti_demos) by extension 'ignore_ament_install'
[0.329s] Level 1:colcon.colcon_core.package_identification:_identify(vizanti/src/vizanti/vizanti_demos) by extensions ['colcon_pkg']
[0.329s] Level 1:colcon.colcon_core.package_identification:_identify(vizanti/src/vizanti/vizanti_demos) by extension 'colcon_pkg'
[0.329s] Level 1:colcon.colcon_core.package_identification:_identify(vizanti/src/vizanti/vizanti_demos) by extensions ['colcon_meta']
[0.329s] Level 1:colcon.colcon_core.package_identification:_identify(vizanti/src/vizanti/vizanti_demos) by extension 'colcon_meta'
[0.329s] Level 1:colcon.colcon_core.package_identification:_identify(vizanti/src/vizanti/vizanti_demos) by extensions ['ros']
[0.329s] Level 1:colcon.colcon_core.package_identification:_identify(vizanti/src/vizanti/vizanti_demos) by extension 'ros'
[0.330s] DEBUG:colcon.colcon_core.package_identification:Package 'vizanti/src/vizanti/vizanti_demos' with type 'ros.ament_cmake' and name 'vizanti_demos'
[0.330s] Level 1:colcon.colcon_core.package_identification:_identify(vizanti/src/vizanti/vizanti_msgs) by extensions ['ignore', 'ignore_ament_install']
[0.330s] Level 1:colcon.colcon_core.package_identification:_identify(vizanti/src/vizanti/vizanti_msgs) by extension 'ignore'
[0.330s] Level 1:colcon.colcon_core.package_identification:_identify(vizanti/src/vizanti/vizanti_msgs) by extension 'ignore_ament_install'
[0.330s] Level 1:colcon.colcon_core.package_identification:_identify(vizanti/src/vizanti/vizanti_msgs) by extensions ['colcon_pkg']
[0.330s] Level 1:colcon.colcon_core.package_identification:_identify(vizanti/src/vizanti/vizanti_msgs) by extension 'colcon_pkg'
[0.330s] Level 1:colcon.colcon_core.package_identification:_identify(vizanti/src/vizanti/vizanti_msgs) by extensions ['colcon_meta']
[0.330s] Level 1:colcon.colcon_core.package_identification:_identify(vizanti/src/vizanti/vizanti_msgs) by extension 'colcon_meta'
[0.330s] Level 1:colcon.colcon_core.package_identification:_identify(vizanti/src/vizanti/vizanti_msgs) by extensions ['ros']
[0.330s] Level 1:colcon.colcon_core.package_identification:_identify(vizanti/src/vizanti/vizanti_msgs) by extension 'ros'
[0.331s] DEBUG:colcon.colcon_core.package_identification:Package 'vizanti/src/vizanti/vizanti_msgs' with type 'ros.ament_cmake' and name 'vizanti_msgs'
[0.331s] Level 1:colcon.colcon_core.package_identification:_identify(vizanti/src/vizanti/vizanti_server) by extensions ['ignore', 'ignore_ament_install']
[0.331s] Level 1:colcon.colcon_core.package_identification:_identify(vizanti/src/vizanti/vizanti_server) by extension 'ignore'
[0.331s] Level 1:colcon.colcon_core.package_identification:_identify(vizanti/src/vizanti/vizanti_server) by extension 'ignore_ament_install'
[0.331s] Level 1:colcon.colcon_core.package_identification:_identify(vizanti/src/vizanti/vizanti_server) by extensions ['colcon_pkg']
[0.331s] Level 1:colcon.colcon_core.package_identification:_identify(vizanti/src/vizanti/vizanti_server) by extension 'colcon_pkg'
[0.331s] Level 1:colcon.colcon_core.package_identification:_identify(vizanti/src/vizanti/vizanti_server) by extensions ['colcon_meta']
[0.331s] Level 1:colcon.colcon_core.package_identification:_identify(vizanti/src/vizanti/vizanti_server) by extension 'colcon_meta'
[0.332s] Level 1:colcon.colcon_core.package_identification:_identify(vizanti/src/vizanti/vizanti_server) by extensions ['ros']
[0.332s] Level 1:colcon.colcon_core.package_identification:_identify(vizanti/src/vizanti/vizanti_server) by extension 'ros'
[0.332s] DEBUG:colcon.colcon_core.package_identification:Package 'vizanti/src/vizanti/vizanti_server' with type 'ros.ament_cmake' and name 'vizanti_server'
[0.333s] Level 1:colcon.colcon_core.package_identification:_identify(webots_ros2_brick) by extensions ['ignore', 'ignore_ament_install']
[0.333s] Level 1:colcon.colcon_core.package_identification:_identify(webots_ros2_brick) by extension 'ignore'
[0.333s] Level 1:colcon.colcon_core.package_identification:_identify(webots_ros2_brick) by extension 'ignore_ament_install'
[0.333s] Level 1:colcon.colcon_core.package_identification:_identify(webots_ros2_brick) by extensions ['colcon_pkg']
[0.333s] Level 1:colcon.colcon_core.package_identification:_identify(webots_ros2_brick) by extension 'colcon_pkg'
[0.333s] Level 1:colcon.colcon_core.package_identification:_identify(webots_ros2_brick) by extensions ['colcon_meta']
[0.333s] Level 1:colcon.colcon_core.package_identification:_identify(webots_ros2_brick) by extension 'colcon_meta'
[0.333s] Level 1:colcon.colcon_core.package_identification:_identify(webots_ros2_brick) by extensions ['ros']
[0.333s] Level 1:colcon.colcon_core.package_identification:_identify(webots_ros2_brick) by extension 'ros'
[0.333s] DEBUG:colcon.colcon_core.package_identification:Package 'webots_ros2_brick' with type 'ros.ament_python' and name 'webots_ros2_brick'
[0.333s] Level 1:colcon.colcon_core.package_discovery:discover_packages(recursive) using defaults
[0.334s] Level 1:colcon.colcon_core.package_discovery:discover_packages(ignore) discover
[0.334s] Level 1:colcon.colcon_core.package_discovery:discover_packages(ignore) using defaults
[0.334s] Level 1:colcon.colcon_core.package_discovery:discover_packages(path) discover
[0.334s] Level 1:colcon.colcon_core.package_discovery:discover_packages(path) using defaults
[0.352s] Level 1:colcon.colcon_core.package_discovery:discover_packages(prefix_path) check parameters
[0.352s] Level 1:colcon.colcon_core.package_discovery:discover_packages(prefix_path) discover
[0.354s] DEBUG:colcon.colcon_installed_package_information.package_discovery:Found 7 installed packages in /home/ferre/brick/BRICK-WEBots/install
[0.356s] DEBUG:colcon.colcon_installed_package_information.package_discovery:Found 400 installed packages in /opt/ros/iron
[0.359s] Level 1:colcon.colcon_core.package_discovery:discover_packages(prefix_path) using defaults
[0.407s] Level 5:colcon.colcon_core.verb:set package 'vizanti_cpp' build argument 'cmake_args' from command line to 'None'
[0.407s] Level 5:colcon.colcon_core.verb:set package 'vizanti_cpp' build argument 'cmake_target' from command line to 'None'
[0.407s] Level 5:colcon.colcon_core.verb:set package 'vizanti_cpp' build argument 'cmake_target_skip_unavailable' from command line to 'False'
[0.407s] Level 5:colcon.colcon_core.verb:set package 'vizanti_cpp' build argument 'cmake_clean_cache' from command line to 'False'
[0.407s] Level 5:colcon.colcon_core.verb:set package 'vizanti_cpp' build argument 'cmake_clean_first' from command line to 'False'
[0.407s] Level 5:colcon.colcon_core.verb:set package 'vizanti_cpp' build argument 'cmake_force_configure' from command line to 'False'
[0.407s] Level 5:colcon.colcon_core.verb:set package 'vizanti_cpp' build argument 'ament_cmake_args' from command line to 'None'
[0.407s] Level 5:colcon.colcon_core.verb:set package 'vizanti_cpp' build argument 'catkin_cmake_args' from command line to 'None'
[0.407s] Level 5:colcon.colcon_core.verb:set package 'vizanti_cpp' build argument 'catkin_skip_building_tests' from command line to 'False'
[0.407s] DEBUG:colcon.colcon_core.verb:Building package 'vizanti_cpp' with the following arguments: {'ament_cmake_args': None, 'build_base': '/home/ferre/brick/BRICK-WEBots/build/vizanti_cpp', 'catkin_cmake_args': None, 'catkin_skip_building_tests': False, 'cmake_args': None, 'cmake_clean_cache': False, 'cmake_clean_first': False, 'cmake_force_configure': False, 'cmake_target': None, 'cmake_target_skip_unavailable': False, 'install_base': '/home/ferre/brick/BRICK-WEBots/install/vizanti_cpp', 'merge_install': False, 'path': '/home/ferre/brick/BRICK-WEBots/vizanti/src/vizanti/vizanti_cpp', 'symlink_install': False, 'test_result_base': None}
[0.408s] Level 5:colcon.colcon_core.verb:set package 'vizanti_msgs' build argument 'cmake_args' from command line to 'None'
[0.408s] Level 5:colcon.colcon_core.verb:set package 'vizanti_msgs' build argument 'cmake_target' from command line to 'None'
[0.408s] Level 5:colcon.colcon_core.verb:set package 'vizanti_msgs' build argument 'cmake_target_skip_unavailable' from command line to 'False'
[0.408s] Level 5:colcon.colcon_core.verb:set package 'vizanti_msgs' build argument 'cmake_clean_cache' from command line to 'False'
[0.408s] Level 5:colcon.colcon_core.verb:set package 'vizanti_msgs' build argument 'cmake_clean_first' from command line to 'False'
[0.408s] Level 5:colcon.colcon_core.verb:set package 'vizanti_msgs' build argument 'cmake_force_configure' from command line to 'False'
[0.408s] Level 5:colcon.colcon_core.verb:set package 'vizanti_msgs' build argument 'ament_cmake_args' from command line to 'None'
[0.408s] Level 5:colcon.colcon_core.verb:set package 'vizanti_msgs' build argument 'catkin_cmake_args' from command line to 'None'
[0.408s] Level 5:colcon.colcon_core.verb:set package 'vizanti_msgs' build argument 'catkin_skip_building_tests' from command line to 'False'
[0.408s] DEBUG:colcon.colcon_core.verb:Building package 'vizanti_msgs' with the following arguments: {'ament_cmake_args': None, 'build_base': '/home/ferre/brick/BRICK-WEBots/build/vizanti_msgs', 'catkin_cmake_args': None, 'catkin_skip_building_tests': False, 'cmake_args': None, 'cmake_clean_cache': False, 'cmake_clean_first': False, 'cmake_force_configure': False, 'cmake_target': None, 'cmake_target_skip_unavailable': False, 'install_base': '/home/ferre/brick/BRICK-WEBots/install/vizanti_msgs', 'merge_install': False, 'path': '/home/ferre/brick/BRICK-WEBots/vizanti/src/vizanti/vizanti_msgs', 'symlink_install': False, 'test_result_base': None}
[0.408s] Level 5:colcon.colcon_core.verb:set package 'webots_ros2_brick' build argument 'cmake_args' from command line to 'None'
[0.408s] Level 5:colcon.colcon_core.verb:set package 'webots_ros2_brick' build argument 'cmake_target' from command line to 'None'
[0.408s] Level 5:colcon.colcon_core.verb:set package 'webots_ros2_brick' build argument 'cmake_target_skip_unavailable' from command line to 'False'
[0.408s] Level 5:colcon.colcon_core.verb:set package 'webots_ros2_brick' build argument 'cmake_clean_cache' from command line to 'False'
[0.408s] Level 5:colcon.colcon_core.verb:set package 'webots_ros2_brick' build argument 'cmake_clean_first' from command line to 'False'
[0.408s] Level 5:colcon.colcon_core.verb:set package 'webots_ros2_brick' build argument 'cmake_force_configure' from command line to 'False'
[0.408s] Level 5:colcon.colcon_core.verb:set package 'webots_ros2_brick' build argument 'ament_cmake_args' from command line to 'None'
[0.408s] Level 5:colcon.colcon_core.verb:set package 'webots_ros2_brick' build argument 'catkin_cmake_args' from command line to 'None'
[0.408s] Level 5:colcon.colcon_core.verb:set package 'webots_ros2_brick' build argument 'catkin_skip_building_tests' from command line to 'False'
[0.408s] DEBUG:colcon.colcon_core.verb:Building package 'webots_ros2_brick' with the following arguments: {'ament_cmake_args': None, 'build_base': '/home/ferre/brick/BRICK-WEBots/build/webots_ros2_brick', 'catkin_cmake_args': None, 'catkin_skip_building_tests': False, 'cmake_args': None, 'cmake_clean_cache': False, 'cmake_clean_first': False, 'cmake_force_configure': False, 'cmake_target': None, 'cmake_target_skip_unavailable': False, 'install_base': '/home/ferre/brick/BRICK-WEBots/install/webots_ros2_brick', 'merge_install': False, 'path': '/home/ferre/brick/BRICK-WEBots/webots_ros2_brick', 'symlink_install': False, 'test_result_base': None}
[0.409s] Level 5:colcon.colcon_core.verb:set package 'vizanti_demos' build argument 'cmake_args' from command line to 'None'
[0.409s] Level 5:colcon.colcon_core.verb:set package 'vizanti_demos' build argument 'cmake_target' from command line to 'None'
[0.409s] Level 5:colcon.colcon_core.verb:set package 'vizanti_demos' build argument 'cmake_target_skip_unavailable' from command line to 'False'
[0.409s] Level 5:colcon.colcon_core.verb:set package 'vizanti_demos' build argument 'cmake_clean_cache' from command line to 'False'
[0.409s] Level 5:colcon.colcon_core.verb:set package 'vizanti_demos' build argument 'cmake_clean_first' from command line to 'False'
[0.409s] Level 5:colcon.colcon_core.verb:set package 'vizanti_demos' build argument 'cmake_force_configure' from command line to 'False'
[0.409s] Level 5:colcon.colcon_core.verb:set package 'vizanti_demos' build argument 'ament_cmake_args' from command line to 'None'
[0.409s] Level 5:colcon.colcon_core.verb:set package 'vizanti_demos' build argument 'catkin_cmake_args' from command line to 'None'
[0.409s] Level 5:colcon.colcon_core.verb:set package 'vizanti_demos' build argument 'catkin_skip_building_tests' from command line to 'False'
[0.409s] DEBUG:colcon.colcon_core.verb:Building package 'vizanti_demos' with the following arguments: {'ament_cmake_args': None, 'build_base': '/home/ferre/brick/BRICK-WEBots/build/vizanti_demos', 'catkin_cmake_args': None, 'catkin_skip_building_tests': False, 'cmake_args': None, 'cmake_clean_cache': False, 'cmake_clean_first': False, 'cmake_force_configure': False, 'cmake_target': None, 'cmake_target_skip_unavailable': False, 'install_base': '/home/ferre/brick/BRICK-WEBots/install/vizanti_demos', 'merge_install': False, 'path': '/home/ferre/brick/BRICK-WEBots/vizanti/src/vizanti/vizanti_demos', 'symlink_install': False, 'test_result_base': None}
[0.409s] Level 5:colcon.colcon_core.verb:set package 'vizanti_server' build argument 'cmake_args' from command line to 'None'
[0.409s] Level 5:colcon.colcon_core.verb:set package 'vizanti_server' build argument 'cmake_target' from command line to 'None'
[0.409s] Level 5:colcon.colcon_core.verb:set package 'vizanti_server' build argument 'cmake_target_skip_unavailable' from command line to 'False'
[0.409s] Level 5:colcon.colcon_core.verb:set package 'vizanti_server' build argument 'cmake_clean_cache' from command line to 'False'
[0.409s] Level 5:colcon.colcon_core.verb:set package 'vizanti_server' build argument 'cmake_clean_first' from command line to 'False'
[0.409s] Level 5:colcon.colcon_core.verb:set package 'vizanti_server' build argument 'cmake_force_configure' from command line to 'False'
[0.409s] Level 5:colcon.colcon_core.verb:set package 'vizanti_server' build argument 'ament_cmake_args' from command line to 'None'
[0.409s] Level 5:colcon.colcon_core.verb:set package 'vizanti_server' build argument 'catkin_cmake_args' from command line to 'None'
[0.409s] Level 5:colcon.colcon_core.verb:set package 'vizanti_server' build argument 'catkin_skip_building_tests' from command line to 'False'
[0.409s] DEBUG:colcon.colcon_core.verb:Building package 'vizanti_server' with the following arguments: {'ament_cmake_args': None, 'build_base': '/home/ferre/brick/BRICK-WEBots/build/vizanti_server', 'catkin_cmake_args': None, 'catkin_skip_building_tests': False, 'cmake_args': None, 'cmake_clean_cache': False, 'cmake_clean_first': False, 'cmake_force_configure': False, 'cmake_target': None, 'cmake_target_skip_unavailable': False, 'install_base': '/home/ferre/brick/BRICK-WEBots/install/vizanti_server', 'merge_install': False, 'path': '/home/ferre/brick/BRICK-WEBots/vizanti/src/vizanti/vizanti_server', 'symlink_install': False, 'test_result_base': None}
[0.410s] Level 5:colcon.colcon_core.verb:set package 'vizanti' build argument 'cmake_args' from command line to 'None'
[0.410s] Level 5:colcon.colcon_core.verb:set package 'vizanti' build argument 'cmake_target' from command line to 'None'
[0.410s] Level 5:colcon.colcon_core.verb:set package 'vizanti' build argument 'cmake_target_skip_unavailable' from command line to 'False'
[0.410s] Level 5:colcon.colcon_core.verb:set package 'vizanti' build argument 'cmake_clean_cache' from command line to 'False'
[0.410s] Level 5:colcon.colcon_core.verb:set package 'vizanti' build argument 'cmake_clean_first' from command line to 'False'
[0.410s] Level 5:colcon.colcon_core.verb:set package 'vizanti' build argument 'cmake_force_configure' from command line to 'False'
[0.410s] Level 5:colcon.colcon_core.verb:set package 'vizanti' build argument 'ament_cmake_args' from command line to 'None'
[0.410s] Level 5:colcon.colcon_core.verb:set package 'vizanti' build argument 'catkin_cmake_args' from command line to 'None'
[0.410s] Level 5:colcon.colcon_core.verb:set package 'vizanti' build argument 'catkin_skip_building_tests' from command line to 'False'
[0.410s] DEBUG:colcon.colcon_core.verb:Building package 'vizanti' with the following arguments: {'ament_cmake_args': None, 'build_base': '/home/ferre/brick/BRICK-WEBots/build/vizanti', 'catkin_cmake_args': None, 'catkin_skip_building_tests': False, 'cmake_args': None, 'cmake_clean_cache': False, 'cmake_clean_first': False, 'cmake_force_configure': False, 'cmake_target': None, 'cmake_target_skip_unavailable': False, 'install_base': '/home/ferre/brick/BRICK-WEBots/install/vizanti', 'merge_install': False, 'path': '/home/ferre/brick/BRICK-WEBots/vizanti/src/vizanti/vizanti', 'symlink_install': False, 'test_result_base': None}
[0.410s] INFO:colcon.colcon_core.executor:Executing jobs using 'parallel' executor
[0.411s] DEBUG:colcon.colcon_parallel_executor.executor.parallel:run_until_complete
[0.411s] INFO:colcon.colcon_ros.task.ament_cmake.build:Building ROS package in '/home/ferre/brick/BRICK-WEBots/vizanti/src/vizanti/vizanti_msgs' with build type 'ament_cmake'
[0.411s] INFO:colcon.colcon_cmake.task.cmake.build:Building CMake package in '/home/ferre/brick/BRICK-WEBots/vizanti/src/vizanti/vizanti_msgs'
[0.413s] INFO:colcon.colcon_core.plugin_system:Skipping extension 'colcon_core.shell.bat': Not used on non-Windows systems
[0.413s] INFO:colcon.colcon_core.shell:Skip shell extension 'powershell' for command environment: Not usable outside of PowerShell
[0.413s] DEBUG:colcon.colcon_core.shell:Skip shell extension 'dsv' for command environment
[0.418s] INFO:colcon.colcon_ros.task.ament_cmake.build:Building ROS package in '/home/ferre/brick/BRICK-WEBots/vizanti/src/vizanti/vizanti_cpp' with build type 'ament_cmake'
[0.418s] INFO:colcon.colcon_cmake.task.cmake.build:Building CMake package in '/home/ferre/brick/BRICK-WEBots/vizanti/src/vizanti/vizanti_cpp'
[0.419s] INFO:colcon.colcon_core.shell:Skip shell extension 'powershell' for command environment: Not usable outside of PowerShell
[0.419s] DEBUG:colcon.colcon_core.shell:Skip shell extension 'dsv' for command environment
[0.424s] INFO:colcon.colcon_ros.task.ament_python.build:Building ROS package in '/home/ferre/brick/BRICK-WEBots/webots_ros2_brick' with build type 'ament_python'
[0.424s] Level 1:colcon.colcon_core.shell:create_environment_hook('webots_ros2_brick', 'ament_prefix_path')
[0.424s] INFO:colcon.colcon_core.shell:Creating environment hook '/home/ferre/brick/BRICK-WEBots/install/webots_ros2_brick/share/webots_ros2_brick/hook/ament_prefix_path.ps1'
[0.426s] INFO:colcon.colcon_core.shell:Creating environment descriptor '/home/ferre/brick/BRICK-WEBots/install/webots_ros2_brick/share/webots_ros2_brick/hook/ament_prefix_path.dsv'
[0.426s] INFO:colcon.colcon_core.shell:Creating environment hook '/home/ferre/brick/BRICK-WEBots/install/webots_ros2_brick/share/webots_ros2_brick/hook/ament_prefix_path.sh'
[0.427s] INFO:colcon.colcon_core.shell:Skip shell extension 'powershell' for command environment: Not usable outside of PowerShell
[0.428s] DEBUG:colcon.colcon_core.shell:Skip shell extension 'dsv' for command environment
[0.438s] DEBUG:colcon.colcon_core.event_handler.log_command:Invoking command in '/home/ferre/brick/BRICK-WEBots/build/vizanti_msgs': CMAKE_PREFIX_PATH=${CMAKE_PREFIX_PATH}:/home/ferre/brick/BRICK-WEBots/install/webots_ros2_brick:/home/ferre/brick/BRICK-WEBots/install/ros2-webots-v2:/opt/ros/iron /usr/bin/cmake --build /home/ferre/brick/BRICK-WEBots/build/vizanti_msgs -- -j12 -l12
[0.444s] DEBUG:colcon.colcon_core.event_handler.log_command:Invoking command in '/home/ferre/brick/BRICK-WEBots/build/vizanti_cpp': CMAKE_PREFIX_PATH=${CMAKE_PREFIX_PATH}:/home/ferre/brick/BRICK-WEBots/install/webots_ros2_brick:/home/ferre/brick/BRICK-WEBots/install/ros2-webots-v2:/opt/ros/iron /usr/bin/cmake --build /home/ferre/brick/BRICK-WEBots/build/vizanti_cpp -- -j12 -l12
[0.799s] INFO:colcon.colcon_core.task.python.build:Building Python package in '/home/ferre/brick/BRICK-WEBots/webots_ros2_brick'
[0.799s] INFO:colcon.colcon_core.shell:Skip shell extension 'powershell' for command environment: Not usable outside of PowerShell
[0.799s] DEBUG:colcon.colcon_core.shell:Skip shell extension 'dsv' for command environment
[0.805s] DEBUG:colcon.colcon_core.event_handler.log_command:Invoked command in '/home/ferre/brick/BRICK-WEBots/build/vizanti_cpp' returned '0': CMAKE_PREFIX_PATH=${CMAKE_PREFIX_PATH}:/home/ferre/brick/BRICK-WEBots/install/webots_ros2_brick:/home/ferre/brick/BRICK-WEBots/install/ros2-webots-v2:/opt/ros/iron /usr/bin/cmake --build /home/ferre/brick/BRICK-WEBots/build/vizanti_cpp -- -j12 -l12
[0.857s] DEBUG:colcon.colcon_core.event_handler.log_command:Invoking command in '/home/ferre/brick/BRICK-WEBots/build/vizanti_cpp': CMAKE_PREFIX_PATH=${CMAKE_PREFIX_PATH}:/home/ferre/brick/BRICK-WEBots/install/webots_ros2_brick:/home/ferre/brick/BRICK-WEBots/install/ros2-webots-v2:/opt/ros/iron /usr/bin/cmake --install /home/ferre/brick/BRICK-WEBots/build/vizanti_cpp
[0.873s] Level 1:colcon.colcon_core.environment:create_environment_scripts_only(vizanti_cpp)
[0.874s] DEBUG:colcon.colcon_core.event_handler.log_command:Invoked command in '/home/ferre/brick/BRICK-WEBots/build/vizanti_cpp' returned '0': CMAKE_PREFIX_PATH=${CMAKE_PREFIX_PATH}:/home/ferre/brick/BRICK-WEBots/install/webots_ros2_brick:/home/ferre/brick/BRICK-WEBots/install/ros2-webots-v2:/opt/ros/iron /usr/bin/cmake --install /home/ferre/brick/BRICK-WEBots/build/vizanti_cpp
[0.876s] Level 1:colcon.colcon_core.environment:checking '/home/ferre/brick/BRICK-WEBots/install/vizanti_cpp' for CMake module files
[0.877s] Level 1:colcon.colcon_core.environment:checking '/home/ferre/brick/BRICK-WEBots/install/vizanti_cpp' for CMake config files
[0.877s] Level 1:colcon.colcon_core.shell:create_environment_hook('vizanti_cpp', 'cmake_prefix_path')
[0.877s] INFO:colcon.colcon_core.shell:Creating environment hook '/home/ferre/brick/BRICK-WEBots/install/vizanti_cpp/share/vizanti_cpp/hook/cmake_prefix_path.ps1'
[0.878s] INFO:colcon.colcon_core.shell:Creating environment descriptor '/home/ferre/brick/BRICK-WEBots/install/vizanti_cpp/share/vizanti_cpp/hook/cmake_prefix_path.dsv'
[0.878s] INFO:colcon.colcon_core.shell:Creating environment hook '/home/ferre/brick/BRICK-WEBots/install/vizanti_cpp/share/vizanti_cpp/hook/cmake_prefix_path.sh'
[0.879s] Level 1:colcon.colcon_core.environment:checking '/home/ferre/brick/BRICK-WEBots/install/vizanti_cpp/lib'
[0.879s] Level 1:colcon.colcon_core.environment:checking '/home/ferre/brick/BRICK-WEBots/install/vizanti_cpp/bin'
[0.879s] Level 1:colcon.colcon_core.environment:checking '/home/ferre/brick/BRICK-WEBots/install/vizanti_cpp/lib/pkgconfig/vizanti_cpp.pc'
[0.880s] Level 1:colcon.colcon_core.environment:checking '/home/ferre/brick/BRICK-WEBots/install/vizanti_cpp/lib/python3.10/site-packages'
[0.880s] Level 1:colcon.colcon_core.environment:checking '/home/ferre/brick/BRICK-WEBots/install/vizanti_cpp/bin'
[0.880s] INFO:colcon.colcon_core.shell:Creating package script '/home/ferre/brick/BRICK-WEBots/install/vizanti_cpp/share/vizanti_cpp/package.ps1'
[0.881s] INFO:colcon.colcon_core.shell:Creating package descriptor '/home/ferre/brick/BRICK-WEBots/install/vizanti_cpp/share/vizanti_cpp/package.dsv'
[0.881s] INFO:colcon.colcon_core.shell:Creating package script '/home/ferre/brick/BRICK-WEBots/install/vizanti_cpp/share/vizanti_cpp/package.sh'
[0.882s] INFO:colcon.colcon_core.shell:Creating package script '/home/ferre/brick/BRICK-WEBots/install/vizanti_cpp/share/vizanti_cpp/package.bash'
[0.883s] INFO:colcon.colcon_core.shell:Creating package script '/home/ferre/brick/BRICK-WEBots/install/vizanti_cpp/share/vizanti_cpp/package.zsh'
[0.883s] Level 1:colcon.colcon_core.environment:create_file_with_runtime_dependencies(/home/ferre/brick/BRICK-WEBots/install/vizanti_cpp/share/colcon-core/packages/vizanti_cpp)
[0.924s] Level 1:colcon.colcon_core.environment:create_environment_scripts_only(vizanti_cpp)
[0.924s] Level 1:colcon.colcon_core.environment:checking '/home/ferre/brick/BRICK-WEBots/install/vizanti_cpp' for CMake module files
[0.925s] Level 1:colcon.colcon_core.environment:checking '/home/ferre/brick/BRICK-WEBots/install/vizanti_cpp' for CMake config files
[0.925s] Level 1:colcon.colcon_core.shell:create_environment_hook('vizanti_cpp', 'cmake_prefix_path')
[0.926s] INFO:colcon.colcon_core.shell:Creating environment hook '/home/ferre/brick/BRICK-WEBots/install/vizanti_cpp/share/vizanti_cpp/hook/cmake_prefix_path.ps1'
[0.926s] INFO:colcon.colcon_core.shell:Creating environment descriptor '/home/ferre/brick/BRICK-WEBots/install/vizanti_cpp/share/vizanti_cpp/hook/cmake_prefix_path.dsv'
[0.927s] INFO:colcon.colcon_core.shell:Creating environment hook '/home/ferre/brick/BRICK-WEBots/install/vizanti_cpp/share/vizanti_cpp/hook/cmake_prefix_path.sh'
[0.927s] Level 1:colcon.colcon_core.environment:checking '/home/ferre/brick/BRICK-WEBots/install/vizanti_cpp/lib'
[0.928s] Level 1:colcon.colcon_core.environment:checking '/home/ferre/brick/BRICK-WEBots/install/vizanti_cpp/bin'
[0.928s] Level 1:colcon.colcon_core.environment:checking '/home/ferre/brick/BRICK-WEBots/install/vizanti_cpp/lib/pkgconfig/vizanti_cpp.pc'
[0.928s] Level 1:colcon.colcon_core.environment:checking '/home/ferre/brick/BRICK-WEBots/install/vizanti_cpp/lib/python3.10/site-packages'
[0.928s] Level 1:colcon.colcon_core.environment:checking '/home/ferre/brick/BRICK-WEBots/install/vizanti_cpp/bin'
[0.928s] INFO:colcon.colcon_core.shell:Creating package script '/home/ferre/brick/BRICK-WEBots/install/vizanti_cpp/share/vizanti_cpp/package.ps1'
[0.929s] INFO:colcon.colcon_core.shell:Creating package descriptor '/home/ferre/brick/BRICK-WEBots/install/vizanti_cpp/share/vizanti_cpp/package.dsv'
[0.929s] INFO:colcon.colcon_core.shell:Creating package script '/home/ferre/brick/BRICK-WEBots/install/vizanti_cpp/share/vizanti_cpp/package.sh'
[0.930s] INFO:colcon.colcon_core.shell:Creating package script '/home/ferre/brick/BRICK-WEBots/install/vizanti_cpp/share/vizanti_cpp/package.bash'
[0.931s] INFO:colcon.colcon_core.shell:Creating package script '/home/ferre/brick/BRICK-WEBots/install/vizanti_cpp/share/vizanti_cpp/package.zsh'
[0.931s] Level 1:colcon.colcon_core.environment:create_file_with_runtime_dependencies(/home/ferre/brick/BRICK-WEBots/install/vizanti_cpp/share/colcon-core/packages/vizanti_cpp)
[0.934s] DEBUG:colcon.colcon_core.event_handler.log_command:Invoked command in '/home/ferre/brick/BRICK-WEBots/build/vizanti_msgs' returned '0': CMAKE_PREFIX_PATH=${CMAKE_PREFIX_PATH}:/home/ferre/brick/BRICK-WEBots/install/webots_ros2_brick:/home/ferre/brick/BRICK-WEBots/install/ros2-webots-v2:/opt/ros/iron /usr/bin/cmake --build /home/ferre/brick/BRICK-WEBots/build/vizanti_msgs -- -j12 -l12
[1.228s] DEBUG:colcon.colcon_core.event_handler.log_command:Invoking command in '/home/ferre/brick/BRICK-WEBots/webots_ros2_brick': PYTHONPATH=/home/ferre/brick/BRICK-WEBots/build/webots_ros2_brick/prefix_override:/home/ferre/brick/BRICK-WEBots/install/webots_ros2_brick/lib/python3.10/site-packages:${PYTHONPATH} /usr/bin/python3 -W ignore:setup.py install is deprecated setup.py egg_info --egg-base ../build/webots_ros2_brick build --build-base /home/ferre/brick/BRICK-WEBots/build/webots_ros2_brick/build install --record /home/ferre/brick/BRICK-WEBots/build/webots_ros2_brick/install.log --single-version-externally-managed install_data
[1.266s] DEBUG:colcon.colcon_core.event_handler.log_command:Invoking command in '/home/ferre/brick/BRICK-WEBots/build/vizanti_msgs': CMAKE_PREFIX_PATH=${CMAKE_PREFIX_PATH}:/home/ferre/brick/BRICK-WEBots/install/webots_ros2_brick:/home/ferre/brick/BRICK-WEBots/install/ros2-webots-v2:/opt/ros/iron /usr/bin/cmake --install /home/ferre/brick/BRICK-WEBots/build/vizanti_msgs
[1.348s] Level 1:colcon.colcon_core.environment:create_environment_scripts_only(vizanti_msgs)
[1.348s] Level 1:colcon.colcon_core.environment:checking '/home/ferre/brick/BRICK-WEBots/install/vizanti_msgs' for CMake module files
[1.348s] DEBUG:colcon.colcon_core.event_handler.log_command:Invoked command in '/home/ferre/brick/BRICK-WEBots/build/vizanti_msgs' returned '0': CMAKE_PREFIX_PATH=${CMAKE_PREFIX_PATH}:/home/ferre/brick/BRICK-WEBots/install/webots_ros2_brick:/home/ferre/brick/BRICK-WEBots/install/ros2-webots-v2:/opt/ros/iron /usr/bin/cmake --install /home/ferre/brick/BRICK-WEBots/build/vizanti_msgs
[1.349s] Level 1:colcon.colcon_core.environment:checking '/home/ferre/brick/BRICK-WEBots/install/vizanti_msgs' for CMake config files
[1.349s] Level 1:colcon.colcon_core.shell:create_environment_hook('vizanti_msgs', 'cmake_prefix_path')
[1.349s] INFO:colcon.colcon_core.shell:Creating environment hook '/home/ferre/brick/BRICK-WEBots/install/vizanti_msgs/share/vizanti_msgs/hook/cmake_prefix_path.ps1'
[1.350s] INFO:colcon.colcon_core.shell:Creating environment descriptor '/home/ferre/brick/BRICK-WEBots/install/vizanti_msgs/share/vizanti_msgs/hook/cmake_prefix_path.dsv'
[1.350s] INFO:colcon.colcon_core.shell:Creating environment hook '/home/ferre/brick/BRICK-WEBots/install/vizanti_msgs/share/vizanti_msgs/hook/cmake_prefix_path.sh'
[1.351s] Level 1:colcon.colcon_core.environment:checking '/home/ferre/brick/BRICK-WEBots/install/vizanti_msgs/lib'
[1.351s] Level 1:colcon.colcon_core.shell:create_environment_hook('vizanti_msgs', 'ld_library_path_lib')
[1.351s] INFO:colcon.colcon_core.shell:Creating environment hook '/home/ferre/brick/BRICK-WEBots/install/vizanti_msgs/share/vizanti_msgs/hook/ld_library_path_lib.ps1'
[1.351s] INFO:colcon.colcon_core.shell:Creating environment descriptor '/home/ferre/brick/BRICK-WEBots/install/vizanti_msgs/share/vizanti_msgs/hook/ld_library_path_lib.dsv'
[1.352s] INFO:colcon.colcon_core.shell:Creating environment hook '/home/ferre/brick/BRICK-WEBots/install/vizanti_msgs/share/vizanti_msgs/hook/ld_library_path_lib.sh'
[1.352s] Level 1:colcon.colcon_core.environment:checking '/home/ferre/brick/BRICK-WEBots/install/vizanti_msgs/bin'
[1.352s] Level 1:colcon.colcon_core.environment:checking '/home/ferre/brick/BRICK-WEBots/install/vizanti_msgs/lib/pkgconfig/vizanti_msgs.pc'
[1.352s] Level 1:colcon.colcon_core.environment:checking '/home/ferre/brick/BRICK-WEBots/install/vizanti_msgs/lib/python3.10/site-packages'
[1.352s] Level 1:colcon.colcon_core.shell:create_environment_hook('vizanti_msgs', 'pythonpath')
[1.352s] INFO:colcon.colcon_core.shell:Creating environment hook '/home/ferre/brick/BRICK-WEBots/install/vizanti_msgs/share/vizanti_msgs/hook/pythonpath.ps1'
[1.353s] INFO:colcon.colcon_core.shell:Creating environment descriptor '/home/ferre/brick/BRICK-WEBots/install/vizanti_msgs/share/vizanti_msgs/hook/pythonpath.dsv'
[1.353s] INFO:colcon.colcon_core.shell:Creating environment hook '/home/ferre/brick/BRICK-WEBots/install/vizanti_msgs/share/vizanti_msgs/hook/pythonpath.sh'
[1.353s] Level 1:colcon.colcon_core.environment:checking '/home/ferre/brick/BRICK-WEBots/install/vizanti_msgs/bin'
[1.354s] INFO:colcon.colcon_core.shell:Creating package script '/home/ferre/brick/BRICK-WEBots/install/vizanti_msgs/share/vizanti_msgs/package.ps1'
[1.354s] INFO:colcon.colcon_core.shell:Creating package descriptor '/home/ferre/brick/BRICK-WEBots/install/vizanti_msgs/share/vizanti_msgs/package.dsv'
[1.354s] INFO:colcon.colcon_core.shell:Creating package script '/home/ferre/brick/BRICK-WEBots/install/vizanti_msgs/share/vizanti_msgs/package.sh'
[1.355s] INFO:colcon.colcon_core.shell:Creating package script '/home/ferre/brick/BRICK-WEBots/install/vizanti_msgs/share/vizanti_msgs/package.bash'
[1.355s] INFO:colcon.colcon_core.shell:Creating package script '/home/ferre/brick/BRICK-WEBots/install/vizanti_msgs/share/vizanti_msgs/package.zsh'
[1.355s] Level 1:colcon.colcon_core.environment:create_file_with_runtime_dependencies(/home/ferre/brick/BRICK-WEBots/install/vizanti_msgs/share/colcon-core/packages/vizanti_msgs)
[1.578s] Level 1:colcon.colcon_core.environment:checking '/home/ferre/brick/BRICK-WEBots/install/webots_ros2_brick' for CMake module files
[1.579s] DEBUG:colcon.colcon_core.event_handler.log_command:Invoked command in '/home/ferre/brick/BRICK-WEBots/webots_ros2_brick' returned '0': PYTHONPATH=/home/ferre/brick/BRICK-WEBots/build/webots_ros2_brick/prefix_override:/home/ferre/brick/BRICK-WEBots/install/webots_ros2_brick/lib/python3.10/site-packages:${PYTHONPATH} /usr/bin/python3 -W ignore:setup.py install is deprecated setup.py egg_info --egg-base ../build/webots_ros2_brick build --build-base /home/ferre/brick/BRICK-WEBots/build/webots_ros2_brick/build install --record /home/ferre/brick/BRICK-WEBots/build/webots_ros2_brick/install.log --single-version-externally-managed install_data
[1.579s] Level 1:colcon.colcon_core.environment:checking '/home/ferre/brick/BRICK-WEBots/install/webots_ros2_brick' for CMake config files
[1.580s] Level 1:colcon.colcon_core.environment:checking '/home/ferre/brick/BRICK-WEBots/install/webots_ros2_brick/lib'
[1.580s] Level 1:colcon.colcon_core.environment:checking '/home/ferre/brick/BRICK-WEBots/install/webots_ros2_brick/bin'
[1.580s] Level 1:colcon.colcon_core.environment:checking '/home/ferre/brick/BRICK-WEBots/install/webots_ros2_brick/lib/pkgconfig/webots_ros2_brick.pc'
[1.580s] Level 1:colcon.colcon_core.environment:checking '/home/ferre/brick/BRICK-WEBots/install/webots_ros2_brick/lib/python3.10/site-packages'
[1.580s] Level 1:colcon.colcon_core.shell:create_environment_hook('webots_ros2_brick', 'pythonpath')
[1.581s] INFO:colcon.colcon_core.shell:Creating environment hook '/home/ferre/brick/BRICK-WEBots/install/webots_ros2_brick/share/webots_ros2_brick/hook/pythonpath.ps1'
[1.581s] INFO:colcon.colcon_core.shell:Creating environment descriptor '/home/ferre/brick/BRICK-WEBots/install/webots_ros2_brick/share/webots_ros2_brick/hook/pythonpath.dsv'
[1.581s] INFO:colcon.colcon_core.shell:Creating environment hook '/home/ferre/brick/BRICK-WEBots/install/webots_ros2_brick/share/webots_ros2_brick/hook/pythonpath.sh'
[1.582s] Level 1:colcon.colcon_core.environment:checking '/home/ferre/brick/BRICK-WEBots/install/webots_ros2_brick/bin'
[1.582s] Level 1:colcon.colcon_core.environment:create_environment_scripts_only(webots_ros2_brick)
[1.582s] INFO:colcon.colcon_core.shell:Creating package script '/home/ferre/brick/BRICK-WEBots/install/webots_ros2_brick/share/webots_ros2_brick/package.ps1'
[1.583s] INFO:colcon.colcon_core.shell:Creating package descriptor '/home/ferre/brick/BRICK-WEBots/install/webots_ros2_brick/share/webots_ros2_brick/package.dsv'
[1.583s] INFO:colcon.colcon_core.shell:Creating package script '/home/ferre/brick/BRICK-WEBots/install/webots_ros2_brick/share/webots_ros2_brick/package.sh'
[1.583s] INFO:colcon.colcon_core.shell:Creating package script '/home/ferre/brick/BRICK-WEBots/install/webots_ros2_brick/share/webots_ros2_brick/package.bash'
[1.584s] INFO:colcon.colcon_core.shell:Creating package script '/home/ferre/brick/BRICK-WEBots/install/webots_ros2_brick/share/webots_ros2_brick/package.zsh'
[1.584s] Level 1:colcon.colcon_core.environment:create_file_with_runtime_dependencies(/home/ferre/brick/BRICK-WEBots/install/webots_ros2_brick/share/colcon-core/packages/webots_ros2_brick)
[1.689s] Level 1:colcon.colcon_core.environment:create_environment_scripts_only(vizanti_msgs)
[1.690s] Level 1:colcon.colcon_core.environment:checking '/home/ferre/brick/BRICK-WEBots/install/vizanti_msgs' for CMake module files
[1.690s] Level 1:colcon.colcon_core.environment:checking '/home/ferre/brick/BRICK-WEBots/install/vizanti_msgs' for CMake config files
[1.691s] Level 1:colcon.colcon_core.shell:create_environment_hook('vizanti_msgs', 'cmake_prefix_path')
[1.691s] INFO:colcon.colcon_core.shell:Creating environment hook '/home/ferre/brick/BRICK-WEBots/install/vizanti_msgs/share/vizanti_msgs/hook/cmake_prefix_path.ps1'
[1.691s] INFO:colcon.colcon_core.shell:Creating environment descriptor '/home/ferre/brick/BRICK-WEBots/install/vizanti_msgs/share/vizanti_msgs/hook/cmake_prefix_path.dsv'
[1.692s] INFO:colcon.colcon_core.shell:Creating environment hook '/home/ferre/brick/BRICK-WEBots/install/vizanti_msgs/share/vizanti_msgs/hook/cmake_prefix_path.sh'
[1.692s] Level 1:colcon.colcon_core.environment:checking '/home/ferre/brick/BRICK-WEBots/install/vizanti_msgs/lib'
[1.692s] Level 1:colcon.colcon_core.shell:create_environment_hook('vizanti_msgs', 'ld_library_path_lib')
[1.692s] INFO:colcon.colcon_core.shell:Creating environment hook '/home/ferre/brick/BRICK-WEBots/install/vizanti_msgs/share/vizanti_msgs/hook/ld_library_path_lib.ps1'
[1.693s] INFO:colcon.colcon_core.shell:Creating environment descriptor '/home/ferre/brick/BRICK-WEBots/install/vizanti_msgs/share/vizanti_msgs/hook/ld_library_path_lib.dsv'
[1.693s] INFO:colcon.colcon_core.shell:Creating environment hook '/home/ferre/brick/BRICK-WEBots/install/vizanti_msgs/share/vizanti_msgs/hook/ld_library_path_lib.sh'
[1.693s] Level 1:colcon.colcon_core.environment:checking '/home/ferre/brick/BRICK-WEBots/install/vizanti_msgs/bin'
[1.693s] Level 1:colcon.colcon_core.environment:checking '/home/ferre/brick/BRICK-WEBots/install/vizanti_msgs/lib/pkgconfig/vizanti_msgs.pc'
[1.694s] Level 1:colcon.colcon_core.environment:checking '/home/ferre/brick/BRICK-WEBots/install/vizanti_msgs/lib/python3.10/site-packages'
[1.694s] Level 1:colcon.colcon_core.shell:create_environment_hook('vizanti_msgs', 'pythonpath')
[1.694s] INFO:colcon.colcon_core.shell:Creating environment hook '/home/ferre/brick/BRICK-WEBots/install/vizanti_msgs/share/vizanti_msgs/hook/pythonpath.ps1'
[1.694s] INFO:colcon.colcon_core.shell:Creating environment descriptor '/home/ferre/brick/BRICK-WEBots/install/vizanti_msgs/share/vizanti_msgs/hook/pythonpath.dsv'
[1.695s] INFO:colcon.colcon_core.shell:Creating environment hook '/home/ferre/brick/BRICK-WEBots/install/vizanti_msgs/share/vizanti_msgs/hook/pythonpath.sh'
[1.696s] Level 1:colcon.colcon_core.environment:checking '/home/ferre/brick/BRICK-WEBots/install/vizanti_msgs/bin'
[1.696s] INFO:colcon.colcon_core.shell:Creating package script '/home/ferre/brick/BRICK-WEBots/install/vizanti_msgs/share/vizanti_msgs/package.ps1'
[1.697s] INFO:colcon.colcon_core.shell:Creating package descriptor '/home/ferre/brick/BRICK-WEBots/install/vizanti_msgs/share/vizanti_msgs/package.dsv'
[1.698s] INFO:colcon.colcon_core.shell:Creating package script '/home/ferre/brick/BRICK-WEBots/install/vizanti_msgs/share/vizanti_msgs/package.sh'
[1.699s] INFO:colcon.colcon_core.shell:Creating package script '/home/ferre/brick/BRICK-WEBots/install/vizanti_msgs/share/vizanti_msgs/package.bash'
[1.700s] INFO:colcon.colcon_core.shell:Creating package script '/home/ferre/brick/BRICK-WEBots/install/vizanti_msgs/share/vizanti_msgs/package.zsh'
[1.700s] Level 1:colcon.colcon_core.environment:create_file_with_runtime_dependencies(/home/ferre/brick/BRICK-WEBots/install/vizanti_msgs/share/colcon-core/packages/vizanti_msgs)
[1.701s] INFO:colcon.colcon_ros.task.ament_cmake.build:Building ROS package in '/home/ferre/brick/BRICK-WEBots/vizanti/src/vizanti/vizanti_server' with build type 'ament_cmake'
[1.701s] INFO:colcon.colcon_cmake.task.cmake.build:Building CMake package in '/home/ferre/brick/BRICK-WEBots/vizanti/src/vizanti/vizanti_server'
[1.701s] INFO:colcon.colcon_core.shell:Skip shell extension 'powershell' for command environment: Not usable outside of PowerShell
[1.701s] DEBUG:colcon.colcon_core.shell:Skip shell extension 'dsv' for command environment
[1.706s] INFO:colcon.colcon_ros.task.ament_cmake.build:Building ROS package in '/home/ferre/brick/BRICK-WEBots/vizanti/src/vizanti/vizanti_demos' with build type 'ament_cmake'
[1.707s] INFO:colcon.colcon_cmake.task.cmake.build:Building CMake package in '/home/ferre/brick/BRICK-WEBots/vizanti/src/vizanti/vizanti_demos'
[1.707s] INFO:colcon.colcon_core.shell:Skip shell extension 'powershell' for command environment: Not usable outside of PowerShell
[1.707s] DEBUG:colcon.colcon_core.shell:Skip shell extension 'dsv' for command environment
[1.718s] DEBUG:colcon.colcon_core.event_handler.log_command:Invoking command in '/home/ferre/brick/BRICK-WEBots/build/vizanti_server': CMAKE_PREFIX_PATH=/home/ferre/brick/BRICK-WEBots/install/vizanti_msgs:/home/ferre/brick/BRICK-WEBots/install/vizanti:/home/ferre/brick/BRICK-WEBots/install/vizanti_server:/home/ferre/brick/BRICK-WEBots/install/vizanti_demos:/home/ferre/brick/BRICK-WEBots/install/vizanti_cpp:/home/ferre/brick/BRICK-WEBots/install/webots_ros2_brick:/home/ferre/brick/BRICK-WEBots/install/ros2-webots-v2:/opt/ros/iron PYTHONPATH=/home/ferre/brick/BRICK-WEBots/install/vizanti_msgs/lib/python3.10/site-packages:/home/ferre/brick/BRICK-WEBots/install/webots_ros2_brick/lib/python3.10/site-packages:/home/ferre/brick/BRICK-WEBots/install/ros2-webots-v2/lib/python3.10/site-packages:/opt/ros/iron/lib/python3.10/site-packages /usr/bin/cmake --build /home/ferre/brick/BRICK-WEBots/build/vizanti_server -- -j12 -l12
[1.724s] DEBUG:colcon.colcon_core.event_handler.log_command:Invoking command in '/home/ferre/brick/BRICK-WEBots/build/vizanti_demos': CMAKE_PREFIX_PATH=/home/ferre/brick/BRICK-WEBots/install/vizanti_msgs:/home/ferre/brick/BRICK-WEBots/install/vizanti:/home/ferre/brick/BRICK-WEBots/install/vizanti_server:/home/ferre/brick/BRICK-WEBots/install/vizanti_demos:/home/ferre/brick/BRICK-WEBots/install/vizanti_cpp:/home/ferre/brick/BRICK-WEBots/install/webots_ros2_brick:/home/ferre/brick/BRICK-WEBots/install/ros2-webots-v2:/opt/ros/iron PYTHONPATH=/home/ferre/brick/BRICK-WEBots/install/vizanti_msgs/lib/python3.10/site-packages:/home/ferre/brick/BRICK-WEBots/install/webots_ros2_brick/lib/python3.10/site-packages:/home/ferre/brick/BRICK-WEBots/install/ros2-webots-v2/lib/python3.10/site-packages:/opt/ros/iron/lib/python3.10/site-packages /usr/bin/cmake --build /home/ferre/brick/BRICK-WEBots/build/vizanti_demos -- -j12 -l12
[1.779s] DEBUG:colcon.colcon_core.event_handler.log_command:Invoked command in '/home/ferre/brick/BRICK-WEBots/build/vizanti_server' returned '0': CMAKE_PREFIX_PATH=/home/ferre/brick/BRICK-WEBots/install/vizanti_msgs:/home/ferre/brick/BRICK-WEBots/install/vizanti:/home/ferre/brick/BRICK-WEBots/install/vizanti_server:/home/ferre/brick/BRICK-WEBots/install/vizanti_demos:/home/ferre/brick/BRICK-WEBots/install/vizanti_cpp:/home/ferre/brick/BRICK-WEBots/install/webots_ros2_brick:/home/ferre/brick/BRICK-WEBots/install/ros2-webots-v2:/opt/ros/iron PYTHONPATH=/home/ferre/brick/BRICK-WEBots/install/vizanti_msgs/lib/python3.10/site-packages:/home/ferre/brick/BRICK-WEBots/install/webots_ros2_brick/lib/python3.10/site-packages:/home/ferre/brick/BRICK-WEBots/install/ros2-webots-v2/lib/python3.10/site-packages:/opt/ros/iron/lib/python3.10/site-packages /usr/bin/cmake --build /home/ferre/brick/BRICK-WEBots/build/vizanti_server -- -j12 -l12
[1.788s] DEBUG:colcon.colcon_core.event_handler.log_command:Invoked command in '/home/ferre/brick/BRICK-WEBots/build/vizanti_demos' returned '0': CMAKE_PREFIX_PATH=/home/ferre/brick/BRICK-WEBots/install/vizanti_msgs:/home/ferre/brick/BRICK-WEBots/install/vizanti:/home/ferre/brick/BRICK-WEBots/install/vizanti_server:/home/ferre/brick/BRICK-WEBots/install/vizanti_demos:/home/ferre/brick/BRICK-WEBots/install/vizanti_cpp:/home/ferre/brick/BRICK-WEBots/install/webots_ros2_brick:/home/ferre/brick/BRICK-WEBots/install/ros2-webots-v2:/opt/ros/iron PYTHONPATH=/home/ferre/brick/BRICK-WEBots/install/vizanti_msgs/lib/python3.10/site-packages:/home/ferre/brick/BRICK-WEBots/install/webots_ros2_brick/lib/python3.10/site-packages:/home/ferre/brick/BRICK-WEBots/install/ros2-webots-v2/lib/python3.10/site-packages:/opt/ros/iron/lib/python3.10/site-packages /usr/bin/cmake --build /home/ferre/brick/BRICK-WEBots/build/vizanti_demos -- -j12 -l12
[1.812s] DEBUG:colcon.colcon_core.event_handler.log_command:Invoking command in '/home/ferre/brick/BRICK-WEBots/build/vizanti_server': CMAKE_PREFIX_PATH=/home/ferre/brick/BRICK-WEBots/install/vizanti_msgs:/home/ferre/brick/BRICK-WEBots/install/vizanti:/home/ferre/brick/BRICK-WEBots/install/vizanti_server:/home/ferre/brick/BRICK-WEBots/install/vizanti_demos:/home/ferre/brick/BRICK-WEBots/install/vizanti_cpp:/home/ferre/brick/BRICK-WEBots/install/webots_ros2_brick:/home/ferre/brick/BRICK-WEBots/install/ros2-webots-v2:/opt/ros/iron PYTHONPATH=/home/ferre/brick/BRICK-WEBots/install/vizanti_msgs/lib/python3.10/site-packages:/home/ferre/brick/BRICK-WEBots/install/webots_ros2_brick/lib/python3.10/site-packages:/home/ferre/brick/BRICK-WEBots/install/ros2-webots-v2/lib/python3.10/site-packages:/opt/ros/iron/lib/python3.10/site-packages /usr/bin/cmake --install /home/ferre/brick/BRICK-WEBots/build/vizanti_server
[1.820s] DEBUG:colcon.colcon_core.event_handler.log_command:Invoking command in '/home/ferre/brick/BRICK-WEBots/build/vizanti_demos': CMAKE_PREFIX_PATH=/home/ferre/brick/BRICK-WEBots/install/vizanti_msgs:/home/ferre/brick/BRICK-WEBots/install/vizanti:/home/ferre/brick/BRICK-WEBots/install/vizanti_server:/home/ferre/brick/BRICK-WEBots/install/vizanti_demos:/home/ferre/brick/BRICK-WEBots/install/vizanti_cpp:/home/ferre/brick/BRICK-WEBots/install/webots_ros2_brick:/home/ferre/brick/BRICK-WEBots/install/ros2-webots-v2:/opt/ros/iron PYTHONPATH=/home/ferre/brick/BRICK-WEBots/install/vizanti_msgs/lib/python3.10/site-packages:/home/ferre/brick/BRICK-WEBots/install/webots_ros2_brick/lib/python3.10/site-packages:/home/ferre/brick/BRICK-WEBots/install/ros2-webots-v2/lib/python3.10/site-packages:/opt/ros/iron/lib/python3.10/site-packages /usr/bin/cmake --install /home/ferre/brick/BRICK-WEBots/build/vizanti_demos
[1.835s] Level 1:colcon.colcon_core.environment:create_environment_scripts_only(vizanti_demos)
[1.836s] Level 1:colcon.colcon_core.environment:checking '/home/ferre/brick/BRICK-WEBots/install/vizanti_demos' for CMake module files
[1.839s] Level 1:colcon.colcon_core.environment:checking '/home/ferre/brick/BRICK-WEBots/install/vizanti_demos' for CMake config files
[1.841s] Level 1:colcon.colcon_core.shell:create_environment_hook('vizanti_demos', 'cmake_prefix_path')
[1.841s] INFO:colcon.colcon_core.shell:Creating environment hook '/home/ferre/brick/BRICK-WEBots/install/vizanti_demos/share/vizanti_demos/hook/cmake_prefix_path.ps1'
[1.842s] INFO:colcon.colcon_core.shell:Creating environment descriptor '/home/ferre/brick/BRICK-WEBots/install/vizanti_demos/share/vizanti_demos/hook/cmake_prefix_path.dsv'
[1.844s] INFO:colcon.colcon_core.shell:Creating environment hook '/home/ferre/brick/BRICK-WEBots/install/vizanti_demos/share/vizanti_demos/hook/cmake_prefix_path.sh'
[1.848s] DEBUG:colcon.colcon_core.event_handler.log_command:Invoked command in '/home/ferre/brick/BRICK-WEBots/build/vizanti_demos' returned '0': CMAKE_PREFIX_PATH=/home/ferre/brick/BRICK-WEBots/install/vizanti_msgs:/home/ferre/brick/BRICK-WEBots/install/vizanti:/home/ferre/brick/BRICK-WEBots/install/vizanti_server:/home/ferre/brick/BRICK-WEBots/install/vizanti_demos:/home/ferre/brick/BRICK-WEBots/install/vizanti_cpp:/home/ferre/brick/BRICK-WEBots/install/webots_ros2_brick:/home/ferre/brick/BRICK-WEBots/install/ros2-webots-v2:/opt/ros/iron PYTHONPATH=/home/ferre/brick/BRICK-WEBots/install/vizanti_msgs/lib/python3.10/site-packages:/home/ferre/brick/BRICK-WEBots/install/webots_ros2_brick/lib/python3.10/site-packages:/home/ferre/brick/BRICK-WEBots/install/ros2-webots-v2/lib/python3.10/site-packages:/opt/ros/iron/lib/python3.10/site-packages /usr/bin/cmake --install /home/ferre/brick/BRICK-WEBots/build/vizanti_demos
[1.848s] Level 1:colcon.colcon_core.environment:checking '/home/ferre/brick/BRICK-WEBots/install/vizanti_demos/lib'
[1.848s] Level 1:colcon.colcon_core.environment:checking '/home/ferre/brick/BRICK-WEBots/install/vizanti_demos/bin'
[1.849s] Level 1:colcon.colcon_core.environment:checking '/home/ferre/brick/BRICK-WEBots/install/vizanti_demos/lib/pkgconfig/vizanti_demos.pc'
[1.849s] Level 1:colcon.colcon_core.environment:checking '/home/ferre/brick/BRICK-WEBots/install/vizanti_demos/lib/python3.10/site-packages'
[1.849s] Level 1:colcon.colcon_core.environment:checking '/home/ferre/brick/BRICK-WEBots/install/vizanti_demos/bin'
[1.849s] INFO:colcon.colcon_core.shell:Creating package script '/home/ferre/brick/BRICK-WEBots/install/vizanti_demos/share/vizanti_demos/package.ps1'
[1.850s] INFO:colcon.colcon_core.shell:Creating package descriptor '/home/ferre/brick/BRICK-WEBots/install/vizanti_demos/share/vizanti_demos/package.dsv'
[1.850s] INFO:colcon.colcon_core.shell:Creating package script '/home/ferre/brick/BRICK-WEBots/install/vizanti_demos/share/vizanti_demos/package.sh'
[1.850s] INFO:colcon.colcon_core.shell:Creating package script '/home/ferre/brick/BRICK-WEBots/install/vizanti_demos/share/vizanti_demos/package.bash'
[1.851s] INFO:colcon.colcon_core.shell:Creating package script '/home/ferre/brick/BRICK-WEBots/install/vizanti_demos/share/vizanti_demos/package.zsh'
[1.851s] Level 1:colcon.colcon_core.environment:create_file_with_runtime_dependencies(/home/ferre/brick/BRICK-WEBots/install/vizanti_demos/share/colcon-core/packages/vizanti_demos)
[1.852s] Level 1:colcon.colcon_core.environment:create_environment_scripts_only(vizanti_server)
[1.853s] Level 1:colcon.colcon_core.environment:checking '/home/ferre/brick/BRICK-WEBots/install/vizanti_server' for CMake module files
[1.854s] DEBUG:colcon.colcon_core.event_handler.log_command:Invoked command in '/home/ferre/brick/BRICK-WEBots/build/vizanti_server' returned '0': CMAKE_PREFIX_PATH=/home/ferre/brick/BRICK-WEBots/install/vizanti_msgs:/home/ferre/brick/BRICK-WEBots/install/vizanti:/home/ferre/brick/BRICK-WEBots/install/vizanti_server:/home/ferre/brick/BRICK-WEBots/install/vizanti_demos:/home/ferre/brick/BRICK-WEBots/install/vizanti_cpp:/home/ferre/brick/BRICK-WEBots/install/webots_ros2_brick:/home/ferre/brick/BRICK-WEBots/install/ros2-webots-v2:/opt/ros/iron PYTHONPATH=/home/ferre/brick/BRICK-WEBots/install/vizanti_msgs/lib/python3.10/site-packages:/home/ferre/brick/BRICK-WEBots/install/webots_ros2_brick/lib/python3.10/site-packages:/home/ferre/brick/BRICK-WEBots/install/ros2-webots-v2/lib/python3.10/site-packages:/opt/ros/iron/lib/python3.10/site-packages /usr/bin/cmake --install /home/ferre/brick/BRICK-WEBots/build/vizanti_server
[1.854s] Level 1:colcon.colcon_core.environment:checking '/home/ferre/brick/BRICK-WEBots/install/vizanti_server' for CMake config files
[1.855s] Level 1:colcon.colcon_core.shell:create_environment_hook('vizanti_server', 'cmake_prefix_path')
[1.855s] INFO:colcon.colcon_core.shell:Creating environment hook '/home/ferre/brick/BRICK-WEBots/install/vizanti_server/share/vizanti_server/hook/cmake_prefix_path.ps1'
[1.855s] INFO:colcon.colcon_core.shell:Creating environment descriptor '/home/ferre/brick/BRICK-WEBots/install/vizanti_server/share/vizanti_server/hook/cmake_prefix_path.dsv'
[1.855s] INFO:colcon.colcon_core.shell:Creating environment hook '/home/ferre/brick/BRICK-WEBots/install/vizanti_server/share/vizanti_server/hook/cmake_prefix_path.sh'
[1.856s] Level 1:colcon.colcon_core.environment:checking '/home/ferre/brick/BRICK-WEBots/install/vizanti_server/lib'
[1.856s] Level 1:colcon.colcon_core.environment:checking '/home/ferre/brick/BRICK-WEBots/install/vizanti_server/bin'
[1.856s] Level 1:colcon.colcon_core.environment:checking '/home/ferre/brick/BRICK-WEBots/install/vizanti_server/lib/pkgconfig/vizanti_server.pc'
[1.856s] Level 1:colcon.colcon_core.environment:checking '/home/ferre/brick/BRICK-WEBots/install/vizanti_server/lib/python3.10/site-packages'
[1.856s] Level 1:colcon.colcon_core.environment:checking '/home/ferre/brick/BRICK-WEBots/install/vizanti_server/bin'
[1.857s] INFO:colcon.colcon_core.shell:Creating package script '/home/ferre/brick/BRICK-WEBots/install/vizanti_server/share/vizanti_server/package.ps1'
[1.857s] INFO:colcon.colcon_core.shell:Creating package descriptor '/home/ferre/brick/BRICK-WEBots/install/vizanti_server/share/vizanti_server/package.dsv'
[1.858s] INFO:colcon.colcon_core.shell:Creating package script '/home/ferre/brick/BRICK-WEBots/install/vizanti_server/share/vizanti_server/package.sh'
[1.858s] INFO:colcon.colcon_core.shell:Creating package script '/home/ferre/brick/BRICK-WEBots/install/vizanti_server/share/vizanti_server/package.bash'
[1.858s] INFO:colcon.colcon_core.shell:Creating package script '/home/ferre/brick/BRICK-WEBots/install/vizanti_server/share/vizanti_server/package.zsh'
[1.859s] Level 1:colcon.colcon_core.environment:create_file_with_runtime_dependencies(/home/ferre/brick/BRICK-WEBots/install/vizanti_server/share/colcon-core/packages/vizanti_server)
[1.880s] Level 1:colcon.colcon_core.environment:create_environment_scripts_only(vizanti_demos)
[1.881s] Level 1:colcon.colcon_core.environment:checking '/home/ferre/brick/BRICK-WEBots/install/vizanti_demos' for CMake module files
[1.881s] Level 1:colcon.colcon_core.environment:checking '/home/ferre/brick/BRICK-WEBots/install/vizanti_demos' for CMake config files
[1.881s] Level 1:colcon.colcon_core.shell:create_environment_hook('vizanti_demos', 'cmake_prefix_path')
[1.882s] INFO:colcon.colcon_core.shell:Creating environment hook '/home/ferre/brick/BRICK-WEBots/install/vizanti_demos/share/vizanti_demos/hook/cmake_prefix_path.ps1'
[1.882s] INFO:colcon.colcon_core.shell:Creating environment descriptor '/home/ferre/brick/BRICK-WEBots/install/vizanti_demos/share/vizanti_demos/hook/cmake_prefix_path.dsv'
[1.882s] INFO:colcon.colcon_core.shell:Creating environment hook '/home/ferre/brick/BRICK-WEBots/install/vizanti_demos/share/vizanti_demos/hook/cmake_prefix_path.sh'
[1.883s] Level 1:colcon.colcon_core.environment:checking '/home/ferre/brick/BRICK-WEBots/install/vizanti_demos/lib'
[1.883s] Level 1:colcon.colcon_core.environment:checking '/home/ferre/brick/BRICK-WEBots/install/vizanti_demos/bin'
[1.883s] Level 1:colcon.colcon_core.environment:checking '/home/ferre/brick/BRICK-WEBots/install/vizanti_demos/lib/pkgconfig/vizanti_demos.pc'
[1.883s] Level 1:colcon.colcon_core.environment:checking '/home/ferre/brick/BRICK-WEBots/install/vizanti_demos/lib/python3.10/site-packages'
[1.883s] Level 1:colcon.colcon_core.environment:checking '/home/ferre/brick/BRICK-WEBots/install/vizanti_demos/bin'
[1.884s] INFO:colcon.colcon_core.shell:Creating package script '/home/ferre/brick/BRICK-WEBots/install/vizanti_demos/share/vizanti_demos/package.ps1'
[1.884s] INFO:colcon.colcon_core.shell:Creating package descriptor '/home/ferre/brick/BRICK-WEBots/install/vizanti_demos/share/vizanti_demos/package.dsv'
[1.884s] INFO:colcon.colcon_core.shell:Creating package script '/home/ferre/brick/BRICK-WEBots/install/vizanti_demos/share/vizanti_demos/package.sh'
[1.885s] INFO:colcon.colcon_core.shell:Creating package script '/home/ferre/brick/BRICK-WEBots/install/vizanti_demos/share/vizanti_demos/package.bash'
[1.885s] INFO:colcon.colcon_core.shell:Creating package script '/home/ferre/brick/BRICK-WEBots/install/vizanti_demos/share/vizanti_demos/package.zsh'
[1.885s] Level 1:colcon.colcon_core.environment:create_file_with_runtime_dependencies(/home/ferre/brick/BRICK-WEBots/install/vizanti_demos/share/colcon-core/packages/vizanti_demos)
[1.890s] Level 1:colcon.colcon_core.environment:create_environment_scripts_only(vizanti_server)
[1.890s] Level 1:colcon.colcon_core.environment:checking '/home/ferre/brick/BRICK-WEBots/install/vizanti_server' for CMake module files
[1.890s] Level 1:colcon.colcon_core.environment:checking '/home/ferre/brick/BRICK-WEBots/install/vizanti_server' for CMake config files
[1.890s] Level 1:colcon.colcon_core.shell:create_environment_hook('vizanti_server', 'cmake_prefix_path')
[1.891s] INFO:colcon.colcon_core.shell:Creating environment hook '/home/ferre/brick/BRICK-WEBots/install/vizanti_server/share/vizanti_server/hook/cmake_prefix_path.ps1'
[1.891s] INFO:colcon.colcon_core.shell:Creating environment descriptor '/home/ferre/brick/BRICK-WEBots/install/vizanti_server/share/vizanti_server/hook/cmake_prefix_path.dsv'
[1.891s] INFO:colcon.colcon_core.shell:Creating environment hook '/home/ferre/brick/BRICK-WEBots/install/vizanti_server/share/vizanti_server/hook/cmake_prefix_path.sh'
[1.892s] Level 1:colcon.colcon_core.environment:checking '/home/ferre/brick/BRICK-WEBots/install/vizanti_server/lib'
[1.892s] Level 1:colcon.colcon_core.environment:checking '/home/ferre/brick/BRICK-WEBots/install/vizanti_server/bin'
[1.892s] Level 1:colcon.colcon_core.environment:checking '/home/ferre/brick/BRICK-WEBots/install/vizanti_server/lib/pkgconfig/vizanti_server.pc'
[1.892s] Level 1:colcon.colcon_core.environment:checking '/home/ferre/brick/BRICK-WEBots/install/vizanti_server/lib/python3.10/site-packages'
[1.893s] Level 1:colcon.colcon_core.environment:checking '/home/ferre/brick/BRICK-WEBots/install/vizanti_server/bin'
[1.893s] INFO:colcon.colcon_core.shell:Creating package script '/home/ferre/brick/BRICK-WEBots/install/vizanti_server/share/vizanti_server/package.ps1'
[1.894s] INFO:colcon.colcon_core.shell:Creating package descriptor '/home/ferre/brick/BRICK-WEBots/install/vizanti_server/share/vizanti_server/package.dsv'
[1.895s] INFO:colcon.colcon_core.shell:Creating package script '/home/ferre/brick/BRICK-WEBots/install/vizanti_server/share/vizanti_server/package.sh'
[1.896s] INFO:colcon.colcon_core.shell:Creating package script '/home/ferre/brick/BRICK-WEBots/install/vizanti_server/share/vizanti_server/package.bash'
[1.897s] INFO:colcon.colcon_core.shell:Creating package script '/home/ferre/brick/BRICK-WEBots/install/vizanti_server/share/vizanti_server/package.zsh'
[1.897s] Level 1:colcon.colcon_core.environment:create_file_with_runtime_dependencies(/home/ferre/brick/BRICK-WEBots/install/vizanti_server/share/colcon-core/packages/vizanti_server)
[1.898s] INFO:colcon.colcon_ros.task.ament_cmake.build:Building ROS package in '/home/ferre/brick/BRICK-WEBots/vizanti/src/vizanti/vizanti' with build type 'ament_cmake'
[1.898s] INFO:colcon.colcon_cmake.task.cmake.build:Building CMake package in '/home/ferre/brick/BRICK-WEBots/vizanti/src/vizanti/vizanti'
[1.899s] INFO:colcon.colcon_core.shell:Skip shell extension 'powershell' for command environment: Not usable outside of PowerShell
[1.899s] DEBUG:colcon.colcon_core.shell:Skip shell extension 'dsv' for command environment
[1.918s] DEBUG:colcon.colcon_core.event_handler.log_command:Invoking command in '/home/ferre/brick/BRICK-WEBots/build/vizanti': CMAKE_PREFIX_PATH=/home/ferre/brick/BRICK-WEBots/install/vizanti_server:/home/ferre/brick/BRICK-WEBots/install/vizanti_msgs:/home/ferre/brick/BRICK-WEBots/install/vizanti:/home/ferre/brick/BRICK-WEBots/install/vizanti_demos:/home/ferre/brick/BRICK-WEBots/install/vizanti_cpp:/home/ferre/brick/BRICK-WEBots/install/webots_ros2_brick:/home/ferre/brick/BRICK-WEBots/install/ros2-webots-v2:/opt/ros/iron PYTHONPATH=/home/ferre/brick/BRICK-WEBots/install/vizanti_msgs/lib/python3.10/site-packages:/home/ferre/brick/BRICK-WEBots/install/webots_ros2_brick/lib/python3.10/site-packages:/home/ferre/brick/BRICK-WEBots/install/ros2-webots-v2/lib/python3.10/site-packages:/opt/ros/iron/lib/python3.10/site-packages /usr/bin/cmake --build /home/ferre/brick/BRICK-WEBots/build/vizanti -- -j12 -l12
[1.974s] DEBUG:colcon.colcon_core.event_handler.log_command:Invoked command in '/home/ferre/brick/BRICK-WEBots/build/vizanti' returned '0': CMAKE_PREFIX_PATH=/home/ferre/brick/BRICK-WEBots/install/vizanti_server:/home/ferre/brick/BRICK-WEBots/install/vizanti_msgs:/home/ferre/brick/BRICK-WEBots/install/vizanti:/home/ferre/brick/BRICK-WEBots/install/vizanti_demos:/home/ferre/brick/BRICK-WEBots/install/vizanti_cpp:/home/ferre/brick/BRICK-WEBots/install/webots_ros2_brick:/home/ferre/brick/BRICK-WEBots/install/ros2-webots-v2:/opt/ros/iron PYTHONPATH=/home/ferre/brick/BRICK-WEBots/install/vizanti_msgs/lib/python3.10/site-packages:/home/ferre/brick/BRICK-WEBots/install/webots_ros2_brick/lib/python3.10/site-packages:/home/ferre/brick/BRICK-WEBots/install/ros2-webots-v2/lib/python3.10/site-packages:/opt/ros/iron/lib/python3.10/site-packages /usr/bin/cmake --build /home/ferre/brick/BRICK-WEBots/build/vizanti -- -j12 -l12
[2.002s] DEBUG:colcon.colcon_core.event_handler.log_command:Invoking command in '/home/ferre/brick/BRICK-WEBots/build/vizanti': CMAKE_PREFIX_PATH=/home/ferre/brick/BRICK-WEBots/install/vizanti_server:/home/ferre/brick/BRICK-WEBots/install/vizanti_msgs:/home/ferre/brick/BRICK-WEBots/install/vizanti:/home/ferre/brick/BRICK-WEBots/install/vizanti_demos:/home/ferre/brick/BRICK-WEBots/install/vizanti_cpp:/home/ferre/brick/BRICK-WEBots/install/webots_ros2_brick:/home/ferre/brick/BRICK-WEBots/install/ros2-webots-v2:/opt/ros/iron PYTHONPATH=/home/ferre/brick/BRICK-WEBots/install/vizanti_msgs/lib/python3.10/site-packages:/home/ferre/brick/BRICK-WEBots/install/webots_ros2_brick/lib/python3.10/site-packages:/home/ferre/brick/BRICK-WEBots/install/ros2-webots-v2/lib/python3.10/site-packages:/opt/ros/iron/lib/python3.10/site-packages /usr/bin/cmake --install /home/ferre/brick/BRICK-WEBots/build/vizanti
[2.013s] Level 1:colcon.colcon_core.environment:create_environment_scripts_only(vizanti)
[2.013s] Level 1:colcon.colcon_core.environment:checking '/home/ferre/brick/BRICK-WEBots/install/vizanti' for CMake module files
[2.013s] DEBUG:colcon.colcon_core.event_handler.log_command:Invoked command in '/home/ferre/brick/BRICK-WEBots/build/vizanti' returned '0': CMAKE_PREFIX_PATH=/home/ferre/brick/BRICK-WEBots/install/vizanti_server:/home/ferre/brick/BRICK-WEBots/install/vizanti_msgs:/home/ferre/brick/BRICK-WEBots/install/vizanti:/home/ferre/brick/BRICK-WEBots/install/vizanti_demos:/home/ferre/brick/BRICK-WEBots/install/vizanti_cpp:/home/ferre/brick/BRICK-WEBots/install/webots_ros2_brick:/home/ferre/brick/BRICK-WEBots/install/ros2-webots-v2:/opt/ros/iron PYTHONPATH=/home/ferre/brick/BRICK-WEBots/install/vizanti_msgs/lib/python3.10/site-packages:/home/ferre/brick/BRICK-WEBots/install/webots_ros2_brick/lib/python3.10/site-packages:/home/ferre/brick/BRICK-WEBots/install/ros2-webots-v2/lib/python3.10/site-packages:/opt/ros/iron/lib/python3.10/site-packages /usr/bin/cmake --install /home/ferre/brick/BRICK-WEBots/build/vizanti
[2.014s] Level 1:colcon.colcon_core.environment:checking '/home/ferre/brick/BRICK-WEBots/install/vizanti' for CMake config files
[2.015s] Level 1:colcon.colcon_core.shell:create_environment_hook('vizanti', 'cmake_prefix_path')
[2.015s] INFO:colcon.colcon_core.shell:Creating environment hook '/home/ferre/brick/BRICK-WEBots/install/vizanti/share/vizanti/hook/cmake_prefix_path.ps1'
[2.015s] INFO:colcon.colcon_core.shell:Creating environment descriptor '/home/ferre/brick/BRICK-WEBots/install/vizanti/share/vizanti/hook/cmake_prefix_path.dsv'
[2.016s] INFO:colcon.colcon_core.shell:Creating environment hook '/home/ferre/brick/BRICK-WEBots/install/vizanti/share/vizanti/hook/cmake_prefix_path.sh'
[2.016s] Level 1:colcon.colcon_core.environment:checking '/home/ferre/brick/BRICK-WEBots/install/vizanti/bin'
[2.016s] Level 1:colcon.colcon_core.environment:checking '/home/ferre/brick/BRICK-WEBots/install/vizanti/lib/pkgconfig/vizanti.pc'
[2.016s] Level 1:colcon.colcon_core.environment:checking '/home/ferre/brick/BRICK-WEBots/install/vizanti/lib/python3.10/site-packages'
[2.017s] Level 1:colcon.colcon_core.environment:checking '/home/ferre/brick/BRICK-WEBots/install/vizanti/bin'
[2.017s] INFO:colcon.colcon_core.shell:Creating package script '/home/ferre/brick/BRICK-WEBots/install/vizanti/share/vizanti/package.ps1'
[2.017s] INFO:colcon.colcon_core.shell:Creating package descriptor '/home/ferre/brick/BRICK-WEBots/install/vizanti/share/vizanti/package.dsv'
[2.018s] INFO:colcon.colcon_core.shell:Creating package script '/home/ferre/brick/BRICK-WEBots/install/vizanti/share/vizanti/package.sh'
[2.018s] INFO:colcon.colcon_core.shell:Creating package script '/home/ferre/brick/BRICK-WEBots/install/vizanti/share/vizanti/package.bash'
[2.018s] INFO:colcon.colcon_core.shell:Creating package script '/home/ferre/brick/BRICK-WEBots/install/vizanti/share/vizanti/package.zsh'
[2.019s] Level 1:colcon.colcon_core.environment:create_file_with_runtime_dependencies(/home/ferre/brick/BRICK-WEBots/install/vizanti/share/colcon-core/packages/vizanti)
[2.050s] Level 1:colcon.colcon_core.environment:create_environment_scripts_only(vizanti)
[2.050s] Level 1:colcon.colcon_core.environment:checking '/home/ferre/brick/BRICK-WEBots/install/vizanti' for CMake module files
[2.050s] Level 1:colcon.colcon_core.environment:checking '/home/ferre/brick/BRICK-WEBots/install/vizanti' for CMake config files
[2.050s] Level 1:colcon.colcon_core.shell:create_environment_hook('vizanti', 'cmake_prefix_path')
[2.051s] INFO:colcon.colcon_core.shell:Creating environment hook '/home/ferre/brick/BRICK-WEBots/install/vizanti/share/vizanti/hook/cmake_prefix_path.ps1'
[2.051s] INFO:colcon.colcon_core.shell:Creating environment descriptor '/home/ferre/brick/BRICK-WEBots/install/vizanti/share/vizanti/hook/cmake_prefix_path.dsv'
[2.052s] INFO:colcon.colcon_core.shell:Creating environment hook '/home/ferre/brick/BRICK-WEBots/install/vizanti/share/vizanti/hook/cmake_prefix_path.sh'
[2.053s] Level 1:colcon.colcon_core.environment:checking '/home/ferre/brick/BRICK-WEBots/install/vizanti/bin'
[2.053s] Level 1:colcon.colcon_core.environment:checking '/home/ferre/brick/BRICK-WEBots/install/vizanti/lib/pkgconfig/vizanti.pc'
[2.053s] Level 1:colcon.colcon_core.environment:checking '/home/ferre/brick/BRICK-WEBots/install/vizanti/lib/python3.10/site-packages'
[2.053s] Level 1:colcon.colcon_core.environment:checking '/home/ferre/brick/BRICK-WEBots/install/vizanti/bin'
[2.053s] INFO:colcon.colcon_core.shell:Creating package script '/home/ferre/brick/BRICK-WEBots/install/vizanti/share/vizanti/package.ps1'
[2.054s] INFO:colcon.colcon_core.shell:Creating package descriptor '/home/ferre/brick/BRICK-WEBots/install/vizanti/share/vizanti/package.dsv'
[2.054s] INFO:colcon.colcon_core.shell:Creating package script '/home/ferre/brick/BRICK-WEBots/install/vizanti/share/vizanti/package.sh'
[2.054s] INFO:colcon.colcon_core.shell:Creating package script '/home/ferre/brick/BRICK-WEBots/install/vizanti/share/vizanti/package.bash'
[2.055s] INFO:colcon.colcon_core.shell:Creating package script '/home/ferre/brick/BRICK-WEBots/install/vizanti/share/vizanti/package.zsh'
[2.055s] Level 1:colcon.colcon_core.environment:create_file_with_runtime_dependencies(/home/ferre/brick/BRICK-WEBots/install/vizanti/share/colcon-core/packages/vizanti)
[2.055s] DEBUG:colcon.colcon_parallel_executor.executor.parallel:closing loop
[2.056s] DEBUG:colcon.colcon_parallel_executor.executor.parallel:loop closed
[2.056s] DEBUG:colcon.colcon_parallel_executor.executor.parallel:run_until_complete finished with '0'
[2.056s] DEBUG:colcon.colcon_core.event_reactor:joining thread
[2.063s] INFO:colcon.colcon_core.plugin_system:Skipping extension 'colcon_notification.desktop_notification.terminal_notifier': Not used on non-Darwin systems
[2.063s] INFO:colcon.colcon_core.plugin_system:Skipping extension 'colcon_notification.desktop_notification.win32': Not used on non-Windows systems
[2.063s] INFO:colcon.colcon_notification.desktop_notification:Sending desktop notification using 'notify2'
[2.079s] DEBUG:colcon.colcon_core.event_reactor:joined thread
[2.079s] INFO:colcon.colcon_core.shell:Creating prefix script '/home/ferre/brick/BRICK-WEBots/install/local_setup.ps1'
[2.081s] INFO:colcon.colcon_core.shell:Creating prefix util module '/home/ferre/brick/BRICK-WEBots/install/_local_setup_util_ps1.py'
[2.082s] INFO:colcon.colcon_core.shell:Creating prefix chain script '/home/ferre/brick/BRICK-WEBots/install/setup.ps1'
[2.084s] INFO:colcon.colcon_core.shell:Creating prefix script '/home/ferre/brick/BRICK-WEBots/install/local_setup.sh'
[2.085s] INFO:colcon.colcon_core.shell:Creating prefix util module '/home/ferre/brick/BRICK-WEBots/install/_local_setup_util_sh.py'
[2.086s] INFO:colcon.colcon_core.shell:Creating prefix chain script '/home/ferre/brick/BRICK-WEBots/install/setup.sh'
[2.089s] INFO:colcon.colcon_core.shell:Creating prefix script '/home/ferre/brick/BRICK-WEBots/install/local_setup.bash'
[2.089s] INFO:colcon.colcon_core.shell:Creating prefix chain script '/home/ferre/brick/BRICK-WEBots/install/setup.bash'
[2.091s] INFO:colcon.colcon_core.shell:Creating prefix script '/home/ferre/brick/BRICK-WEBots/install/local_setup.zsh'
[2.092s] INFO:colcon.colcon_core.shell:Creating prefix chain script '/home/ferre/brick/BRICK-WEBots/install/setup.zsh'
