[0.099s] DEBUG:colcon:Command line arguments: ['/usr/bin/colcon', 'build']
[0.099s] DEBUG:colcon:Parsed command line arguments: Namespace(log_base=None, log_level=None, verb_name='build', build_base='build', install_base='install', merge_install=False, symlink_install=False, test_result_base=None, continue_on_error=False, executor='parallel', parallel_workers=12, event_handlers=None, ignore_user_meta=False, metas=['./colcon.meta'], base_paths=['.'], packages_ignore=None, packages_ignore_regex=None, paths=None, packages_up_to=None, packages_up_to_regex=None, packages_above=None, packages_above_and_dependencies=None, packages_above_depth=None, packages_select_by_dep=None, packages_skip_by_dep=None, packages_skip_up_to=None, packages_select_build_failed=False, packages_skip_build_finished=False, packages_select_test_failures=False, packages_skip_test_passed=False, packages_select=None, packages_skip=None, packages_select_regex=None, packages_skip_regex=None, packages_start=None, packages_end=None, allow_overriding=[], cmake_args=None, cmake_target=None, cmake_target_skip_unavailable=False, cmake_clean_cache=False, cmake_clean_first=False, cmake_force_configure=False, ament_cmake_args=None, catkin_cmake_args=None, catkin_skip_building_tests=False, mixin_files=None, mixin=None, verb_parser=<colcon_mixin.mixin.mixin_argument.MixinArgumentDecorator object at 0x7b1490547c40>, verb_extension=<colcon_core.verb.build.BuildVerb object at 0x7b1490688370>, main=<bound method BuildVerb.main of <colcon_core.verb.build.BuildVerb object at 0x7b1490688370>>, mixin_verb=('build',))
[0.270s] Level 1:colcon.colcon_core.package_discovery:discover_packages(colcon_meta) check parameters
[0.270s] Level 1:colcon.colcon_core.package_discovery:discover_packages(recursive) check parameters
[0.270s] Level 1:colcon.colcon_core.package_discovery:discover_packages(ignore) check parameters
[0.270s] Level 1:colcon.colcon_core.package_discovery:discover_packages(path) check parameters
[0.270s] Level 1:colcon.colcon_core.package_discovery:discover_packages(colcon_meta) discover
[0.270s] Level 1:colcon.colcon_core.package_discovery:discover_packages(recursive) discover
[0.270s] INFO:colcon.colcon_core.package_discovery:Crawling recursively for packages in '/home/ferre/brick/BRICK-WEBots'
[0.270s] Level 1:colcon.colcon_core.package_identification:_identify(.) by extensions ['ignore', 'ignore_ament_install']
[0.271s] Level 1:colcon.colcon_core.package_identification:_identify(.) by extension 'ignore'
[0.271s] Level 1:colcon.colcon_core.package_identification:_identify(.) by extension 'ignore_ament_install'
[0.271s] Level 1:colcon.colcon_core.package_identification:_identify(.) by extensions ['colcon_pkg']
[0.271s] Level 1:colcon.colcon_core.package_identification:_identify(.) by extension 'colcon_pkg'
[0.271s] Level 1:colcon.colcon_core.package_identification:_identify(.) by extensions ['colcon_meta']
[0.271s] Level 1:colcon.colcon_core.package_identification:_identify(.) by extension 'colcon_meta'
[0.271s] Level 1:colcon.colcon_core.package_identification:_identify(.) by extensions ['ros']
[0.271s] Level 1:colcon.colcon_core.package_identification:_identify(.) by extension 'ros'
[0.281s] Level 1:colcon.colcon_core.package_identification:_identify(.) by extensions ['cmake', 'python']
[0.281s] Level 1:colcon.colcon_core.package_identification:_identify(.) by extension 'cmake'
[0.281s] Level 1:colcon.colcon_core.package_identification:_identify(.) by extension 'python'
[0.281s] Level 1:colcon.colcon_core.package_identification:_identify(.) by extensions ['python_setup_py']
[0.281s] Level 1:colcon.colcon_core.package_identification:_identify(.) by extension 'python_setup_py'
[0.281s] Level 1:colcon.colcon_core.package_identification:_identify(build) by extensions ['ignore', 'ignore_ament_install']
[0.281s] Level 1:colcon.colcon_core.package_identification:_identify(build) by extension 'ignore'
[0.281s] Level 1:colcon.colcon_core.package_identification:_identify(build) ignored
[0.281s] Level 1:colcon.colcon_core.package_identification:_identify(designSheet) by extensions ['ignore', 'ignore_ament_install']
[0.282s] Level 1:colcon.colcon_core.package_identification:_identify(designSheet) by extension 'ignore'
[0.282s] Level 1:colcon.colcon_core.package_identification:_identify(designSheet) by extension 'ignore_ament_install'
[0.282s] Level 1:colcon.colcon_core.package_identification:_identify(designSheet) by extensions ['colcon_pkg']
[0.282s] Level 1:colcon.colcon_core.package_identification:_identify(designSheet) by extension 'colcon_pkg'
[0.282s] Level 1:colcon.colcon_core.package_identification:_identify(designSheet) by extensions ['colcon_meta']
[0.282s] Level 1:colcon.colcon_core.package_identification:_identify(designSheet) by extension 'colcon_meta'
[0.282s] Level 1:colcon.colcon_core.package_identification:_identify(designSheet) by extensions ['ros']
[0.282s] Level 1:colcon.colcon_core.package_identification:_identify(designSheet) by extension 'ros'
[0.282s] Level 1:colcon.colcon_core.package_identification:_identify(designSheet) by extensions ['cmake', 'python']
[0.282s] Level 1:colcon.colcon_core.package_identification:_identify(designSheet) by extension 'cmake'
[0.282s] Level 1:colcon.colcon_core.package_identification:_identify(designSheet) by extension 'python'
[0.282s] Level 1:colcon.colcon_core.package_identification:_identify(designSheet) by extensions ['python_setup_py']
[0.282s] Level 1:colcon.colcon_core.package_identification:_identify(designSheet) by extension 'python_setup_py'
[0.282s] Level 1:colcon.colcon_core.package_identification:_identify(install) by extensions ['ignore', 'ignore_ament_install']
[0.282s] Level 1:colcon.colcon_core.package_identification:_identify(install) by extension 'ignore'
[0.282s] Level 1:colcon.colcon_core.package_identification:_identify(install) ignored
[0.282s] Level 1:colcon.colcon_core.package_identification:_identify(log) by extensions ['ignore', 'ignore_ament_install']
[0.282s] Level 1:colcon.colcon_core.package_identification:_identify(log) by extension 'ignore'
[0.282s] Level 1:colcon.colcon_core.package_identification:_identify(log) ignored
[0.282s] Level 1:colcon.colcon_core.package_identification:_identify(photos) by extensions ['ignore', 'ignore_ament_install']
[0.283s] Level 1:colcon.colcon_core.package_identification:_identify(photos) by extension 'ignore'
[0.283s] Level 1:colcon.colcon_core.package_identification:_identify(photos) by extension 'ignore_ament_install'
[0.283s] Level 1:colcon.colcon_core.package_identification:_identify(photos) by extensions ['colcon_pkg']
[0.283s] Level 1:colcon.colcon_core.package_identification:_identify(photos) by extension 'colcon_pkg'
[0.283s] Level 1:colcon.colcon_core.package_identification:_identify(photos) by extensions ['colcon_meta']
[0.283s] Level 1:colcon.colcon_core.package_identification:_identify(photos) by extension 'colcon_meta'
[0.283s] Level 1:colcon.colcon_core.package_identification:_identify(photos) by extensions ['ros']
[0.283s] Level 1:colcon.colcon_core.package_identification:_identify(photos) by extension 'ros'
[0.283s] Level 1:colcon.colcon_core.package_identification:_identify(photos) by extensions ['cmake', 'python']
[0.283s] Level 1:colcon.colcon_core.package_identification:_identify(photos) by extension 'cmake'
[0.283s] Level 1:colcon.colcon_core.package_identification:_identify(photos) by extension 'python'
[0.283s] Level 1:colcon.colcon_core.package_identification:_identify(photos) by extensions ['python_setup_py']
[0.283s] Level 1:colcon.colcon_core.package_identification:_identify(photos) by extension 'python_setup_py'
[0.283s] Level 1:colcon.colcon_core.package_identification:_identify(server) by extensions ['ignore', 'ignore_ament_install']
[0.283s] Level 1:colcon.colcon_core.package_identification:_identify(server) by extension 'ignore'
[0.283s] Level 1:colcon.colcon_core.package_identification:_identify(server) by extension 'ignore_ament_install'
[0.283s] Level 1:colcon.colcon_core.package_identification:_identify(server) by extensions ['colcon_pkg']
[0.283s] Level 1:colcon.colcon_core.package_identification:_identify(server) by extension 'colcon_pkg'
[0.283s] Level 1:colcon.colcon_core.package_identification:_identify(server) by extensions ['colcon_meta']
[0.283s] Level 1:colcon.colcon_core.package_identification:_identify(server) by extension 'colcon_meta'
[0.283s] Level 1:colcon.colcon_core.package_identification:_identify(server) by extensions ['ros']
[0.283s] Level 1:colcon.colcon_core.package_identification:_identify(server) by extension 'ros'
[0.283s] Level 1:colcon.colcon_core.package_identification:_identify(server) by extensions ['cmake', 'python']
[0.283s] Level 1:colcon.colcon_core.package_identification:_identify(server) by extension 'cmake'
[0.283s] Level 1:colcon.colcon_core.package_identification:_identify(server) by extension 'python'
[0.283s] Level 1:colcon.colcon_core.package_identification:_identify(server) by extensions ['python_setup_py']
[0.284s] Level 1:colcon.colcon_core.package_identification:_identify(server) by extension 'python_setup_py'
[0.284s] Level 1:colcon.colcon_core.package_identification:_identify(server/static) by extensions ['ignore', 'ignore_ament_install']
[0.284s] Level 1:colcon.colcon_core.package_identification:_identify(server/static) by extension 'ignore'
[0.284s] Level 1:colcon.colcon_core.package_identification:_identify(server/static) by extension 'ignore_ament_install'
[0.284s] Level 1:colcon.colcon_core.package_identification:_identify(server/static) by extensions ['colcon_pkg']
[0.284s] Level 1:colcon.colcon_core.package_identification:_identify(server/static) by extension 'colcon_pkg'
[0.284s] Level 1:colcon.colcon_core.package_identification:_identify(server/static) by extensions ['colcon_meta']
[0.284s] Level 1:colcon.colcon_core.package_identification:_identify(server/static) by extension 'colcon_meta'
[0.284s] Level 1:colcon.colcon_core.package_identification:_identify(server/static) by extensions ['ros']
[0.284s] Level 1:colcon.colcon_core.package_identification:_identify(server/static) by extension 'ros'
[0.284s] Level 1:colcon.colcon_core.package_identification:_identify(server/static) by extensions ['cmake', 'python']
[0.284s] Level 1:colcon.colcon_core.package_identification:_identify(server/static) by extension 'cmake'
[0.284s] Level 1:colcon.colcon_core.package_identification:_identify(server/static) by extension 'python'
[0.284s] Level 1:colcon.colcon_core.package_identification:_identify(server/static) by extensions ['python_setup_py']
[0.284s] Level 1:colcon.colcon_core.package_identification:_identify(server/static) by extension 'python_setup_py'
[0.284s] Level 1:colcon.colcon_core.package_identification:_identify(server/static/css) by extensions ['ignore', 'ignore_ament_install']
[0.284s] Level 1:colcon.colcon_core.package_identification:_identify(server/static/css) by extension 'ignore'
[0.284s] Level 1:colcon.colcon_core.package_identification:_identify(server/static/css) by extension 'ignore_ament_install'
[0.284s] Level 1:colcon.colcon_core.package_identification:_identify(server/static/css) by extensions ['colcon_pkg']
[0.284s] Level 1:colcon.colcon_core.package_identification:_identify(server/static/css) by extension 'colcon_pkg'
[0.284s] Level 1:colcon.colcon_core.package_identification:_identify(server/static/css) by extensions ['colcon_meta']
[0.284s] Level 1:colcon.colcon_core.package_identification:_identify(server/static/css) by extension 'colcon_meta'
[0.284s] Level 1:colcon.colcon_core.package_identification:_identify(server/static/css) by extensions ['ros']
[0.284s] Level 1:colcon.colcon_core.package_identification:_identify(server/static/css) by extension 'ros'
[0.285s] Level 1:colcon.colcon_core.package_identification:_identify(server/static/css) by extensions ['cmake', 'python']
[0.285s] Level 1:colcon.colcon_core.package_identification:_identify(server/static/css) by extension 'cmake'
[0.285s] Level 1:colcon.colcon_core.package_identification:_identify(server/static/css) by extension 'python'
[0.285s] Level 1:colcon.colcon_core.package_identification:_identify(server/static/css) by extensions ['python_setup_py']
[0.285s] Level 1:colcon.colcon_core.package_identification:_identify(server/static/css) by extension 'python_setup_py'
[0.285s] Level 1:colcon.colcon_core.package_identification:_identify(server/static/js) by extensions ['ignore', 'ignore_ament_install']
[0.285s] Level 1:colcon.colcon_core.package_identification:_identify(server/static/js) by extension 'ignore'
[0.285s] Level 1:colcon.colcon_core.package_identification:_identify(server/static/js) by extension 'ignore_ament_install'
[0.285s] Level 1:colcon.colcon_core.package_identification:_identify(server/static/js) by extensions ['colcon_pkg']
[0.285s] Level 1:colcon.colcon_core.package_identification:_identify(server/static/js) by extension 'colcon_pkg'
[0.285s] Level 1:colcon.colcon_core.package_identification:_identify(server/static/js) by extensions ['colcon_meta']
[0.285s] Level 1:colcon.colcon_core.package_identification:_identify(server/static/js) by extension 'colcon_meta'
[0.285s] Level 1:colcon.colcon_core.package_identification:_identify(server/static/js) by extensions ['ros']
[0.285s] Level 1:colcon.colcon_core.package_identification:_identify(server/static/js) by extension 'ros'
[0.285s] Level 1:colcon.colcon_core.package_identification:_identify(server/static/js) by extensions ['cmake', 'python']
[0.285s] Level 1:colcon.colcon_core.package_identification:_identify(server/static/js) by extension 'cmake'
[0.285s] Level 1:colcon.colcon_core.package_identification:_identify(server/static/js) by extension 'python'
[0.285s] Level 1:colcon.colcon_core.package_identification:_identify(server/static/js) by extensions ['python_setup_py']
[0.285s] Level 1:colcon.colcon_core.package_identification:_identify(server/static/js) by extension 'python_setup_py'
[0.285s] Level 1:colcon.colcon_core.package_identification:_identify(server/templates) by extensions ['ignore', 'ignore_ament_install']
[0.285s] Level 1:colcon.colcon_core.package_identification:_identify(server/templates) by extension 'ignore'
[0.286s] Level 1:colcon.colcon_core.package_identification:_identify(server/templates) by extension 'ignore_ament_install'
[0.286s] Level 1:colcon.colcon_core.package_identification:_identify(server/templates) by extensions ['colcon_pkg']
[0.286s] Level 1:colcon.colcon_core.package_identification:_identify(server/templates) by extension 'colcon_pkg'
[0.286s] Level 1:colcon.colcon_core.package_identification:_identify(server/templates) by extensions ['colcon_meta']
[0.286s] Level 1:colcon.colcon_core.package_identification:_identify(server/templates) by extension 'colcon_meta'
[0.286s] Level 1:colcon.colcon_core.package_identification:_identify(server/templates) by extensions ['ros']
[0.286s] Level 1:colcon.colcon_core.package_identification:_identify(server/templates) by extension 'ros'
[0.286s] Level 1:colcon.colcon_core.package_identification:_identify(server/templates) by extensions ['cmake', 'python']
[0.286s] Level 1:colcon.colcon_core.package_identification:_identify(server/templates) by extension 'cmake'
[0.286s] Level 1:colcon.colcon_core.package_identification:_identify(server/templates) by extension 'python'
[0.286s] Level 1:colcon.colcon_core.package_identification:_identify(server/templates) by extensions ['python_setup_py']
[0.286s] Level 1:colcon.colcon_core.package_identification:_identify(server/templates) by extension 'python_setup_py'
[0.286s] Level 1:colcon.colcon_core.package_identification:_identify(vizanti) by extensions ['ignore', 'ignore_ament_install']
[0.286s] Level 1:colcon.colcon_core.package_identification:_identify(vizanti) by extension 'ignore'
[0.286s] Level 1:colcon.colcon_core.package_identification:_identify(vizanti) by extension 'ignore_ament_install'
[0.286s] Level 1:colcon.colcon_core.package_identification:_identify(vizanti) by extensions ['colcon_pkg']
[0.286s] Level 1:colcon.colcon_core.package_identification:_identify(vizanti) by extension 'colcon_pkg'
[0.286s] Level 1:colcon.colcon_core.package_identification:_identify(vizanti) by extensions ['colcon_meta']
[0.286s] Level 1:colcon.colcon_core.package_identification:_identify(vizanti) by extension 'colcon_meta'
[0.286s] Level 1:colcon.colcon_core.package_identification:_identify(vizanti) by extensions ['ros']
[0.286s] Level 1:colcon.colcon_core.package_identification:_identify(vizanti) by extension 'ros'
[0.286s] Level 1:colcon.colcon_core.package_identification:_identify(vizanti) by extensions ['cmake', 'python']
[0.286s] Level 1:colcon.colcon_core.package_identification:_identify(vizanti) by extension 'cmake'
[0.286s] Level 1:colcon.colcon_core.package_identification:_identify(vizanti) by extension 'python'
[0.286s] Level 1:colcon.colcon_core.package_identification:_identify(vizanti) by extensions ['python_setup_py']
[0.286s] Level 1:colcon.colcon_core.package_identification:_identify(vizanti) by extension 'python_setup_py'
[0.287s] Level 1:colcon.colcon_core.package_identification:_identify(vizanti/src) by extensions ['ignore', 'ignore_ament_install']
[0.287s] Level 1:colcon.colcon_core.package_identification:_identify(vizanti/src) by extension 'ignore'
[0.287s] Level 1:colcon.colcon_core.package_identification:_identify(vizanti/src) by extension 'ignore_ament_install'
[0.287s] Level 1:colcon.colcon_core.package_identification:_identify(vizanti/src) by extensions ['colcon_pkg']
[0.287s] Level 1:colcon.colcon_core.package_identification:_identify(vizanti/src) by extension 'colcon_pkg'
[0.287s] Level 1:colcon.colcon_core.package_identification:_identify(vizanti/src) by extensions ['colcon_meta']
[0.287s] Level 1:colcon.colcon_core.package_identification:_identify(vizanti/src) by extension 'colcon_meta'
[0.287s] Level 1:colcon.colcon_core.package_identification:_identify(vizanti/src) by extensions ['ros']
[0.287s] Level 1:colcon.colcon_core.package_identification:_identify(vizanti/src) by extension 'ros'
[0.287s] Level 1:colcon.colcon_core.package_identification:_identify(vizanti/src) by extensions ['cmake', 'python']
[0.287s] Level 1:colcon.colcon_core.package_identification:_identify(vizanti/src) by extension 'cmake'
[0.287s] Level 1:colcon.colcon_core.package_identification:_identify(vizanti/src) by extension 'python'
[0.287s] Level 1:colcon.colcon_core.package_identification:_identify(vizanti/src) by extensions ['python_setup_py']
[0.287s] Level 1:colcon.colcon_core.package_identification:_identify(vizanti/src) by extension 'python_setup_py'
[0.287s] Level 1:colcon.colcon_core.package_identification:_identify(vizanti/src/vizanti) by extensions ['ignore', 'ignore_ament_install']
[0.287s] Level 1:colcon.colcon_core.package_identification:_identify(vizanti/src/vizanti) by extension 'ignore'
[0.287s] Level 1:colcon.colcon_core.package_identification:_identify(vizanti/src/vizanti) by extension 'ignore_ament_install'
[0.287s] Level 1:colcon.colcon_core.package_identification:_identify(vizanti/src/vizanti) by extensions ['colcon_pkg']
[0.287s] Level 1:colcon.colcon_core.package_identification:_identify(vizanti/src/vizanti) by extension 'colcon_pkg'
[0.287s] Level 1:colcon.colcon_core.package_identification:_identify(vizanti/src/vizanti) by extensions ['colcon_meta']
[0.287s] Level 1:colcon.colcon_core.package_identification:_identify(vizanti/src/vizanti) by extension 'colcon_meta'
[0.287s] Level 1:colcon.colcon_core.package_identification:_identify(vizanti/src/vizanti) by extensions ['ros']
[0.287s] Level 1:colcon.colcon_core.package_identification:_identify(vizanti/src/vizanti) by extension 'ros'
[0.288s] Level 1:colcon.colcon_core.package_identification:_identify(vizanti/src/vizanti) by extensions ['cmake', 'python']
[0.288s] Level 1:colcon.colcon_core.package_identification:_identify(vizanti/src/vizanti) by extension 'cmake'
[0.288s] Level 1:colcon.colcon_core.package_identification:_identify(vizanti/src/vizanti) by extension 'python'
[0.288s] Level 1:colcon.colcon_core.package_identification:_identify(vizanti/src/vizanti) by extensions ['python_setup_py']
[0.288s] Level 1:colcon.colcon_core.package_identification:_identify(vizanti/src/vizanti) by extension 'python_setup_py'
[0.288s] Level 1:colcon.colcon_core.package_identification:_identify(vizanti/src/vizanti/vizanti) by extensions ['ignore', 'ignore_ament_install']
[0.288s] Level 1:colcon.colcon_core.package_identification:_identify(vizanti/src/vizanti/vizanti) by extension 'ignore'
[0.288s] Level 1:colcon.colcon_core.package_identification:_identify(vizanti/src/vizanti/vizanti) by extension 'ignore_ament_install'
[0.288s] Level 1:colcon.colcon_core.package_identification:_identify(vizanti/src/vizanti/vizanti) by extensions ['colcon_pkg']
[0.288s] Level 1:colcon.colcon_core.package_identification:_identify(vizanti/src/vizanti/vizanti) by extension 'colcon_pkg'
[0.288s] Level 1:colcon.colcon_core.package_identification:_identify(vizanti/src/vizanti/vizanti) by extensions ['colcon_meta']
[0.288s] Level 1:colcon.colcon_core.package_identification:_identify(vizanti/src/vizanti/vizanti) by extension 'colcon_meta'
[0.288s] Level 1:colcon.colcon_core.package_identification:_identify(vizanti/src/vizanti/vizanti) by extensions ['ros']
[0.288s] Level 1:colcon.colcon_core.package_identification:_identify(vizanti/src/vizanti/vizanti) by extension 'ros'
[0.301s] DEBUG:colcon.colcon_core.package_identification:Package 'vizanti/src/vizanti/vizanti' with type 'ros.ament_cmake' and name 'vizanti'
[0.301s] Level 1:colcon.colcon_core.package_identification:_identify(vizanti/src/vizanti/vizanti_cpp) by extensions ['ignore', 'ignore_ament_install']
[0.302s] Level 1:colcon.colcon_core.package_identification:_identify(vizanti/src/vizanti/vizanti_cpp) by extension 'ignore'
[0.302s] Level 1:colcon.colcon_core.package_identification:_identify(vizanti/src/vizanti/vizanti_cpp) by extension 'ignore_ament_install'
[0.302s] Level 1:colcon.colcon_core.package_identification:_identify(vizanti/src/vizanti/vizanti_cpp) by extensions ['colcon_pkg']
[0.302s] Level 1:colcon.colcon_core.package_identification:_identify(vizanti/src/vizanti/vizanti_cpp) by extension 'colcon_pkg'
[0.302s] Level 1:colcon.colcon_core.package_identification:_identify(vizanti/src/vizanti/vizanti_cpp) by extensions ['colcon_meta']
[0.302s] Level 1:colcon.colcon_core.package_identification:_identify(vizanti/src/vizanti/vizanti_cpp) by extension 'colcon_meta'
[0.302s] Level 1:colcon.colcon_core.package_identification:_identify(vizanti/src/vizanti/vizanti_cpp) by extensions ['ros']
[0.302s] Level 1:colcon.colcon_core.package_identification:_identify(vizanti/src/vizanti/vizanti_cpp) by extension 'ros'
[0.303s] DEBUG:colcon.colcon_core.package_identification:Package 'vizanti/src/vizanti/vizanti_cpp' with type 'ros.ament_cmake' and name 'vizanti_cpp'
[0.303s] Level 1:colcon.colcon_core.package_identification:_identify(vizanti/src/vizanti/vizanti_demos) by extensions ['ignore', 'ignore_ament_install']
[0.303s] Level 1:colcon.colcon_core.package_identification:_identify(vizanti/src/vizanti/vizanti_demos) by extension 'ignore'
[0.303s] Level 1:colcon.colcon_core.package_identification:_identify(vizanti/src/vizanti/vizanti_demos) by extension 'ignore_ament_install'
[0.303s] Level 1:colcon.colcon_core.package_identification:_identify(vizanti/src/vizanti/vizanti_demos) by extensions ['colcon_pkg']
[0.303s] Level 1:colcon.colcon_core.package_identification:_identify(vizanti/src/vizanti/vizanti_demos) by extension 'colcon_pkg'
[0.303s] Level 1:colcon.colcon_core.package_identification:_identify(vizanti/src/vizanti/vizanti_demos) by extensions ['colcon_meta']
[0.303s] Level 1:colcon.colcon_core.package_identification:_identify(vizanti/src/vizanti/vizanti_demos) by extension 'colcon_meta'
[0.303s] Level 1:colcon.colcon_core.package_identification:_identify(vizanti/src/vizanti/vizanti_demos) by extensions ['ros']
[0.303s] Level 1:colcon.colcon_core.package_identification:_identify(vizanti/src/vizanti/vizanti_demos) by extension 'ros'
[0.304s] DEBUG:colcon.colcon_core.package_identification:Package 'vizanti/src/vizanti/vizanti_demos' with type 'ros.ament_cmake' and name 'vizanti_demos'
[0.304s] Level 1:colcon.colcon_core.package_identification:_identify(vizanti/src/vizanti/vizanti_msgs) by extensions ['ignore', 'ignore_ament_install']
[0.304s] Level 1:colcon.colcon_core.package_identification:_identify(vizanti/src/vizanti/vizanti_msgs) by extension 'ignore'
[0.304s] Level 1:colcon.colcon_core.package_identification:_identify(vizanti/src/vizanti/vizanti_msgs) by extension 'ignore_ament_install'
[0.304s] Level 1:colcon.colcon_core.package_identification:_identify(vizanti/src/vizanti/vizanti_msgs) by extensions ['colcon_pkg']
[0.304s] Level 1:colcon.colcon_core.package_identification:_identify(vizanti/src/vizanti/vizanti_msgs) by extension 'colcon_pkg'
[0.304s] Level 1:colcon.colcon_core.package_identification:_identify(vizanti/src/vizanti/vizanti_msgs) by extensions ['colcon_meta']
[0.304s] Level 1:colcon.colcon_core.package_identification:_identify(vizanti/src/vizanti/vizanti_msgs) by extension 'colcon_meta'
[0.304s] Level 1:colcon.colcon_core.package_identification:_identify(vizanti/src/vizanti/vizanti_msgs) by extensions ['ros']
[0.304s] Level 1:colcon.colcon_core.package_identification:_identify(vizanti/src/vizanti/vizanti_msgs) by extension 'ros'
[0.305s] DEBUG:colcon.colcon_core.package_identification:Package 'vizanti/src/vizanti/vizanti_msgs' with type 'ros.ament_cmake' and name 'vizanti_msgs'
[0.305s] Level 1:colcon.colcon_core.package_identification:_identify(vizanti/src/vizanti/vizanti_server) by extensions ['ignore', 'ignore_ament_install']
[0.305s] Level 1:colcon.colcon_core.package_identification:_identify(vizanti/src/vizanti/vizanti_server) by extension 'ignore'
[0.305s] Level 1:colcon.colcon_core.package_identification:_identify(vizanti/src/vizanti/vizanti_server) by extension 'ignore_ament_install'
[0.305s] Level 1:colcon.colcon_core.package_identification:_identify(vizanti/src/vizanti/vizanti_server) by extensions ['colcon_pkg']
[0.305s] Level 1:colcon.colcon_core.package_identification:_identify(vizanti/src/vizanti/vizanti_server) by extension 'colcon_pkg'
[0.305s] Level 1:colcon.colcon_core.package_identification:_identify(vizanti/src/vizanti/vizanti_server) by extensions ['colcon_meta']
[0.305s] Level 1:colcon.colcon_core.package_identification:_identify(vizanti/src/vizanti/vizanti_server) by extension 'colcon_meta'
[0.305s] Level 1:colcon.colcon_core.package_identification:_identify(vizanti/src/vizanti/vizanti_server) by extensions ['ros']
[0.306s] Level 1:colcon.colcon_core.package_identification:_identify(vizanti/src/vizanti/vizanti_server) by extension 'ros'
[0.306s] DEBUG:colcon.colcon_core.package_identification:Package 'vizanti/src/vizanti/vizanti_server' with type 'ros.ament_cmake' and name 'vizanti_server'
[0.306s] Level 1:colcon.colcon_core.package_identification:_identify(webots_ros2_brick) by extensions ['ignore', 'ignore_ament_install']
[0.307s] Level 1:colcon.colcon_core.package_identification:_identify(webots_ros2_brick) by extension 'ignore'
[0.307s] Level 1:colcon.colcon_core.package_identification:_identify(webots_ros2_brick) by extension 'ignore_ament_install'
[0.307s] Level 1:colcon.colcon_core.package_identification:_identify(webots_ros2_brick) by extensions ['colcon_pkg']
[0.307s] Level 1:colcon.colcon_core.package_identification:_identify(webots_ros2_brick) by extension 'colcon_pkg'
[0.307s] Level 1:colcon.colcon_core.package_identification:_identify(webots_ros2_brick) by extensions ['colcon_meta']
[0.307s] Level 1:colcon.colcon_core.package_identification:_identify(webots_ros2_brick) by extension 'colcon_meta'
[0.307s] Level 1:colcon.colcon_core.package_identification:_identify(webots_ros2_brick) by extensions ['ros']
[0.307s] Level 1:colcon.colcon_core.package_identification:_identify(webots_ros2_brick) by extension 'ros'
[0.307s] DEBUG:colcon.colcon_core.package_identification:Package 'webots_ros2_brick' with type 'ros.ament_python' and name 'webots_ros2_brick'
[0.307s] Level 1:colcon.colcon_core.package_discovery:discover_packages(recursive) using defaults
[0.307s] Level 1:colcon.colcon_core.package_discovery:discover_packages(ignore) discover
[0.307s] Level 1:colcon.colcon_core.package_discovery:discover_packages(ignore) using defaults
[0.307s] Level 1:colcon.colcon_core.package_discovery:discover_packages(path) discover
[0.307s] Level 1:colcon.colcon_core.package_discovery:discover_packages(path) using defaults
[0.325s] Level 1:colcon.colcon_core.package_discovery:discover_packages(prefix_path) check parameters
[0.325s] Level 1:colcon.colcon_core.package_discovery:discover_packages(prefix_path) discover
[0.327s] DEBUG:colcon.colcon_installed_package_information.package_discovery:Found 7 installed packages in /home/ferre/brick/BRICK-WEBots/install
[0.329s] DEBUG:colcon.colcon_installed_package_information.package_discovery:Found 400 installed packages in /opt/ros/iron
[0.331s] Level 1:colcon.colcon_core.package_discovery:discover_packages(prefix_path) using defaults
[0.379s] Level 5:colcon.colcon_core.verb:set package 'vizanti_cpp' build argument 'cmake_args' from command line to 'None'
[0.379s] Level 5:colcon.colcon_core.verb:set package 'vizanti_cpp' build argument 'cmake_target' from command line to 'None'
[0.379s] Level 5:colcon.colcon_core.verb:set package 'vizanti_cpp' build argument 'cmake_target_skip_unavailable' from command line to 'False'
[0.379s] Level 5:colcon.colcon_core.verb:set package 'vizanti_cpp' build argument 'cmake_clean_cache' from command line to 'False'
[0.379s] Level 5:colcon.colcon_core.verb:set package 'vizanti_cpp' build argument 'cmake_clean_first' from command line to 'False'
[0.379s] Level 5:colcon.colcon_core.verb:set package 'vizanti_cpp' build argument 'cmake_force_configure' from command line to 'False'
[0.379s] Level 5:colcon.colcon_core.verb:set package 'vizanti_cpp' build argument 'ament_cmake_args' from command line to 'None'
[0.379s] Level 5:colcon.colcon_core.verb:set package 'vizanti_cpp' build argument 'catkin_cmake_args' from command line to 'None'
[0.379s] Level 5:colcon.colcon_core.verb:set package 'vizanti_cpp' build argument 'catkin_skip_building_tests' from command line to 'False'
[0.379s] DEBUG:colcon.colcon_core.verb:Building package 'vizanti_cpp' with the following arguments: {'ament_cmake_args': None, 'build_base': '/home/ferre/brick/BRICK-WEBots/build/vizanti_cpp', 'catkin_cmake_args': None, 'catkin_skip_building_tests': False, 'cmake_args': None, 'cmake_clean_cache': False, 'cmake_clean_first': False, 'cmake_force_configure': False, 'cmake_target': None, 'cmake_target_skip_unavailable': False, 'install_base': '/home/ferre/brick/BRICK-WEBots/install/vizanti_cpp', 'merge_install': False, 'path': '/home/ferre/brick/BRICK-WEBots/vizanti/src/vizanti/vizanti_cpp', 'symlink_install': False, 'test_result_base': None}
[0.379s] Level 5:colcon.colcon_core.verb:set package 'vizanti_msgs' build argument 'cmake_args' from command line to 'None'
[0.379s] Level 5:colcon.colcon_core.verb:set package 'vizanti_msgs' build argument 'cmake_target' from command line to 'None'
[0.379s] Level 5:colcon.colcon_core.verb:set package 'vizanti_msgs' build argument 'cmake_target_skip_unavailable' from command line to 'False'
[0.379s] Level 5:colcon.colcon_core.verb:set package 'vizanti_msgs' build argument 'cmake_clean_cache' from command line to 'False'
[0.379s] Level 5:colcon.colcon_core.verb:set package 'vizanti_msgs' build argument 'cmake_clean_first' from command line to 'False'
[0.379s] Level 5:colcon.colcon_core.verb:set package 'vizanti_msgs' build argument 'cmake_force_configure' from command line to 'False'
[0.379s] Level 5:colcon.colcon_core.verb:set package 'vizanti_msgs' build argument 'ament_cmake_args' from command line to 'None'
[0.379s] Level 5:colcon.colcon_core.verb:set package 'vizanti_msgs' build argument 'catkin_cmake_args' from command line to 'None'
[0.379s] Level 5:colcon.colcon_core.verb:set package 'vizanti_msgs' build argument 'catkin_skip_building_tests' from command line to 'False'
[0.379s] DEBUG:colcon.colcon_core.verb:Building package 'vizanti_msgs' with the following arguments: {'ament_cmake_args': None, 'build_base': '/home/ferre/brick/BRICK-WEBots/build/vizanti_msgs', 'catkin_cmake_args': None, 'catkin_skip_building_tests': False, 'cmake_args': None, 'cmake_clean_cache': False, 'cmake_clean_first': False, 'cmake_force_configure': False, 'cmake_target': None, 'cmake_target_skip_unavailable': False, 'install_base': '/home/ferre/brick/BRICK-WEBots/install/vizanti_msgs', 'merge_install': False, 'path': '/home/ferre/brick/BRICK-WEBots/vizanti/src/vizanti/vizanti_msgs', 'symlink_install': False, 'test_result_base': None}
[0.380s] Level 5:colcon.colcon_core.verb:set package 'webots_ros2_brick' build argument 'cmake_args' from command line to 'None'
[0.380s] Level 5:colcon.colcon_core.verb:set package 'webots_ros2_brick' build argument 'cmake_target' from command line to 'None'
[0.380s] Level 5:colcon.colcon_core.verb:set package 'webots_ros2_brick' build argument 'cmake_target_skip_unavailable' from command line to 'False'
[0.380s] Level 5:colcon.colcon_core.verb:set package 'webots_ros2_brick' build argument 'cmake_clean_cache' from command line to 'False'
[0.380s] Level 5:colcon.colcon_core.verb:set package 'webots_ros2_brick' build argument 'cmake_clean_first' from command line to 'False'
[0.380s] Level 5:colcon.colcon_core.verb:set package 'webots_ros2_brick' build argument 'cmake_force_configure' from command line to 'False'
[0.380s] Level 5:colcon.colcon_core.verb:set package 'webots_ros2_brick' build argument 'ament_cmake_args' from command line to 'None'
[0.380s] Level 5:colcon.colcon_core.verb:set package 'webots_ros2_brick' build argument 'catkin_cmake_args' from command line to 'None'
[0.380s] Level 5:colcon.colcon_core.verb:set package 'webots_ros2_brick' build argument 'catkin_skip_building_tests' from command line to 'False'
[0.380s] DEBUG:colcon.colcon_core.verb:Building package 'webots_ros2_brick' with the following arguments: {'ament_cmake_args': None, 'build_base': '/home/ferre/brick/BRICK-WEBots/build/webots_ros2_brick', 'catkin_cmake_args': None, 'catkin_skip_building_tests': False, 'cmake_args': None, 'cmake_clean_cache': False, 'cmake_clean_first': False, 'cmake_force_configure': False, 'cmake_target': None, 'cmake_target_skip_unavailable': False, 'install_base': '/home/ferre/brick/BRICK-WEBots/install/webots_ros2_brick', 'merge_install': False, 'path': '/home/ferre/brick/BRICK-WEBots/webots_ros2_brick', 'symlink_install': False, 'test_result_base': None}
[0.380s] Level 5:colcon.colcon_core.verb:set package 'vizanti_demos' build argument 'cmake_args' from command line to 'None'
[0.380s] Level 5:colcon.colcon_core.verb:set package 'vizanti_demos' build argument 'cmake_target' from command line to 'None'
[0.380s] Level 5:colcon.colcon_core.verb:set package 'vizanti_demos' build argument 'cmake_target_skip_unavailable' from command line to 'False'
[0.380s] Level 5:colcon.colcon_core.verb:set package 'vizanti_demos' build argument 'cmake_clean_cache' from command line to 'False'
[0.380s] Level 5:colcon.colcon_core.verb:set package 'vizanti_demos' build argument 'cmake_clean_first' from command line to 'False'
[0.380s] Level 5:colcon.colcon_core.verb:set package 'vizanti_demos' build argument 'cmake_force_configure' from command line to 'False'
[0.380s] Level 5:colcon.colcon_core.verb:set package 'vizanti_demos' build argument 'ament_cmake_args' from command line to 'None'
[0.380s] Level 5:colcon.colcon_core.verb:set package 'vizanti_demos' build argument 'catkin_cmake_args' from command line to 'None'
[0.380s] Level 5:colcon.colcon_core.verb:set package 'vizanti_demos' build argument 'catkin_skip_building_tests' from command line to 'False'
[0.380s] DEBUG:colcon.colcon_core.verb:Building package 'vizanti_demos' with the following arguments: {'ament_cmake_args': None, 'build_base': '/home/ferre/brick/BRICK-WEBots/build/vizanti_demos', 'catkin_cmake_args': None, 'catkin_skip_building_tests': False, 'cmake_args': None, 'cmake_clean_cache': False, 'cmake_clean_first': False, 'cmake_force_configure': False, 'cmake_target': None, 'cmake_target_skip_unavailable': False, 'install_base': '/home/ferre/brick/BRICK-WEBots/install/vizanti_demos', 'merge_install': False, 'path': '/home/ferre/brick/BRICK-WEBots/vizanti/src/vizanti/vizanti_demos', 'symlink_install': False, 'test_result_base': None}
[0.381s] Level 5:colcon.colcon_core.verb:set package 'vizanti_server' build argument 'cmake_args' from command line to 'None'
[0.381s] Level 5:colcon.colcon_core.verb:set package 'vizanti_server' build argument 'cmake_target' from command line to 'None'
[0.381s] Level 5:colcon.colcon_core.verb:set package 'vizanti_server' build argument 'cmake_target_skip_unavailable' from command line to 'False'
[0.381s] Level 5:colcon.colcon_core.verb:set package 'vizanti_server' build argument 'cmake_clean_cache' from command line to 'False'
[0.381s] Level 5:colcon.colcon_core.verb:set package 'vizanti_server' build argument 'cmake_clean_first' from command line to 'False'
[0.381s] Level 5:colcon.colcon_core.verb:set package 'vizanti_server' build argument 'cmake_force_configure' from command line to 'False'
[0.381s] Level 5:colcon.colcon_core.verb:set package 'vizanti_server' build argument 'ament_cmake_args' from command line to 'None'
[0.381s] Level 5:colcon.colcon_core.verb:set package 'vizanti_server' build argument 'catkin_cmake_args' from command line to 'None'
[0.381s] Level 5:colcon.colcon_core.verb:set package 'vizanti_server' build argument 'catkin_skip_building_tests' from command line to 'False'
[0.381s] DEBUG:colcon.colcon_core.verb:Building package 'vizanti_server' with the following arguments: {'ament_cmake_args': None, 'build_base': '/home/ferre/brick/BRICK-WEBots/build/vizanti_server', 'catkin_cmake_args': None, 'catkin_skip_building_tests': False, 'cmake_args': None, 'cmake_clean_cache': False, 'cmake_clean_first': False, 'cmake_force_configure': False, 'cmake_target': None, 'cmake_target_skip_unavailable': False, 'install_base': '/home/ferre/brick/BRICK-WEBots/install/vizanti_server', 'merge_install': False, 'path': '/home/ferre/brick/BRICK-WEBots/vizanti/src/vizanti/vizanti_server', 'symlink_install': False, 'test_result_base': None}
[0.381s] Level 5:colcon.colcon_core.verb:set package 'vizanti' build argument 'cmake_args' from command line to 'None'
[0.381s] Level 5:colcon.colcon_core.verb:set package 'vizanti' build argument 'cmake_target' from command line to 'None'
[0.381s] Level 5:colcon.colcon_core.verb:set package 'vizanti' build argument 'cmake_target_skip_unavailable' from command line to 'False'
[0.381s] Level 5:colcon.colcon_core.verb:set package 'vizanti' build argument 'cmake_clean_cache' from command line to 'False'
[0.381s] Level 5:colcon.colcon_core.verb:set package 'vizanti' build argument 'cmake_clean_first' from command line to 'False'
[0.381s] Level 5:colcon.colcon_core.verb:set package 'vizanti' build argument 'cmake_force_configure' from command line to 'False'
[0.381s] Level 5:colcon.colcon_core.verb:set package 'vizanti' build argument 'ament_cmake_args' from command line to 'None'
[0.381s] Level 5:colcon.colcon_core.verb:set package 'vizanti' build argument 'catkin_cmake_args' from command line to 'None'
[0.381s] Level 5:colcon.colcon_core.verb:set package 'vizanti' build argument 'catkin_skip_building_tests' from command line to 'False'
[0.381s] DEBUG:colcon.colcon_core.verb:Building package 'vizanti' with the following arguments: {'ament_cmake_args': None, 'build_base': '/home/ferre/brick/BRICK-WEBots/build/vizanti', 'catkin_cmake_args': None, 'catkin_skip_building_tests': False, 'cmake_args': None, 'cmake_clean_cache': False, 'cmake_clean_first': False, 'cmake_force_configure': False, 'cmake_target': None, 'cmake_target_skip_unavailable': False, 'install_base': '/home/ferre/brick/BRICK-WEBots/install/vizanti', 'merge_install': False, 'path': '/home/ferre/brick/BRICK-WEBots/vizanti/src/vizanti/vizanti', 'symlink_install': False, 'test_result_base': None}
[0.381s] INFO:colcon.colcon_core.executor:Executing jobs using 'parallel' executor
[0.382s] DEBUG:colcon.colcon_parallel_executor.executor.parallel:run_until_complete
[0.383s] INFO:colcon.colcon_ros.task.ament_cmake.build:Building ROS package in '/home/ferre/brick/BRICK-WEBots/vizanti/src/vizanti/vizanti_msgs' with build type 'ament_cmake'
[0.383s] INFO:colcon.colcon_cmake.task.cmake.build:Building CMake package in '/home/ferre/brick/BRICK-WEBots/vizanti/src/vizanti/vizanti_msgs'
[0.385s] INFO:colcon.colcon_core.plugin_system:Skipping extension 'colcon_core.shell.bat': Not used on non-Windows systems
[0.385s] INFO:colcon.colcon_core.shell:Skip shell extension 'powershell' for command environment: Not usable outside of PowerShell
[0.385s] DEBUG:colcon.colcon_core.shell:Skip shell extension 'dsv' for command environment
[0.390s] INFO:colcon.colcon_ros.task.ament_cmake.build:Building ROS package in '/home/ferre/brick/BRICK-WEBots/vizanti/src/vizanti/vizanti_cpp' with build type 'ament_cmake'
[0.390s] INFO:colcon.colcon_cmake.task.cmake.build:Building CMake package in '/home/ferre/brick/BRICK-WEBots/vizanti/src/vizanti/vizanti_cpp'
[0.390s] INFO:colcon.colcon_core.shell:Skip shell extension 'powershell' for command environment: Not usable outside of PowerShell
[0.390s] DEBUG:colcon.colcon_core.shell:Skip shell extension 'dsv' for command environment
[0.395s] INFO:colcon.colcon_ros.task.ament_python.build:Building ROS package in '/home/ferre/brick/BRICK-WEBots/webots_ros2_brick' with build type 'ament_python'
[0.395s] Level 1:colcon.colcon_core.shell:create_environment_hook('webots_ros2_brick', 'ament_prefix_path')
[0.396s] INFO:colcon.colcon_core.shell:Creating environment hook '/home/ferre/brick/BRICK-WEBots/install/webots_ros2_brick/share/webots_ros2_brick/hook/ament_prefix_path.ps1'
[0.397s] INFO:colcon.colcon_core.shell:Creating environment descriptor '/home/ferre/brick/BRICK-WEBots/install/webots_ros2_brick/share/webots_ros2_brick/hook/ament_prefix_path.dsv'
[0.397s] INFO:colcon.colcon_core.shell:Creating environment hook '/home/ferre/brick/BRICK-WEBots/install/webots_ros2_brick/share/webots_ros2_brick/hook/ament_prefix_path.sh'
[0.399s] INFO:colcon.colcon_core.shell:Skip shell extension 'powershell' for command environment: Not usable outside of PowerShell
[0.399s] DEBUG:colcon.colcon_core.shell:Skip shell extension 'dsv' for command environment
[0.411s] DEBUG:colcon.colcon_core.event_handler.log_command:Invoking command in '/home/ferre/brick/BRICK-WEBots/build/vizanti_msgs': CMAKE_PREFIX_PATH=${CMAKE_PREFIX_PATH}:/home/ferre/brick/BRICK-WEBots/install/webots_ros2_brick:/home/ferre/brick/BRICK-WEBots/install/ros2-webots-v2:/opt/ros/iron /usr/bin/cmake --build /home/ferre/brick/BRICK-WEBots/build/vizanti_msgs -- -j12 -l12
[0.415s] DEBUG:colcon.colcon_core.event_handler.log_command:Invoking command in '/home/ferre/brick/BRICK-WEBots/build/vizanti_cpp': CMAKE_PREFIX_PATH=${CMAKE_PREFIX_PATH}:/home/ferre/brick/BRICK-WEBots/install/webots_ros2_brick:/home/ferre/brick/BRICK-WEBots/install/ros2-webots-v2:/opt/ros/iron /usr/bin/cmake --build /home/ferre/brick/BRICK-WEBots/build/vizanti_cpp -- -j12 -l12
[0.707s] INFO:colcon.colcon_core.task.python.build:Building Python package in '/home/ferre/brick/BRICK-WEBots/webots_ros2_brick'
[0.707s] INFO:colcon.colcon_core.shell:Skip shell extension 'powershell' for command environment: Not usable outside of PowerShell
[0.708s] DEBUG:colcon.colcon_core.shell:Skip shell extension 'dsv' for command environment
[0.714s] DEBUG:colcon.colcon_core.event_handler.log_command:Invoked command in '/home/ferre/brick/BRICK-WEBots/build/vizanti_cpp' returned '0': CMAKE_PREFIX_PATH=${CMAKE_PREFIX_PATH}:/home/ferre/brick/BRICK-WEBots/install/webots_ros2_brick:/home/ferre/brick/BRICK-WEBots/install/ros2-webots-v2:/opt/ros/iron /usr/bin/cmake --build /home/ferre/brick/BRICK-WEBots/build/vizanti_cpp -- -j12 -l12
[0.759s] DEBUG:colcon.colcon_core.event_handler.log_command:Invoking command in '/home/ferre/brick/BRICK-WEBots/build/vizanti_cpp': CMAKE_PREFIX_PATH=${CMAKE_PREFIX_PATH}:/home/ferre/brick/BRICK-WEBots/install/webots_ros2_brick:/home/ferre/brick/BRICK-WEBots/install/ros2-webots-v2:/opt/ros/iron /usr/bin/cmake --install /home/ferre/brick/BRICK-WEBots/build/vizanti_cpp
[0.770s] Level 1:colcon.colcon_core.environment:create_environment_scripts_only(vizanti_cpp)
[0.771s] DEBUG:colcon.colcon_core.event_handler.log_command:Invoked command in '/home/ferre/brick/BRICK-WEBots/build/vizanti_cpp' returned '0': CMAKE_PREFIX_PATH=${CMAKE_PREFIX_PATH}:/home/ferre/brick/BRICK-WEBots/install/webots_ros2_brick:/home/ferre/brick/BRICK-WEBots/install/ros2-webots-v2:/opt/ros/iron /usr/bin/cmake --install /home/ferre/brick/BRICK-WEBots/build/vizanti_cpp
[0.773s] Level 1:colcon.colcon_core.environment:checking '/home/ferre/brick/BRICK-WEBots/install/vizanti_cpp' for CMake module files
[0.774s] Level 1:colcon.colcon_core.environment:checking '/home/ferre/brick/BRICK-WEBots/install/vizanti_cpp' for CMake config files
[0.774s] Level 1:colcon.colcon_core.shell:create_environment_hook('vizanti_cpp', 'cmake_prefix_path')
[0.774s] INFO:colcon.colcon_core.shell:Creating environment hook '/home/ferre/brick/BRICK-WEBots/install/vizanti_cpp/share/vizanti_cpp/hook/cmake_prefix_path.ps1'
[0.774s] INFO:colcon.colcon_core.shell:Creating environment descriptor '/home/ferre/brick/BRICK-WEBots/install/vizanti_cpp/share/vizanti_cpp/hook/cmake_prefix_path.dsv'
[0.775s] INFO:colcon.colcon_core.shell:Creating environment hook '/home/ferre/brick/BRICK-WEBots/install/vizanti_cpp/share/vizanti_cpp/hook/cmake_prefix_path.sh'
[0.775s] Level 1:colcon.colcon_core.environment:checking '/home/ferre/brick/BRICK-WEBots/install/vizanti_cpp/lib'
[0.776s] Level 1:colcon.colcon_core.environment:checking '/home/ferre/brick/BRICK-WEBots/install/vizanti_cpp/bin'
[0.776s] Level 1:colcon.colcon_core.environment:checking '/home/ferre/brick/BRICK-WEBots/install/vizanti_cpp/lib/pkgconfig/vizanti_cpp.pc'
[0.776s] Level 1:colcon.colcon_core.environment:checking '/home/ferre/brick/BRICK-WEBots/install/vizanti_cpp/lib/python3.10/site-packages'
[0.776s] Level 1:colcon.colcon_core.environment:checking '/home/ferre/brick/BRICK-WEBots/install/vizanti_cpp/bin'
[0.776s] INFO:colcon.colcon_core.shell:Creating package script '/home/ferre/brick/BRICK-WEBots/install/vizanti_cpp/share/vizanti_cpp/package.ps1'
[0.777s] INFO:colcon.colcon_core.shell:Creating package descriptor '/home/ferre/brick/BRICK-WEBots/install/vizanti_cpp/share/vizanti_cpp/package.dsv'
[0.778s] INFO:colcon.colcon_core.shell:Creating package script '/home/ferre/brick/BRICK-WEBots/install/vizanti_cpp/share/vizanti_cpp/package.sh'
[0.778s] INFO:colcon.colcon_core.shell:Creating package script '/home/ferre/brick/BRICK-WEBots/install/vizanti_cpp/share/vizanti_cpp/package.bash'
[0.779s] INFO:colcon.colcon_core.shell:Creating package script '/home/ferre/brick/BRICK-WEBots/install/vizanti_cpp/share/vizanti_cpp/package.zsh'
[0.779s] Level 1:colcon.colcon_core.environment:create_file_with_runtime_dependencies(/home/ferre/brick/BRICK-WEBots/install/vizanti_cpp/share/colcon-core/packages/vizanti_cpp)
[0.815s] Level 1:colcon.colcon_core.environment:create_environment_scripts_only(vizanti_cpp)
[0.816s] Level 1:colcon.colcon_core.environment:checking '/home/ferre/brick/BRICK-WEBots/install/vizanti_cpp' for CMake module files
[0.816s] Level 1:colcon.colcon_core.environment:checking '/home/ferre/brick/BRICK-WEBots/install/vizanti_cpp' for CMake config files
[0.816s] Level 1:colcon.colcon_core.shell:create_environment_hook('vizanti_cpp', 'cmake_prefix_path')
[0.817s] INFO:colcon.colcon_core.shell:Creating environment hook '/home/ferre/brick/BRICK-WEBots/install/vizanti_cpp/share/vizanti_cpp/hook/cmake_prefix_path.ps1'
[0.817s] INFO:colcon.colcon_core.shell:Creating environment descriptor '/home/ferre/brick/BRICK-WEBots/install/vizanti_cpp/share/vizanti_cpp/hook/cmake_prefix_path.dsv'
[0.818s] INFO:colcon.colcon_core.shell:Creating environment hook '/home/ferre/brick/BRICK-WEBots/install/vizanti_cpp/share/vizanti_cpp/hook/cmake_prefix_path.sh'
[0.818s] Level 1:colcon.colcon_core.environment:checking '/home/ferre/brick/BRICK-WEBots/install/vizanti_cpp/lib'
[0.818s] Level 1:colcon.colcon_core.environment:checking '/home/ferre/brick/BRICK-WEBots/install/vizanti_cpp/bin'
[0.818s] Level 1:colcon.colcon_core.environment:checking '/home/ferre/brick/BRICK-WEBots/install/vizanti_cpp/lib/pkgconfig/vizanti_cpp.pc'
[0.819s] Level 1:colcon.colcon_core.environment:checking '/home/ferre/brick/BRICK-WEBots/install/vizanti_cpp/lib/python3.10/site-packages'
[0.819s] Level 1:colcon.colcon_core.environment:checking '/home/ferre/brick/BRICK-WEBots/install/vizanti_cpp/bin'
[0.819s] INFO:colcon.colcon_core.shell:Creating package script '/home/ferre/brick/BRICK-WEBots/install/vizanti_cpp/share/vizanti_cpp/package.ps1'
[0.820s] INFO:colcon.colcon_core.shell:Creating package descriptor '/home/ferre/brick/BRICK-WEBots/install/vizanti_cpp/share/vizanti_cpp/package.dsv'
[0.820s] INFO:colcon.colcon_core.shell:Creating package script '/home/ferre/brick/BRICK-WEBots/install/vizanti_cpp/share/vizanti_cpp/package.sh'
[0.821s] INFO:colcon.colcon_core.shell:Creating package script '/home/ferre/brick/BRICK-WEBots/install/vizanti_cpp/share/vizanti_cpp/package.bash'
[0.821s] INFO:colcon.colcon_core.shell:Creating package script '/home/ferre/brick/BRICK-WEBots/install/vizanti_cpp/share/vizanti_cpp/package.zsh'
[0.822s] Level 1:colcon.colcon_core.environment:create_file_with_runtime_dependencies(/home/ferre/brick/BRICK-WEBots/install/vizanti_cpp/share/colcon-core/packages/vizanti_cpp)
[0.843s] DEBUG:colcon.colcon_core.event_handler.log_command:Invoked command in '/home/ferre/brick/BRICK-WEBots/build/vizanti_msgs' returned '0': CMAKE_PREFIX_PATH=${CMAKE_PREFIX_PATH}:/home/ferre/brick/BRICK-WEBots/install/webots_ros2_brick:/home/ferre/brick/BRICK-WEBots/install/ros2-webots-v2:/opt/ros/iron /usr/bin/cmake --build /home/ferre/brick/BRICK-WEBots/build/vizanti_msgs -- -j12 -l12
[1.110s] DEBUG:colcon.colcon_core.event_handler.log_command:Invoking command in '/home/ferre/brick/BRICK-WEBots/webots_ros2_brick': PYTHONPATH=/home/ferre/brick/BRICK-WEBots/build/webots_ros2_brick/prefix_override:/home/ferre/brick/BRICK-WEBots/install/webots_ros2_brick/lib/python3.10/site-packages:${PYTHONPATH} /usr/bin/python3 -W ignore:setup.py install is deprecated setup.py egg_info --egg-base ../build/webots_ros2_brick build --build-base /home/ferre/brick/BRICK-WEBots/build/webots_ros2_brick/build install --record /home/ferre/brick/BRICK-WEBots/build/webots_ros2_brick/install.log --single-version-externally-managed install_data
[1.163s] DEBUG:colcon.colcon_core.event_handler.log_command:Invoking command in '/home/ferre/brick/BRICK-WEBots/build/vizanti_msgs': CMAKE_PREFIX_PATH=${CMAKE_PREFIX_PATH}:/home/ferre/brick/BRICK-WEBots/install/webots_ros2_brick:/home/ferre/brick/BRICK-WEBots/install/ros2-webots-v2:/opt/ros/iron /usr/bin/cmake --install /home/ferre/brick/BRICK-WEBots/build/vizanti_msgs
[1.229s] Level 1:colcon.colcon_core.environment:create_environment_scripts_only(vizanti_msgs)
[1.230s] Level 1:colcon.colcon_core.environment:checking '/home/ferre/brick/BRICK-WEBots/install/vizanti_msgs' for CMake module files
[1.230s] DEBUG:colcon.colcon_core.event_handler.log_command:Invoked command in '/home/ferre/brick/BRICK-WEBots/build/vizanti_msgs' returned '0': CMAKE_PREFIX_PATH=${CMAKE_PREFIX_PATH}:/home/ferre/brick/BRICK-WEBots/install/webots_ros2_brick:/home/ferre/brick/BRICK-WEBots/install/ros2-webots-v2:/opt/ros/iron /usr/bin/cmake --install /home/ferre/brick/BRICK-WEBots/build/vizanti_msgs
[1.231s] Level 1:colcon.colcon_core.environment:checking '/home/ferre/brick/BRICK-WEBots/install/vizanti_msgs' for CMake config files
[1.231s] Level 1:colcon.colcon_core.shell:create_environment_hook('vizanti_msgs', 'cmake_prefix_path')
[1.231s] INFO:colcon.colcon_core.shell:Creating environment hook '/home/ferre/brick/BRICK-WEBots/install/vizanti_msgs/share/vizanti_msgs/hook/cmake_prefix_path.ps1'
[1.232s] INFO:colcon.colcon_core.shell:Creating environment descriptor '/home/ferre/brick/BRICK-WEBots/install/vizanti_msgs/share/vizanti_msgs/hook/cmake_prefix_path.dsv'
[1.232s] INFO:colcon.colcon_core.shell:Creating environment hook '/home/ferre/brick/BRICK-WEBots/install/vizanti_msgs/share/vizanti_msgs/hook/cmake_prefix_path.sh'
[1.232s] Level 1:colcon.colcon_core.environment:checking '/home/ferre/brick/BRICK-WEBots/install/vizanti_msgs/lib'
[1.232s] Level 1:colcon.colcon_core.shell:create_environment_hook('vizanti_msgs', 'ld_library_path_lib')
[1.233s] INFO:colcon.colcon_core.shell:Creating environment hook '/home/ferre/brick/BRICK-WEBots/install/vizanti_msgs/share/vizanti_msgs/hook/ld_library_path_lib.ps1'
[1.233s] INFO:colcon.colcon_core.shell:Creating environment descriptor '/home/ferre/brick/BRICK-WEBots/install/vizanti_msgs/share/vizanti_msgs/hook/ld_library_path_lib.dsv'
[1.233s] INFO:colcon.colcon_core.shell:Creating environment hook '/home/ferre/brick/BRICK-WEBots/install/vizanti_msgs/share/vizanti_msgs/hook/ld_library_path_lib.sh'
[1.234s] Level 1:colcon.colcon_core.environment:checking '/home/ferre/brick/BRICK-WEBots/install/vizanti_msgs/bin'
[1.234s] Level 1:colcon.colcon_core.environment:checking '/home/ferre/brick/BRICK-WEBots/install/vizanti_msgs/lib/pkgconfig/vizanti_msgs.pc'
[1.234s] Level 1:colcon.colcon_core.environment:checking '/home/ferre/brick/BRICK-WEBots/install/vizanti_msgs/lib/python3.10/site-packages'
[1.234s] Level 1:colcon.colcon_core.shell:create_environment_hook('vizanti_msgs', 'pythonpath')
[1.234s] INFO:colcon.colcon_core.shell:Creating environment hook '/home/ferre/brick/BRICK-WEBots/install/vizanti_msgs/share/vizanti_msgs/hook/pythonpath.ps1'
[1.235s] INFO:colcon.colcon_core.shell:Creating environment descriptor '/home/ferre/brick/BRICK-WEBots/install/vizanti_msgs/share/vizanti_msgs/hook/pythonpath.dsv'
[1.235s] INFO:colcon.colcon_core.shell:Creating environment hook '/home/ferre/brick/BRICK-WEBots/install/vizanti_msgs/share/vizanti_msgs/hook/pythonpath.sh'
[1.235s] Level 1:colcon.colcon_core.environment:checking '/home/ferre/brick/BRICK-WEBots/install/vizanti_msgs/bin'
[1.236s] INFO:colcon.colcon_core.shell:Creating package script '/home/ferre/brick/BRICK-WEBots/install/vizanti_msgs/share/vizanti_msgs/package.ps1'
[1.236s] INFO:colcon.colcon_core.shell:Creating package descriptor '/home/ferre/brick/BRICK-WEBots/install/vizanti_msgs/share/vizanti_msgs/package.dsv'
[1.237s] INFO:colcon.colcon_core.shell:Creating package script '/home/ferre/brick/BRICK-WEBots/install/vizanti_msgs/share/vizanti_msgs/package.sh'
[1.237s] INFO:colcon.colcon_core.shell:Creating package script '/home/ferre/brick/BRICK-WEBots/install/vizanti_msgs/share/vizanti_msgs/package.bash'
[1.237s] INFO:colcon.colcon_core.shell:Creating package script '/home/ferre/brick/BRICK-WEBots/install/vizanti_msgs/share/vizanti_msgs/package.zsh'
[1.238s] Level 1:colcon.colcon_core.environment:create_file_with_runtime_dependencies(/home/ferre/brick/BRICK-WEBots/install/vizanti_msgs/share/colcon-core/packages/vizanti_msgs)
[1.440s] Level 1:colcon.colcon_core.environment:checking '/home/ferre/brick/BRICK-WEBots/install/webots_ros2_brick' for CMake module files
[1.441s] DEBUG:colcon.colcon_core.event_handler.log_command:Invoked command in '/home/ferre/brick/BRICK-WEBots/webots_ros2_brick' returned '0': PYTHONPATH=/home/ferre/brick/BRICK-WEBots/build/webots_ros2_brick/prefix_override:/home/ferre/brick/BRICK-WEBots/install/webots_ros2_brick/lib/python3.10/site-packages:${PYTHONPATH} /usr/bin/python3 -W ignore:setup.py install is deprecated setup.py egg_info --egg-base ../build/webots_ros2_brick build --build-base /home/ferre/brick/BRICK-WEBots/build/webots_ros2_brick/build install --record /home/ferre/brick/BRICK-WEBots/build/webots_ros2_brick/install.log --single-version-externally-managed install_data
[1.441s] Level 1:colcon.colcon_core.environment:checking '/home/ferre/brick/BRICK-WEBots/install/webots_ros2_brick' for CMake config files
[1.442s] Level 1:colcon.colcon_core.environment:checking '/home/ferre/brick/BRICK-WEBots/install/webots_ros2_brick/lib'
[1.442s] Level 1:colcon.colcon_core.environment:checking '/home/ferre/brick/BRICK-WEBots/install/webots_ros2_brick/bin'
[1.442s] Level 1:colcon.colcon_core.environment:checking '/home/ferre/brick/BRICK-WEBots/install/webots_ros2_brick/lib/pkgconfig/webots_ros2_brick.pc'
[1.442s] Level 1:colcon.colcon_core.environment:checking '/home/ferre/brick/BRICK-WEBots/install/webots_ros2_brick/lib/python3.10/site-packages'
[1.442s] Level 1:colcon.colcon_core.shell:create_environment_hook('webots_ros2_brick', 'pythonpath')
[1.443s] INFO:colcon.colcon_core.shell:Creating environment hook '/home/ferre/brick/BRICK-WEBots/install/webots_ros2_brick/share/webots_ros2_brick/hook/pythonpath.ps1'
[1.443s] INFO:colcon.colcon_core.shell:Creating environment descriptor '/home/ferre/brick/BRICK-WEBots/install/webots_ros2_brick/share/webots_ros2_brick/hook/pythonpath.dsv'
[1.443s] INFO:colcon.colcon_core.shell:Creating environment hook '/home/ferre/brick/BRICK-WEBots/install/webots_ros2_brick/share/webots_ros2_brick/hook/pythonpath.sh'
[1.444s] Level 1:colcon.colcon_core.environment:checking '/home/ferre/brick/BRICK-WEBots/install/webots_ros2_brick/bin'
[1.444s] Level 1:colcon.colcon_core.environment:create_environment_scripts_only(webots_ros2_brick)
[1.444s] INFO:colcon.colcon_core.shell:Creating package script '/home/ferre/brick/BRICK-WEBots/install/webots_ros2_brick/share/webots_ros2_brick/package.ps1'
[1.445s] INFO:colcon.colcon_core.shell:Creating package descriptor '/home/ferre/brick/BRICK-WEBots/install/webots_ros2_brick/share/webots_ros2_brick/package.dsv'
[1.445s] INFO:colcon.colcon_core.shell:Creating package script '/home/ferre/brick/BRICK-WEBots/install/webots_ros2_brick/share/webots_ros2_brick/package.sh'
[1.446s] INFO:colcon.colcon_core.shell:Creating package script '/home/ferre/brick/BRICK-WEBots/install/webots_ros2_brick/share/webots_ros2_brick/package.bash'
[1.446s] INFO:colcon.colcon_core.shell:Creating package script '/home/ferre/brick/BRICK-WEBots/install/webots_ros2_brick/share/webots_ros2_brick/package.zsh'
[1.446s] Level 1:colcon.colcon_core.environment:create_file_with_runtime_dependencies(/home/ferre/brick/BRICK-WEBots/install/webots_ros2_brick/share/colcon-core/packages/webots_ros2_brick)
[1.547s] Level 1:colcon.colcon_core.environment:create_environment_scripts_only(vizanti_msgs)
[1.548s] Level 1:colcon.colcon_core.environment:checking '/home/ferre/brick/BRICK-WEBots/install/vizanti_msgs' for CMake module files
[1.548s] Level 1:colcon.colcon_core.environment:checking '/home/ferre/brick/BRICK-WEBots/install/vizanti_msgs' for CMake config files
[1.549s] Level 1:colcon.colcon_core.shell:create_environment_hook('vizanti_msgs', 'cmake_prefix_path')
[1.549s] INFO:colcon.colcon_core.shell:Creating environment hook '/home/ferre/brick/BRICK-WEBots/install/vizanti_msgs/share/vizanti_msgs/hook/cmake_prefix_path.ps1'
[1.549s] INFO:colcon.colcon_core.shell:Creating environment descriptor '/home/ferre/brick/BRICK-WEBots/install/vizanti_msgs/share/vizanti_msgs/hook/cmake_prefix_path.dsv'
[1.550s] INFO:colcon.colcon_core.shell:Creating environment hook '/home/ferre/brick/BRICK-WEBots/install/vizanti_msgs/share/vizanti_msgs/hook/cmake_prefix_path.sh'
[1.550s] Level 1:colcon.colcon_core.environment:checking '/home/ferre/brick/BRICK-WEBots/install/vizanti_msgs/lib'
[1.550s] Level 1:colcon.colcon_core.shell:create_environment_hook('vizanti_msgs', 'ld_library_path_lib')
[1.550s] INFO:colcon.colcon_core.shell:Creating environment hook '/home/ferre/brick/BRICK-WEBots/install/vizanti_msgs/share/vizanti_msgs/hook/ld_library_path_lib.ps1'
[1.551s] INFO:colcon.colcon_core.shell:Creating environment descriptor '/home/ferre/brick/BRICK-WEBots/install/vizanti_msgs/share/vizanti_msgs/hook/ld_library_path_lib.dsv'
[1.551s] INFO:colcon.colcon_core.shell:Creating environment hook '/home/ferre/brick/BRICK-WEBots/install/vizanti_msgs/share/vizanti_msgs/hook/ld_library_path_lib.sh'
[1.551s] Level 1:colcon.colcon_core.environment:checking '/home/ferre/brick/BRICK-WEBots/install/vizanti_msgs/bin'
[1.551s] Level 1:colcon.colcon_core.environment:checking '/home/ferre/brick/BRICK-WEBots/install/vizanti_msgs/lib/pkgconfig/vizanti_msgs.pc'
[1.552s] Level 1:colcon.colcon_core.environment:checking '/home/ferre/brick/BRICK-WEBots/install/vizanti_msgs/lib/python3.10/site-packages'
[1.552s] Level 1:colcon.colcon_core.shell:create_environment_hook('vizanti_msgs', 'pythonpath')
[1.552s] INFO:colcon.colcon_core.shell:Creating environment hook '/home/ferre/brick/BRICK-WEBots/install/vizanti_msgs/share/vizanti_msgs/hook/pythonpath.ps1'
[1.552s] INFO:colcon.colcon_core.shell:Creating environment descriptor '/home/ferre/brick/BRICK-WEBots/install/vizanti_msgs/share/vizanti_msgs/hook/pythonpath.dsv'
[1.552s] INFO:colcon.colcon_core.shell:Creating environment hook '/home/ferre/brick/BRICK-WEBots/install/vizanti_msgs/share/vizanti_msgs/hook/pythonpath.sh'
[1.553s] Level 1:colcon.colcon_core.environment:checking '/home/ferre/brick/BRICK-WEBots/install/vizanti_msgs/bin'
[1.553s] INFO:colcon.colcon_core.shell:Creating package script '/home/ferre/brick/BRICK-WEBots/install/vizanti_msgs/share/vizanti_msgs/package.ps1'
[1.554s] INFO:colcon.colcon_core.shell:Creating package descriptor '/home/ferre/brick/BRICK-WEBots/install/vizanti_msgs/share/vizanti_msgs/package.dsv'
[1.554s] INFO:colcon.colcon_core.shell:Creating package script '/home/ferre/brick/BRICK-WEBots/install/vizanti_msgs/share/vizanti_msgs/package.sh'
[1.554s] INFO:colcon.colcon_core.shell:Creating package script '/home/ferre/brick/BRICK-WEBots/install/vizanti_msgs/share/vizanti_msgs/package.bash'
[1.555s] INFO:colcon.colcon_core.shell:Creating package script '/home/ferre/brick/BRICK-WEBots/install/vizanti_msgs/share/vizanti_msgs/package.zsh'
[1.555s] Level 1:colcon.colcon_core.environment:create_file_with_runtime_dependencies(/home/ferre/brick/BRICK-WEBots/install/vizanti_msgs/share/colcon-core/packages/vizanti_msgs)
[1.555s] INFO:colcon.colcon_ros.task.ament_cmake.build:Building ROS package in '/home/ferre/brick/BRICK-WEBots/vizanti/src/vizanti/vizanti_server' with build type 'ament_cmake'
[1.556s] INFO:colcon.colcon_cmake.task.cmake.build:Building CMake package in '/home/ferre/brick/BRICK-WEBots/vizanti/src/vizanti/vizanti_server'
[1.556s] INFO:colcon.colcon_core.shell:Skip shell extension 'powershell' for command environment: Not usable outside of PowerShell
[1.556s] DEBUG:colcon.colcon_core.shell:Skip shell extension 'dsv' for command environment
[1.560s] INFO:colcon.colcon_ros.task.ament_cmake.build:Building ROS package in '/home/ferre/brick/BRICK-WEBots/vizanti/src/vizanti/vizanti_demos' with build type 'ament_cmake'
[1.560s] INFO:colcon.colcon_cmake.task.cmake.build:Building CMake package in '/home/ferre/brick/BRICK-WEBots/vizanti/src/vizanti/vizanti_demos'
[1.561s] INFO:colcon.colcon_core.shell:Skip shell extension 'powershell' for command environment: Not usable outside of PowerShell
[1.561s] DEBUG:colcon.colcon_core.shell:Skip shell extension 'dsv' for command environment
[1.571s] DEBUG:colcon.colcon_core.event_handler.log_command:Invoking command in '/home/ferre/brick/BRICK-WEBots/build/vizanti_server': CMAKE_PREFIX_PATH=/home/ferre/brick/BRICK-WEBots/install/vizanti_msgs:/home/ferre/brick/BRICK-WEBots/install/vizanti:/home/ferre/brick/BRICK-WEBots/install/vizanti_server:/home/ferre/brick/BRICK-WEBots/install/vizanti_demos:/home/ferre/brick/BRICK-WEBots/install/vizanti_cpp:/home/ferre/brick/BRICK-WEBots/install/webots_ros2_brick:/home/ferre/brick/BRICK-WEBots/install/ros2-webots-v2:/opt/ros/iron PYTHONPATH=/home/ferre/brick/BRICK-WEBots/install/vizanti_msgs/lib/python3.10/site-packages:/home/ferre/brick/BRICK-WEBots/install/webots_ros2_brick/lib/python3.10/site-packages:/home/ferre/brick/BRICK-WEBots/install/ros2-webots-v2/lib/python3.10/site-packages:/opt/ros/iron/lib/python3.10/site-packages /usr/bin/cmake --build /home/ferre/brick/BRICK-WEBots/build/vizanti_server -- -j12 -l12
[1.576s] DEBUG:colcon.colcon_core.event_handler.log_command:Invoking command in '/home/ferre/brick/BRICK-WEBots/build/vizanti_demos': CMAKE_PREFIX_PATH=/home/ferre/brick/BRICK-WEBots/install/vizanti_msgs:/home/ferre/brick/BRICK-WEBots/install/vizanti:/home/ferre/brick/BRICK-WEBots/install/vizanti_server:/home/ferre/brick/BRICK-WEBots/install/vizanti_demos:/home/ferre/brick/BRICK-WEBots/install/vizanti_cpp:/home/ferre/brick/BRICK-WEBots/install/webots_ros2_brick:/home/ferre/brick/BRICK-WEBots/install/ros2-webots-v2:/opt/ros/iron PYTHONPATH=/home/ferre/brick/BRICK-WEBots/install/vizanti_msgs/lib/python3.10/site-packages:/home/ferre/brick/BRICK-WEBots/install/webots_ros2_brick/lib/python3.10/site-packages:/home/ferre/brick/BRICK-WEBots/install/ros2-webots-v2/lib/python3.10/site-packages:/opt/ros/iron/lib/python3.10/site-packages /usr/bin/cmake --build /home/ferre/brick/BRICK-WEBots/build/vizanti_demos -- -j12 -l12
[1.622s] DEBUG:colcon.colcon_core.event_handler.log_command:Invoked command in '/home/ferre/brick/BRICK-WEBots/build/vizanti_server' returned '0': CMAKE_PREFIX_PATH=/home/ferre/brick/BRICK-WEBots/install/vizanti_msgs:/home/ferre/brick/BRICK-WEBots/install/vizanti:/home/ferre/brick/BRICK-WEBots/install/vizanti_server:/home/ferre/brick/BRICK-WEBots/install/vizanti_demos:/home/ferre/brick/BRICK-WEBots/install/vizanti_cpp:/home/ferre/brick/BRICK-WEBots/install/webots_ros2_brick:/home/ferre/brick/BRICK-WEBots/install/ros2-webots-v2:/opt/ros/iron PYTHONPATH=/home/ferre/brick/BRICK-WEBots/install/vizanti_msgs/lib/python3.10/site-packages:/home/ferre/brick/BRICK-WEBots/install/webots_ros2_brick/lib/python3.10/site-packages:/home/ferre/brick/BRICK-WEBots/install/ros2-webots-v2/lib/python3.10/site-packages:/opt/ros/iron/lib/python3.10/site-packages /usr/bin/cmake --build /home/ferre/brick/BRICK-WEBots/build/vizanti_server -- -j12 -l12
[1.624s] DEBUG:colcon.colcon_core.event_handler.log_command:Invoked command in '/home/ferre/brick/BRICK-WEBots/build/vizanti_demos' returned '0': CMAKE_PREFIX_PATH=/home/ferre/brick/BRICK-WEBots/install/vizanti_msgs:/home/ferre/brick/BRICK-WEBots/install/vizanti:/home/ferre/brick/BRICK-WEBots/install/vizanti_server:/home/ferre/brick/BRICK-WEBots/install/vizanti_demos:/home/ferre/brick/BRICK-WEBots/install/vizanti_cpp:/home/ferre/brick/BRICK-WEBots/install/webots_ros2_brick:/home/ferre/brick/BRICK-WEBots/install/ros2-webots-v2:/opt/ros/iron PYTHONPATH=/home/ferre/brick/BRICK-WEBots/install/vizanti_msgs/lib/python3.10/site-packages:/home/ferre/brick/BRICK-WEBots/install/webots_ros2_brick/lib/python3.10/site-packages:/home/ferre/brick/BRICK-WEBots/install/ros2-webots-v2/lib/python3.10/site-packages:/opt/ros/iron/lib/python3.10/site-packages /usr/bin/cmake --build /home/ferre/brick/BRICK-WEBots/build/vizanti_demos -- -j12 -l12
[1.652s] DEBUG:colcon.colcon_core.event_handler.log_command:Invoking command in '/home/ferre/brick/BRICK-WEBots/build/vizanti_server': CMAKE_PREFIX_PATH=/home/ferre/brick/BRICK-WEBots/install/vizanti_msgs:/home/ferre/brick/BRICK-WEBots/install/vizanti:/home/ferre/brick/BRICK-WEBots/install/vizanti_server:/home/ferre/brick/BRICK-WEBots/install/vizanti_demos:/home/ferre/brick/BRICK-WEBots/install/vizanti_cpp:/home/ferre/brick/BRICK-WEBots/install/webots_ros2_brick:/home/ferre/brick/BRICK-WEBots/install/ros2-webots-v2:/opt/ros/iron PYTHONPATH=/home/ferre/brick/BRICK-WEBots/install/vizanti_msgs/lib/python3.10/site-packages:/home/ferre/brick/BRICK-WEBots/install/webots_ros2_brick/lib/python3.10/site-packages:/home/ferre/brick/BRICK-WEBots/install/ros2-webots-v2/lib/python3.10/site-packages:/opt/ros/iron/lib/python3.10/site-packages /usr/bin/cmake --install /home/ferre/brick/BRICK-WEBots/build/vizanti_server
[1.654s] DEBUG:colcon.colcon_core.event_handler.log_command:Invoking command in '/home/ferre/brick/BRICK-WEBots/build/vizanti_demos': CMAKE_PREFIX_PATH=/home/ferre/brick/BRICK-WEBots/install/vizanti_msgs:/home/ferre/brick/BRICK-WEBots/install/vizanti:/home/ferre/brick/BRICK-WEBots/install/vizanti_server:/home/ferre/brick/BRICK-WEBots/install/vizanti_demos:/home/ferre/brick/BRICK-WEBots/install/vizanti_cpp:/home/ferre/brick/BRICK-WEBots/install/webots_ros2_brick:/home/ferre/brick/BRICK-WEBots/install/ros2-webots-v2:/opt/ros/iron PYTHONPATH=/home/ferre/brick/BRICK-WEBots/install/vizanti_msgs/lib/python3.10/site-packages:/home/ferre/brick/BRICK-WEBots/install/webots_ros2_brick/lib/python3.10/site-packages:/home/ferre/brick/BRICK-WEBots/install/ros2-webots-v2/lib/python3.10/site-packages:/opt/ros/iron/lib/python3.10/site-packages /usr/bin/cmake --install /home/ferre/brick/BRICK-WEBots/build/vizanti_demos
[1.665s] Level 1:colcon.colcon_core.environment:create_environment_scripts_only(vizanti_demos)
[1.666s] Level 1:colcon.colcon_core.environment:checking '/home/ferre/brick/BRICK-WEBots/install/vizanti_demos' for CMake module files
[1.672s] Level 1:colcon.colcon_core.environment:checking '/home/ferre/brick/BRICK-WEBots/install/vizanti_demos' for CMake config files
[1.674s] Level 1:colcon.colcon_core.shell:create_environment_hook('vizanti_demos', 'cmake_prefix_path')
[1.674s] INFO:colcon.colcon_core.shell:Creating environment hook '/home/ferre/brick/BRICK-WEBots/install/vizanti_demos/share/vizanti_demos/hook/cmake_prefix_path.ps1'
[1.676s] INFO:colcon.colcon_core.shell:Creating environment descriptor '/home/ferre/brick/BRICK-WEBots/install/vizanti_demos/share/vizanti_demos/hook/cmake_prefix_path.dsv'
[1.676s] DEBUG:colcon.colcon_core.event_handler.log_command:Invoked command in '/home/ferre/brick/BRICK-WEBots/build/vizanti_demos' returned '0': CMAKE_PREFIX_PATH=/home/ferre/brick/BRICK-WEBots/install/vizanti_msgs:/home/ferre/brick/BRICK-WEBots/install/vizanti:/home/ferre/brick/BRICK-WEBots/install/vizanti_server:/home/ferre/brick/BRICK-WEBots/install/vizanti_demos:/home/ferre/brick/BRICK-WEBots/install/vizanti_cpp:/home/ferre/brick/BRICK-WEBots/install/webots_ros2_brick:/home/ferre/brick/BRICK-WEBots/install/ros2-webots-v2:/opt/ros/iron PYTHONPATH=/home/ferre/brick/BRICK-WEBots/install/vizanti_msgs/lib/python3.10/site-packages:/home/ferre/brick/BRICK-WEBots/install/webots_ros2_brick/lib/python3.10/site-packages:/home/ferre/brick/BRICK-WEBots/install/ros2-webots-v2/lib/python3.10/site-packages:/opt/ros/iron/lib/python3.10/site-packages /usr/bin/cmake --install /home/ferre/brick/BRICK-WEBots/build/vizanti_demos
[1.677s] INFO:colcon.colcon_core.shell:Creating environment hook '/home/ferre/brick/BRICK-WEBots/install/vizanti_demos/share/vizanti_demos/hook/cmake_prefix_path.sh'
[1.679s] Level 1:colcon.colcon_core.environment:checking '/home/ferre/brick/BRICK-WEBots/install/vizanti_demos/lib'
[1.680s] Level 1:colcon.colcon_core.environment:checking '/home/ferre/brick/BRICK-WEBots/install/vizanti_demos/bin'
[1.680s] Level 1:colcon.colcon_core.environment:checking '/home/ferre/brick/BRICK-WEBots/install/vizanti_demos/lib/pkgconfig/vizanti_demos.pc'
[1.680s] Level 1:colcon.colcon_core.environment:checking '/home/ferre/brick/BRICK-WEBots/install/vizanti_demos/lib/python3.10/site-packages'
[1.680s] Level 1:colcon.colcon_core.environment:checking '/home/ferre/brick/BRICK-WEBots/install/vizanti_demos/bin'
[1.680s] INFO:colcon.colcon_core.shell:Creating package script '/home/ferre/brick/BRICK-WEBots/install/vizanti_demos/share/vizanti_demos/package.ps1'
[1.681s] INFO:colcon.colcon_core.shell:Creating package descriptor '/home/ferre/brick/BRICK-WEBots/install/vizanti_demos/share/vizanti_demos/package.dsv'
[1.682s] INFO:colcon.colcon_core.shell:Creating package script '/home/ferre/brick/BRICK-WEBots/install/vizanti_demos/share/vizanti_demos/package.sh'
[1.683s] INFO:colcon.colcon_core.shell:Creating package script '/home/ferre/brick/BRICK-WEBots/install/vizanti_demos/share/vizanti_demos/package.bash'
[1.684s] INFO:colcon.colcon_core.shell:Creating package script '/home/ferre/brick/BRICK-WEBots/install/vizanti_demos/share/vizanti_demos/package.zsh'
[1.685s] Level 1:colcon.colcon_core.environment:create_file_with_runtime_dependencies(/home/ferre/brick/BRICK-WEBots/install/vizanti_demos/share/colcon-core/packages/vizanti_demos)
[1.690s] Level 1:colcon.colcon_core.environment:create_environment_scripts_only(vizanti_server)
[1.690s] DEBUG:colcon.colcon_core.event_handler.log_command:Invoked command in '/home/ferre/brick/BRICK-WEBots/build/vizanti_server' returned '0': CMAKE_PREFIX_PATH=/home/ferre/brick/BRICK-WEBots/install/vizanti_msgs:/home/ferre/brick/BRICK-WEBots/install/vizanti:/home/ferre/brick/BRICK-WEBots/install/vizanti_server:/home/ferre/brick/BRICK-WEBots/install/vizanti_demos:/home/ferre/brick/BRICK-WEBots/install/vizanti_cpp:/home/ferre/brick/BRICK-WEBots/install/webots_ros2_brick:/home/ferre/brick/BRICK-WEBots/install/ros2-webots-v2:/opt/ros/iron PYTHONPATH=/home/ferre/brick/BRICK-WEBots/install/vizanti_msgs/lib/python3.10/site-packages:/home/ferre/brick/BRICK-WEBots/install/webots_ros2_brick/lib/python3.10/site-packages:/home/ferre/brick/BRICK-WEBots/install/ros2-webots-v2/lib/python3.10/site-packages:/opt/ros/iron/lib/python3.10/site-packages /usr/bin/cmake --install /home/ferre/brick/BRICK-WEBots/build/vizanti_server
[1.690s] Level 1:colcon.colcon_core.environment:checking '/home/ferre/brick/BRICK-WEBots/install/vizanti_server' for CMake module files
[1.691s] Level 1:colcon.colcon_core.environment:checking '/home/ferre/brick/BRICK-WEBots/install/vizanti_server' for CMake config files
[1.691s] Level 1:colcon.colcon_core.shell:create_environment_hook('vizanti_server', 'cmake_prefix_path')
[1.691s] INFO:colcon.colcon_core.shell:Creating environment hook '/home/ferre/brick/BRICK-WEBots/install/vizanti_server/share/vizanti_server/hook/cmake_prefix_path.ps1'
[1.692s] INFO:colcon.colcon_core.shell:Creating environment descriptor '/home/ferre/brick/BRICK-WEBots/install/vizanti_server/share/vizanti_server/hook/cmake_prefix_path.dsv'
[1.692s] INFO:colcon.colcon_core.shell:Creating environment hook '/home/ferre/brick/BRICK-WEBots/install/vizanti_server/share/vizanti_server/hook/cmake_prefix_path.sh'
[1.693s] Level 1:colcon.colcon_core.environment:checking '/home/ferre/brick/BRICK-WEBots/install/vizanti_server/lib'
[1.693s] Level 1:colcon.colcon_core.environment:checking '/home/ferre/brick/BRICK-WEBots/install/vizanti_server/bin'
[1.693s] Level 1:colcon.colcon_core.environment:checking '/home/ferre/brick/BRICK-WEBots/install/vizanti_server/lib/pkgconfig/vizanti_server.pc'
[1.693s] Level 1:colcon.colcon_core.environment:checking '/home/ferre/brick/BRICK-WEBots/install/vizanti_server/lib/python3.10/site-packages'
[1.693s] Level 1:colcon.colcon_core.environment:checking '/home/ferre/brick/BRICK-WEBots/install/vizanti_server/bin'
[1.693s] INFO:colcon.colcon_core.shell:Creating package script '/home/ferre/brick/BRICK-WEBots/install/vizanti_server/share/vizanti_server/package.ps1'
[1.694s] INFO:colcon.colcon_core.shell:Creating package descriptor '/home/ferre/brick/BRICK-WEBots/install/vizanti_server/share/vizanti_server/package.dsv'
[1.694s] INFO:colcon.colcon_core.shell:Creating package script '/home/ferre/brick/BRICK-WEBots/install/vizanti_server/share/vizanti_server/package.sh'
[1.695s] INFO:colcon.colcon_core.shell:Creating package script '/home/ferre/brick/BRICK-WEBots/install/vizanti_server/share/vizanti_server/package.bash'
[1.695s] INFO:colcon.colcon_core.shell:Creating package script '/home/ferre/brick/BRICK-WEBots/install/vizanti_server/share/vizanti_server/package.zsh'
[1.695s] Level 1:colcon.colcon_core.environment:create_file_with_runtime_dependencies(/home/ferre/brick/BRICK-WEBots/install/vizanti_server/share/colcon-core/packages/vizanti_server)
[1.716s] Level 1:colcon.colcon_core.environment:create_environment_scripts_only(vizanti_demos)
[1.716s] Level 1:colcon.colcon_core.environment:checking '/home/ferre/brick/BRICK-WEBots/install/vizanti_demos' for CMake module files
[1.716s] Level 1:colcon.colcon_core.environment:checking '/home/ferre/brick/BRICK-WEBots/install/vizanti_demos' for CMake config files
[1.717s] Level 1:colcon.colcon_core.shell:create_environment_hook('vizanti_demos', 'cmake_prefix_path')
[1.717s] INFO:colcon.colcon_core.shell:Creating environment hook '/home/ferre/brick/BRICK-WEBots/install/vizanti_demos/share/vizanti_demos/hook/cmake_prefix_path.ps1'
[1.717s] INFO:colcon.colcon_core.shell:Creating environment descriptor '/home/ferre/brick/BRICK-WEBots/install/vizanti_demos/share/vizanti_demos/hook/cmake_prefix_path.dsv'
[1.718s] INFO:colcon.colcon_core.shell:Creating environment hook '/home/ferre/brick/BRICK-WEBots/install/vizanti_demos/share/vizanti_demos/hook/cmake_prefix_path.sh'
[1.719s] Level 1:colcon.colcon_core.environment:checking '/home/ferre/brick/BRICK-WEBots/install/vizanti_demos/lib'
[1.719s] Level 1:colcon.colcon_core.environment:checking '/home/ferre/brick/BRICK-WEBots/install/vizanti_demos/bin'
[1.719s] Level 1:colcon.colcon_core.environment:checking '/home/ferre/brick/BRICK-WEBots/install/vizanti_demos/lib/pkgconfig/vizanti_demos.pc'
[1.719s] Level 1:colcon.colcon_core.environment:checking '/home/ferre/brick/BRICK-WEBots/install/vizanti_demos/lib/python3.10/site-packages'
[1.720s] Level 1:colcon.colcon_core.environment:checking '/home/ferre/brick/BRICK-WEBots/install/vizanti_demos/bin'
[1.720s] INFO:colcon.colcon_core.shell:Creating package script '/home/ferre/brick/BRICK-WEBots/install/vizanti_demos/share/vizanti_demos/package.ps1'
[1.720s] INFO:colcon.colcon_core.shell:Creating package descriptor '/home/ferre/brick/BRICK-WEBots/install/vizanti_demos/share/vizanti_demos/package.dsv'
[1.721s] INFO:colcon.colcon_core.shell:Creating package script '/home/ferre/brick/BRICK-WEBots/install/vizanti_demos/share/vizanti_demos/package.sh'
[1.721s] INFO:colcon.colcon_core.shell:Creating package script '/home/ferre/brick/BRICK-WEBots/install/vizanti_demos/share/vizanti_demos/package.bash'
[1.721s] INFO:colcon.colcon_core.shell:Creating package script '/home/ferre/brick/BRICK-WEBots/install/vizanti_demos/share/vizanti_demos/package.zsh'
[1.722s] Level 1:colcon.colcon_core.environment:create_file_with_runtime_dependencies(/home/ferre/brick/BRICK-WEBots/install/vizanti_demos/share/colcon-core/packages/vizanti_demos)
[1.723s] Level 1:colcon.colcon_core.environment:create_environment_scripts_only(vizanti_server)
[1.723s] Level 1:colcon.colcon_core.environment:checking '/home/ferre/brick/BRICK-WEBots/install/vizanti_server' for CMake module files
[1.723s] Level 1:colcon.colcon_core.environment:checking '/home/ferre/brick/BRICK-WEBots/install/vizanti_server' for CMake config files
[1.724s] Level 1:colcon.colcon_core.shell:create_environment_hook('vizanti_server', 'cmake_prefix_path')
[1.724s] INFO:colcon.colcon_core.shell:Creating environment hook '/home/ferre/brick/BRICK-WEBots/install/vizanti_server/share/vizanti_server/hook/cmake_prefix_path.ps1'
[1.724s] INFO:colcon.colcon_core.shell:Creating environment descriptor '/home/ferre/brick/BRICK-WEBots/install/vizanti_server/share/vizanti_server/hook/cmake_prefix_path.dsv'
[1.724s] INFO:colcon.colcon_core.shell:Creating environment hook '/home/ferre/brick/BRICK-WEBots/install/vizanti_server/share/vizanti_server/hook/cmake_prefix_path.sh'
[1.725s] Level 1:colcon.colcon_core.environment:checking '/home/ferre/brick/BRICK-WEBots/install/vizanti_server/lib'
[1.725s] Level 1:colcon.colcon_core.environment:checking '/home/ferre/brick/BRICK-WEBots/install/vizanti_server/bin'
[1.725s] Level 1:colcon.colcon_core.environment:checking '/home/ferre/brick/BRICK-WEBots/install/vizanti_server/lib/pkgconfig/vizanti_server.pc'
[1.725s] Level 1:colcon.colcon_core.environment:checking '/home/ferre/brick/BRICK-WEBots/install/vizanti_server/lib/python3.10/site-packages'
[1.725s] Level 1:colcon.colcon_core.environment:checking '/home/ferre/brick/BRICK-WEBots/install/vizanti_server/bin'
[1.726s] INFO:colcon.colcon_core.shell:Creating package script '/home/ferre/brick/BRICK-WEBots/install/vizanti_server/share/vizanti_server/package.ps1'
[1.726s] INFO:colcon.colcon_core.shell:Creating package descriptor '/home/ferre/brick/BRICK-WEBots/install/vizanti_server/share/vizanti_server/package.dsv'
[1.726s] INFO:colcon.colcon_core.shell:Creating package script '/home/ferre/brick/BRICK-WEBots/install/vizanti_server/share/vizanti_server/package.sh'
[1.727s] INFO:colcon.colcon_core.shell:Creating package script '/home/ferre/brick/BRICK-WEBots/install/vizanti_server/share/vizanti_server/package.bash'
[1.727s] INFO:colcon.colcon_core.shell:Creating package script '/home/ferre/brick/BRICK-WEBots/install/vizanti_server/share/vizanti_server/package.zsh'
[1.727s] Level 1:colcon.colcon_core.environment:create_file_with_runtime_dependencies(/home/ferre/brick/BRICK-WEBots/install/vizanti_server/share/colcon-core/packages/vizanti_server)
[1.727s] INFO:colcon.colcon_ros.task.ament_cmake.build:Building ROS package in '/home/ferre/brick/BRICK-WEBots/vizanti/src/vizanti/vizanti' with build type 'ament_cmake'
[1.728s] INFO:colcon.colcon_cmake.task.cmake.build:Building CMake package in '/home/ferre/brick/BRICK-WEBots/vizanti/src/vizanti/vizanti'
[1.728s] INFO:colcon.colcon_core.shell:Skip shell extension 'powershell' for command environment: Not usable outside of PowerShell
[1.728s] DEBUG:colcon.colcon_core.shell:Skip shell extension 'dsv' for command environment
[1.745s] DEBUG:colcon.colcon_core.event_handler.log_command:Invoking command in '/home/ferre/brick/BRICK-WEBots/build/vizanti': CMAKE_PREFIX_PATH=/home/ferre/brick/BRICK-WEBots/install/vizanti_server:/home/ferre/brick/BRICK-WEBots/install/vizanti_msgs:/home/ferre/brick/BRICK-WEBots/install/vizanti:/home/ferre/brick/BRICK-WEBots/install/vizanti_demos:/home/ferre/brick/BRICK-WEBots/install/vizanti_cpp:/home/ferre/brick/BRICK-WEBots/install/webots_ros2_brick:/home/ferre/brick/BRICK-WEBots/install/ros2-webots-v2:/opt/ros/iron PYTHONPATH=/home/ferre/brick/BRICK-WEBots/install/vizanti_msgs/lib/python3.10/site-packages:/home/ferre/brick/BRICK-WEBots/install/webots_ros2_brick/lib/python3.10/site-packages:/home/ferre/brick/BRICK-WEBots/install/ros2-webots-v2/lib/python3.10/site-packages:/opt/ros/iron/lib/python3.10/site-packages /usr/bin/cmake --build /home/ferre/brick/BRICK-WEBots/build/vizanti -- -j12 -l12
[1.790s] DEBUG:colcon.colcon_core.event_handler.log_command:Invoked command in '/home/ferre/brick/BRICK-WEBots/build/vizanti' returned '0': CMAKE_PREFIX_PATH=/home/ferre/brick/BRICK-WEBots/install/vizanti_server:/home/ferre/brick/BRICK-WEBots/install/vizanti_msgs:/home/ferre/brick/BRICK-WEBots/install/vizanti:/home/ferre/brick/BRICK-WEBots/install/vizanti_demos:/home/ferre/brick/BRICK-WEBots/install/vizanti_cpp:/home/ferre/brick/BRICK-WEBots/install/webots_ros2_brick:/home/ferre/brick/BRICK-WEBots/install/ros2-webots-v2:/opt/ros/iron PYTHONPATH=/home/ferre/brick/BRICK-WEBots/install/vizanti_msgs/lib/python3.10/site-packages:/home/ferre/brick/BRICK-WEBots/install/webots_ros2_brick/lib/python3.10/site-packages:/home/ferre/brick/BRICK-WEBots/install/ros2-webots-v2/lib/python3.10/site-packages:/opt/ros/iron/lib/python3.10/site-packages /usr/bin/cmake --build /home/ferre/brick/BRICK-WEBots/build/vizanti -- -j12 -l12
[1.820s] DEBUG:colcon.colcon_core.event_handler.log_command:Invoking command in '/home/ferre/brick/BRICK-WEBots/build/vizanti': CMAKE_PREFIX_PATH=/home/ferre/brick/BRICK-WEBots/install/vizanti_server:/home/ferre/brick/BRICK-WEBots/install/vizanti_msgs:/home/ferre/brick/BRICK-WEBots/install/vizanti:/home/ferre/brick/BRICK-WEBots/install/vizanti_demos:/home/ferre/brick/BRICK-WEBots/install/vizanti_cpp:/home/ferre/brick/BRICK-WEBots/install/webots_ros2_brick:/home/ferre/brick/BRICK-WEBots/install/ros2-webots-v2:/opt/ros/iron PYTHONPATH=/home/ferre/brick/BRICK-WEBots/install/vizanti_msgs/lib/python3.10/site-packages:/home/ferre/brick/BRICK-WEBots/install/webots_ros2_brick/lib/python3.10/site-packages:/home/ferre/brick/BRICK-WEBots/install/ros2-webots-v2/lib/python3.10/site-packages:/opt/ros/iron/lib/python3.10/site-packages /usr/bin/cmake --install /home/ferre/brick/BRICK-WEBots/build/vizanti
[1.832s] Level 1:colcon.colcon_core.environment:create_environment_scripts_only(vizanti)
[1.832s] Level 1:colcon.colcon_core.environment:checking '/home/ferre/brick/BRICK-WEBots/install/vizanti' for CMake module files
[1.833s] DEBUG:colcon.colcon_core.event_handler.log_command:Invoked command in '/home/ferre/brick/BRICK-WEBots/build/vizanti' returned '0': CMAKE_PREFIX_PATH=/home/ferre/brick/BRICK-WEBots/install/vizanti_server:/home/ferre/brick/BRICK-WEBots/install/vizanti_msgs:/home/ferre/brick/BRICK-WEBots/install/vizanti:/home/ferre/brick/BRICK-WEBots/install/vizanti_demos:/home/ferre/brick/BRICK-WEBots/install/vizanti_cpp:/home/ferre/brick/BRICK-WEBots/install/webots_ros2_brick:/home/ferre/brick/BRICK-WEBots/install/ros2-webots-v2:/opt/ros/iron PYTHONPATH=/home/ferre/brick/BRICK-WEBots/install/vizanti_msgs/lib/python3.10/site-packages:/home/ferre/brick/BRICK-WEBots/install/webots_ros2_brick/lib/python3.10/site-packages:/home/ferre/brick/BRICK-WEBots/install/ros2-webots-v2/lib/python3.10/site-packages:/opt/ros/iron/lib/python3.10/site-packages /usr/bin/cmake --install /home/ferre/brick/BRICK-WEBots/build/vizanti
[1.833s] Level 1:colcon.colcon_core.environment:checking '/home/ferre/brick/BRICK-WEBots/install/vizanti' for CMake config files
[1.833s] Level 1:colcon.colcon_core.shell:create_environment_hook('vizanti', 'cmake_prefix_path')
[1.833s] INFO:colcon.colcon_core.shell:Creating environment hook '/home/ferre/brick/BRICK-WEBots/install/vizanti/share/vizanti/hook/cmake_prefix_path.ps1'
[1.834s] INFO:colcon.colcon_core.shell:Creating environment descriptor '/home/ferre/brick/BRICK-WEBots/install/vizanti/share/vizanti/hook/cmake_prefix_path.dsv'
[1.834s] INFO:colcon.colcon_core.shell:Creating environment hook '/home/ferre/brick/BRICK-WEBots/install/vizanti/share/vizanti/hook/cmake_prefix_path.sh'
[1.835s] Level 1:colcon.colcon_core.environment:checking '/home/ferre/brick/BRICK-WEBots/install/vizanti/bin'
[1.835s] Level 1:colcon.colcon_core.environment:checking '/home/ferre/brick/BRICK-WEBots/install/vizanti/lib/pkgconfig/vizanti.pc'
[1.835s] Level 1:colcon.colcon_core.environment:checking '/home/ferre/brick/BRICK-WEBots/install/vizanti/lib/python3.10/site-packages'
[1.835s] Level 1:colcon.colcon_core.environment:checking '/home/ferre/brick/BRICK-WEBots/install/vizanti/bin'
[1.835s] INFO:colcon.colcon_core.shell:Creating package script '/home/ferre/brick/BRICK-WEBots/install/vizanti/share/vizanti/package.ps1'
[1.836s] INFO:colcon.colcon_core.shell:Creating package descriptor '/home/ferre/brick/BRICK-WEBots/install/vizanti/share/vizanti/package.dsv'
[1.836s] INFO:colcon.colcon_core.shell:Creating package script '/home/ferre/brick/BRICK-WEBots/install/vizanti/share/vizanti/package.sh'
[1.837s] INFO:colcon.colcon_core.shell:Creating package script '/home/ferre/brick/BRICK-WEBots/install/vizanti/share/vizanti/package.bash'
[1.837s] INFO:colcon.colcon_core.shell:Creating package script '/home/ferre/brick/BRICK-WEBots/install/vizanti/share/vizanti/package.zsh'
[1.837s] Level 1:colcon.colcon_core.environment:create_file_with_runtime_dependencies(/home/ferre/brick/BRICK-WEBots/install/vizanti/share/colcon-core/packages/vizanti)
[1.862s] Level 1:colcon.colcon_core.environment:create_environment_scripts_only(vizanti)
[1.862s] Level 1:colcon.colcon_core.environment:checking '/home/ferre/brick/BRICK-WEBots/install/vizanti' for CMake module files
[1.863s] Level 1:colcon.colcon_core.environment:checking '/home/ferre/brick/BRICK-WEBots/install/vizanti' for CMake config files
[1.863s] Level 1:colcon.colcon_core.shell:create_environment_hook('vizanti', 'cmake_prefix_path')
[1.863s] INFO:colcon.colcon_core.shell:Creating environment hook '/home/ferre/brick/BRICK-WEBots/install/vizanti/share/vizanti/hook/cmake_prefix_path.ps1'
[1.863s] INFO:colcon.colcon_core.shell:Creating environment descriptor '/home/ferre/brick/BRICK-WEBots/install/vizanti/share/vizanti/hook/cmake_prefix_path.dsv'
[1.864s] INFO:colcon.colcon_core.shell:Creating environment hook '/home/ferre/brick/BRICK-WEBots/install/vizanti/share/vizanti/hook/cmake_prefix_path.sh'
[1.864s] Level 1:colcon.colcon_core.environment:checking '/home/ferre/brick/BRICK-WEBots/install/vizanti/bin'
[1.864s] Level 1:colcon.colcon_core.environment:checking '/home/ferre/brick/BRICK-WEBots/install/vizanti/lib/pkgconfig/vizanti.pc'
[1.865s] Level 1:colcon.colcon_core.environment:checking '/home/ferre/brick/BRICK-WEBots/install/vizanti/lib/python3.10/site-packages'
[1.865s] Level 1:colcon.colcon_core.environment:checking '/home/ferre/brick/BRICK-WEBots/install/vizanti/bin'
[1.865s] INFO:colcon.colcon_core.shell:Creating package script '/home/ferre/brick/BRICK-WEBots/install/vizanti/share/vizanti/package.ps1'
[1.866s] INFO:colcon.colcon_core.shell:Creating package descriptor '/home/ferre/brick/BRICK-WEBots/install/vizanti/share/vizanti/package.dsv'
[1.866s] INFO:colcon.colcon_core.shell:Creating package script '/home/ferre/brick/BRICK-WEBots/install/vizanti/share/vizanti/package.sh'
[1.866s] INFO:colcon.colcon_core.shell:Creating package script '/home/ferre/brick/BRICK-WEBots/install/vizanti/share/vizanti/package.bash'
[1.867s] INFO:colcon.colcon_core.shell:Creating package script '/home/ferre/brick/BRICK-WEBots/install/vizanti/share/vizanti/package.zsh'
[1.867s] Level 1:colcon.colcon_core.environment:create_file_with_runtime_dependencies(/home/ferre/brick/BRICK-WEBots/install/vizanti/share/colcon-core/packages/vizanti)
[1.867s] DEBUG:colcon.colcon_parallel_executor.executor.parallel:closing loop
[1.868s] DEBUG:colcon.colcon_parallel_executor.executor.parallel:loop closed
[1.868s] DEBUG:colcon.colcon_parallel_executor.executor.parallel:run_until_complete finished with '0'
[1.868s] DEBUG:colcon.colcon_core.event_reactor:joining thread
[1.873s] INFO:colcon.colcon_core.plugin_system:Skipping extension 'colcon_notification.desktop_notification.terminal_notifier': Not used on non-Darwin systems
[1.873s] INFO:colcon.colcon_core.plugin_system:Skipping extension 'colcon_notification.desktop_notification.win32': Not used on non-Windows systems
[1.873s] INFO:colcon.colcon_notification.desktop_notification:Sending desktop notification using 'notify2'
[1.888s] DEBUG:colcon.colcon_core.event_reactor:joined thread
[1.889s] INFO:colcon.colcon_core.shell:Creating prefix script '/home/ferre/brick/BRICK-WEBots/install/local_setup.ps1'
[1.890s] INFO:colcon.colcon_core.shell:Creating prefix util module '/home/ferre/brick/BRICK-WEBots/install/_local_setup_util_ps1.py'
[1.891s] INFO:colcon.colcon_core.shell:Creating prefix chain script '/home/ferre/brick/BRICK-WEBots/install/setup.ps1'
[1.892s] INFO:colcon.colcon_core.shell:Creating prefix script '/home/ferre/brick/BRICK-WEBots/install/local_setup.sh'
[1.893s] INFO:colcon.colcon_core.shell:Creating prefix util module '/home/ferre/brick/BRICK-WEBots/install/_local_setup_util_sh.py'
[1.893s] INFO:colcon.colcon_core.shell:Creating prefix chain script '/home/ferre/brick/BRICK-WEBots/install/setup.sh'
[1.895s] INFO:colcon.colcon_core.shell:Creating prefix script '/home/ferre/brick/BRICK-WEBots/install/local_setup.bash'
[1.895s] INFO:colcon.colcon_core.shell:Creating prefix chain script '/home/ferre/brick/BRICK-WEBots/install/setup.bash'
[1.896s] INFO:colcon.colcon_core.shell:Creating prefix script '/home/ferre/brick/BRICK-WEBots/install/local_setup.zsh'
[1.897s] INFO:colcon.colcon_core.shell:Creating prefix chain script '/home/ferre/brick/BRICK-WEBots/install/setup.zsh'
