[0.498s] Invoking command in '/home/ferre/webots_ros2_brick': PYTHONPATH=/home/ferre/webots_ros2_brick/build/webots_ros2_brick/prefix_override:/home/ferre/webots_ros2_brick/install/webots_ros2_brick/lib/python3.10/site-packages: /usr/bin/python3 -W ignore:setup.py install is deprecated setup.py egg_info --egg-base build/webots_ros2_brick build --build-base /home/ferre/webots_ros2_brick/build/webots_ros2_brick/build install --record /home/ferre/webots_ros2_brick/build/webots_ros2_brick/install.log --single-version-externally-managed install_data
[0.673s] running egg_info
[0.674s] writing build/webots_ros2_brick/webots_ros2_brick.egg-info/PKG-INFO
[0.674s] writing dependency_links to build/webots_ros2_brick/webots_ros2_brick.egg-info/dependency_links.txt
[0.674s] writing entry points to build/webots_ros2_brick/webots_ros2_brick.egg-info/entry_points.txt
[0.675s] writing requirements to build/webots_ros2_brick/webots_ros2_brick.egg-info/requires.txt
[0.675s] writing top-level names to build/webots_ros2_brick/webots_ros2_brick.egg-info/top_level.txt
[0.676s] reading manifest file 'build/webots_ros2_brick/webots_ros2_brick.egg-info/SOURCES.txt'
[0.676s] adding license file 'LICENSE'
[0.677s] writing manifest file 'build/webots_ros2_brick/webots_ros2_brick.egg-info/SOURCES.txt'
[0.677s] running build
[0.677s] running build_py
[0.677s] running install
[0.678s] running install_lib
[0.679s] running install_data
[0.679s] copying protos/BRICK.proto -> /home/ferre/webots_ros2_brick/install/webots_ros2_brick/share/webots_ros2_brick/protos
[0.680s] running install_egg_info
[0.681s] removing '/home/ferre/webots_ros2_brick/install/webots_ros2_brick/lib/python3.10/site-packages/webots_ros2_brick-0.0.0-py3.10.egg-info' (and everything under it)
[0.682s] Copying build/webots_ros2_brick/webots_ros2_brick.egg-info to /home/ferre/webots_ros2_brick/install/webots_ros2_brick/lib/python3.10/site-packages/webots_ros2_brick-0.0.0-py3.10.egg-info
[0.682s] running install_scripts
[0.701s] Installing my_robot_driver script to /home/ferre/webots_ros2_brick/install/webots_ros2_brick/lib/webots_ros2_brick
[0.701s] writing list of installed files to '/home/ferre/webots_ros2_brick/build/webots_ros2_brick/install.log'
[0.737s] Invoked command in '/home/ferre/webots_ros2_brick' returned '0': PYTHONPATH=/home/ferre/webots_ros2_brick/build/webots_ros2_brick/prefix_override:/home/ferre/webots_ros2_brick/install/webots_ros2_brick/lib/python3.10/site-packages: /usr/bin/python3 -W ignore:setup.py install is deprecated setup.py egg_info --egg-base build/webots_ros2_brick build --build-base /home/ferre/webots_ros2_brick/build/webots_ros2_brick/build install --record /home/ferre/webots_ros2_brick/build/webots_ros2_brick/install.log --single-version-externally-managed install_data
