[0.016s] Invoking command in '/home/ferre/brick/BRICK-WEBots/build/vizanti_demos': CMAKE_PREFIX_PATH=/home/ferre/brick/BRICK-WEBots/install/vizanti_msgs:/home/ferre/brick/BRICK-WEBots/install/vizanti:/home/ferre/brick/BRICK-WEBots/install/vizanti_server:/home/ferre/brick/BRICK-WEBots/install/vizanti_demos:/home/ferre/brick/BRICK-WEBots/install/vizanti_cpp:/home/ferre/brick/BRICK-WEBots/install/webots_ros2_brick:/home/ferre/brick/BRICK-WEBots/install/ros2-webots-v2:/opt/ros/iron PYTHONPATH=/home/ferre/brick/BRICK-WEBots/install/vizanti_msgs/lib/python3.10/site-packages:/home/ferre/brick/BRICK-WEBots/install/webots_ros2_brick/lib/python3.10/site-packages:/home/ferre/brick/BRICK-WEBots/install/ros2-webots-v2/lib/python3.10/site-packages:/opt/ros/iron/lib/python3.10/site-packages /usr/bin/cmake --build /home/ferre/brick/BRICK-WEBots/build/vizanti_demos -- -j12 -l12
[0.064s] Invoked command in '/home/ferre/brick/BRICK-WEBots/build/vizanti_demos' returned '0': CMAKE_PREFIX_PATH=/home/ferre/brick/BRICK-WEBots/install/vizanti_msgs:/home/ferre/brick/BRICK-WEBots/install/vizanti:/home/ferre/brick/BRICK-WEBots/install/vizanti_server:/home/ferre/brick/BRICK-WEBots/install/vizanti_demos:/home/ferre/brick/BRICK-WEBots/install/vizanti_cpp:/home/ferre/brick/BRICK-WEBots/install/webots_ros2_brick:/home/ferre/brick/BRICK-WEBots/install/ros2-webots-v2:/opt/ros/iron PYTHONPATH=/home/ferre/brick/BRICK-WEBots/install/vizanti_msgs/lib/python3.10/site-packages:/home/ferre/brick/BRICK-WEBots/install/webots_ros2_brick/lib/python3.10/site-packages:/home/ferre/brick/BRICK-WEBots/install/ros2-webots-v2/lib/python3.10/site-packages:/opt/ros/iron/lib/python3.10/site-packages /usr/bin/cmake --build /home/ferre/brick/BRICK-WEBots/build/vizanti_demos -- -j12 -l12
[0.094s] Invoking command in '/home/ferre/brick/BRICK-WEBots/build/vizanti_demos': CMAKE_PREFIX_PATH=/home/ferre/brick/BRICK-WEBots/install/vizanti_msgs:/home/ferre/brick/BRICK-WEBots/install/vizanti:/home/ferre/brick/BRICK-WEBots/install/vizanti_server:/home/ferre/brick/BRICK-WEBots/install/vizanti_demos:/home/ferre/brick/BRICK-WEBots/install/vizanti_cpp:/home/ferre/brick/BRICK-WEBots/install/webots_ros2_brick:/home/ferre/brick/BRICK-WEBots/install/ros2-webots-v2:/opt/ros/iron PYTHONPATH=/home/ferre/brick/BRICK-WEBots/install/vizanti_msgs/lib/python3.10/site-packages:/home/ferre/brick/BRICK-WEBots/install/webots_ros2_brick/lib/python3.10/site-packages:/home/ferre/brick/BRICK-WEBots/install/ros2-webots-v2/lib/python3.10/site-packages:/opt/ros/iron/lib/python3.10/site-packages /usr/bin/cmake --install /home/ferre/brick/BRICK-WEBots/build/vizanti_demos
[0.108s] -- Install configuration: ""
[0.108s] -- Up-to-date: /home/ferre/brick/BRICK-WEBots/install/vizanti_demos/share/vizanti_demos//launch
[0.109s] -- Up-to-date: /home/ferre/brick/BRICK-WEBots/install/vizanti_demos/share/vizanti_demos//launch/test.launch.py
[0.109s] -- Up-to-date: /home/ferre/brick/BRICK-WEBots/install/vizanti_demos/lib/vizanti_demos/particle_cloud_to_pose_array.py
[0.109s] -- Up-to-date: /home/ferre/brick/BRICK-WEBots/install/vizanti_demos/lib/vizanti_demos/path_to_nav2poses.py
[0.109s] -- Up-to-date: /home/ferre/brick/BRICK-WEBots/install/vizanti_demos/lib/vizanti_demos/test_grid_cells.py
[0.110s] -- Up-to-date: /home/ferre/brick/BRICK-WEBots/install/vizanti_demos/lib/vizanti_demos/test_marker_array.py
[0.110s] -- Up-to-date: /home/ferre/brick/BRICK-WEBots/install/vizanti_demos/share/ament_index/resource_index/package_run_dependencies/vizanti_demos
[0.110s] -- Up-to-date: /home/ferre/brick/BRICK-WEBots/install/vizanti_demos/share/ament_index/resource_index/parent_prefix_path/vizanti_demos
[0.110s] -- Up-to-date: /home/ferre/brick/BRICK-WEBots/install/vizanti_demos/share/vizanti_demos/environment/ament_prefix_path.sh
[0.110s] -- Up-to-date: /home/ferre/brick/BRICK-WEBots/install/vizanti_demos/share/vizanti_demos/environment/ament_prefix_path.dsv
[0.110s] -- Up-to-date: /home/ferre/brick/BRICK-WEBots/install/vizanti_demos/share/vizanti_demos/environment/path.sh
[0.110s] -- Up-to-date: /home/ferre/brick/BRICK-WEBots/install/vizanti_demos/share/vizanti_demos/environment/path.dsv
[0.110s] -- Up-to-date: /home/ferre/brick/BRICK-WEBots/install/vizanti_demos/share/vizanti_demos/local_setup.bash
[0.112s] -- Up-to-date: /home/ferre/brick/BRICK-WEBots/install/vizanti_demos/share/vizanti_demos/local_setup.sh
[0.112s] -- Up-to-date: /home/ferre/brick/BRICK-WEBots/install/vizanti_demos/share/vizanti_demos/local_setup.zsh
[0.112s] -- Up-to-date: /home/ferre/brick/BRICK-WEBots/install/vizanti_demos/share/vizanti_demos/local_setup.dsv
[0.112s] -- Installing: /home/ferre/brick/BRICK-WEBots/install/vizanti_demos/share/vizanti_demos/package.dsv
[0.112s] -- Up-to-date: /home/ferre/brick/BRICK-WEBots/install/vizanti_demos/share/ament_index/resource_index/packages/vizanti_demos
[0.112s] -- Up-to-date: /home/ferre/brick/BRICK-WEBots/install/vizanti_demos/share/vizanti_demos/cmake/vizanti_demosConfig.cmake
[0.112s] -- Up-to-date: /home/ferre/brick/BRICK-WEBots/install/vizanti_demos/share/vizanti_demos/cmake/vizanti_demosConfig-version.cmake
[0.112s] -- Up-to-date: /home/ferre/brick/BRICK-WEBots/install/vizanti_demos/share/vizanti_demos/package.xml
[0.116s] Invoked command in '/home/ferre/brick/BRICK-WEBots/build/vizanti_demos' returned '0': CMAKE_PREFIX_PATH=/home/ferre/brick/BRICK-WEBots/install/vizanti_msgs:/home/ferre/brick/BRICK-WEBots/install/vizanti:/home/ferre/brick/BRICK-WEBots/install/vizanti_server:/home/ferre/brick/BRICK-WEBots/install/vizanti_demos:/home/ferre/brick/BRICK-WEBots/install/vizanti_cpp:/home/ferre/brick/BRICK-WEBots/install/webots_ros2_brick:/home/ferre/brick/BRICK-WEBots/install/ros2-webots-v2:/opt/ros/iron PYTHONPATH=/home/ferre/brick/BRICK-WEBots/install/vizanti_msgs/lib/python3.10/site-packages:/home/ferre/brick/BRICK-WEBots/install/webots_ros2_brick/lib/python3.10/site-packages:/home/ferre/brick/BRICK-WEBots/install/ros2-webots-v2/lib/python3.10/site-packages:/opt/ros/iron/lib/python3.10/site-packages /usr/bin/cmake --install /home/ferre/brick/BRICK-WEBots/build/vizanti_demos
