[0.015s] Invoking command in '/home/ferre/brick/BRICK-WEBots/build/vizanti': CMAKE_PREFIX_PATH=/home/ferre/brick/BRICK-WEBots/install/vizanti_server:/home/ferre/brick/BRICK-WEBots/install/vizanti_msgs:/home/ferre/brick/BRICK-WEBots/install/vizanti:/home/ferre/brick/BRICK-WEBots/install/vizanti_demos:/home/ferre/brick/BRICK-WEBots/install/vizanti_cpp:/home/ferre/brick/BRICK-WEBots/install/webots_ros2_brick:/home/ferre/brick/BRICK-WEBots/install/ros2-webots-v2:/opt/ros/iron PYTHONPATH=/home/ferre/brick/BRICK-WEBots/install/vizanti_msgs/lib/python3.10/site-packages:/home/ferre/brick/BRICK-WEBots/install/webots_ros2_brick/lib/python3.10/site-packages:/home/ferre/brick/BRICK-WEBots/install/ros2-webots-v2/lib/python3.10/site-packages:/opt/ros/iron/lib/python3.10/site-packages /usr/bin/cmake --build /home/ferre/brick/BRICK-WEBots/build/vizanti -- -j12 -l12
[0.058s] Invoked command in '/home/ferre/brick/BRICK-WEBots/build/vizanti' returned '0': CMAKE_PREFIX_PATH=/home/ferre/brick/BRICK-WEBots/install/vizanti_server:/home/ferre/brick/BRICK-WEBots/install/vizanti_msgs:/home/ferre/brick/BRICK-WEBots/install/vizanti:/home/ferre/brick/BRICK-WEBots/install/vizanti_demos:/home/ferre/brick/BRICK-WEBots/install/vizanti_cpp:/home/ferre/brick/BRICK-WEBots/install/webots_ros2_brick:/home/ferre/brick/BRICK-WEBots/install/ros2-webots-v2:/opt/ros/iron PYTHONPATH=/home/ferre/brick/BRICK-WEBots/install/vizanti_msgs/lib/python3.10/site-packages:/home/ferre/brick/BRICK-WEBots/install/webots_ros2_brick/lib/python3.10/site-packages:/home/ferre/brick/BRICK-WEBots/install/ros2-webots-v2/lib/python3.10/site-packages:/opt/ros/iron/lib/python3.10/site-packages /usr/bin/cmake --build /home/ferre/brick/BRICK-WEBots/build/vizanti -- -j12 -l12
[0.086s] Invoking command in '/home/ferre/brick/BRICK-WEBots/build/vizanti': CMAKE_PREFIX_PATH=/home/ferre/brick/BRICK-WEBots/install/vizanti_server:/home/ferre/brick/BRICK-WEBots/install/vizanti_msgs:/home/ferre/brick/BRICK-WEBots/install/vizanti:/home/ferre/brick/BRICK-WEBots/install/vizanti_demos:/home/ferre/brick/BRICK-WEBots/install/vizanti_cpp:/home/ferre/brick/BRICK-WEBots/install/webots_ros2_brick:/home/ferre/brick/BRICK-WEBots/install/ros2-webots-v2:/opt/ros/iron PYTHONPATH=/home/ferre/brick/BRICK-WEBots/install/vizanti_msgs/lib/python3.10/site-packages:/home/ferre/brick/BRICK-WEBots/install/webots_ros2_brick/lib/python3.10/site-packages:/home/ferre/brick/BRICK-WEBots/install/ros2-webots-v2/lib/python3.10/site-packages:/opt/ros/iron/lib/python3.10/site-packages /usr/bin/cmake --install /home/ferre/brick/BRICK-WEBots/build/vizanti
[0.094s] -- Install configuration: ""
[0.094s] -- Up-to-date: /home/ferre/brick/BRICK-WEBots/install/vizanti/share/ament_index/resource_index/package_run_dependencies/vizanti
[0.094s] -- Up-to-date: /home/ferre/brick/BRICK-WEBots/install/vizanti/share/ament_index/resource_index/parent_prefix_path/vizanti
[0.094s] -- Up-to-date: /home/ferre/brick/BRICK-WEBots/install/vizanti/share/vizanti/environment/ament_prefix_path.sh
[0.094s] -- Up-to-date: /home/ferre/brick/BRICK-WEBots/install/vizanti/share/vizanti/environment/ament_prefix_path.dsv
[0.094s] -- Up-to-date: /home/ferre/brick/BRICK-WEBots/install/vizanti/share/vizanti/environment/path.sh
[0.094s] -- Up-to-date: /home/ferre/brick/BRICK-WEBots/install/vizanti/share/vizanti/environment/path.dsv
[0.095s] -- Up-to-date: /home/ferre/brick/BRICK-WEBots/install/vizanti/share/vizanti/local_setup.bash
[0.095s] -- Up-to-date: /home/ferre/brick/BRICK-WEBots/install/vizanti/share/vizanti/local_setup.sh
[0.095s] -- Up-to-date: /home/ferre/brick/BRICK-WEBots/install/vizanti/share/vizanti/local_setup.zsh
[0.095s] -- Up-to-date: /home/ferre/brick/BRICK-WEBots/install/vizanti/share/vizanti/local_setup.dsv
[0.095s] -- Installing: /home/ferre/brick/BRICK-WEBots/install/vizanti/share/vizanti/package.dsv
[0.095s] -- Up-to-date: /home/ferre/brick/BRICK-WEBots/install/vizanti/share/ament_index/resource_index/packages/vizanti
[0.095s] -- Up-to-date: /home/ferre/brick/BRICK-WEBots/install/vizanti/share/vizanti/cmake/vizantiConfig.cmake
[0.095s] -- Up-to-date: /home/ferre/brick/BRICK-WEBots/install/vizanti/share/vizanti/cmake/vizantiConfig-version.cmake
[0.095s] -- Up-to-date: /home/ferre/brick/BRICK-WEBots/install/vizanti/share/vizanti/package.xml
[0.097s] Invoked command in '/home/ferre/brick/BRICK-WEBots/build/vizanti' returned '0': CMAKE_PREFIX_PATH=/home/ferre/brick/BRICK-WEBots/install/vizanti_server:/home/ferre/brick/BRICK-WEBots/install/vizanti_msgs:/home/ferre/brick/BRICK-WEBots/install/vizanti:/home/ferre/brick/BRICK-WEBots/install/vizanti_demos:/home/ferre/brick/BRICK-WEBots/install/vizanti_cpp:/home/ferre/brick/BRICK-WEBots/install/webots_ros2_brick:/home/ferre/brick/BRICK-WEBots/install/ros2-webots-v2:/opt/ros/iron PYTHONPATH=/home/ferre/brick/BRICK-WEBots/install/vizanti_msgs/lib/python3.10/site-packages:/home/ferre/brick/BRICK-WEBots/install/webots_ros2_brick/lib/python3.10/site-packages:/home/ferre/brick/BRICK-WEBots/install/ros2-webots-v2/lib/python3.10/site-packages:/opt/ros/iron/lib/python3.10/site-packages /usr/bin/cmake --install /home/ferre/brick/BRICK-WEBots/build/vizanti
