[0.595s] Invoking command in '/home/ferre/brick/BRICK-WEBots/webots_ros2_brick': PYTHONPATH=/home/ferre/brick/BRICK-WEBots/webots_ros2_brick/build/webots_ros2_brick/prefix_override:/home/ferre/brick/BRICK-WEBots/webots_ros2_brick/install/webots_ros2_brick/lib/python3.10/site-packages:${PYTHONPATH} /usr/bin/python3 -W ignore:setup.py install is deprecated setup.py egg_info --egg-base build/webots_ros2_brick build --build-base /home/ferre/brick/BRICK-WEBots/webots_ros2_brick/build/webots_ros2_brick/build install --record /home/ferre/brick/BRICK-WEBots/webots_ros2_brick/build/webots_ros2_brick/install.log --single-version-externally-managed install_data
[0.815s] running egg_info
[0.815s] writing build/webots_ros2_brick/webots_ros2_brick.egg-info/PKG-INFO
[0.816s] writing dependency_links to build/webots_ros2_brick/webots_ros2_brick.egg-info/dependency_links.txt
[0.816s] writing entry points to build/webots_ros2_brick/webots_ros2_brick.egg-info/entry_points.txt
[0.816s] writing requirements to build/webots_ros2_brick/webots_ros2_brick.egg-info/requires.txt
[0.816s] writing top-level names to build/webots_ros2_brick/webots_ros2_brick.egg-info/top_level.txt
[0.819s] reading manifest file 'build/webots_ros2_brick/webots_ros2_brick.egg-info/SOURCES.txt'
[0.819s] adding license file 'LICENSE'
[0.820s] writing manifest file 'build/webots_ros2_brick/webots_ros2_brick.egg-info/SOURCES.txt'
[0.820s] running build
[0.820s] running build_py
[0.820s] copying webots_ros2_brick/slave.py -> /home/ferre/brick/BRICK-WEBots/webots_ros2_brick/build/webots_ros2_brick/build/lib/webots_ros2_brick
[0.821s] running install
[0.821s] running install_lib
[0.822s] copying /home/ferre/brick/BRICK-WEBots/webots_ros2_brick/build/webots_ros2_brick/build/lib/webots_ros2_brick/slave.py -> /home/ferre/brick/BRICK-WEBots/webots_ros2_brick/install/webots_ros2_brick/lib/python3.10/site-packages/webots_ros2_brick
[0.823s] byte-compiling /home/ferre/brick/BRICK-WEBots/webots_ros2_brick/install/webots_ros2_brick/lib/python3.10/site-packages/webots_ros2_brick/slave.py to slave.cpython-310.pyc
[0.824s] running install_data
[0.824s] running install_egg_info
[0.826s] removing '/home/ferre/brick/BRICK-WEBots/webots_ros2_brick/install/webots_ros2_brick/lib/python3.10/site-packages/webots_ros2_brick-0.0.0-py3.10.egg-info' (and everything under it)
[0.826s] Copying build/webots_ros2_brick/webots_ros2_brick.egg-info to /home/ferre/brick/BRICK-WEBots/webots_ros2_brick/install/webots_ros2_brick/lib/python3.10/site-packages/webots_ros2_brick-0.0.0-py3.10.egg-info
[0.827s] running install_scripts
[0.845s] Installing odom_publisher script to /home/ferre/brick/BRICK-WEBots/webots_ros2_brick/install/webots_ros2_brick/lib/webots_ros2_brick
[0.845s] Installing slave script to /home/ferre/brick/BRICK-WEBots/webots_ros2_brick/install/webots_ros2_brick/lib/webots_ros2_brick
[0.845s] writing list of installed files to '/home/ferre/brick/BRICK-WEBots/webots_ros2_brick/build/webots_ros2_brick/install.log'
[0.872s] Invoked command in '/home/ferre/brick/BRICK-WEBots/webots_ros2_brick' returned '0': PYTHONPATH=/home/ferre/brick/BRICK-WEBots/webots_ros2_brick/build/webots_ros2_brick/prefix_override:/home/ferre/brick/BRICK-WEBots/webots_ros2_brick/install/webots_ros2_brick/lib/python3.10/site-packages:${PYTHONPATH} /usr/bin/python3 -W ignore:setup.py install is deprecated setup.py egg_info --egg-base build/webots_ros2_brick build --build-base /home/ferre/brick/BRICK-WEBots/webots_ros2_brick/build/webots_ros2_brick/build install --record /home/ferre/brick/BRICK-WEBots/webots_ros2_brick/build/webots_ros2_brick/install.log --single-version-externally-managed install_data
