[0.479s] Invoking command in '/home/seppe/Documents/Bachelor3/BRICK-WEBots/ros2-webots-v2': PYTHONPATH=/home/seppe/Documents/Bachelor3/BRICK-WEBots/ros2-webots-v2/build/ros2-webots-v2/prefix_override:/home/seppe/Documents/Bachelor3/BRICK-WEBots/ros2-webots-v2/install/ros2-webots-v2/lib/python3.10/site-packages:${PYTHONPATH} /usr/bin/python3 -W ignore:setup.py install is deprecated setup.py egg_info --egg-base build/ros2-webots-v2 build --build-base /home/seppe/Documents/Bachelor3/BRICK-WEBots/ros2-webots-v2/build/ros2-webots-v2/build install --record /home/seppe/Documents/Bachelor3/BRICK-WEBots/ros2-webots-v2/build/ros2-webots-v2/install.log --single-version-externally-managed install_data
[0.649s] running egg_info
[0.649s] writing build/ros2-webots-v2/ros2_webots_v2.egg-info/PKG-INFO
[0.649s] writing dependency_links to build/ros2-webots-v2/ros2_webots_v2.egg-info/dependency_links.txt
[0.649s] writing entry points to build/ros2-webots-v2/ros2_webots_v2.egg-info/entry_points.txt
[0.649s] writing requirements to build/ros2-webots-v2/ros2_webots_v2.egg-info/requires.txt
[0.649s] writing top-level names to build/ros2-webots-v2/ros2_webots_v2.egg-info/top_level.txt
[0.651s] reading manifest file 'build/ros2-webots-v2/ros2_webots_v2.egg-info/SOURCES.txt'
[0.651s] adding license file 'LICENSE'
[0.652s] writing manifest file 'build/ros2-webots-v2/ros2_webots_v2.egg-info/SOURCES.txt'
[0.652s] running build
[0.652s] running build_py
[0.652s] running install
[0.652s] running install_lib
[0.653s] running install_data
[0.654s] copying resource/default.rviz -> /home/seppe/Documents/Bachelor3/BRICK-WEBots/ros2-webots-v2/install/ros2-webots-v2/share/ros2-webots-v2/resource
[0.654s] running install_egg_info
[0.655s] removing '/home/seppe/Documents/Bachelor3/BRICK-WEBots/ros2-webots-v2/install/ros2-webots-v2/lib/python3.10/site-packages/ros2_webots_v2-0.0.0-py3.10.egg-info' (and everything under it)
[0.655s] Copying build/ros2-webots-v2/ros2_webots_v2.egg-info to /home/seppe/Documents/Bachelor3/BRICK-WEBots/ros2-webots-v2/install/ros2-webots-v2/lib/python3.10/site-packages/ros2_webots_v2-0.0.0-py3.10.egg-info
[0.656s] running install_scripts
[0.671s] writing list of installed files to '/home/seppe/Documents/Bachelor3/BRICK-WEBots/ros2-webots-v2/build/ros2-webots-v2/install.log'
[0.693s] Invoked command in '/home/seppe/Documents/Bachelor3/BRICK-WEBots/ros2-webots-v2' returned '0': PYTHONPATH=/home/seppe/Documents/Bachelor3/BRICK-WEBots/ros2-webots-v2/build/ros2-webots-v2/prefix_override:/home/seppe/Documents/Bachelor3/BRICK-WEBots/ros2-webots-v2/install/ros2-webots-v2/lib/python3.10/site-packages:${PYTHONPATH} /usr/bin/python3 -W ignore:setup.py install is deprecated setup.py egg_info --egg-base build/ros2-webots-v2 build --build-base /home/seppe/Documents/Bachelor3/BRICK-WEBots/ros2-webots-v2/build/ros2-webots-v2/build install --record /home/seppe/Documents/Bachelor3/BRICK-WEBots/ros2-webots-v2/build/ros2-webots-v2/install.log --single-version-externally-managed install_data
