[0.653s] Invoking command in '/home/ubuntu/Downloads/BRICK-WEBots/webots_ros2_brick': PYTHONPATH=/home/ubuntu/Downloads/BRICK-WEBots/webots_ros2_brick/build/webots_ros2_brick/prefix_override:/home/ubuntu/Downloads/BRICK-WEBots/webots_ros2_brick/install/webots_ros2_brick/lib/python3.10/site-packages:${PYTHONPATH} /usr/bin/python3 -W ignore:setup.py install is deprecated setup.py egg_info --egg-base build/webots_ros2_brick build --build-base /home/ubuntu/Downloads/BRICK-WEBots/webots_ros2_brick/build/webots_ros2_brick/build install --record /home/ubuntu/Downloads/BRICK-WEBots/webots_ros2_brick/build/webots_ros2_brick/install.log --single-version-externally-managed install_data
[0.888s] running egg_info
[0.890s] writing build/webots_ros2_brick/webots_ros2_brick.egg-info/PKG-INFO
[0.892s] writing dependency_links to build/webots_ros2_brick/webots_ros2_brick.egg-info/dependency_links.txt
[0.892s] writing entry points to build/webots_ros2_brick/webots_ros2_brick.egg-info/entry_points.txt
[0.892s] writing requirements to build/webots_ros2_brick/webots_ros2_brick.egg-info/requires.txt
[0.892s] writing top-level names to build/webots_ros2_brick/webots_ros2_brick.egg-info/top_level.txt
[0.906s] reading manifest file 'build/webots_ros2_brick/webots_ros2_brick.egg-info/SOURCES.txt'
[0.906s] adding license file 'LICENSE'
[0.907s] writing manifest file 'build/webots_ros2_brick/webots_ros2_brick.egg-info/SOURCES.txt'
[0.907s] running build
[0.907s] running build_py
[0.909s] copying webots_ros2_brick/mqtt_receiver.py -> /home/ubuntu/Downloads/BRICK-WEBots/webots_ros2_brick/build/webots_ros2_brick/build/lib/webots_ros2_brick
[0.912s] running install
[0.913s] running install_lib
[0.913s] copying /home/ubuntu/Downloads/BRICK-WEBots/webots_ros2_brick/build/webots_ros2_brick/build/lib/webots_ros2_brick/mqtt_receiver.py -> /home/ubuntu/Downloads/BRICK-WEBots/webots_ros2_brick/install/webots_ros2_brick/lib/python3.10/site-packages/webots_ros2_brick
[0.914s] byte-compiling /home/ubuntu/Downloads/BRICK-WEBots/webots_ros2_brick/install/webots_ros2_brick/lib/python3.10/site-packages/webots_ros2_brick/mqtt_receiver.py to mqtt_receiver.cpython-310.pyc
[0.915s] running install_data
[0.915s] running install_egg_info
[0.917s] removing '/home/ubuntu/Downloads/BRICK-WEBots/webots_ros2_brick/install/webots_ros2_brick/lib/python3.10/site-packages/webots_ros2_brick-0.0.0-py3.10.egg-info' (and everything under it)
[0.917s] Copying build/webots_ros2_brick/webots_ros2_brick.egg-info to /home/ubuntu/Downloads/BRICK-WEBots/webots_ros2_brick/install/webots_ros2_brick/lib/python3.10/site-packages/webots_ros2_brick-0.0.0-py3.10.egg-info
[0.918s] running install_scripts
[0.937s] Installing mqtt_handler script to /home/ubuntu/Downloads/BRICK-WEBots/webots_ros2_brick/install/webots_ros2_brick/lib/webots_ros2_brick
[0.939s] Installing navigator script to /home/ubuntu/Downloads/BRICK-WEBots/webots_ros2_brick/install/webots_ros2_brick/lib/webots_ros2_brick
[0.939s] writing list of installed files to '/home/ubuntu/Downloads/BRICK-WEBots/webots_ros2_brick/build/webots_ros2_brick/install.log'
[0.967s] Invoked command in '/home/ubuntu/Downloads/BRICK-WEBots/webots_ros2_brick' returned '0': PYTHONPATH=/home/ubuntu/Downloads/BRICK-WEBots/webots_ros2_brick/build/webots_ros2_brick/prefix_override:/home/ubuntu/Downloads/BRICK-WEBots/webots_ros2_brick/install/webots_ros2_brick/lib/python3.10/site-packages:${PYTHONPATH} /usr/bin/python3 -W ignore:setup.py install is deprecated setup.py egg_info --egg-base build/webots_ros2_brick build --build-base /home/ubuntu/Downloads/BRICK-WEBots/webots_ros2_brick/build/webots_ros2_brick/build install --record /home/ubuntu/Downloads/BRICK-WEBots/webots_ros2_brick/build/webots_ros2_brick/install.log --single-version-externally-managed install_data
