-- The C compiler identification is GNU 11.4.0
-- The CXX compiler identification is GNU 11.4.0
-- Detecting C compiler ABI info
-- Detecting C compiler ABI info - done
-- Check for working C compiler: /usr/bin/cc - skipped
-- Detecting C compile features
-- Detecting C compile features - done
-- Detecting CXX compiler ABI info
-- Detecting CXX compiler ABI info - done
-- Check for working CXX compiler: /usr/bin/c++ - skipped
-- Detecting CXX compile features
-- Detecting CXX compile features - done
-- Found ament_cmake: 2.0.5 (/opt/ros/iron/share/ament_cmake/cmake)
-- Found Python3: /usr/bin/python3.10 (found version "3.10.12") found components: Interpreter 
-- Found rclcpp: 21.0.6 (/opt/ros/iron/share/rclcpp/cmake)
-- Found rosidl_generator_c: 4.0.1 (/opt/ros/iron/share/rosidl_generator_c/cmake)
-- Found rosidl_generator_cpp: 4.0.1 (/opt/ros/iron/share/rosidl_generator_cpp/cmake)
-- Using all available rosidl_typesupport_c: rosidl_typesupport_fastrtps_c;rosidl_typesupport_introspection_c
-- Using all available rosidl_typesupport_cpp: rosidl_typesupport_fastrtps_cpp;rosidl_typesupport_introspection_cpp
-- Found rmw_implementation_cmake: 7.1.0 (/opt/ros/iron/share/rmw_implementation_cmake/cmake)
-- Found rmw_fastrtps_cpp: 7.1.3 (/opt/ros/iron/share/rmw_fastrtps_cpp/cmake)
-- Found OpenSSL: /usr/lib/x86_64-linux-gnu/libcrypto.so (found version "3.0.2")  
-- Found FastRTPS: /opt/ros/iron/include  
-- Using RMW implementation 'rmw_fastrtps_cpp' as default
-- Found rclpy: 4.1.5 (/opt/ros/iron/share/rclpy/cmake)
-- Found std_msgs: 5.0.0 (/opt/ros/iron/share/std_msgs/cmake)
-- Found std_srvs: 5.0.0 (/opt/ros/iron/share/std_srvs/cmake)
-- Found tf2_msgs: 0.31.6 (/opt/ros/iron/share/tf2_msgs/cmake)
-- Found vizanti_msgs: 0.1.0 (/home/ferre/brick/BRICK-WEBots/install/vizanti_msgs/share/vizanti_msgs/cmake)
[0mCMake Deprecation Warning at /opt/ros/iron/share/actionlib_msgs/cmake/actionlib_msgsConfig.cmake:31 (message):
  Package 'actionlib_msgs' is deprecated (This package will be removed in a
  future ROS distro, once the ROS 1 bridge supports actions.)
Call Stack (most recent call first):
  /home/ferre/brick/BRICK-WEBots/install/vizanti_msgs/share/vizanti_msgs/cmake/ament_cmake_export_dependencies-extras.cmake:21 (find_package)
  /home/ferre/brick/BRICK-WEBots/install/vizanti_msgs/share/vizanti_msgs/cmake/vizanti_msgsConfig.cmake:41 (include)
  CMakeLists.txt:22 (find_package)

[0m
-- Found visualization_msgs: 5.0.0 (/opt/ros/iron/share/visualization_msgs/cmake)
-- Configuring done
-- Generating done
-- Build files have been written to: /home/ferre/brick/BRICK-WEBots/build/vizanti_demos
-- Install configuration: ""
-- Installing: /home/ferre/brick/BRICK-WEBots/install/vizanti_demos/share/vizanti_demos//launch
-- Installing: /home/ferre/brick/BRICK-WEBots/install/vizanti_demos/share/vizanti_demos//launch/test.launch.py
-- Installing: /home/ferre/brick/BRICK-WEBots/install/vizanti_demos/lib/vizanti_demos/particle_cloud_to_pose_array.py
-- Installing: /home/ferre/brick/BRICK-WEBots/install/vizanti_demos/lib/vizanti_demos/path_to_nav2poses.py
-- Installing: /home/ferre/brick/BRICK-WEBots/install/vizanti_demos/lib/vizanti_demos/test_grid_cells.py
-- Installing: /home/ferre/brick/BRICK-WEBots/install/vizanti_demos/lib/vizanti_demos/test_marker_array.py
-- Installing: /home/ferre/brick/BRICK-WEBots/install/vizanti_demos/share/ament_index/resource_index/package_run_dependencies/vizanti_demos
-- Installing: /home/ferre/brick/BRICK-WEBots/install/vizanti_demos/share/ament_index/resource_index/parent_prefix_path/vizanti_demos
-- Installing: /home/ferre/brick/BRICK-WEBots/install/vizanti_demos/share/vizanti_demos/environment/ament_prefix_path.sh
-- Installing: /home/ferre/brick/BRICK-WEBots/install/vizanti_demos/share/vizanti_demos/environment/ament_prefix_path.dsv
-- Installing: /home/ferre/brick/BRICK-WEBots/install/vizanti_demos/share/vizanti_demos/environment/path.sh
-- Installing: /home/ferre/brick/BRICK-WEBots/install/vizanti_demos/share/vizanti_demos/environment/path.dsv
-- Installing: /home/ferre/brick/BRICK-WEBots/install/vizanti_demos/share/vizanti_demos/local_setup.bash
-- Installing: /home/ferre/brick/BRICK-WEBots/install/vizanti_demos/share/vizanti_demos/local_setup.sh
-- Installing: /home/ferre/brick/BRICK-WEBots/install/vizanti_demos/share/vizanti_demos/local_setup.zsh
-- Installing: /home/ferre/brick/BRICK-WEBots/install/vizanti_demos/share/vizanti_demos/local_setup.dsv
-- Installing: /home/ferre/brick/BRICK-WEBots/install/vizanti_demos/share/vizanti_demos/package.dsv
-- Installing: /home/ferre/brick/BRICK-WEBots/install/vizanti_demos/share/ament_index/resource_index/packages/vizanti_demos
-- Installing: /home/ferre/brick/BRICK-WEBots/install/vizanti_demos/share/vizanti_demos/cmake/vizanti_demosConfig.cmake
-- Installing: /home/ferre/brick/BRICK-WEBots/install/vizanti_demos/share/vizanti_demos/cmake/vizanti_demosConfig-version.cmake
-- Installing: /home/ferre/brick/BRICK-WEBots/install/vizanti_demos/share/vizanti_demos/package.xml
