[0.013s] Invoking command in '/home/ferre/brick/BRICK-WEBots/build/vizanti_demos': AMENT_PREFIX_PATH=/home/ferre/brick/BRICK-WEBots/install/vizanti_msgs:${AMENT_PREFIX_PATH} CMAKE_PREFIX_PATH=/home/ferre/brick/BRICK-WEBots/install/vizanti_msgs:/home/ferre/brick/BRICK-WEBots/webots_ros2_brick/install/webots_ros2_brick:/opt/ros/iron LD_LIBRARY_PATH=/home/ferre/brick/BRICK-WEBots/install/vizanti_msgs/lib:${LD_LIBRARY_PATH} PYTHONPATH=/home/ferre/brick/BRICK-WEBots/install/vizanti_msgs/lib/python3.10/site-packages:${PYTHONPATH} /usr/bin/cmake /home/ferre/brick/BRICK-WEBots/vizanti/src/vizanti/vizanti_demos -DCMAKE_INSTALL_PREFIX=/home/ferre/brick/BRICK-WEBots/install/vizanti_demos
[0.084s] -- The C compiler identification is GNU 11.4.0
[0.150s] -- The CXX compiler identification is GNU 11.4.0
[0.159s] -- Detecting C compiler ABI info
[0.245s] -- Detecting C compiler ABI info - done
[0.252s] -- Check for working C compiler: /usr/bin/cc - skipped
[0.252s] -- Detecting C compile features
[0.252s] -- Detecting C compile features - done
[0.256s] -- Detecting CXX compiler ABI info
[0.353s] -- Detecting CXX compiler ABI info - done
[0.361s] -- Check for working CXX compiler: /usr/bin/c++ - skipped
[0.361s] -- Detecting CXX compile features
[0.362s] -- Detecting CXX compile features - done
[0.366s] -- Found ament_cmake: 2.0.5 (/opt/ros/iron/share/ament_cmake/cmake)
[0.591s] -- Found Python3: /usr/bin/python3.10 (found version "3.10.12") found components: Interpreter 
[0.698s] -- Found rclcpp: 21.0.6 (/opt/ros/iron/share/rclcpp/cmake)
[0.751s] -- Found rosidl_generator_c: 4.0.1 (/opt/ros/iron/share/rosidl_generator_c/cmake)
[0.766s] -- Found rosidl_generator_cpp: 4.0.1 (/opt/ros/iron/share/rosidl_generator_cpp/cmake)
[0.785s] -- Using all available rosidl_typesupport_c: rosidl_typesupport_fastrtps_c;rosidl_typesupport_introspection_c
[0.808s] -- Using all available rosidl_typesupport_cpp: rosidl_typesupport_fastrtps_cpp;rosidl_typesupport_introspection_cpp
[0.987s] -- Found rmw_implementation_cmake: 7.1.0 (/opt/ros/iron/share/rmw_implementation_cmake/cmake)
[0.990s] -- Found rmw_fastrtps_cpp: 7.1.3 (/opt/ros/iron/share/rmw_fastrtps_cpp/cmake)
[1.149s] -- Found OpenSSL: /usr/lib/x86_64-linux-gnu/libcrypto.so (found version "3.0.2")  
[1.184s] -- Found FastRTPS: /opt/ros/iron/include  
[1.238s] -- Using RMW implementation 'rmw_fastrtps_cpp' as default
[1.417s] -- Found rclpy: 4.1.5 (/opt/ros/iron/share/rclpy/cmake)
[1.419s] -- Found std_msgs: 5.0.0 (/opt/ros/iron/share/std_msgs/cmake)
[1.450s] -- Found std_srvs: 5.0.0 (/opt/ros/iron/share/std_srvs/cmake)
[1.503s] -- Found tf2_msgs: 0.31.6 (/opt/ros/iron/share/tf2_msgs/cmake)
[1.746s] -- Found vizanti_msgs: 0.1.0 (/home/ferre/brick/BRICK-WEBots/install/vizanti_msgs/share/vizanti_msgs/cmake)
[1.876s] [0mCMake Deprecation Warning at /opt/ros/iron/share/actionlib_msgs/cmake/actionlib_msgsConfig.cmake:31 (message):
[1.876s]   Package 'actionlib_msgs' is deprecated (This package will be removed in a
[1.876s]   future ROS distro, once the ROS 1 bridge supports actions.)
[1.876s] Call Stack (most recent call first):
[1.877s]   /home/ferre/brick/BRICK-WEBots/install/vizanti_msgs/share/vizanti_msgs/cmake/ament_cmake_export_dependencies-extras.cmake:21 (find_package)
[1.877s]   /home/ferre/brick/BRICK-WEBots/install/vizanti_msgs/share/vizanti_msgs/cmake/vizanti_msgsConfig.cmake:41 (include)
[1.877s]   CMakeLists.txt:22 (find_package)
[1.877s] 
[1.877s] [0m
[2.121s] -- Found visualization_msgs: 5.0.0 (/opt/ros/iron/share/visualization_msgs/cmake)
[2.477s] -- Configuring done
[2.485s] -- Generating done
[2.486s] -- Build files have been written to: /home/ferre/brick/BRICK-WEBots/build/vizanti_demos
[2.504s] Invoked command in '/home/ferre/brick/BRICK-WEBots/build/vizanti_demos' returned '0': AMENT_PREFIX_PATH=/home/ferre/brick/BRICK-WEBots/install/vizanti_msgs:${AMENT_PREFIX_PATH} CMAKE_PREFIX_PATH=/home/ferre/brick/BRICK-WEBots/install/vizanti_msgs:/home/ferre/brick/BRICK-WEBots/webots_ros2_brick/install/webots_ros2_brick:/opt/ros/iron LD_LIBRARY_PATH=/home/ferre/brick/BRICK-WEBots/install/vizanti_msgs/lib:${LD_LIBRARY_PATH} PYTHONPATH=/home/ferre/brick/BRICK-WEBots/install/vizanti_msgs/lib/python3.10/site-packages:${PYTHONPATH} /usr/bin/cmake /home/ferre/brick/BRICK-WEBots/vizanti/src/vizanti/vizanti_demos -DCMAKE_INSTALL_PREFIX=/home/ferre/brick/BRICK-WEBots/install/vizanti_demos
[2.506s] Invoking command in '/home/ferre/brick/BRICK-WEBots/build/vizanti_demos': AMENT_PREFIX_PATH=/home/ferre/brick/BRICK-WEBots/install/vizanti_msgs:${AMENT_PREFIX_PATH} CMAKE_PREFIX_PATH=/home/ferre/brick/BRICK-WEBots/install/vizanti_msgs:/home/ferre/brick/BRICK-WEBots/webots_ros2_brick/install/webots_ros2_brick:/opt/ros/iron LD_LIBRARY_PATH=/home/ferre/brick/BRICK-WEBots/install/vizanti_msgs/lib:${LD_LIBRARY_PATH} PYTHONPATH=/home/ferre/brick/BRICK-WEBots/install/vizanti_msgs/lib/python3.10/site-packages:${PYTHONPATH} /usr/bin/cmake --build /home/ferre/brick/BRICK-WEBots/build/vizanti_demos -- -j12 -l12
[2.560s] Invoked command in '/home/ferre/brick/BRICK-WEBots/build/vizanti_demos' returned '0': AMENT_PREFIX_PATH=/home/ferre/brick/BRICK-WEBots/install/vizanti_msgs:${AMENT_PREFIX_PATH} CMAKE_PREFIX_PATH=/home/ferre/brick/BRICK-WEBots/install/vizanti_msgs:/home/ferre/brick/BRICK-WEBots/webots_ros2_brick/install/webots_ros2_brick:/opt/ros/iron LD_LIBRARY_PATH=/home/ferre/brick/BRICK-WEBots/install/vizanti_msgs/lib:${LD_LIBRARY_PATH} PYTHONPATH=/home/ferre/brick/BRICK-WEBots/install/vizanti_msgs/lib/python3.10/site-packages:${PYTHONPATH} /usr/bin/cmake --build /home/ferre/brick/BRICK-WEBots/build/vizanti_demos -- -j12 -l12
[2.591s] Invoking command in '/home/ferre/brick/BRICK-WEBots/build/vizanti_demos': AMENT_PREFIX_PATH=/home/ferre/brick/BRICK-WEBots/install/vizanti_msgs:${AMENT_PREFIX_PATH} CMAKE_PREFIX_PATH=/home/ferre/brick/BRICK-WEBots/install/vizanti_msgs:/home/ferre/brick/BRICK-WEBots/webots_ros2_brick/install/webots_ros2_brick:/opt/ros/iron LD_LIBRARY_PATH=/home/ferre/brick/BRICK-WEBots/install/vizanti_msgs/lib:${LD_LIBRARY_PATH} PYTHONPATH=/home/ferre/brick/BRICK-WEBots/install/vizanti_msgs/lib/python3.10/site-packages:${PYTHONPATH} /usr/bin/cmake --install /home/ferre/brick/BRICK-WEBots/build/vizanti_demos
[2.599s] -- Install configuration: ""
[2.599s] -- Installing: /home/ferre/brick/BRICK-WEBots/install/vizanti_demos/share/vizanti_demos//launch
[2.599s] -- Installing: /home/ferre/brick/BRICK-WEBots/install/vizanti_demos/share/vizanti_demos//launch/test.launch.py
[2.599s] -- Installing: /home/ferre/brick/BRICK-WEBots/install/vizanti_demos/lib/vizanti_demos/particle_cloud_to_pose_array.py
[2.599s] -- Installing: /home/ferre/brick/BRICK-WEBots/install/vizanti_demos/lib/vizanti_demos/path_to_nav2poses.py
[2.599s] -- Installing: /home/ferre/brick/BRICK-WEBots/install/vizanti_demos/lib/vizanti_demos/test_grid_cells.py
[2.599s] -- Installing: /home/ferre/brick/BRICK-WEBots/install/vizanti_demos/lib/vizanti_demos/test_marker_array.py
[2.600s] -- Installing: /home/ferre/brick/BRICK-WEBots/install/vizanti_demos/share/ament_index/resource_index/package_run_dependencies/vizanti_demos
[2.600s] -- Installing: /home/ferre/brick/BRICK-WEBots/install/vizanti_demos/share/ament_index/resource_index/parent_prefix_path/vizanti_demos
[2.600s] -- Installing: /home/ferre/brick/BRICK-WEBots/install/vizanti_demos/share/vizanti_demos/environment/ament_prefix_path.sh
[2.600s] -- Installing: /home/ferre/brick/BRICK-WEBots/install/vizanti_demos/share/vizanti_demos/environment/ament_prefix_path.dsv
[2.601s] -- Installing: /home/ferre/brick/BRICK-WEBots/install/vizanti_demos/share/vizanti_demos/environment/path.sh
[2.601s] -- Installing: /home/ferre/brick/BRICK-WEBots/install/vizanti_demos/share/vizanti_demos/environment/path.dsv
[2.601s] -- Installing: /home/ferre/brick/BRICK-WEBots/install/vizanti_demos/share/vizanti_demos/local_setup.bash
[2.601s] -- Installing: /home/ferre/brick/BRICK-WEBots/install/vizanti_demos/share/vizanti_demos/local_setup.sh
[2.601s] -- Installing: /home/ferre/brick/BRICK-WEBots/install/vizanti_demos/share/vizanti_demos/local_setup.zsh
[2.602s] -- Installing: /home/ferre/brick/BRICK-WEBots/install/vizanti_demos/share/vizanti_demos/local_setup.dsv
[2.602s] -- Installing: /home/ferre/brick/BRICK-WEBots/install/vizanti_demos/share/vizanti_demos/package.dsv
[2.602s] -- Installing: /home/ferre/brick/BRICK-WEBots/install/vizanti_demos/share/ament_index/resource_index/packages/vizanti_demos
[2.602s] -- Installing: /home/ferre/brick/BRICK-WEBots/install/vizanti_demos/share/vizanti_demos/cmake/vizanti_demosConfig.cmake
[2.603s] -- Installing: /home/ferre/brick/BRICK-WEBots/install/vizanti_demos/share/vizanti_demos/cmake/vizanti_demosConfig-version.cmake
[2.603s] -- Installing: /home/ferre/brick/BRICK-WEBots/install/vizanti_demos/share/vizanti_demos/package.xml
[2.606s] Invoked command in '/home/ferre/brick/BRICK-WEBots/build/vizanti_demos' returned '0': AMENT_PREFIX_PATH=/home/ferre/brick/BRICK-WEBots/install/vizanti_msgs:${AMENT_PREFIX_PATH} CMAKE_PREFIX_PATH=/home/ferre/brick/BRICK-WEBots/install/vizanti_msgs:/home/ferre/brick/BRICK-WEBots/webots_ros2_brick/install/webots_ros2_brick:/opt/ros/iron LD_LIBRARY_PATH=/home/ferre/brick/BRICK-WEBots/install/vizanti_msgs/lib:${LD_LIBRARY_PATH} PYTHONPATH=/home/ferre/brick/BRICK-WEBots/install/vizanti_msgs/lib/python3.10/site-packages:${PYTHONPATH} /usr/bin/cmake --install /home/ferre/brick/BRICK-WEBots/build/vizanti_demos
