-- Found ament_cmake_core: 2.0.5 (/opt/ros/iron/share/ament_cmake_core/cmake)
-- Found Python3: /usr/bin/python3.10 (found version "3.10.12") found components: Interpreter 
-- Configuring done
-- Generating done
-- Build files have been written to: /home/ferre/brick/BRICK-WEBots/build/vizanti
-- Install configuration: ""
-- Installing: /home/ferre/brick/BRICK-WEBots/install/vizanti/share/ament_index/resource_index/package_run_dependencies/vizanti
-- Installing: /home/ferre/brick/BRICK-WEBots/install/vizanti/share/ament_index/resource_index/parent_prefix_path/vizanti
-- Installing: /home/ferre/brick/BRICK-WEBots/install/vizanti/share/vizanti/environment/ament_prefix_path.sh
-- Installing: /home/ferre/brick/BRICK-WEBots/install/vizanti/share/vizanti/environment/ament_prefix_path.dsv
-- Installing: /home/ferre/brick/BRICK-WEBots/install/vizanti/share/vizanti/environment/path.sh
-- Installing: /home/ferre/brick/BRICK-WEBots/install/vizanti/share/vizanti/environment/path.dsv
-- Installing: /home/ferre/brick/BRICK-WEBots/install/vizanti/share/vizanti/local_setup.bash
-- Installing: /home/ferre/brick/BRICK-WEBots/install/vizanti/share/vizanti/local_setup.sh
-- Installing: /home/ferre/brick/BRICK-WEBots/install/vizanti/share/vizanti/local_setup.zsh
-- Installing: /home/ferre/brick/BRICK-WEBots/install/vizanti/share/vizanti/local_setup.dsv
-- Installing: /home/ferre/brick/BRICK-WEBots/install/vizanti/share/vizanti/package.dsv
-- Installing: /home/ferre/brick/BRICK-WEBots/install/vizanti/share/ament_index/resource_index/packages/vizanti
-- Installing: /home/ferre/brick/BRICK-WEBots/install/vizanti/share/vizanti/cmake/vizantiConfig.cmake
-- Installing: /home/ferre/brick/BRICK-WEBots/install/vizanti/share/vizanti/cmake/vizantiConfig-version.cmake
-- Installing: /home/ferre/brick/BRICK-WEBots/install/vizanti/share/vizanti/package.xml
