[0.016s] Invoking command in '/home/ferre/brick/BRICK-WEBots/build/vizanti': AMENT_PREFIX_PATH=/home/ferre/brick/BRICK-WEBots/install/vizanti_server:/home/ferre/brick/BRICK-WEBots/install/vizanti_msgs:${AMENT_PREFIX_PATH} CMAKE_PREFIX_PATH=/home/ferre/brick/BRICK-WEBots/install/vizanti_server:/home/ferre/brick/BRICK-WEBots/install/vizanti_msgs:/home/ferre/brick/BRICK-WEBots/webots_ros2_brick/install/webots_ros2_brick:/opt/ros/iron LD_LIBRARY_PATH=/home/ferre/brick/BRICK-WEBots/install/vizanti_msgs/lib:${LD_LIBRARY_PATH} PYTHONPATH=/home/ferre/brick/BRICK-WEBots/install/vizanti_msgs/lib/python3.10/site-packages:${PYTHONPATH} /usr/bin/cmake /home/ferre/brick/BRICK-WEBots/vizanti/src/vizanti/vizanti -DCMAKE_INSTALL_PREFIX=/home/ferre/brick/BRICK-WEBots/install/vizanti
[0.038s] -- Found ament_cmake_core: 2.0.5 (/opt/ros/iron/share/ament_cmake_core/cmake)
[0.238s] -- Found Python3: /usr/bin/python3.10 (found version "3.10.12") found components: Interpreter 
[0.378s] -- Configuring done
[0.382s] -- Generating done
[0.383s] -- Build files have been written to: /home/ferre/brick/BRICK-WEBots/build/vizanti
[0.387s] Invoked command in '/home/ferre/brick/BRICK-WEBots/build/vizanti' returned '0': AMENT_PREFIX_PATH=/home/ferre/brick/BRICK-WEBots/install/vizanti_server:/home/ferre/brick/BRICK-WEBots/install/vizanti_msgs:${AMENT_PREFIX_PATH} CMAKE_PREFIX_PATH=/home/ferre/brick/BRICK-WEBots/install/vizanti_server:/home/ferre/brick/BRICK-WEBots/install/vizanti_msgs:/home/ferre/brick/BRICK-WEBots/webots_ros2_brick/install/webots_ros2_brick:/opt/ros/iron LD_LIBRARY_PATH=/home/ferre/brick/BRICK-WEBots/install/vizanti_msgs/lib:${LD_LIBRARY_PATH} PYTHONPATH=/home/ferre/brick/BRICK-WEBots/install/vizanti_msgs/lib/python3.10/site-packages:${PYTHONPATH} /usr/bin/cmake /home/ferre/brick/BRICK-WEBots/vizanti/src/vizanti/vizanti -DCMAKE_INSTALL_PREFIX=/home/ferre/brick/BRICK-WEBots/install/vizanti
[0.390s] Invoking command in '/home/ferre/brick/BRICK-WEBots/build/vizanti': AMENT_PREFIX_PATH=/home/ferre/brick/BRICK-WEBots/install/vizanti_server:/home/ferre/brick/BRICK-WEBots/install/vizanti_msgs:${AMENT_PREFIX_PATH} CMAKE_PREFIX_PATH=/home/ferre/brick/BRICK-WEBots/install/vizanti_server:/home/ferre/brick/BRICK-WEBots/install/vizanti_msgs:/home/ferre/brick/BRICK-WEBots/webots_ros2_brick/install/webots_ros2_brick:/opt/ros/iron LD_LIBRARY_PATH=/home/ferre/brick/BRICK-WEBots/install/vizanti_msgs/lib:${LD_LIBRARY_PATH} PYTHONPATH=/home/ferre/brick/BRICK-WEBots/install/vizanti_msgs/lib/python3.10/site-packages:${PYTHONPATH} /usr/bin/cmake --build /home/ferre/brick/BRICK-WEBots/build/vizanti -- -j12 -l12
[0.436s] Invoked command in '/home/ferre/brick/BRICK-WEBots/build/vizanti' returned '0': AMENT_PREFIX_PATH=/home/ferre/brick/BRICK-WEBots/install/vizanti_server:/home/ferre/brick/BRICK-WEBots/install/vizanti_msgs:${AMENT_PREFIX_PATH} CMAKE_PREFIX_PATH=/home/ferre/brick/BRICK-WEBots/install/vizanti_server:/home/ferre/brick/BRICK-WEBots/install/vizanti_msgs:/home/ferre/brick/BRICK-WEBots/webots_ros2_brick/install/webots_ros2_brick:/opt/ros/iron LD_LIBRARY_PATH=/home/ferre/brick/BRICK-WEBots/install/vizanti_msgs/lib:${LD_LIBRARY_PATH} PYTHONPATH=/home/ferre/brick/BRICK-WEBots/install/vizanti_msgs/lib/python3.10/site-packages:${PYTHONPATH} /usr/bin/cmake --build /home/ferre/brick/BRICK-WEBots/build/vizanti -- -j12 -l12
[0.464s] Invoking command in '/home/ferre/brick/BRICK-WEBots/build/vizanti': AMENT_PREFIX_PATH=/home/ferre/brick/BRICK-WEBots/install/vizanti_server:/home/ferre/brick/BRICK-WEBots/install/vizanti_msgs:${AMENT_PREFIX_PATH} CMAKE_PREFIX_PATH=/home/ferre/brick/BRICK-WEBots/install/vizanti_server:/home/ferre/brick/BRICK-WEBots/install/vizanti_msgs:/home/ferre/brick/BRICK-WEBots/webots_ros2_brick/install/webots_ros2_brick:/opt/ros/iron LD_LIBRARY_PATH=/home/ferre/brick/BRICK-WEBots/install/vizanti_msgs/lib:${LD_LIBRARY_PATH} PYTHONPATH=/home/ferre/brick/BRICK-WEBots/install/vizanti_msgs/lib/python3.10/site-packages:${PYTHONPATH} /usr/bin/cmake --install /home/ferre/brick/BRICK-WEBots/build/vizanti
[0.473s] -- Install configuration: ""
[0.473s] -- Installing: /home/ferre/brick/BRICK-WEBots/install/vizanti/share/ament_index/resource_index/package_run_dependencies/vizanti
[0.473s] -- Installing: /home/ferre/brick/BRICK-WEBots/install/vizanti/share/ament_index/resource_index/parent_prefix_path/vizanti
[0.474s] -- Installing: /home/ferre/brick/BRICK-WEBots/install/vizanti/share/vizanti/environment/ament_prefix_path.sh
[0.474s] -- Installing: /home/ferre/brick/BRICK-WEBots/install/vizanti/share/vizanti/environment/ament_prefix_path.dsv
[0.474s] -- Installing: /home/ferre/brick/BRICK-WEBots/install/vizanti/share/vizanti/environment/path.sh
[0.474s] -- Installing: /home/ferre/brick/BRICK-WEBots/install/vizanti/share/vizanti/environment/path.dsv
[0.474s] -- Installing: /home/ferre/brick/BRICK-WEBots/install/vizanti/share/vizanti/local_setup.bash
[0.475s] -- Installing: /home/ferre/brick/BRICK-WEBots/install/vizanti/share/vizanti/local_setup.sh
[0.475s] -- Installing: /home/ferre/brick/BRICK-WEBots/install/vizanti/share/vizanti/local_setup.zsh
[0.475s] -- Installing: /home/ferre/brick/BRICK-WEBots/install/vizanti/share/vizanti/local_setup.dsv
[0.475s] -- Installing: /home/ferre/brick/BRICK-WEBots/install/vizanti/share/vizanti/package.dsv
[0.475s] -- Installing: /home/ferre/brick/BRICK-WEBots/install/vizanti/share/ament_index/resource_index/packages/vizanti
[0.476s] -- Installing: /home/ferre/brick/BRICK-WEBots/install/vizanti/share/vizanti/cmake/vizantiConfig.cmake
[0.476s] -- Installing: /home/ferre/brick/BRICK-WEBots/install/vizanti/share/vizanti/cmake/vizantiConfig-version.cmake
[0.476s] -- Installing: /home/ferre/brick/BRICK-WEBots/install/vizanti/share/vizanti/package.xml
[0.480s] Invoked command in '/home/ferre/brick/BRICK-WEBots/build/vizanti' returned '0': AMENT_PREFIX_PATH=/home/ferre/brick/BRICK-WEBots/install/vizanti_server:/home/ferre/brick/BRICK-WEBots/install/vizanti_msgs:${AMENT_PREFIX_PATH} CMAKE_PREFIX_PATH=/home/ferre/brick/BRICK-WEBots/install/vizanti_server:/home/ferre/brick/BRICK-WEBots/install/vizanti_msgs:/home/ferre/brick/BRICK-WEBots/webots_ros2_brick/install/webots_ros2_brick:/opt/ros/iron LD_LIBRARY_PATH=/home/ferre/brick/BRICK-WEBots/install/vizanti_msgs/lib:${LD_LIBRARY_PATH} PYTHONPATH=/home/ferre/brick/BRICK-WEBots/install/vizanti_msgs/lib/python3.10/site-packages:${PYTHONPATH} /usr/bin/cmake --install /home/ferre/brick/BRICK-WEBots/build/vizanti
