[0.680s] Invoking command in '/home/ubuntu/Downloads/BRICK-WEBots/webots_ros2_brick': PYTHONPATH=/home/ubuntu/Downloads/BRICK-WEBots/webots_ros2_brick/build/webots_ros2_brick/prefix_override:/home/ubuntu/Downloads/BRICK-WEBots/webots_ros2_brick/install/webots_ros2_brick/lib/python3.10/site-packages:${PYTHONPATH} /usr/bin/python3 -W ignore:setup.py install is deprecated setup.py egg_info --egg-base build/webots_ros2_brick build --build-base /home/ubuntu/Downloads/BRICK-WEBots/webots_ros2_brick/build/webots_ros2_brick/build install --record /home/ubuntu/Downloads/BRICK-WEBots/webots_ros2_brick/build/webots_ros2_brick/install.log --single-version-externally-managed install_data
[0.949s] running egg_info
[0.949s] writing build/webots_ros2_brick/webots_ros2_brick.egg-info/PKG-INFO
[0.950s] writing dependency_links to build/webots_ros2_brick/webots_ros2_brick.egg-info/dependency_links.txt
[0.951s] writing entry points to build/webots_ros2_brick/webots_ros2_brick.egg-info/entry_points.txt
[0.951s] writing requirements to build/webots_ros2_brick/webots_ros2_brick.egg-info/requires.txt
[0.951s] writing top-level names to build/webots_ros2_brick/webots_ros2_brick.egg-info/top_level.txt
[0.952s] reading manifest file 'build/webots_ros2_brick/webots_ros2_brick.egg-info/SOURCES.txt'
[0.952s] adding license file 'LICENSE'
[0.957s] writing manifest file 'build/webots_ros2_brick/webots_ros2_brick.egg-info/SOURCES.txt'
[0.960s] running build
[0.960s] running build_py
[0.960s] copying webots_ros2_brick/mqtt_videostream.py -> /home/ubuntu/Downloads/BRICK-WEBots/webots_ros2_brick/build/webots_ros2_brick/build/lib/webots_ros2_brick
[0.960s] running install
[0.961s] running install_lib
[0.963s] copying /home/ubuntu/Downloads/BRICK-WEBots/webots_ros2_brick/build/webots_ros2_brick/build/lib/webots_ros2_brick/mqtt_videostream.py -> /home/ubuntu/Downloads/BRICK-WEBots/webots_ros2_brick/install/webots_ros2_brick/lib/python3.10/site-packages/webots_ros2_brick
[0.964s] byte-compiling /home/ubuntu/Downloads/BRICK-WEBots/webots_ros2_brick/install/webots_ros2_brick/lib/python3.10/site-packages/webots_ros2_brick/mqtt_videostream.py to mqtt_videostream.cpython-310.pyc
[0.965s] running install_data
[0.966s] running install_egg_info
[0.968s] removing '/home/ubuntu/Downloads/BRICK-WEBots/webots_ros2_brick/install/webots_ros2_brick/lib/python3.10/site-packages/webots_ros2_brick-0.0.0-py3.10.egg-info' (and everything under it)
[0.969s] Copying build/webots_ros2_brick/webots_ros2_brick.egg-info to /home/ubuntu/Downloads/BRICK-WEBots/webots_ros2_brick/install/webots_ros2_brick/lib/python3.10/site-packages/webots_ros2_brick-0.0.0-py3.10.egg-info
[0.970s] running install_scripts
[0.990s] Installing mqtt_handler script to /home/ubuntu/Downloads/BRICK-WEBots/webots_ros2_brick/install/webots_ros2_brick/lib/webots_ros2_brick
[0.991s] Installing mqtt_videostream script to /home/ubuntu/Downloads/BRICK-WEBots/webots_ros2_brick/install/webots_ros2_brick/lib/webots_ros2_brick
[0.991s] Installing navigator script to /home/ubuntu/Downloads/BRICK-WEBots/webots_ros2_brick/install/webots_ros2_brick/lib/webots_ros2_brick
[0.991s] writing list of installed files to '/home/ubuntu/Downloads/BRICK-WEBots/webots_ros2_brick/build/webots_ros2_brick/install.log'
[1.024s] Invoked command in '/home/ubuntu/Downloads/BRICK-WEBots/webots_ros2_brick' returned '0': PYTHONPATH=/home/ubuntu/Downloads/BRICK-WEBots/webots_ros2_brick/build/webots_ros2_brick/prefix_override:/home/ubuntu/Downloads/BRICK-WEBots/webots_ros2_brick/install/webots_ros2_brick/lib/python3.10/site-packages:${PYTHONPATH} /usr/bin/python3 -W ignore:setup.py install is deprecated setup.py egg_info --egg-base build/webots_ros2_brick build --build-base /home/ubuntu/Downloads/BRICK-WEBots/webots_ros2_brick/build/webots_ros2_brick/build install --record /home/ubuntu/Downloads/BRICK-WEBots/webots_ros2_brick/build/webots_ros2_brick/install.log --single-version-externally-managed install_data
