running egg_info
creating ../build/ros2-webots-v2/ros2_webots_v2.egg-info
writing ../build/ros2-webots-v2/ros2_webots_v2.egg-info/PKG-INFO
writing dependency_links to ../build/ros2-webots-v2/ros2_webots_v2.egg-info/dependency_links.txt
writing entry points to ../build/ros2-webots-v2/ros2_webots_v2.egg-info/entry_points.txt
writing requirements to ../build/ros2-webots-v2/ros2_webots_v2.egg-info/requires.txt
writing top-level names to ../build/ros2-webots-v2/ros2_webots_v2.egg-info/top_level.txt
writing manifest file '../build/ros2-webots-v2/ros2_webots_v2.egg-info/SOURCES.txt'
reading manifest file '../build/ros2-webots-v2/ros2_webots_v2.egg-info/SOURCES.txt'
adding license file 'LICENSE'
writing manifest file '../build/ros2-webots-v2/ros2_webots_v2.egg-info/SOURCES.txt'
running build
running build_py
creating /home/ferre/brick/BRICK-WEBots/build/ros2-webots-v2/build
creating /home/ferre/brick/BRICK-WEBots/build/ros2-webots-v2/build/lib
creating /home/ferre/brick/BRICK-WEBots/build/ros2-webots-v2/build/lib/ros2-webots-v2
copying ros2-webots-v2/__init__.py -> /home/ferre/brick/BRICK-WEBots/build/ros2-webots-v2/build/lib/ros2-webots-v2
copying ros2-webots-v2/brick_driver.py -> /home/ferre/brick/BRICK-WEBots/build/ros2-webots-v2/build/lib/ros2-webots-v2
running install
running install_lib
creating /home/ferre/brick/BRICK-WEBots/install/ros2-webots-v2/lib/python3.10/site-packages/ros2-webots-v2
copying /home/ferre/brick/BRICK-WEBots/build/ros2-webots-v2/build/lib/ros2-webots-v2/__init__.py -> /home/ferre/brick/BRICK-WEBots/install/ros2-webots-v2/lib/python3.10/site-packages/ros2-webots-v2
copying /home/ferre/brick/BRICK-WEBots/build/ros2-webots-v2/build/lib/ros2-webots-v2/brick_driver.py -> /home/ferre/brick/BRICK-WEBots/install/ros2-webots-v2/lib/python3.10/site-packages/ros2-webots-v2
byte-compiling /home/ferre/brick/BRICK-WEBots/install/ros2-webots-v2/lib/python3.10/site-packages/ros2-webots-v2/__init__.py to __init__.cpython-310.pyc
byte-compiling /home/ferre/brick/BRICK-WEBots/install/ros2-webots-v2/lib/python3.10/site-packages/ros2-webots-v2/brick_driver.py to brick_driver.cpython-310.pyc
running install_data
creating /home/ferre/brick/BRICK-WEBots/install/ros2-webots-v2/share/ament_index
creating /home/ferre/brick/BRICK-WEBots/install/ros2-webots-v2/share/ament_index/resource_index
creating /home/ferre/brick/BRICK-WEBots/install/ros2-webots-v2/share/ament_index/resource_index/packages
copying resource/ros2-webots-v2 -> /home/ferre/brick/BRICK-WEBots/install/ros2-webots-v2/share/ament_index/resource_index/packages
creating /home/ferre/brick/BRICK-WEBots/install/ros2-webots-v2/share/ros2-webots-v2/launch
copying launch/robot_launch.py -> /home/ferre/brick/BRICK-WEBots/install/ros2-webots-v2/share/ros2-webots-v2/launch
copying launch/robot_bringup_launch.py -> /home/ferre/brick/BRICK-WEBots/install/ros2-webots-v2/share/ros2-webots-v2/launch
creating /home/ferre/brick/BRICK-WEBots/install/ros2-webots-v2/share/ros2-webots-v2/resource
copying resource/brick_webots.urdf -> /home/ferre/brick/BRICK-WEBots/install/ros2-webots-v2/share/ros2-webots-v2/resource
copying resource/brick_bringup_webots.urdf -> /home/ferre/brick/BRICK-WEBots/install/ros2-webots-v2/share/ros2-webots-v2/resource
copying resource/ros2_control.yml -> /home/ferre/brick/BRICK-WEBots/install/ros2-webots-v2/share/ros2-webots-v2/resource
copying resource/ros2_control_bringup.yml -> /home/ferre/brick/BRICK-WEBots/install/ros2-webots-v2/share/ros2-webots-v2/resource
copying resource/nav2_params.yaml -> /home/ferre/brick/BRICK-WEBots/install/ros2-webots-v2/share/ros2-webots-v2/resource
copying resource/nav2_params_iron.yaml -> /home/ferre/brick/BRICK-WEBots/install/ros2-webots-v2/share/ros2-webots-v2/resource
copying resource/default.rviz -> /home/ferre/brick/BRICK-WEBots/install/ros2-webots-v2/share/ros2-webots-v2/resource
copying resource/default_bringup.rviz -> /home/ferre/brick/BRICK-WEBots/install/ros2-webots-v2/share/ros2-webots-v2/resource
copying resource/cartographer.lua -> /home/ferre/brick/BRICK-WEBots/install/ros2-webots-v2/share/ros2-webots-v2/resource
copying resource/slam_toolbox_params.yaml -> /home/ferre/brick/BRICK-WEBots/install/ros2-webots-v2/share/ros2-webots-v2/resource
creating /home/ferre/brick/BRICK-WEBots/install/ros2-webots-v2/share/ros2-webots-v2/protos
copying protos/BRICK.proto -> /home/ferre/brick/BRICK-WEBots/install/ros2-webots-v2/share/ros2-webots-v2/protos
copying package.xml -> /home/ferre/brick/BRICK-WEBots/install/ros2-webots-v2/share/ros2-webots-v2
creating /home/ferre/brick/BRICK-WEBots/install/ros2-webots-v2/share/ros2-webots-v2/worlds
copying worlds/default.wbt -> /home/ferre/brick/BRICK-WEBots/install/ros2-webots-v2/share/ros2-webots-v2/worlds
copying worlds/.default.wbproj -> /home/ferre/brick/BRICK-WEBots/install/ros2-webots-v2/share/ros2-webots-v2/worlds
copying worlds/default_bringup.wbt -> /home/ferre/brick/BRICK-WEBots/install/ros2-webots-v2/share/ros2-webots-v2/worlds
copying worlds/.default_bringup.wbproj -> /home/ferre/brick/BRICK-WEBots/install/ros2-webots-v2/share/ros2-webots-v2/worlds
running install_egg_info
Copying ../build/ros2-webots-v2/ros2_webots_v2.egg-info to /home/ferre/brick/BRICK-WEBots/install/ros2-webots-v2/lib/python3.10/site-packages/ros2_webots_v2-0.0.0-py3.10.egg-info
running install_scripts
writing list of installed files to '/home/ferre/brick/BRICK-WEBots/build/ros2-webots-v2/install.log'
