[0.570s] Invoking command in '/home/ubuntu/Downloads/BRICK-WEBots/webots_ros2_brick': PYTHONPATH=/home/ubuntu/Downloads/BRICK-WEBots/webots_ros2_brick/build/webots_ros2_brick/prefix_override:/home/ubuntu/Downloads/BRICK-WEBots/webots_ros2_brick/install/webots_ros2_brick/lib/python3.10/site-packages:${PYTHONPATH} /usr/bin/python3 -W ignore:setup.py install is deprecated setup.py egg_info --egg-base build/webots_ros2_brick build --build-base /home/ubuntu/Downloads/BRICK-WEBots/webots_ros2_brick/build/webots_ros2_brick/build install --record /home/ubuntu/Downloads/BRICK-WEBots/webots_ros2_brick/build/webots_ros2_brick/install.log --single-version-externally-managed install_data
[0.779s] running egg_info
[0.779s] writing build/webots_ros2_brick/webots_ros2_brick.egg-info/PKG-INFO
[0.780s] writing dependency_links to build/webots_ros2_brick/webots_ros2_brick.egg-info/dependency_links.txt
[0.780s] writing entry points to build/webots_ros2_brick/webots_ros2_brick.egg-info/entry_points.txt
[0.781s] writing requirements to build/webots_ros2_brick/webots_ros2_brick.egg-info/requires.txt
[0.781s] writing top-level names to build/webots_ros2_brick/webots_ros2_brick.egg-info/top_level.txt
[0.782s] reading manifest file 'build/webots_ros2_brick/webots_ros2_brick.egg-info/SOURCES.txt'
[0.782s] adding license file 'LICENSE'
[0.786s] writing manifest file 'build/webots_ros2_brick/webots_ros2_brick.egg-info/SOURCES.txt'
[0.786s] running build
[0.786s] running build_py
[0.786s] copying webots_ros2_brick/mqtt_receiver.py -> /home/ubuntu/Downloads/BRICK-WEBots/webots_ros2_brick/build/webots_ros2_brick/build/lib/webots_ros2_brick
[0.787s] running install
[0.787s] running install_lib
[0.788s] copying /home/ubuntu/Downloads/BRICK-WEBots/webots_ros2_brick/build/webots_ros2_brick/build/lib/webots_ros2_brick/mqtt_receiver.py -> /home/ubuntu/Downloads/BRICK-WEBots/webots_ros2_brick/install/webots_ros2_brick/lib/python3.10/site-packages/webots_ros2_brick
[0.788s] byte-compiling /home/ubuntu/Downloads/BRICK-WEBots/webots_ros2_brick/install/webots_ros2_brick/lib/python3.10/site-packages/webots_ros2_brick/mqtt_receiver.py to mqtt_receiver.cpython-310.pyc
[0.789s] running install_data
[0.789s] running install_egg_info
[0.790s] removing '/home/ubuntu/Downloads/BRICK-WEBots/webots_ros2_brick/install/webots_ros2_brick/lib/python3.10/site-packages/webots_ros2_brick-0.0.0-py3.10.egg-info' (and everything under it)
[0.792s] Copying build/webots_ros2_brick/webots_ros2_brick.egg-info to /home/ubuntu/Downloads/BRICK-WEBots/webots_ros2_brick/install/webots_ros2_brick/lib/python3.10/site-packages/webots_ros2_brick-0.0.0-py3.10.egg-info
[0.793s] running install_scripts
[0.808s] Installing mqtt_handler script to /home/ubuntu/Downloads/BRICK-WEBots/webots_ros2_brick/install/webots_ros2_brick/lib/webots_ros2_brick
[0.809s] Installing navigator script to /home/ubuntu/Downloads/BRICK-WEBots/webots_ros2_brick/install/webots_ros2_brick/lib/webots_ros2_brick
[0.809s] writing list of installed files to '/home/ubuntu/Downloads/BRICK-WEBots/webots_ros2_brick/build/webots_ros2_brick/install.log'
[0.829s] Invoked command in '/home/ubuntu/Downloads/BRICK-WEBots/webots_ros2_brick' returned '0': PYTHONPATH=/home/ubuntu/Downloads/BRICK-WEBots/webots_ros2_brick/build/webots_ros2_brick/prefix_override:/home/ubuntu/Downloads/BRICK-WEBots/webots_ros2_brick/install/webots_ros2_brick/lib/python3.10/site-packages:${PYTHONPATH} /usr/bin/python3 -W ignore:setup.py install is deprecated setup.py egg_info --egg-base build/webots_ros2_brick build --build-base /home/ubuntu/Downloads/BRICK-WEBots/webots_ros2_brick/build/webots_ros2_brick/build install --record /home/ubuntu/Downloads/BRICK-WEBots/webots_ros2_brick/build/webots_ros2_brick/install.log --single-version-externally-managed install_data
