[1.087s] Invoking command in '/home/ferre/brick/BRICK-WEBots/ros2-webots-v2': PYTHONPATH=/home/ferre/brick/BRICK-WEBots/build/ros2-webots-v2/prefix_override:/home/ferre/brick/BRICK-WEBots/install/ros2-webots-v2/lib/python3.10/site-packages:${PYTHONPATH} /usr/bin/python3 -W ignore:setup.py install is deprecated setup.py egg_info --egg-base ../build/ros2-webots-v2 build --build-base /home/ferre/brick/BRICK-WEBots/build/ros2-webots-v2/build install --record /home/ferre/brick/BRICK-WEBots/build/ros2-webots-v2/install.log --single-version-externally-managed install_data
[1.361s] running egg_info
[1.361s] writing ../build/ros2-webots-v2/ros2_webots_v2.egg-info/PKG-INFO
[1.362s] writing dependency_links to ../build/ros2-webots-v2/ros2_webots_v2.egg-info/dependency_links.txt
[1.362s] writing entry points to ../build/ros2-webots-v2/ros2_webots_v2.egg-info/entry_points.txt
[1.362s] writing requirements to ../build/ros2-webots-v2/ros2_webots_v2.egg-info/requires.txt
[1.362s] writing top-level names to ../build/ros2-webots-v2/ros2_webots_v2.egg-info/top_level.txt
[1.365s] reading manifest file '../build/ros2-webots-v2/ros2_webots_v2.egg-info/SOURCES.txt'
[1.365s] adding license file 'LICENSE'
[1.366s] writing manifest file '../build/ros2-webots-v2/ros2_webots_v2.egg-info/SOURCES.txt'
[1.366s] running build
[1.367s] running build_py
[1.367s] running install
[1.368s] running install_lib
[1.370s] running install_data
[1.370s] running install_egg_info
[1.372s] removing '/home/ferre/brick/BRICK-WEBots/install/ros2-webots-v2/lib/python3.10/site-packages/ros2_webots_v2-0.0.0-py3.10.egg-info' (and everything under it)
[1.373s] Copying ../build/ros2-webots-v2/ros2_webots_v2.egg-info to /home/ferre/brick/BRICK-WEBots/install/ros2-webots-v2/lib/python3.10/site-packages/ros2_webots_v2-0.0.0-py3.10.egg-info
[1.374s] running install_scripts
[1.403s] writing list of installed files to '/home/ferre/brick/BRICK-WEBots/build/ros2-webots-v2/install.log'
[1.461s] Invoked command in '/home/ferre/brick/BRICK-WEBots/ros2-webots-v2' returned '0': PYTHONPATH=/home/ferre/brick/BRICK-WEBots/build/ros2-webots-v2/prefix_override:/home/ferre/brick/BRICK-WEBots/install/ros2-webots-v2/lib/python3.10/site-packages:${PYTHONPATH} /usr/bin/python3 -W ignore:setup.py install is deprecated setup.py egg_info --egg-base ../build/ros2-webots-v2 build --build-base /home/ferre/brick/BRICK-WEBots/build/ros2-webots-v2/build install --record /home/ferre/brick/BRICK-WEBots/build/ros2-webots-v2/install.log --single-version-externally-managed install_data
