[0.029s] Invoking command in '/home/ferre/brick/BRICK-WEBots/build/vizanti_msgs': CMAKE_PREFIX_PATH=${CMAKE_PREFIX_PATH}:/home/ferre/brick/BRICK-WEBots/install/webots_ros2_brick:/home/ferre/brick/BRICK-WEBots/install/ros2-webots-v2:/opt/ros/iron /usr/bin/cmake --build /home/ferre/brick/BRICK-WEBots/build/vizanti_msgs -- -j12 -l12
[0.097s] [  1%] Built target vizanti_msgs__rosidl_generator_type_description
[0.121s] [  1%] Built target ament_cmake_python_copy_vizanti_msgs
[0.131s] [  1%] Built target vizanti_msgs__cpp
[0.141s] [ 26%] Built target vizanti_msgs__rosidl_generator_c
[0.183s] [ 47%] Built target vizanti_msgs__rosidl_typesupport_introspection_c
[0.184s] [ 55%] Built target vizanti_msgs__rosidl_typesupport_cpp
[0.184s] [ 47%] Built target vizanti_msgs__rosidl_typesupport_c
[0.189s] [ 65%] Built target vizanti_msgs__rosidl_typesupport_fastrtps_c
[0.192s] [ 75%] Built target vizanti_msgs__rosidl_typesupport_introspection_cpp
[0.198s] [ 84%] Built target vizanti_msgs__rosidl_typesupport_fastrtps_cpp
[0.229s] [ 84%] Built target vizanti_msgs
[0.258s] [ 85%] Built target vizanti_msgs__py
[0.293s] [ 94%] Built target vizanti_msgs__rosidl_generator_py
[0.330s] [ 96%] Built target vizanti_msgs__rosidl_typesupport_introspection_c__pyext
[0.333s] [ 98%] Built target vizanti_msgs__rosidl_typesupport_fastrtps_c__pyext
[0.336s] [100%] Built target vizanti_msgs__rosidl_typesupport_c__pyext
[0.432s] running egg_info
[0.433s] writing vizanti_msgs.egg-info/PKG-INFO
[0.433s] writing dependency_links to vizanti_msgs.egg-info/dependency_links.txt
[0.433s] writing top-level names to vizanti_msgs.egg-info/top_level.txt
[0.436s] reading manifest file 'vizanti_msgs.egg-info/SOURCES.txt'
[0.437s] writing manifest file 'vizanti_msgs.egg-info/SOURCES.txt'
[0.479s] [100%] Built target ament_cmake_python_build_vizanti_msgs_egg
[0.498s] Invoked command in '/home/ferre/brick/BRICK-WEBots/build/vizanti_msgs' returned '0': CMAKE_PREFIX_PATH=${CMAKE_PREFIX_PATH}:/home/ferre/brick/BRICK-WEBots/install/webots_ros2_brick:/home/ferre/brick/BRICK-WEBots/install/ros2-webots-v2:/opt/ros/iron /usr/bin/cmake --build /home/ferre/brick/BRICK-WEBots/build/vizanti_msgs -- -j12 -l12
[0.850s] Invoking command in '/home/ferre/brick/BRICK-WEBots/build/vizanti_msgs': CMAKE_PREFIX_PATH=${CMAKE_PREFIX_PATH}:/home/ferre/brick/BRICK-WEBots/install/webots_ros2_brick:/home/ferre/brick/BRICK-WEBots/install/ros2-webots-v2:/opt/ros/iron /usr/bin/cmake --install /home/ferre/brick/BRICK-WEBots/build/vizanti_msgs
[0.858s] -- Install configuration: ""
[0.858s] -- Up-to-date: /home/ferre/brick/BRICK-WEBots/install/vizanti_msgs/share/ament_index/resource_index/rosidl_interfaces/vizanti_msgs
[0.859s] -- Up-to-date: /home/ferre/brick/BRICK-WEBots/install/vizanti_msgs/share/vizanti_msgs/srv/GetNodeParameters.json
[0.859s] -- Up-to-date: /home/ferre/brick/BRICK-WEBots/install/vizanti_msgs/share/vizanti_msgs/srv/SetNodeParameter.json
[0.859s] -- Up-to-date: /home/ferre/brick/BRICK-WEBots/install/vizanti_msgs/share/vizanti_msgs/srv/SaveMap.json
[0.859s] -- Up-to-date: /home/ferre/brick/BRICK-WEBots/install/vizanti_msgs/share/vizanti_msgs/srv/LoadMap.json
[0.859s] -- Up-to-date: /home/ferre/brick/BRICK-WEBots/install/vizanti_msgs/share/vizanti_msgs/srv/RecordRosbag.json
[0.859s] -- Up-to-date: /home/ferre/brick/BRICK-WEBots/install/vizanti_msgs/share/vizanti_msgs/srv/ManageNode.json
[0.859s] -- Up-to-date: /home/ferre/brick/BRICK-WEBots/install/vizanti_msgs/share/vizanti_msgs/srv/ListPackages.json
[0.859s] -- Up-to-date: /home/ferre/brick/BRICK-WEBots/install/vizanti_msgs/share/vizanti_msgs/srv/ListExecutables.json
[0.860s] -- Up-to-date: /home/ferre/brick/BRICK-WEBots/install/vizanti_msgs/include/vizanti_msgs/vizanti_msgs
[0.860s] -- Up-to-date: /home/ferre/brick/BRICK-WEBots/install/vizanti_msgs/include/vizanti_msgs/vizanti_msgs/srv
[0.860s] -- Up-to-date: /home/ferre/brick/BRICK-WEBots/install/vizanti_msgs/include/vizanti_msgs/vizanti_msgs/srv/save_map.h
[0.860s] -- Up-to-date: /home/ferre/brick/BRICK-WEBots/install/vizanti_msgs/include/vizanti_msgs/vizanti_msgs/srv/list_executables.h
[0.860s] -- Up-to-date: /home/ferre/brick/BRICK-WEBots/install/vizanti_msgs/include/vizanti_msgs/vizanti_msgs/srv/record_rosbag.h
[0.860s] -- Up-to-date: /home/ferre/brick/BRICK-WEBots/install/vizanti_msgs/include/vizanti_msgs/vizanti_msgs/srv/get_node_parameters.h
[0.860s] -- Up-to-date: /home/ferre/brick/BRICK-WEBots/install/vizanti_msgs/include/vizanti_msgs/vizanti_msgs/srv/list_packages.h
[0.860s] -- Up-to-date: /home/ferre/brick/BRICK-WEBots/install/vizanti_msgs/include/vizanti_msgs/vizanti_msgs/srv/manage_node.h
[0.861s] -- Up-to-date: /home/ferre/brick/BRICK-WEBots/install/vizanti_msgs/include/vizanti_msgs/vizanti_msgs/srv/set_node_parameter.h
[0.861s] -- Up-to-date: /home/ferre/brick/BRICK-WEBots/install/vizanti_msgs/include/vizanti_msgs/vizanti_msgs/srv/load_map.h
[0.861s] -- Up-to-date: /home/ferre/brick/BRICK-WEBots/install/vizanti_msgs/include/vizanti_msgs/vizanti_msgs/srv/detail
[0.861s] -- Up-to-date: /home/ferre/brick/BRICK-WEBots/install/vizanti_msgs/include/vizanti_msgs/vizanti_msgs/srv/detail/get_node_parameters__functions.h
[0.861s] -- Up-to-date: /home/ferre/brick/BRICK-WEBots/install/vizanti_msgs/include/vizanti_msgs/vizanti_msgs/srv/detail/save_map__functions.c
[0.861s] -- Up-to-date: /home/ferre/brick/BRICK-WEBots/install/vizanti_msgs/include/vizanti_msgs/vizanti_msgs/srv/detail/save_map__type_support.h
[0.861s] -- Up-to-date: /home/ferre/brick/BRICK-WEBots/install/vizanti_msgs/include/vizanti_msgs/vizanti_msgs/srv/detail/record_rosbag__description.c
[0.861s] -- Up-to-date: /home/ferre/brick/BRICK-WEBots/install/vizanti_msgs/include/vizanti_msgs/vizanti_msgs/srv/detail/list_executables__description.c
[0.862s] -- Installing: /home/ferre/brick/BRICK-WEBots/install/vizanti_msgs/include/vizanti_msgs/vizanti_msgs/srv/detail/list_packages__type_support.c
[0.862s] -- Up-to-date: /home/ferre/brick/BRICK-WEBots/install/vizanti_msgs/include/vizanti_msgs/vizanti_msgs/srv/detail/set_node_parameter__functions.h
[0.862s] -- Up-to-date: /home/ferre/brick/BRICK-WEBots/install/vizanti_msgs/include/vizanti_msgs/vizanti_msgs/srv/detail/set_node_parameter__type_support.h
[0.862s] -- Up-to-date: /home/ferre/brick/BRICK-WEBots/install/vizanti_msgs/include/vizanti_msgs/vizanti_msgs/srv/detail/list_executables__functions.h
[0.862s] -- Up-to-date: /home/ferre/brick/BRICK-WEBots/install/vizanti_msgs/include/vizanti_msgs/vizanti_msgs/srv/detail/load_map__description.c
[0.862s] -- Up-to-date: /home/ferre/brick/BRICK-WEBots/install/vizanti_msgs/include/vizanti_msgs/vizanti_msgs/srv/detail/record_rosbag__struct.h
[0.862s] -- Up-to-date: /home/ferre/brick/BRICK-WEBots/install/vizanti_msgs/include/vizanti_msgs/vizanti_msgs/srv/detail/get_node_parameters__type_support.h
[0.862s] -- Up-to-date: /home/ferre/brick/BRICK-WEBots/install/vizanti_msgs/include/vizanti_msgs/vizanti_msgs/srv/detail/set_node_parameter__struct.h
[0.862s] -- Up-to-date: /home/ferre/brick/BRICK-WEBots/install/vizanti_msgs/include/vizanti_msgs/vizanti_msgs/srv/detail/list_packages__functions.c
[0.863s] -- Up-to-date: /home/ferre/brick/BRICK-WEBots/install/vizanti_msgs/include/vizanti_msgs/vizanti_msgs/srv/detail/manage_node__functions.h
[0.863s] -- Installing: /home/ferre/brick/BRICK-WEBots/install/vizanti_msgs/include/vizanti_msgs/vizanti_msgs/srv/detail/manage_node__type_support.c
[0.863s] -- Up-to-date: /home/ferre/brick/BRICK-WEBots/install/vizanti_msgs/include/vizanti_msgs/vizanti_msgs/srv/detail/manage_node__description.c
[0.863s] -- Up-to-date: /home/ferre/brick/BRICK-WEBots/install/vizanti_msgs/include/vizanti_msgs/vizanti_msgs/srv/detail/list_packages__functions.h
[0.863s] -- Installing: /home/ferre/brick/BRICK-WEBots/install/vizanti_msgs/include/vizanti_msgs/vizanti_msgs/srv/detail/get_node_parameters__type_support.c
[0.863s] -- Up-to-date: /home/ferre/brick/BRICK-WEBots/install/vizanti_msgs/include/vizanti_msgs/vizanti_msgs/srv/detail/save_map__functions.h
[0.863s] -- Up-to-date: /home/ferre/brick/BRICK-WEBots/install/vizanti_msgs/include/vizanti_msgs/vizanti_msgs/srv/detail/save_map__description.c
[0.863s] -- Up-to-date: /home/ferre/brick/BRICK-WEBots/install/vizanti_msgs/include/vizanti_msgs/vizanti_msgs/srv/detail/load_map__functions.h
[0.864s] -- Up-to-date: /home/ferre/brick/BRICK-WEBots/install/vizanti_msgs/include/vizanti_msgs/vizanti_msgs/srv/detail/list_packages__struct.h
[0.864s] -- Up-to-date: /home/ferre/brick/BRICK-WEBots/install/vizanti_msgs/include/vizanti_msgs/vizanti_msgs/srv/detail/load_map__functions.c
[0.864s] -- Up-to-date: /home/ferre/brick/BRICK-WEBots/install/vizanti_msgs/include/vizanti_msgs/vizanti_msgs/srv/detail/record_rosbag__functions.c
[0.864s] -- Up-to-date: /home/ferre/brick/BRICK-WEBots/install/vizanti_msgs/include/vizanti_msgs/vizanti_msgs/srv/detail/manage_node__type_support.h
[0.864s] -- Up-to-date: /home/ferre/brick/BRICK-WEBots/install/vizanti_msgs/include/vizanti_msgs/vizanti_msgs/srv/detail/manage_node__struct.h
[0.864s] -- Up-to-date: /home/ferre/brick/BRICK-WEBots/install/vizanti_msgs/include/vizanti_msgs/vizanti_msgs/srv/detail/manage_node__functions.c
[0.864s] -- Up-to-date: /home/ferre/brick/BRICK-WEBots/install/vizanti_msgs/include/vizanti_msgs/vizanti_msgs/srv/detail/get_node_parameters__functions.c
[0.864s] -- Installing: /home/ferre/brick/BRICK-WEBots/install/vizanti_msgs/include/vizanti_msgs/vizanti_msgs/srv/detail/set_node_parameter__type_support.c
[0.865s] -- Installing: /home/ferre/brick/BRICK-WEBots/install/vizanti_msgs/include/vizanti_msgs/vizanti_msgs/srv/detail/record_rosbag__type_support.c
[0.865s] -- Up-to-date: /home/ferre/brick/BRICK-WEBots/install/vizanti_msgs/include/vizanti_msgs/vizanti_msgs/srv/detail/list_executables__type_support.h
[0.865s] -- Up-to-date: /home/ferre/brick/BRICK-WEBots/install/vizanti_msgs/include/vizanti_msgs/vizanti_msgs/srv/detail/list_packages__description.c
[0.865s] -- Up-to-date: /home/ferre/brick/BRICK-WEBots/install/vizanti_msgs/include/vizanti_msgs/vizanti_msgs/srv/detail/get_node_parameters__struct.h
[0.865s] -- Up-to-date: /home/ferre/brick/BRICK-WEBots/install/vizanti_msgs/include/vizanti_msgs/vizanti_msgs/srv/detail/get_node_parameters__description.c
[0.865s] -- Installing: /home/ferre/brick/BRICK-WEBots/install/vizanti_msgs/include/vizanti_msgs/vizanti_msgs/srv/detail/save_map__type_support.c
[0.865s] -- Up-to-date: /home/ferre/brick/BRICK-WEBots/install/vizanti_msgs/include/vizanti_msgs/vizanti_msgs/srv/detail/list_packages__type_support.h
[0.865s] -- Up-to-date: /home/ferre/brick/BRICK-WEBots/install/vizanti_msgs/include/vizanti_msgs/vizanti_msgs/srv/detail/save_map__struct.h
[0.866s] -- Up-to-date: /home/ferre/brick/BRICK-WEBots/install/vizanti_msgs/include/vizanti_msgs/vizanti_msgs/srv/detail/record_rosbag__type_support.h
[0.866s] -- Up-to-date: /home/ferre/brick/BRICK-WEBots/install/vizanti_msgs/include/vizanti_msgs/vizanti_msgs/srv/detail/set_node_parameter__description.c
[0.866s] -- Up-to-date: /home/ferre/brick/BRICK-WEBots/install/vizanti_msgs/include/vizanti_msgs/vizanti_msgs/srv/detail/load_map__type_support.h
[0.866s] -- Up-to-date: /home/ferre/brick/BRICK-WEBots/install/vizanti_msgs/include/vizanti_msgs/vizanti_msgs/srv/detail/list_executables__functions.c
[0.866s] -- Up-to-date: /home/ferre/brick/BRICK-WEBots/install/vizanti_msgs/include/vizanti_msgs/vizanti_msgs/srv/detail/load_map__struct.h
[0.866s] -- Up-to-date: /home/ferre/brick/BRICK-WEBots/install/vizanti_msgs/include/vizanti_msgs/vizanti_msgs/srv/detail/set_node_parameter__functions.c
[0.866s] -- Up-to-date: /home/ferre/brick/BRICK-WEBots/install/vizanti_msgs/include/vizanti_msgs/vizanti_msgs/srv/detail/list_executables__struct.h
[0.866s] -- Installing: /home/ferre/brick/BRICK-WEBots/install/vizanti_msgs/include/vizanti_msgs/vizanti_msgs/srv/detail/list_executables__type_support.c
[0.867s] -- Installing: /home/ferre/brick/BRICK-WEBots/install/vizanti_msgs/include/vizanti_msgs/vizanti_msgs/srv/detail/load_map__type_support.c
[0.867s] -- Up-to-date: /home/ferre/brick/BRICK-WEBots/install/vizanti_msgs/include/vizanti_msgs/vizanti_msgs/srv/detail/record_rosbag__functions.h
[0.867s] -- Up-to-date: /home/ferre/brick/BRICK-WEBots/install/vizanti_msgs/include/vizanti_msgs/vizanti_msgs/msg
[0.867s] -- Up-to-date: /home/ferre/brick/BRICK-WEBots/install/vizanti_msgs/include/vizanti_msgs/vizanti_msgs/msg/rosidl_generator_c__visibility_control.h
[0.867s] -- Up-to-date: /home/ferre/brick/BRICK-WEBots/install/vizanti_msgs/share/vizanti_msgs/environment/library_path.sh
[0.867s] -- Up-to-date: /home/ferre/brick/BRICK-WEBots/install/vizanti_msgs/share/vizanti_msgs/environment/library_path.dsv
[0.867s] -- Up-to-date: /home/ferre/brick/BRICK-WEBots/install/vizanti_msgs/lib/libvizanti_msgs__rosidl_generator_c.so
[0.867s] -- Up-to-date: /home/ferre/brick/BRICK-WEBots/install/vizanti_msgs/include/vizanti_msgs/vizanti_msgs
[0.867s] -- Up-to-date: /home/ferre/brick/BRICK-WEBots/install/vizanti_msgs/include/vizanti_msgs/vizanti_msgs/srv
[0.868s] -- Up-to-date: /home/ferre/brick/BRICK-WEBots/install/vizanti_msgs/include/vizanti_msgs/vizanti_msgs/srv/detail
[0.868s] -- Up-to-date: /home/ferre/brick/BRICK-WEBots/install/vizanti_msgs/include/vizanti_msgs/vizanti_msgs/srv/detail/list_executables__rosidl_typesupport_fastrtps_c.h
[0.868s] -- Up-to-date: /home/ferre/brick/BRICK-WEBots/install/vizanti_msgs/include/vizanti_msgs/vizanti_msgs/srv/detail/list_packages__rosidl_typesupport_fastrtps_c.h
[0.868s] -- Up-to-date: /home/ferre/brick/BRICK-WEBots/install/vizanti_msgs/include/vizanti_msgs/vizanti_msgs/srv/detail/load_map__rosidl_typesupport_fastrtps_c.h
[0.868s] -- Up-to-date: /home/ferre/brick/BRICK-WEBots/install/vizanti_msgs/include/vizanti_msgs/vizanti_msgs/srv/detail/save_map__rosidl_typesupport_fastrtps_c.h
[0.868s] -- Up-to-date: /home/ferre/brick/BRICK-WEBots/install/vizanti_msgs/include/vizanti_msgs/vizanti_msgs/srv/detail/manage_node__rosidl_typesupport_fastrtps_c.h
[0.868s] -- Up-to-date: /home/ferre/brick/BRICK-WEBots/install/vizanti_msgs/include/vizanti_msgs/vizanti_msgs/srv/detail/record_rosbag__rosidl_typesupport_fastrtps_c.h
[0.868s] -- Up-to-date: /home/ferre/brick/BRICK-WEBots/install/vizanti_msgs/include/vizanti_msgs/vizanti_msgs/srv/detail/set_node_parameter__rosidl_typesupport_fastrtps_c.h
[0.869s] -- Up-to-date: /home/ferre/brick/BRICK-WEBots/install/vizanti_msgs/include/vizanti_msgs/vizanti_msgs/srv/detail/get_node_parameters__rosidl_typesupport_fastrtps_c.h
[0.869s] -- Up-to-date: /home/ferre/brick/BRICK-WEBots/install/vizanti_msgs/include/vizanti_msgs/vizanti_msgs/msg
[0.869s] -- Up-to-date: /home/ferre/brick/BRICK-WEBots/install/vizanti_msgs/include/vizanti_msgs/vizanti_msgs/msg/rosidl_typesupport_fastrtps_c__visibility_control.h
[0.869s] -- Up-to-date: /home/ferre/brick/BRICK-WEBots/install/vizanti_msgs/lib/libvizanti_msgs__rosidl_typesupport_fastrtps_c.so
[0.869s] -- Up-to-date: /home/ferre/brick/BRICK-WEBots/install/vizanti_msgs/include/vizanti_msgs/vizanti_msgs
[0.869s] -- Up-to-date: /home/ferre/brick/BRICK-WEBots/install/vizanti_msgs/include/vizanti_msgs/vizanti_msgs/srv
[0.869s] -- Up-to-date: /home/ferre/brick/BRICK-WEBots/install/vizanti_msgs/include/vizanti_msgs/vizanti_msgs/srv/detail
[0.869s] -- Up-to-date: /home/ferre/brick/BRICK-WEBots/install/vizanti_msgs/include/vizanti_msgs/vizanti_msgs/srv/detail/list_executables__rosidl_typesupport_introspection_c.h
[0.869s] -- Up-to-date: /home/ferre/brick/BRICK-WEBots/install/vizanti_msgs/include/vizanti_msgs/vizanti_msgs/srv/detail/list_packages__rosidl_typesupport_introspection_c.h
[0.870s] -- Installing: /home/ferre/brick/BRICK-WEBots/install/vizanti_msgs/include/vizanti_msgs/vizanti_msgs/srv/detail/list_packages__type_support.c
[0.870s] -- Installing: /home/ferre/brick/BRICK-WEBots/install/vizanti_msgs/include/vizanti_msgs/vizanti_msgs/srv/detail/manage_node__type_support.c
[0.870s] -- Installing: /home/ferre/brick/BRICK-WEBots/install/vizanti_msgs/include/vizanti_msgs/vizanti_msgs/srv/detail/get_node_parameters__type_support.c
[0.870s] -- Up-to-date: /home/ferre/brick/BRICK-WEBots/install/vizanti_msgs/include/vizanti_msgs/vizanti_msgs/srv/detail/load_map__rosidl_typesupport_introspection_c.h
[0.870s] -- Up-to-date: /home/ferre/brick/BRICK-WEBots/install/vizanti_msgs/include/vizanti_msgs/vizanti_msgs/srv/detail/get_node_parameters__rosidl_typesupport_introspection_c.h
[0.870s] -- Up-to-date: /home/ferre/brick/BRICK-WEBots/install/vizanti_msgs/include/vizanti_msgs/vizanti_msgs/srv/detail/save_map__rosidl_typesupport_introspection_c.h
[0.870s] -- Up-to-date: /home/ferre/brick/BRICK-WEBots/install/vizanti_msgs/include/vizanti_msgs/vizanti_msgs/srv/detail/set_node_parameter__rosidl_typesupport_introspection_c.h
[0.870s] -- Installing: /home/ferre/brick/BRICK-WEBots/install/vizanti_msgs/include/vizanti_msgs/vizanti_msgs/srv/detail/set_node_parameter__type_support.c
[0.870s] -- Installing: /home/ferre/brick/BRICK-WEBots/install/vizanti_msgs/include/vizanti_msgs/vizanti_msgs/srv/detail/record_rosbag__type_support.c
[0.871s] -- Installing: /home/ferre/brick/BRICK-WEBots/install/vizanti_msgs/include/vizanti_msgs/vizanti_msgs/srv/detail/save_map__type_support.c
[0.871s] -- Up-to-date: /home/ferre/brick/BRICK-WEBots/install/vizanti_msgs/include/vizanti_msgs/vizanti_msgs/srv/detail/record_rosbag__rosidl_typesupport_introspection_c.h
[0.871s] -- Up-to-date: /home/ferre/brick/BRICK-WEBots/install/vizanti_msgs/include/vizanti_msgs/vizanti_msgs/srv/detail/manage_node__rosidl_typesupport_introspection_c.h
[0.871s] -- Installing: /home/ferre/brick/BRICK-WEBots/install/vizanti_msgs/include/vizanti_msgs/vizanti_msgs/srv/detail/list_executables__type_support.c
[0.871s] -- Installing: /home/ferre/brick/BRICK-WEBots/install/vizanti_msgs/include/vizanti_msgs/vizanti_msgs/srv/detail/load_map__type_support.c
[0.871s] -- Up-to-date: /home/ferre/brick/BRICK-WEBots/install/vizanti_msgs/include/vizanti_msgs/vizanti_msgs/msg
[0.872s] -- Up-to-date: /home/ferre/brick/BRICK-WEBots/install/vizanti_msgs/include/vizanti_msgs/vizanti_msgs/msg/rosidl_typesupport_introspection_c__visibility_control.h
[0.872s] -- Up-to-date: /home/ferre/brick/BRICK-WEBots/install/vizanti_msgs/lib/libvizanti_msgs__rosidl_typesupport_introspection_c.so
[0.872s] -- Up-to-date: /home/ferre/brick/BRICK-WEBots/install/vizanti_msgs/lib/libvizanti_msgs__rosidl_typesupport_c.so
[0.873s] -- Up-to-date: /home/ferre/brick/BRICK-WEBots/install/vizanti_msgs/include/vizanti_msgs/vizanti_msgs
[0.873s] -- Up-to-date: /home/ferre/brick/BRICK-WEBots/install/vizanti_msgs/include/vizanti_msgs/vizanti_msgs/srv
[0.873s] -- Up-to-date: /home/ferre/brick/BRICK-WEBots/install/vizanti_msgs/include/vizanti_msgs/vizanti_msgs/srv/list_executables.hpp
[0.873s] -- Up-to-date: /home/ferre/brick/BRICK-WEBots/install/vizanti_msgs/include/vizanti_msgs/vizanti_msgs/srv/record_rosbag.hpp
[0.873s] -- Up-to-date: /home/ferre/brick/BRICK-WEBots/install/vizanti_msgs/include/vizanti_msgs/vizanti_msgs/srv/manage_node.hpp
[0.873s] -- Up-to-date: /home/ferre/brick/BRICK-WEBots/install/vizanti_msgs/include/vizanti_msgs/vizanti_msgs/srv/list_packages.hpp
[0.873s] -- Up-to-date: /home/ferre/brick/BRICK-WEBots/install/vizanti_msgs/include/vizanti_msgs/vizanti_msgs/srv/set_node_parameter.hpp
[0.874s] -- Up-to-date: /home/ferre/brick/BRICK-WEBots/install/vizanti_msgs/include/vizanti_msgs/vizanti_msgs/srv/load_map.hpp
[0.874s] -- Up-to-date: /home/ferre/brick/BRICK-WEBots/install/vizanti_msgs/include/vizanti_msgs/vizanti_msgs/srv/get_node_parameters.hpp
[0.874s] -- Up-to-date: /home/ferre/brick/BRICK-WEBots/install/vizanti_msgs/include/vizanti_msgs/vizanti_msgs/srv/save_map.hpp
[0.874s] -- Up-to-date: /home/ferre/brick/BRICK-WEBots/install/vizanti_msgs/include/vizanti_msgs/vizanti_msgs/srv/detail
[0.874s] -- Up-to-date: /home/ferre/brick/BRICK-WEBots/install/vizanti_msgs/include/vizanti_msgs/vizanti_msgs/srv/detail/manage_node__builder.hpp
[0.874s] -- Up-to-date: /home/ferre/brick/BRICK-WEBots/install/vizanti_msgs/include/vizanti_msgs/vizanti_msgs/srv/detail/save_map__struct.hpp
[0.874s] -- Up-to-date: /home/ferre/brick/BRICK-WEBots/install/vizanti_msgs/include/vizanti_msgs/vizanti_msgs/srv/detail/load_map__builder.hpp
[0.874s] -- Up-to-date: /home/ferre/brick/BRICK-WEBots/install/vizanti_msgs/include/vizanti_msgs/vizanti_msgs/srv/detail/set_node_parameter__builder.hpp
[0.875s] -- Up-to-date: /home/ferre/brick/BRICK-WEBots/install/vizanti_msgs/include/vizanti_msgs/vizanti_msgs/srv/detail/set_node_parameter__struct.hpp
[0.875s] -- Up-to-date: /home/ferre/brick/BRICK-WEBots/install/vizanti_msgs/include/vizanti_msgs/vizanti_msgs/srv/detail/list_packages__builder.hpp
[0.875s] -- Up-to-date: /home/ferre/brick/BRICK-WEBots/install/vizanti_msgs/include/vizanti_msgs/vizanti_msgs/srv/detail/record_rosbag__struct.hpp
[0.875s] -- Up-to-date: /home/ferre/brick/BRICK-WEBots/install/vizanti_msgs/include/vizanti_msgs/vizanti_msgs/srv/detail/record_rosbag__traits.hpp
[0.875s] -- Up-to-date: /home/ferre/brick/BRICK-WEBots/install/vizanti_msgs/include/vizanti_msgs/vizanti_msgs/srv/detail/save_map__traits.hpp
[0.875s] -- Up-to-date: /home/ferre/brick/BRICK-WEBots/install/vizanti_msgs/include/vizanti_msgs/vizanti_msgs/srv/detail/get_node_parameters__struct.hpp
[0.875s] -- Up-to-date: /home/ferre/brick/BRICK-WEBots/install/vizanti_msgs/include/vizanti_msgs/vizanti_msgs/srv/detail/get_node_parameters__traits.hpp
[0.876s] -- Up-to-date: /home/ferre/brick/BRICK-WEBots/install/vizanti_msgs/include/vizanti_msgs/vizanti_msgs/srv/detail/list_executables__traits.hpp
[0.876s] -- Up-to-date: /home/ferre/brick/BRICK-WEBots/install/vizanti_msgs/include/vizanti_msgs/vizanti_msgs/srv/detail/list_packages__traits.hpp
[0.876s] -- Up-to-date: /home/ferre/brick/BRICK-WEBots/install/vizanti_msgs/include/vizanti_msgs/vizanti_msgs/srv/detail/list_executables__struct.hpp
[0.876s] -- Up-to-date: /home/ferre/brick/BRICK-WEBots/install/vizanti_msgs/include/vizanti_msgs/vizanti_msgs/srv/detail/record_rosbag__builder.hpp
[0.876s] -- Up-to-date: /home/ferre/brick/BRICK-WEBots/install/vizanti_msgs/include/vizanti_msgs/vizanti_msgs/srv/detail/manage_node__traits.hpp
[0.876s] -- Up-to-date: /home/ferre/brick/BRICK-WEBots/install/vizanti_msgs/include/vizanti_msgs/vizanti_msgs/srv/detail/load_map__traits.hpp
[0.876s] -- Up-to-date: /home/ferre/brick/BRICK-WEBots/install/vizanti_msgs/include/vizanti_msgs/vizanti_msgs/srv/detail/get_node_parameters__builder.hpp
[0.876s] -- Up-to-date: /home/ferre/brick/BRICK-WEBots/install/vizanti_msgs/include/vizanti_msgs/vizanti_msgs/srv/detail/list_packages__struct.hpp
[0.877s] -- Up-to-date: /home/ferre/brick/BRICK-WEBots/install/vizanti_msgs/include/vizanti_msgs/vizanti_msgs/srv/detail/manage_node__struct.hpp
[0.877s] -- Up-to-date: /home/ferre/brick/BRICK-WEBots/install/vizanti_msgs/include/vizanti_msgs/vizanti_msgs/srv/detail/set_node_parameter__traits.hpp
[0.877s] -- Up-to-date: /home/ferre/brick/BRICK-WEBots/install/vizanti_msgs/include/vizanti_msgs/vizanti_msgs/srv/detail/list_executables__builder.hpp
[0.877s] -- Up-to-date: /home/ferre/brick/BRICK-WEBots/install/vizanti_msgs/include/vizanti_msgs/vizanti_msgs/srv/detail/save_map__builder.hpp
[0.877s] -- Up-to-date: /home/ferre/brick/BRICK-WEBots/install/vizanti_msgs/include/vizanti_msgs/vizanti_msgs/srv/detail/load_map__struct.hpp
[0.877s] -- Up-to-date: /home/ferre/brick/BRICK-WEBots/install/vizanti_msgs/include/vizanti_msgs/vizanti_msgs
[0.877s] -- Up-to-date: /home/ferre/brick/BRICK-WEBots/install/vizanti_msgs/include/vizanti_msgs/vizanti_msgs/srv
[0.877s] -- Up-to-date: /home/ferre/brick/BRICK-WEBots/install/vizanti_msgs/include/vizanti_msgs/vizanti_msgs/srv/detail
[0.878s] -- Up-to-date: /home/ferre/brick/BRICK-WEBots/install/vizanti_msgs/include/vizanti_msgs/vizanti_msgs/srv/detail/manage_node__rosidl_typesupport_fastrtps_cpp.hpp
[0.878s] -- Up-to-date: /home/ferre/brick/BRICK-WEBots/install/vizanti_msgs/include/vizanti_msgs/vizanti_msgs/srv/detail/dds_fastrtps
[0.878s] -- Up-to-date: /home/ferre/brick/BRICK-WEBots/install/vizanti_msgs/include/vizanti_msgs/vizanti_msgs/srv/detail/get_node_parameters__rosidl_typesupport_fastrtps_cpp.hpp
[0.878s] -- Up-to-date: /home/ferre/brick/BRICK-WEBots/install/vizanti_msgs/include/vizanti_msgs/vizanti_msgs/srv/detail/list_executables__rosidl_typesupport_fastrtps_cpp.hpp
[0.878s] -- Up-to-date: /home/ferre/brick/BRICK-WEBots/install/vizanti_msgs/include/vizanti_msgs/vizanti_msgs/srv/detail/list_packages__rosidl_typesupport_fastrtps_cpp.hpp
[0.878s] -- Up-to-date: /home/ferre/brick/BRICK-WEBots/install/vizanti_msgs/include/vizanti_msgs/vizanti_msgs/srv/detail/save_map__rosidl_typesupport_fastrtps_cpp.hpp
[0.878s] -- Up-to-date: /home/ferre/brick/BRICK-WEBots/install/vizanti_msgs/include/vizanti_msgs/vizanti_msgs/srv/detail/set_node_parameter__rosidl_typesupport_fastrtps_cpp.hpp
[0.878s] -- Up-to-date: /home/ferre/brick/BRICK-WEBots/install/vizanti_msgs/include/vizanti_msgs/vizanti_msgs/srv/detail/load_map__rosidl_typesupport_fastrtps_cpp.hpp
[0.878s] -- Up-to-date: /home/ferre/brick/BRICK-WEBots/install/vizanti_msgs/include/vizanti_msgs/vizanti_msgs/srv/detail/record_rosbag__rosidl_typesupport_fastrtps_cpp.hpp
[0.879s] -- Up-to-date: /home/ferre/brick/BRICK-WEBots/install/vizanti_msgs/include/vizanti_msgs/vizanti_msgs/msg
[0.879s] -- Up-to-date: /home/ferre/brick/BRICK-WEBots/install/vizanti_msgs/include/vizanti_msgs/vizanti_msgs/msg/rosidl_typesupport_fastrtps_cpp__visibility_control.h
[0.879s] -- Up-to-date: /home/ferre/brick/BRICK-WEBots/install/vizanti_msgs/lib/libvizanti_msgs__rosidl_typesupport_fastrtps_cpp.so
[0.879s] -- Up-to-date: /home/ferre/brick/BRICK-WEBots/install/vizanti_msgs/include/vizanti_msgs/vizanti_msgs
[0.879s] -- Up-to-date: /home/ferre/brick/BRICK-WEBots/install/vizanti_msgs/include/vizanti_msgs/vizanti_msgs/srv
[0.879s] -- Up-to-date: /home/ferre/brick/BRICK-WEBots/install/vizanti_msgs/include/vizanti_msgs/vizanti_msgs/srv/detail
[0.879s] -- Up-to-date: /home/ferre/brick/BRICK-WEBots/install/vizanti_msgs/include/vizanti_msgs/vizanti_msgs/srv/detail/list_executables__rosidl_typesupport_introspection_cpp.hpp
[0.879s] -- Up-to-date: /home/ferre/brick/BRICK-WEBots/install/vizanti_msgs/include/vizanti_msgs/vizanti_msgs/srv/detail/load_map__rosidl_typesupport_introspection_cpp.hpp
[0.880s] -- Up-to-date: /home/ferre/brick/BRICK-WEBots/install/vizanti_msgs/include/vizanti_msgs/vizanti_msgs/srv/detail/manage_node__rosidl_typesupport_introspection_cpp.hpp
[0.880s] -- Up-to-date: /home/ferre/brick/BRICK-WEBots/install/vizanti_msgs/include/vizanti_msgs/vizanti_msgs/srv/detail/list_executables__type_support.cpp
[0.880s] -- Up-to-date: /home/ferre/brick/BRICK-WEBots/install/vizanti_msgs/include/vizanti_msgs/vizanti_msgs/srv/detail/set_node_parameter__type_support.cpp
[0.880s] -- Up-to-date: /home/ferre/brick/BRICK-WEBots/install/vizanti_msgs/include/vizanti_msgs/vizanti_msgs/srv/detail/list_packages__type_support.cpp
[0.880s] -- Up-to-date: /home/ferre/brick/BRICK-WEBots/install/vizanti_msgs/include/vizanti_msgs/vizanti_msgs/srv/detail/list_packages__rosidl_typesupport_introspection_cpp.hpp
[0.880s] -- Up-to-date: /home/ferre/brick/BRICK-WEBots/install/vizanti_msgs/include/vizanti_msgs/vizanti_msgs/srv/detail/save_map__type_support.cpp
[0.880s] -- Up-to-date: /home/ferre/brick/BRICK-WEBots/install/vizanti_msgs/include/vizanti_msgs/vizanti_msgs/srv/detail/record_rosbag__rosidl_typesupport_introspection_cpp.hpp
[0.880s] -- Up-to-date: /home/ferre/brick/BRICK-WEBots/install/vizanti_msgs/include/vizanti_msgs/vizanti_msgs/srv/detail/get_node_parameters__rosidl_typesupport_introspection_cpp.hpp
[0.881s] -- Up-to-date: /home/ferre/brick/BRICK-WEBots/install/vizanti_msgs/include/vizanti_msgs/vizanti_msgs/srv/detail/load_map__type_support.cpp
[0.881s] -- Up-to-date: /home/ferre/brick/BRICK-WEBots/install/vizanti_msgs/include/vizanti_msgs/vizanti_msgs/srv/detail/manage_node__type_support.cpp
[0.881s] -- Up-to-date: /home/ferre/brick/BRICK-WEBots/install/vizanti_msgs/include/vizanti_msgs/vizanti_msgs/srv/detail/save_map__rosidl_typesupport_introspection_cpp.hpp
[0.881s] -- Up-to-date: /home/ferre/brick/BRICK-WEBots/install/vizanti_msgs/include/vizanti_msgs/vizanti_msgs/srv/detail/get_node_parameters__type_support.cpp
[0.881s] -- Up-to-date: /home/ferre/brick/BRICK-WEBots/install/vizanti_msgs/include/vizanti_msgs/vizanti_msgs/srv/detail/record_rosbag__type_support.cpp
[0.881s] -- Up-to-date: /home/ferre/brick/BRICK-WEBots/install/vizanti_msgs/include/vizanti_msgs/vizanti_msgs/srv/detail/set_node_parameter__rosidl_typesupport_introspection_cpp.hpp
[0.881s] -- Up-to-date: /home/ferre/brick/BRICK-WEBots/install/vizanti_msgs/lib/libvizanti_msgs__rosidl_typesupport_introspection_cpp.so
[0.882s] -- Up-to-date: /home/ferre/brick/BRICK-WEBots/install/vizanti_msgs/lib/libvizanti_msgs__rosidl_typesupport_cpp.so
[0.882s] -- Up-to-date: /home/ferre/brick/BRICK-WEBots/install/vizanti_msgs/share/vizanti_msgs/environment/pythonpath.sh
[0.882s] -- Up-to-date: /home/ferre/brick/BRICK-WEBots/install/vizanti_msgs/share/vizanti_msgs/environment/pythonpath.dsv
[0.882s] -- Up-to-date: /home/ferre/brick/BRICK-WEBots/install/vizanti_msgs/lib/python3.10/site-packages/vizanti_msgs-0.1.0-py3.10.egg-info
[0.882s] -- Installing: /home/ferre/brick/BRICK-WEBots/install/vizanti_msgs/lib/python3.10/site-packages/vizanti_msgs-0.1.0-py3.10.egg-info/dependency_links.txt
[0.882s] -- Installing: /home/ferre/brick/BRICK-WEBots/install/vizanti_msgs/lib/python3.10/site-packages/vizanti_msgs-0.1.0-py3.10.egg-info/SOURCES.txt
[0.882s] -- Installing: /home/ferre/brick/BRICK-WEBots/install/vizanti_msgs/lib/python3.10/site-packages/vizanti_msgs-0.1.0-py3.10.egg-info/top_level.txt
[0.882s] -- Installing: /home/ferre/brick/BRICK-WEBots/install/vizanti_msgs/lib/python3.10/site-packages/vizanti_msgs-0.1.0-py3.10.egg-info/PKG-INFO
[0.883s] -- Up-to-date: /home/ferre/brick/BRICK-WEBots/install/vizanti_msgs/lib/python3.10/site-packages/vizanti_msgs
[0.883s] -- Up-to-date: /home/ferre/brick/BRICK-WEBots/install/vizanti_msgs/lib/python3.10/site-packages/vizanti_msgs/srv
[0.883s] -- Up-to-date: /home/ferre/brick/BRICK-WEBots/install/vizanti_msgs/lib/python3.10/site-packages/vizanti_msgs/srv/_set_node_parameter.py
[0.883s] -- Up-to-date: /home/ferre/brick/BRICK-WEBots/install/vizanti_msgs/lib/python3.10/site-packages/vizanti_msgs/srv/_record_rosbag_s.c
[0.883s] -- Up-to-date: /home/ferre/brick/BRICK-WEBots/install/vizanti_msgs/lib/python3.10/site-packages/vizanti_msgs/srv/_record_rosbag.py
[0.883s] -- Up-to-date: /home/ferre/brick/BRICK-WEBots/install/vizanti_msgs/lib/python3.10/site-packages/vizanti_msgs/srv/_load_map.py
[0.883s] -- Up-to-date: /home/ferre/brick/BRICK-WEBots/install/vizanti_msgs/lib/python3.10/site-packages/vizanti_msgs/srv/_save_map.py
[0.883s] -- Up-to-date: /home/ferre/brick/BRICK-WEBots/install/vizanti_msgs/lib/python3.10/site-packages/vizanti_msgs/srv/_get_node_parameters.py
[0.883s] -- Up-to-date: /home/ferre/brick/BRICK-WEBots/install/vizanti_msgs/lib/python3.10/site-packages/vizanti_msgs/srv/_list_executables_s.c
[0.884s] -- Up-to-date: /home/ferre/brick/BRICK-WEBots/install/vizanti_msgs/lib/python3.10/site-packages/vizanti_msgs/srv/_get_node_parameters_s.c
[0.884s] -- Up-to-date: /home/ferre/brick/BRICK-WEBots/install/vizanti_msgs/lib/python3.10/site-packages/vizanti_msgs/srv/_manage_node.py
[0.884s] -- Up-to-date: /home/ferre/brick/BRICK-WEBots/install/vizanti_msgs/lib/python3.10/site-packages/vizanti_msgs/srv/_list_packages.py
[0.884s] -- Up-to-date: /home/ferre/brick/BRICK-WEBots/install/vizanti_msgs/lib/python3.10/site-packages/vizanti_msgs/srv/_list_packages_s.c
[0.884s] -- Up-to-date: /home/ferre/brick/BRICK-WEBots/install/vizanti_msgs/lib/python3.10/site-packages/vizanti_msgs/srv/_set_node_parameter_s.c
[0.884s] -- Up-to-date: /home/ferre/brick/BRICK-WEBots/install/vizanti_msgs/lib/python3.10/site-packages/vizanti_msgs/srv/_list_executables.py
[0.884s] -- Up-to-date: /home/ferre/brick/BRICK-WEBots/install/vizanti_msgs/lib/python3.10/site-packages/vizanti_msgs/srv/_load_map_s.c
[0.884s] -- Up-to-date: /home/ferre/brick/BRICK-WEBots/install/vizanti_msgs/lib/python3.10/site-packages/vizanti_msgs/srv/__init__.py
[0.884s] -- Up-to-date: /home/ferre/brick/BRICK-WEBots/install/vizanti_msgs/lib/python3.10/site-packages/vizanti_msgs/srv/_manage_node_s.c
[0.884s] -- Up-to-date: /home/ferre/brick/BRICK-WEBots/install/vizanti_msgs/lib/python3.10/site-packages/vizanti_msgs/srv/_save_map_s.c
[0.885s] -- Up-to-date: /home/ferre/brick/BRICK-WEBots/install/vizanti_msgs/lib/python3.10/site-packages/vizanti_msgs/libvizanti_msgs__rosidl_generator_py.so
[0.885s] -- Up-to-date: /home/ferre/brick/BRICK-WEBots/install/vizanti_msgs/lib/python3.10/site-packages/vizanti_msgs/vizanti_msgs_s__rosidl_typesupport_c.cpython-310-x86_64-linux-gnu.so
[0.885s] -- Up-to-date: /home/ferre/brick/BRICK-WEBots/install/vizanti_msgs/lib/python3.10/site-packages/vizanti_msgs/_vizanti_msgs_s.ep.rosidl_typesupport_introspection_c.c
[0.885s] -- Up-to-date: /home/ferre/brick/BRICK-WEBots/install/vizanti_msgs/lib/python3.10/site-packages/vizanti_msgs/vizanti_msgs_s__rosidl_typesupport_introspection_c.cpython-310-x86_64-linux-gnu.so
[0.885s] -- Up-to-date: /home/ferre/brick/BRICK-WEBots/install/vizanti_msgs/lib/python3.10/site-packages/vizanti_msgs/vizanti_msgs_s__rosidl_typesupport_fastrtps_c.cpython-310-x86_64-linux-gnu.so
[0.885s] -- Up-to-date: /home/ferre/brick/BRICK-WEBots/install/vizanti_msgs/lib/python3.10/site-packages/vizanti_msgs/_vizanti_msgs_s.ep.rosidl_typesupport_c.c
[0.885s] -- Up-to-date: /home/ferre/brick/BRICK-WEBots/install/vizanti_msgs/lib/python3.10/site-packages/vizanti_msgs/_vizanti_msgs_s.ep.rosidl_typesupport_fastrtps_c.c
[0.885s] -- Up-to-date: /home/ferre/brick/BRICK-WEBots/install/vizanti_msgs/lib/python3.10/site-packages/vizanti_msgs/__init__.py
[0.917s] Listing '/home/ferre/brick/BRICK-WEBots/install/vizanti_msgs/lib/python3.10/site-packages/vizanti_msgs'...
[0.917s] Listing '/home/ferre/brick/BRICK-WEBots/install/vizanti_msgs/lib/python3.10/site-packages/vizanti_msgs/srv'...
[0.922s] -- Up-to-date: /home/ferre/brick/BRICK-WEBots/install/vizanti_msgs/lib/python3.10/site-packages/vizanti_msgs/vizanti_msgs_s__rosidl_typesupport_fastrtps_c.cpython-310-x86_64-linux-gnu.so
[0.923s] -- Up-to-date: /home/ferre/brick/BRICK-WEBots/install/vizanti_msgs/lib/python3.10/site-packages/vizanti_msgs/vizanti_msgs_s__rosidl_typesupport_introspection_c.cpython-310-x86_64-linux-gnu.so
[0.923s] -- Up-to-date: /home/ferre/brick/BRICK-WEBots/install/vizanti_msgs/lib/python3.10/site-packages/vizanti_msgs/vizanti_msgs_s__rosidl_typesupport_c.cpython-310-x86_64-linux-gnu.so
[0.924s] -- Up-to-date: /home/ferre/brick/BRICK-WEBots/install/vizanti_msgs/lib/libvizanti_msgs__rosidl_generator_py.so
[0.924s] -- Up-to-date: /home/ferre/brick/BRICK-WEBots/install/vizanti_msgs/share/vizanti_msgs/srv/GetNodeParameters.idl
[0.924s] -- Up-to-date: /home/ferre/brick/BRICK-WEBots/install/vizanti_msgs/share/vizanti_msgs/srv/SetNodeParameter.idl
[0.924s] -- Up-to-date: /home/ferre/brick/BRICK-WEBots/install/vizanti_msgs/share/vizanti_msgs/srv/SaveMap.idl
[0.924s] -- Up-to-date: /home/ferre/brick/BRICK-WEBots/install/vizanti_msgs/share/vizanti_msgs/srv/LoadMap.idl
[0.925s] -- Up-to-date: /home/ferre/brick/BRICK-WEBots/install/vizanti_msgs/share/vizanti_msgs/srv/RecordRosbag.idl
[0.925s] -- Up-to-date: /home/ferre/brick/BRICK-WEBots/install/vizanti_msgs/share/vizanti_msgs/srv/ManageNode.idl
[0.925s] -- Up-to-date: /home/ferre/brick/BRICK-WEBots/install/vizanti_msgs/share/vizanti_msgs/srv/ListPackages.idl
[0.925s] -- Up-to-date: /home/ferre/brick/BRICK-WEBots/install/vizanti_msgs/share/vizanti_msgs/srv/ListExecutables.idl
[0.925s] -- Up-to-date: /home/ferre/brick/BRICK-WEBots/install/vizanti_msgs/share/vizanti_msgs/srv/GetNodeParameters.srv
[0.925s] -- Up-to-date: /home/ferre/brick/BRICK-WEBots/install/vizanti_msgs/share/vizanti_msgs/srv/GetNodeParameters_Request.msg
[0.926s] -- Up-to-date: /home/ferre/brick/BRICK-WEBots/install/vizanti_msgs/share/vizanti_msgs/srv/GetNodeParameters_Response.msg
[0.926s] -- Up-to-date: /home/ferre/brick/BRICK-WEBots/install/vizanti_msgs/share/vizanti_msgs/srv/SetNodeParameter.srv
[0.926s] -- Up-to-date: /home/ferre/brick/BRICK-WEBots/install/vizanti_msgs/share/vizanti_msgs/srv/SetNodeParameter_Request.msg
[0.926s] -- Up-to-date: /home/ferre/brick/BRICK-WEBots/install/vizanti_msgs/share/vizanti_msgs/srv/SetNodeParameter_Response.msg
[0.926s] -- Up-to-date: /home/ferre/brick/BRICK-WEBots/install/vizanti_msgs/share/vizanti_msgs/srv/SaveMap.srv
[0.927s] -- Up-to-date: /home/ferre/brick/BRICK-WEBots/install/vizanti_msgs/share/vizanti_msgs/srv/SaveMap_Request.msg
[0.927s] -- Up-to-date: /home/ferre/brick/BRICK-WEBots/install/vizanti_msgs/share/vizanti_msgs/srv/SaveMap_Response.msg
[0.927s] -- Up-to-date: /home/ferre/brick/BRICK-WEBots/install/vizanti_msgs/share/vizanti_msgs/srv/LoadMap.srv
[0.927s] -- Up-to-date: /home/ferre/brick/BRICK-WEBots/install/vizanti_msgs/share/vizanti_msgs/srv/LoadMap_Request.msg
[0.927s] -- Up-to-date: /home/ferre/brick/BRICK-WEBots/install/vizanti_msgs/share/vizanti_msgs/srv/LoadMap_Response.msg
[0.927s] -- Up-to-date: /home/ferre/brick/BRICK-WEBots/install/vizanti_msgs/share/vizanti_msgs/srv/RecordRosbag.srv
[0.928s] -- Up-to-date: /home/ferre/brick/BRICK-WEBots/install/vizanti_msgs/share/vizanti_msgs/srv/RecordRosbag_Request.msg
[0.928s] -- Up-to-date: /home/ferre/brick/BRICK-WEBots/install/vizanti_msgs/share/vizanti_msgs/srv/RecordRosbag_Response.msg
[0.928s] -- Up-to-date: /home/ferre/brick/BRICK-WEBots/install/vizanti_msgs/share/vizanti_msgs/srv/ManageNode.srv
[0.928s] -- Up-to-date: /home/ferre/brick/BRICK-WEBots/install/vizanti_msgs/share/vizanti_msgs/srv/ManageNode_Request.msg
[0.928s] -- Up-to-date: /home/ferre/brick/BRICK-WEBots/install/vizanti_msgs/share/vizanti_msgs/srv/ManageNode_Response.msg
[0.928s] -- Up-to-date: /home/ferre/brick/BRICK-WEBots/install/vizanti_msgs/share/vizanti_msgs/srv/ListPackages.srv
[0.929s] -- Up-to-date: /home/ferre/brick/BRICK-WEBots/install/vizanti_msgs/share/vizanti_msgs/srv/ListPackages_Request.msg
[0.929s] -- Up-to-date: /home/ferre/brick/BRICK-WEBots/install/vizanti_msgs/share/vizanti_msgs/srv/ListPackages_Response.msg
[0.929s] -- Up-to-date: /home/ferre/brick/BRICK-WEBots/install/vizanti_msgs/share/vizanti_msgs/srv/ListExecutables.srv
[0.929s] -- Up-to-date: /home/ferre/brick/BRICK-WEBots/install/vizanti_msgs/share/vizanti_msgs/srv/ListExecutables_Request.msg
[0.929s] -- Up-to-date: /home/ferre/brick/BRICK-WEBots/install/vizanti_msgs/share/vizanti_msgs/srv/ListExecutables_Response.msg
[0.929s] -- Up-to-date: /home/ferre/brick/BRICK-WEBots/install/vizanti_msgs/share/ament_index/resource_index/package_run_dependencies/vizanti_msgs
[0.929s] -- Up-to-date: /home/ferre/brick/BRICK-WEBots/install/vizanti_msgs/share/ament_index/resource_index/parent_prefix_path/vizanti_msgs
[0.930s] -- Up-to-date: /home/ferre/brick/BRICK-WEBots/install/vizanti_msgs/share/vizanti_msgs/environment/ament_prefix_path.sh
[0.930s] -- Up-to-date: /home/ferre/brick/BRICK-WEBots/install/vizanti_msgs/share/vizanti_msgs/environment/ament_prefix_path.dsv
[0.930s] -- Up-to-date: /home/ferre/brick/BRICK-WEBots/install/vizanti_msgs/share/vizanti_msgs/environment/path.sh
[0.930s] -- Up-to-date: /home/ferre/brick/BRICK-WEBots/install/vizanti_msgs/share/vizanti_msgs/environment/path.dsv
[0.930s] -- Up-to-date: /home/ferre/brick/BRICK-WEBots/install/vizanti_msgs/share/vizanti_msgs/local_setup.bash
[0.930s] -- Up-to-date: /home/ferre/brick/BRICK-WEBots/install/vizanti_msgs/share/vizanti_msgs/local_setup.sh
[0.930s] -- Up-to-date: /home/ferre/brick/BRICK-WEBots/install/vizanti_msgs/share/vizanti_msgs/local_setup.zsh
[0.930s] -- Up-to-date: /home/ferre/brick/BRICK-WEBots/install/vizanti_msgs/share/vizanti_msgs/local_setup.dsv
[0.931s] -- Installing: /home/ferre/brick/BRICK-WEBots/install/vizanti_msgs/share/vizanti_msgs/package.dsv
[0.931s] -- Up-to-date: /home/ferre/brick/BRICK-WEBots/install/vizanti_msgs/share/ament_index/resource_index/packages/vizanti_msgs
[0.931s] -- Up-to-date: /home/ferre/brick/BRICK-WEBots/install/vizanti_msgs/share/vizanti_msgs/cmake/export_vizanti_msgs__rosidl_generator_cExport.cmake
[0.931s] -- Up-to-date: /home/ferre/brick/BRICK-WEBots/install/vizanti_msgs/share/vizanti_msgs/cmake/export_vizanti_msgs__rosidl_generator_cExport-noconfig.cmake
[0.931s] -- Up-to-date: /home/ferre/brick/BRICK-WEBots/install/vizanti_msgs/share/vizanti_msgs/cmake/export_vizanti_msgs__rosidl_typesupport_fastrtps_cExport.cmake
[0.931s] -- Up-to-date: /home/ferre/brick/BRICK-WEBots/install/vizanti_msgs/share/vizanti_msgs/cmake/export_vizanti_msgs__rosidl_typesupport_fastrtps_cExport-noconfig.cmake
[0.932s] -- Up-to-date: /home/ferre/brick/BRICK-WEBots/install/vizanti_msgs/share/vizanti_msgs/cmake/vizanti_msgs__rosidl_typesupport_introspection_cExport.cmake
[0.932s] -- Up-to-date: /home/ferre/brick/BRICK-WEBots/install/vizanti_msgs/share/vizanti_msgs/cmake/vizanti_msgs__rosidl_typesupport_introspection_cExport-noconfig.cmake
[0.932s] -- Up-to-date: /home/ferre/brick/BRICK-WEBots/install/vizanti_msgs/share/vizanti_msgs/cmake/vizanti_msgs__rosidl_typesupport_cExport.cmake
[0.932s] -- Up-to-date: /home/ferre/brick/BRICK-WEBots/install/vizanti_msgs/share/vizanti_msgs/cmake/vizanti_msgs__rosidl_typesupport_cExport-noconfig.cmake
[0.932s] -- Up-to-date: /home/ferre/brick/BRICK-WEBots/install/vizanti_msgs/share/vizanti_msgs/cmake/export_vizanti_msgs__rosidl_generator_cppExport.cmake
[0.932s] -- Up-to-date: /home/ferre/brick/BRICK-WEBots/install/vizanti_msgs/share/vizanti_msgs/cmake/export_vizanti_msgs__rosidl_typesupport_fastrtps_cppExport.cmake
[0.932s] -- Up-to-date: /home/ferre/brick/BRICK-WEBots/install/vizanti_msgs/share/vizanti_msgs/cmake/export_vizanti_msgs__rosidl_typesupport_fastrtps_cppExport-noconfig.cmake
[0.932s] -- Up-to-date: /home/ferre/brick/BRICK-WEBots/install/vizanti_msgs/share/vizanti_msgs/cmake/vizanti_msgs__rosidl_typesupport_introspection_cppExport.cmake
[0.933s] -- Up-to-date: /home/ferre/brick/BRICK-WEBots/install/vizanti_msgs/share/vizanti_msgs/cmake/vizanti_msgs__rosidl_typesupport_introspection_cppExport-noconfig.cmake
[0.933s] -- Up-to-date: /home/ferre/brick/BRICK-WEBots/install/vizanti_msgs/share/vizanti_msgs/cmake/vizanti_msgs__rosidl_typesupport_cppExport.cmake
[0.933s] -- Up-to-date: /home/ferre/brick/BRICK-WEBots/install/vizanti_msgs/share/vizanti_msgs/cmake/vizanti_msgs__rosidl_typesupport_cppExport-noconfig.cmake
[0.933s] -- Up-to-date: /home/ferre/brick/BRICK-WEBots/install/vizanti_msgs/share/vizanti_msgs/cmake/export_vizanti_msgs__rosidl_generator_pyExport.cmake
[0.933s] -- Up-to-date: /home/ferre/brick/BRICK-WEBots/install/vizanti_msgs/share/vizanti_msgs/cmake/export_vizanti_msgs__rosidl_generator_pyExport-noconfig.cmake
[0.933s] -- Up-to-date: /home/ferre/brick/BRICK-WEBots/install/vizanti_msgs/share/vizanti_msgs/cmake/rosidl_cmake-extras.cmake
[0.933s] -- Up-to-date: /home/ferre/brick/BRICK-WEBots/install/vizanti_msgs/share/vizanti_msgs/cmake/ament_cmake_export_dependencies-extras.cmake
[0.933s] -- Up-to-date: /home/ferre/brick/BRICK-WEBots/install/vizanti_msgs/share/vizanti_msgs/cmake/ament_cmake_export_include_directories-extras.cmake
[0.933s] -- Up-to-date: /home/ferre/brick/BRICK-WEBots/install/vizanti_msgs/share/vizanti_msgs/cmake/ament_cmake_export_libraries-extras.cmake
[0.934s] -- Up-to-date: /home/ferre/brick/BRICK-WEBots/install/vizanti_msgs/share/vizanti_msgs/cmake/ament_cmake_export_targets-extras.cmake
[0.934s] -- Up-to-date: /home/ferre/brick/BRICK-WEBots/install/vizanti_msgs/share/vizanti_msgs/cmake/rosidl_cmake_export_typesupport_targets-extras.cmake
[0.934s] -- Up-to-date: /home/ferre/brick/BRICK-WEBots/install/vizanti_msgs/share/vizanti_msgs/cmake/rosidl_cmake_export_typesupport_libraries-extras.cmake
[0.934s] -- Up-to-date: /home/ferre/brick/BRICK-WEBots/install/vizanti_msgs/share/vizanti_msgs/cmake/vizanti_msgsConfig.cmake
[0.934s] -- Up-to-date: /home/ferre/brick/BRICK-WEBots/install/vizanti_msgs/share/vizanti_msgs/cmake/vizanti_msgsConfig-version.cmake
[0.934s] -- Up-to-date: /home/ferre/brick/BRICK-WEBots/install/vizanti_msgs/share/vizanti_msgs/package.xml
[0.936s] Invoked command in '/home/ferre/brick/BRICK-WEBots/build/vizanti_msgs' returned '0': CMAKE_PREFIX_PATH=${CMAKE_PREFIX_PATH}:/home/ferre/brick/BRICK-WEBots/install/webots_ros2_brick:/home/ferre/brick/BRICK-WEBots/install/ros2-webots-v2:/opt/ros/iron /usr/bin/cmake --install /home/ferre/brick/BRICK-WEBots/build/vizanti_msgs
