[0.068s] DEBUG:colcon:Command line arguments: ['/usr/bin/colcon', 'build']
[0.068s] DEBUG:colcon:Parsed command line arguments: Namespace(log_base=None, log_level=None, verb_name='build', build_base='build', install_base='install', merge_install=False, symlink_install=False, test_result_base=None, continue_on_error=False, executor='parallel', parallel_workers=8, event_handlers=None, ignore_user_meta=False, metas=['./colcon.meta'], base_paths=['.'], packages_ignore=None, packages_ignore_regex=None, paths=None, packages_up_to=None, packages_up_to_regex=None, packages_above=None, packages_above_and_dependencies=None, packages_above_depth=None, packages_select_by_dep=None, packages_skip_by_dep=None, packages_skip_up_to=None, packages_select_build_failed=False, packages_skip_build_finished=False, packages_select_test_failures=False, packages_skip_test_passed=False, packages_select=None, packages_skip=None, packages_select_regex=None, packages_skip_regex=None, packages_start=None, packages_end=None, allow_overriding=[], cmake_args=None, cmake_target=None, cmake_target_skip_unavailable=False, cmake_clean_cache=False, cmake_clean_first=False, cmake_force_configure=False, ament_cmake_args=None, catkin_cmake_args=None, catkin_skip_building_tests=False, mixin_files=None, mixin=None, verb_parser=<colcon_mixin.mixin.mixin_argument.MixinArgumentDecorator object at 0x749e81029000>, verb_extension=<colcon_core.verb.build.BuildVerb object at 0x749e81028970>, main=<bound method BuildVerb.main of <colcon_core.verb.build.BuildVerb object at 0x749e81028970>>, mixin_verb=('build',))
[0.164s] Level 1:colcon.colcon_core.package_discovery:discover_packages(colcon_meta) check parameters
[0.164s] Level 1:colcon.colcon_core.package_discovery:discover_packages(recursive) check parameters
[0.164s] Level 1:colcon.colcon_core.package_discovery:discover_packages(ignore) check parameters
[0.164s] Level 1:colcon.colcon_core.package_discovery:discover_packages(path) check parameters
[0.164s] Level 1:colcon.colcon_core.package_discovery:discover_packages(colcon_meta) discover
[0.164s] Level 1:colcon.colcon_core.package_discovery:discover_packages(recursive) discover
[0.164s] INFO:colcon.colcon_core.package_discovery:Crawling recursively for packages in '/home/seppe/Documents/Bachelor3/BRICK-WEBots/ros2-webots-v2'
[0.164s] Level 1:colcon.colcon_core.package_identification:_identify(.) by extensions ['ignore', 'ignore_ament_install']
[0.164s] Level 1:colcon.colcon_core.package_identification:_identify(.) by extension 'ignore'
[0.164s] Level 1:colcon.colcon_core.package_identification:_identify(.) by extension 'ignore_ament_install'
[0.164s] Level 1:colcon.colcon_core.package_identification:_identify(.) by extensions ['colcon_pkg']
[0.164s] Level 1:colcon.colcon_core.package_identification:_identify(.) by extension 'colcon_pkg'
[0.164s] Level 1:colcon.colcon_core.package_identification:_identify(.) by extensions ['colcon_meta']
[0.164s] Level 1:colcon.colcon_core.package_identification:_identify(.) by extension 'colcon_meta'
[0.165s] Level 1:colcon.colcon_core.package_identification:_identify(.) by extensions ['ros']
[0.165s] Level 1:colcon.colcon_core.package_identification:_identify(.) by extension 'ros'
[0.173s] DEBUG:colcon.colcon_core.package_identification:Package '.' with type 'ros.ament_python' and name 'ros2-webots-v2'
[0.173s] Level 1:colcon.colcon_core.package_discovery:discover_packages(recursive) using defaults
[0.174s] Level 1:colcon.colcon_core.package_discovery:discover_packages(ignore) discover
[0.174s] Level 1:colcon.colcon_core.package_discovery:discover_packages(ignore) using defaults
[0.174s] Level 1:colcon.colcon_core.package_discovery:discover_packages(path) discover
[0.174s] Level 1:colcon.colcon_core.package_discovery:discover_packages(path) using defaults
[0.187s] Level 1:colcon.colcon_core.package_discovery:discover_packages(prefix_path) check parameters
[0.187s] Level 1:colcon.colcon_core.package_discovery:discover_packages(prefix_path) discover
[0.196s] DEBUG:colcon.colcon_installed_package_information.package_discovery:Found 296 installed packages in /opt/ros/iron
[0.197s] Level 1:colcon.colcon_core.package_discovery:discover_packages(prefix_path) using defaults
[0.221s] Level 5:colcon.colcon_core.verb:set package 'ros2-webots-v2' build argument 'cmake_args' from command line to 'None'
[0.221s] Level 5:colcon.colcon_core.verb:set package 'ros2-webots-v2' build argument 'cmake_target' from command line to 'None'
[0.221s] Level 5:colcon.colcon_core.verb:set package 'ros2-webots-v2' build argument 'cmake_target_skip_unavailable' from command line to 'False'
[0.221s] Level 5:colcon.colcon_core.verb:set package 'ros2-webots-v2' build argument 'cmake_clean_cache' from command line to 'False'
[0.221s] Level 5:colcon.colcon_core.verb:set package 'ros2-webots-v2' build argument 'cmake_clean_first' from command line to 'False'
[0.221s] Level 5:colcon.colcon_core.verb:set package 'ros2-webots-v2' build argument 'cmake_force_configure' from command line to 'False'
[0.221s] Level 5:colcon.colcon_core.verb:set package 'ros2-webots-v2' build argument 'ament_cmake_args' from command line to 'None'
[0.221s] Level 5:colcon.colcon_core.verb:set package 'ros2-webots-v2' build argument 'catkin_cmake_args' from command line to 'None'
[0.221s] Level 5:colcon.colcon_core.verb:set package 'ros2-webots-v2' build argument 'catkin_skip_building_tests' from command line to 'False'
[0.221s] DEBUG:colcon.colcon_core.verb:Building package 'ros2-webots-v2' with the following arguments: {'ament_cmake_args': None, 'build_base': '/home/seppe/Documents/Bachelor3/BRICK-WEBots/ros2-webots-v2/build/ros2-webots-v2', 'catkin_cmake_args': None, 'catkin_skip_building_tests': False, 'cmake_args': None, 'cmake_clean_cache': False, 'cmake_clean_first': False, 'cmake_force_configure': False, 'cmake_target': None, 'cmake_target_skip_unavailable': False, 'install_base': '/home/seppe/Documents/Bachelor3/BRICK-WEBots/ros2-webots-v2/install/ros2-webots-v2', 'merge_install': False, 'path': '/home/seppe/Documents/Bachelor3/BRICK-WEBots/ros2-webots-v2', 'symlink_install': False, 'test_result_base': None}
[0.222s] INFO:colcon.colcon_core.executor:Executing jobs using 'parallel' executor
[0.222s] DEBUG:colcon.colcon_parallel_executor.executor.parallel:run_until_complete
[0.222s] INFO:colcon.colcon_ros.task.ament_python.build:Building ROS package in '/home/seppe/Documents/Bachelor3/BRICK-WEBots/ros2-webots-v2' with build type 'ament_python'
[0.223s] Level 1:colcon.colcon_core.shell:create_environment_hook('ros2-webots-v2', 'ament_prefix_path')
[0.224s] INFO:colcon.colcon_core.plugin_system:Skipping extension 'colcon_core.shell.bat': Not used on non-Windows systems
[0.224s] INFO:colcon.colcon_core.shell:Creating environment hook '/home/seppe/Documents/Bachelor3/BRICK-WEBots/ros2-webots-v2/install/ros2-webots-v2/share/ros2-webots-v2/hook/ament_prefix_path.ps1'
[0.224s] INFO:colcon.colcon_core.shell:Creating environment descriptor '/home/seppe/Documents/Bachelor3/BRICK-WEBots/ros2-webots-v2/install/ros2-webots-v2/share/ros2-webots-v2/hook/ament_prefix_path.dsv'
[0.225s] INFO:colcon.colcon_core.shell:Creating environment hook '/home/seppe/Documents/Bachelor3/BRICK-WEBots/ros2-webots-v2/install/ros2-webots-v2/share/ros2-webots-v2/hook/ament_prefix_path.sh'
[0.225s] INFO:colcon.colcon_core.shell:Skip shell extension 'powershell' for command environment: Not usable outside of PowerShell
[0.225s] DEBUG:colcon.colcon_core.shell:Skip shell extension 'dsv' for command environment
[0.378s] INFO:colcon.colcon_core.task.python.build:Building Python package in '/home/seppe/Documents/Bachelor3/BRICK-WEBots/ros2-webots-v2'
[0.378s] INFO:colcon.colcon_core.shell:Skip shell extension 'powershell' for command environment: Not usable outside of PowerShell
[0.378s] DEBUG:colcon.colcon_core.shell:Skip shell extension 'dsv' for command environment
[0.596s] DEBUG:colcon.colcon_core.event_handler.log_command:Invoking command in '/home/seppe/Documents/Bachelor3/BRICK-WEBots/ros2-webots-v2': PYTHONPATH=/home/seppe/Documents/Bachelor3/BRICK-WEBots/ros2-webots-v2/build/ros2-webots-v2/prefix_override:/home/seppe/Documents/Bachelor3/BRICK-WEBots/ros2-webots-v2/install/ros2-webots-v2/lib/python3.10/site-packages:${PYTHONPATH} /usr/bin/python3 -W ignore:setup.py install is deprecated setup.py egg_info --egg-base build/ros2-webots-v2 build --build-base /home/seppe/Documents/Bachelor3/BRICK-WEBots/ros2-webots-v2/build/ros2-webots-v2/build install --record /home/seppe/Documents/Bachelor3/BRICK-WEBots/ros2-webots-v2/build/ros2-webots-v2/install.log --single-version-externally-managed install_data
[0.763s] DEBUG:colcon.colcon_core.event_handler.log_command:Invoked command in '/home/seppe/Documents/Bachelor3/BRICK-WEBots/ros2-webots-v2' returned '1': PYTHONPATH=/home/seppe/Documents/Bachelor3/BRICK-WEBots/ros2-webots-v2/build/ros2-webots-v2/prefix_override:/home/seppe/Documents/Bachelor3/BRICK-WEBots/ros2-webots-v2/install/ros2-webots-v2/lib/python3.10/site-packages:${PYTHONPATH} /usr/bin/python3 -W ignore:setup.py install is deprecated setup.py egg_info --egg-base build/ros2-webots-v2 build --build-base /home/seppe/Documents/Bachelor3/BRICK-WEBots/ros2-webots-v2/build/ros2-webots-v2/build install --record /home/seppe/Documents/Bachelor3/BRICK-WEBots/ros2-webots-v2/build/ros2-webots-v2/install.log --single-version-externally-managed install_data
[0.773s] DEBUG:colcon.colcon_parallel_executor.executor.parallel:closing loop
[0.773s] DEBUG:colcon.colcon_parallel_executor.executor.parallel:loop closed
[0.773s] DEBUG:colcon.colcon_parallel_executor.executor.parallel:run_until_complete finished with '1'
[0.773s] DEBUG:colcon.colcon_core.event_reactor:joining thread
[0.776s] INFO:colcon.colcon_core.plugin_system:Skipping extension 'colcon_notification.desktop_notification.terminal_notifier': Not used on non-Darwin systems
[0.777s] INFO:colcon.colcon_core.plugin_system:Skipping extension 'colcon_notification.desktop_notification.win32': Not used on non-Windows systems
[0.777s] INFO:colcon.colcon_notification.desktop_notification:Sending desktop notification using 'notify2'
[0.786s] DEBUG:colcon.colcon_core.event_reactor:joined thread
[0.786s] INFO:colcon.colcon_core.shell:Creating prefix script '/home/seppe/Documents/Bachelor3/BRICK-WEBots/ros2-webots-v2/install/local_setup.ps1'
[0.787s] INFO:colcon.colcon_core.shell:Creating prefix util module '/home/seppe/Documents/Bachelor3/BRICK-WEBots/ros2-webots-v2/install/_local_setup_util_ps1.py'
[0.788s] INFO:colcon.colcon_core.shell:Creating prefix chain script '/home/seppe/Documents/Bachelor3/BRICK-WEBots/ros2-webots-v2/install/setup.ps1'
[0.789s] INFO:colcon.colcon_core.shell:Creating prefix script '/home/seppe/Documents/Bachelor3/BRICK-WEBots/ros2-webots-v2/install/local_setup.sh'
[0.790s] INFO:colcon.colcon_core.shell:Creating prefix util module '/home/seppe/Documents/Bachelor3/BRICK-WEBots/ros2-webots-v2/install/_local_setup_util_sh.py'
[0.790s] INFO:colcon.colcon_core.shell:Creating prefix chain script '/home/seppe/Documents/Bachelor3/BRICK-WEBots/ros2-webots-v2/install/setup.sh'
[0.791s] INFO:colcon.colcon_core.shell:Creating prefix script '/home/seppe/Documents/Bachelor3/BRICK-WEBots/ros2-webots-v2/install/local_setup.bash'
[0.792s] INFO:colcon.colcon_core.shell:Creating prefix chain script '/home/seppe/Documents/Bachelor3/BRICK-WEBots/ros2-webots-v2/install/setup.bash'
[0.793s] INFO:colcon.colcon_core.shell:Creating prefix script '/home/seppe/Documents/Bachelor3/BRICK-WEBots/ros2-webots-v2/install/local_setup.zsh'
[0.793s] INFO:colcon.colcon_core.shell:Creating prefix chain script '/home/seppe/Documents/Bachelor3/BRICK-WEBots/ros2-webots-v2/install/setup.zsh'
